11000.fa	A	A	0.0040
11000.mo	A	G	0.5115
11000.p1	A	A	0.0000
11000.s1	A	A	0.0104
11000.s2	A	A	0.0055
11000.s3	A	A	0.0000
11002.fa	A	A	0.0029
11002.mo	A	G	0.4932
11002.p1	A	G	0.5505
11002.s1	A	A	0.0012
11006.fa	A	A	0.0000
11006.mo	A	G	0.4828
11006.p1	A	A	0.0000
11006.s1	A	A	0.0026
11008.fa	G	G	1.0000
11008.mo	A	A	0.0115
11008.p1	A	G	0.4778
11008.s1	A	G	0.5160
11009.fa	A	G	0.4996
11009.mo	A	G	0.4994
11009.p1	A	G	0.4818
11009.s1	A	A	0.0000
11009.s2	A	G	0.4807
11010.fa	A	G	0.5437
11010.mo	A	G	0.5174
11010.p1	A	A	0.0000
11010.s1	G	G	1.0000
11011.fa	G	G	1.0000
11011.mo	A	A	0.0023
11011.p1	A	G	0.4768
11011.s1	A	G	0.4991
11011.s2	A	G	0.3667
11012.fa	A	G	0.4091
11012.mo	A	A	0.0000
11012.p1	A	G	0.5213
11012.s1	A	A	0.0000
11013.fa	A	G	0.5877
11013.mo	A	A	0.0088
11013.p1	A	A	0.0056
11013.s1	A	G	0.5116
11014.fa	A	A	0.0029
11014.mo	A	A	0.0019
11014.p1	A	A	0.0040
11014.s1	A	A	0.0000
11017.fa	A	G	0.5359
11017.mo	A	G	0.5284
11017.p1	G	G	1.0000
11017.s1	G	G	1.0000
11022.fa	A	G	0.4816
11022.mo	A	G	0.4961
11022.p1	A	G	0.4316
11022.s1	G	G	1.0000
11023.fa	A	G	0.4924
11023.mo	A	G	0.4840
11023.p1	A	A	0.0038
11023.s1	G	G	0.9904
11026.fa	A	G	0.5229
11026.mo	A	A	0.0000
11026.p1	A	G	0.4587
11026.s1	A	A	0.0078
11027.fa	A	G	0.4624
11027.mo	A	A	0.0000
11027.p1	A	G	0.4971
11027.s1	A	G	0.5188
11028.fa	G	G	1.0000
11028.mo	A	G	0.5053
11028.p1	G	G	1.0000
11028.s1	A	G	0.3924
11029.fa	G	G	0.9949
11029.mo	G	G	1.0000
11029.p1	G	G	1.0000
11029.s1	G	G	1.0000
11030.fa	A	A	0.0000
11030.mo	A	A	0.0154
11030.p1	A	A	0.0000
11030.s1	A	A	0.0035
11031.fa	A	G	0.5111
11031.mo	A	G	0.4956
11031.p1	A	G	0.4446
11031.s1	A	G	0.4638
11031.s2	G	G	1.0000
11031.s3	A	G	0.4413
11032.fa	A	G	0.4798
11032.mo	A	G	0.4559
11032.p1	A	G	0.4241
11032.s1	A	G	0.4722
11033.fa	A	A	0.0000
11033.mo	A	A	0.0000
11033.p1	A	A	0.0000
11033.s1	A	A	0.0000
11037.fa	A	G	0.5081
11037.mo	A	A	0.0140
11037.p1	A	A	0.0000
11037.s1	A	G	0.4812
11038.fa	A	A	0.0049
11038.mo	A	G	0.5094
11038.p1	A	A	0.0000
11038.s1	A	G	0.5074
11039.fa	A	G	0.4857
11039.mo	A	A	0.0000
11039.p1	A	A	0.0000
11041.fa	A	A	0.0000
11041.mo	A	A	0.0034
11041.p1	A	A	0.0060
11041.s1	A	A	0.0000
11043.fa	A	G	0.4965
11043.mo	G	G	0.9996
11043.p1	G	G	0.9919
11043.s1	A	G	0.5015
11044.fa	A	A	0.0000
11044.mo	A	G	0.5252
11044.p1	A	A	0.0016
11045.fa	A	A	0.0166
11045.mo	A	A	0.0000
11045.p1	A	A	0.0000
11045.s1	A	A	0.0000
11046.fa	A	A	0.0050
11046.mo	A	A	0.0000
11046.p1	A	A	0.0021
11046.s1	A	A	0.0000
11047.fa	G	G	1.0000
11047.mo	G	G	1.0000
11047.p1	G	G	0.9982
11047.s1	G	G	0.9800
11048.fa	A	A	0.0000
11048.mo	A	G	0.4660
11048.p1	A	G	0.4921
11048.s1	A	A	0.0060
11048.s2	A	A	0.0053
11050.fa	A	A	0.0028
11050.mo	A	A	0.0000
11050.p1	A	A	0.0004
11051.fa	A	G	0.4796
11051.mo	A	G	0.4717
11051.p1	A	G	0.4803
11051.s1	A	G	0.4687
11052.fa	A	G	0.4790
11052.mo	A	A	0.0000
11052.p1	A	A	0.0000
11052.s1	A	A	0.0000
11053.fa	A	G	0.5059
11053.mo	A	A	0.0093
11053.p1	A	A	0.0019
11053.s1	A	G	0.4937
11054.fa	A	G	0.4719
11054.mo	A	A	0.0078
11054.p1	A	G	0.5042
11054.s1	A	A	0.0085
11056.fa	G	G	1.0000
11056.mo	A	G	0.4950
11056.p1	G	G	1.0000
11056.s1	A	G	0.5295
11057.fa	A	A	0.0003
11057.mo	A	A	0.0000
11057.p1	A	A	0.0028
11057.s1	A	A	0.0036
11059.fa	A	G	0.4522
11059.mo	A	A	0.0099
11059.p1	A	G	0.5701
11060.fa	A	A	0.0000
11060.mo	A	G	0.5528
11060.p1	A	G	0.5819
11060.s1	A	A	0.0035
11062.fa	A	G	0.4033
11062.mo	A	A	0.0118
11062.p1	A	A	0.0013
11062.s1	A	A	0.0129
11063.fa	A	A	0.0057
11063.mo	G	G	1.0000
11063.p1	A	G	0.5117
11063.s1	A	G	0.5346
11066.fa	A	G	0.4868
11066.mo	A	A	0.0000
11066.p1	A	A	0.0000
11066.s1	A	A	0.0000
11066.s2	A	A	0.0000
11066.s3	A	A	0.0002
11067.fa	G	G	1.0000
11067.mo	A	A	0.0000
11067.p1	A	G	0.4733
11067.s1	A	G	0.5025
11069.fa	A	A	0.0000
11069.mo	A	A	0.0000
11069.p1	A	A	0.0000
11069.s1	A	A	0.0000
11071.fa	A	A	0.0035
11071.mo	A	G	0.4957
11071.p1	A	G	0.4662
11071.s1	A	G	0.4698
11073.fa	A	A	0.0000
11073.mo	A	G	0.4719
11073.p1	A	G	0.4682
11073.s1	A	G	0.4938
11074.fa	A	G	0.4748
11074.mo	A	G	0.5096
11074.p1	A	A	0.0000
11074.s1	G	G	0.9923
11075.fa	A	G	0.5060
11075.mo	A	A	0.0000
11075.p1	A	A	0.0041
11075.s1	A	G	0.5141
11077.fa	A	A	0.0052
11077.mo	A	G	0.5059
11077.p1	A	A	0.0014
11077.s1	A	A	0.0024
11079.fa	G	G	1.0000
11079.mo	A	A	0.0000
11079.p1	A	G	0.5029
11079.s1	A	G	0.5111
11079.s2	A	G	0.5265
11079.s3	A	G	0.4804
11083.fa	A	A	0.0000
11083.mo	A	G	0.4885
11083.p1	A	A	0.0000
11083.s1	A	G	0.4963
11085.fa	A	A	0.0000
11085.mo	A	A	0.0000
11085.p1	A	A	0.0014
11085.s1	A	A	0.0054
11085.s2	A	A	0.0000
11086.fa	A	A	0.0000
11086.mo	A	A	0.0000
11086.p1	A	A	0.0000
11086.s1	A	A	0.0000
11086.s2	A	A	0.0000
11088.fa	A	A	0.0000
11088.mo	A	A	0.0000
11088.p1	A	A	0.0004
11088.s1	A	A	0.0000
11089.fa	A	G	0.5304
11089.mo	A	A	0.0000
11089.p1	A	G	0.5030
11089.s1	A	G	0.4848
11089.s2	A	A	0.0069
11092.fa	A	G	0.5343
11092.mo	A	A	0.0000
11092.p1	A	G	0.5021
11092.s1	A	A	0.0086
11093.fa	A	A	0.0006
11093.mo	G	G	1.0000
11093.p1	A	G	0.4768
11093.s1	A	G	0.5063
11093.s2	A	G	0.4937
11094.fa	G	G	0.9943
11094.mo	A	A	0.0000
11094.p1	A	G	0.5075
11094.s1	A	G	0.5193
11096.fa	A	G	0.4845
11096.mo	A	G	0.5053
11096.p1	A	G	0.5286
11096.s1	G	G	0.9998
11097.fa	A	G	0.4229
11097.mo	A	G	0.4727
11097.p1	A	G	0.4477
11098.fa	A	A	0.0000
11098.mo	A	G	0.4843
11098.p1	A	G	0.4882
11098.s1	A	G	0.5276
11099.fa	A	G	0.5295
11099.mo	A	G	0.4923
11099.p1	A	A	0.0000
11099.s1	A	G	0.4931
11101.fa	A	G	0.4719
11101.mo	A	A	0.0000
11101.p1	A	G	0.4956
11101.s1	A	A	0.0000
11106.fa	G	G	1.0000
11106.mo	A	G	0.5370
11106.p1	A	G	0.5061
11106.s1	A	G	0.4733
11107.fa	A	A	0.0000
11107.mo	A	G	0.4935
11107.p1	A	A	0.0000
11107.s1	A	A	0.0000
11108.fa	A	A	0.0000
11108.mo	A	G	0.5179
11108.p1	A	G	0.4716
11108.s1	A	A	0.0028
11109.fa	A	G	0.4782
11109.mo	A	G	0.5032
11109.p1	A	G	0.5338
11109.s1	A	G	0.5335
11111.fa	G	G	0.9952
11111.mo	G	G	0.9799
11111.p1	G	G	1.0000
11114.fa	A	A	0.0000
11114.mo	A	A	0.0000
11114.p1	A	A	0.0000
11114.s1	A	A	0.0000
11115.fa	A	G	0.4754
11115.mo	A	A	0.0000
11115.p1	A	G	0.5313
11115.s1	A	A	0.0025
11115.s2	A	G	0.4879
11118.fa	A	A	0.0000
11118.mo	A	G	0.5261
11118.p1	A	A	0.0000
11118.s1	A	A	0.0000
11118.s2	A	G	0.4814
11120.fa	A	A	0.0000
11120.mo	G	G	1.0000
11120.p1	A	G	0.4905
11120.s1	A	G	0.4925
11121.fa	A	G	0.4830
11121.mo	A	G	0.5140
11121.p1	A	G	0.4914
11121.s1	A	G	0.4733
11122.fa	A	G	0.4655
11122.mo	A	A	0.0000
11122.p1	A	G	0.4961
11124.fa	A	A	0.0026
11124.mo	A	G	0.4747
11124.p1	A	A	0.0014
11124.s1	A	A	0.0023
11128.fa	A	A	0.0000
11128.mo	G	G	1.0000
11128.p1	A	G	0.4726
11131.fa	A	A	0.0028
11131.mo	A	A	0.0031
11131.p1	A	A	0.0000
11132.fa	A	G	0.5100
11132.mo	A	A	0.0056
11132.p1	A	A	0.0000
11132.s1	A	A	0.0000
11135.fa	A	G	0.5146
11135.mo	A	A	0.0024
11135.p1	A	A	0.0021
11135.s1	A	G	0.5222
11141.fa	A	A	0.0002
11141.mo	A	G	0.5007
11141.p1	A	G	0.4830
11141.s1	A	A	0.0000
11142.fa	A	G	0.4851
11142.mo	A	G	0.5117
11142.p1	G	G	0.9938
11142.s1	A	G	0.5027
11144.fa	A	G	0.4735
11144.mo	A	G	0.4799
11144.p1	G	G	1.0000
11144.s1	A	A	0.0000
11146.fa	G	G	0.9995
11146.mo	A	G	0.5758
11146.p1	A	G	0.4835
11146.s1	A	G	0.4088
11146.s2	G	G	0.9946
11148.fa	A	G	0.5445
11148.mo	G	G	0.9950
11148.p1	G	G	1.0000
11148.s1	G	G	0.9965
11148.s2	G	G	0.9986
11150.fa	A	A	0.0000
11150.mo	A	A	0.0000
11150.p1	A	A	0.0005
11150.s1	A	A	0.0021
11152.fa	A	G	0.4940
11152.mo	A	A	0.0009
11152.p1	A	G	0.5140
11152.s1	A	G	0.4663
11154.fa	A	G	0.5071
11154.mo	A	G	0.4748
11154.p1	A	G	0.4903
11154.s1	A	G	0.4913
11156.fa	A	G	0.5413
11156.mo	A	A	0.0050
11156.p1	A	A	0.0024
11156.s1	A	G	0.5380
11159.fa	A	A	0.0000
11159.mo	A	A	0.0000
11159.p1	A	A	0.0000
11159.s1	A	A	0.0010
11160.fa	A	A	0.0000
11160.mo	A	A	0.0000
11160.p1	A	A	0.0040
11160.s1	A	A	0.0000
11164.fa	A	G	0.5044
11164.mo	A	G	0.5787
11164.p1	A	G	0.5043
11164.s1	A	A	0.0016
11168.fa	A	A	0.0000
11168.mo	A	G	0.4858
11168.p1	A	G	0.4677
11168.s1	A	G	0.4855
11172.fa	A	G	0.5480
11172.mo	A	G	0.4795
11172.p1	A	G	0.5129
11172.s1	G	G	0.9979
11173.fa	A	A	0.0036
11173.mo	A	G	0.4551
11173.p1	A	A	0.0000
11176.fa	A	G	0.4915
11176.mo	G	G	0.9964
11176.p1	G	G	1.0000
11176.s1	G	G	1.0000
11178.fa	A	A	0.0006
11178.mo	A	G	0.4505
11178.p1	A	G	0.5019
11178.s1	A	G	0.5258
11179.fa	A	A	0.0017
11179.mo	A	A	0.0046
11179.p1	A	A	0.0044
11179.s1	A	A	0.0000
11180.fa	A	G	0.3988
11180.mo	A	A	0.0000
11180.p1	A	G	0.4772
11181.fa	A	G	0.5276
11181.mo	A	A	0.0015
11181.p1	A	A	0.0028
11181.s1	A	A	0.0029
11184.fa	A	G	0.4876
11184.mo	A	A	0.0000
11184.p1	A	A	0.0000
11184.s1	A	G	0.5487
11187.fa	A	G	0.5893
11187.mo	A	G	0.5075
11187.p1	G	G	0.9923
11187.s1	G	G	1.0000
11189.fa	G	G	0.9808
11189.mo	A	G	0.5124
11189.p1	A	G	0.5123
11189.s1	A	G	0.5688
11190.fa	A	A	0.0027
11190.mo	A	A	0.0014
11190.p1	A	A	0.0000
11190.s1	A	A	0.0030
11193.fa	G	G	0.9979
11193.mo	A	A	0.0030
11193.p1	A	G	0.4766
11193.s1	A	G	0.4541
11194.fa	A	A	0.0036
11194.mo	A	A	0.0000
11194.p1	A	A	0.0020
11194.s1	A	A	0.0002
11195.fa	A	A	0.0000
11195.mo	A	G	0.5772
11195.p1	A	G	0.4790
11195.s1	A	A	0.0037
11196.fa	A	G	0.3908
11196.mo	G	G	1.0000
11196.p1	G	G	0.9995
11196.s1	G	G	0.9880
11198.fa	G	G	1.0000
11198.mo	G	G	1.0000
11198.p1	G	G	1.0000
11198.s1	G	G	0.9885
11199.fa	A	G	0.4897
11199.mo	A	A	0.0000
11199.p1	A	G	0.4968
11199.s1	A	A	0.0056
11200.fa	G	G	1.0000
11200.mo	A	G	0.4907
11200.p1	A	G	0.4827
11200.s1	G	G	1.0000
11201.fa	A	G	0.4785
11201.mo	G	G	1.0000
11201.p1	A	G	0.5256
11201.s1	G	G	0.9986
11203.fa	A	A	0.0057
11203.mo	A	A	0.0000
11203.p1	A	A	0.0037
11203.s1	A	A	0.0000
11205.fa	A	G	0.5341
11205.mo	A	G	0.5207
11205.p1	A	A	0.0000
11205.s1	G	G	1.0000
11206.fa	A	A	0.0000
11206.mo	A	G	0.5341
11206.p1	A	G	0.4952
11206.s1	A	A	0.0000
11207.fa	A	A	0.0000
11207.mo	A	G	0.5195
11207.p1	A	G	0.5107
11207.s1	A	A	0.0075
11208.fa	G	G	1.0000
11208.mo	A	G	0.5018
11208.p1	G	G	1.0000
11208.s1	G	G	1.0000
11212.fa	A	G	0.4859
11212.mo	A	A	0.0029
11212.p1	A	G	0.5176
11212.s1	A	G	0.4828
11214.fa	A	A	0.0000
11214.mo	A	A	0.0035
11214.p1	A	A	0.0000
11214.s1	A	A	0.0000
11215.fa	G	G	1.0000
11215.mo	A	A	0.0010
11215.p1	A	G	0.4925
11215.s1	A	G	0.4855
11216.fa	A	G	0.4989
11216.mo	A	G	0.4884
11216.p1	G	G	0.9838
11216.s1	A	G	0.4998
11218.fa	A	A	0.0000
11218.mo	A	G	0.5301
11218.p1	A	G	0.5265
11218.s1	A	A	0.0011
11219.fa	A	G	0.5507
11219.mo	A	A	0.0017
11219.p1	A	G	0.4807
11219.s1	A	G	0.5785
11220.fa	A	G	0.5187
11220.mo	A	A	0.0056
11220.p1	A	A	0.0000
11220.s1	A	G	0.4701
11223.fa	G	G	0.9948
11223.mo	A	A	0.0046
11223.p1	A	G	0.4985
11224.fa	A	A	0.0006
11224.mo	A	A	0.0000
11224.p1	A	A	0.0000
11224.s1	A	A	0.0000
11225.fa	A	A	0.0000
11225.mo	A	A	0.0000
11225.p1	A	A	0.0000
11225.s1	A	A	0.0336
11227.fa	A	G	0.4781
11227.mo	A	G	0.4728
11227.p1	A	A	0.0000
11227.s1	A	G	0.5116
11227.s3	A	G	0.4960
11229.fa	A	A	0.0000
11229.mo	G	G	1.0000
11229.p1	A	G	0.5336
11229.s1	A	G	0.5108
11230.fa	A	G	0.5233
11230.mo	A	G	0.5656
11230.p1	A	G	0.4426
11230.s1	A	A	0.0000
11230.s2	A	G	0.4586
11232.fa	A	A	0.0061
11232.mo	A	G	0.5334
11232.p1	A	G	0.4581
11232.s1	A	G	0.4951
11233.fa	A	A	0.0000
11233.mo	A	G	0.5137
11233.p1	A	G	0.4406
11233.s1	A	A	0.0022
11234.fa	A	A	0.0013
11234.mo	A	A	0.0000
11234.p1	A	A	0.0000
11234.s1	A	A	0.0000
11234.s2	A	A	0.0000
11235.fa	A	G	0.4886
11235.mo	A	A	0.0000
11235.p1	A	A	0.0000
11235.s1	A	G	0.4867
11237.fa	A	A	0.0000
11237.mo	A	A	0.0000
11237.p1	A	A	0.0176
11237.s1	A	A	0.0000
11239.fa	A	G	0.5116
11239.mo	A	G	0.4762
11239.p1	A	G	0.5233
11239.s1	G	G	0.9706
11242.fa	G	G	1.0000
11242.mo	A	A	0.0003
11242.p1	A	G	0.4902
11242.s1	A	G	0.4635
11245.fa	A	G	0.4956
11245.mo	G	G	1.0000
11245.p1	A	G	0.4346
11245.s1	A	G	0.4831
11246.fa	A	A	0.0136
11246.mo	A	G	0.5086
11246.p1	A	A	0.0060
11246.s1	A	A	0.0000
11246.s2	A	A	0.0000
11247.fa	G	G	1.0000
11247.mo	G	G	1.0000
11247.p1	G	G	1.0000
11247.s1	G	G	0.9926
11250.fa	A	G	0.4528
11250.mo	A	A	0.0000
11250.p1	A	G	0.5237
11250.s1	A	G	0.4803
11251.fa	G	G	1.0000
11251.mo	A	G	0.4518
11251.p1	A	G	0.5348
11251.s1	G	G	1.0000
11252.fa	A	A	0.0000
11252.mo	A	G	0.4811
11252.p1	A	G	0.4889
11252.s1	A	G	0.4822
11252.s2	A	A	0.0000
11254.fa	G	G	1.0000
11254.mo	A	G	0.5151
11254.p1	A	G	0.5305
11254.s1	G	G	1.0000
11256.fa	A	G	0.4367
11256.mo	A	G	0.5009
11256.p1	A	G	0.4827
11256.s1	G	G	0.9888
11257.fa	G	G	0.9878
11257.mo	G	G	0.9988
11257.p1	G	G	0.9953
11257.s1	G	G	0.9946
11258.fa	A	G	0.5070
11258.mo	A	A	0.0000
11258.p1	A	A	0.0025
11258.s1	A	G	0.5035
11262.fa	A	G	0.4950
11262.mo	A	A	0.0000
11262.p1	A	G	0.4770
11262.s1	A	A	0.0000
11263.fa	G	G	0.9955
11263.mo	A	A	0.0061
11263.p1	A	G	0.4760
11263.s1	A	G	0.5161
11264.fa	A	A	0.0000
11264.mo	A	A	0.0000
11264.p1	A	A	0.0000
11264.s1	A	A	0.0009
11264.s2	A	A	0.0003
11265.fa	A	G	0.4782
11265.mo	A	G	0.4889
11265.p1	G	G	0.9895
11265.s1	G	G	1.0000
11265.s2	A	A	0.0018
11265.s3	A	A	0.0022
11267.fa	A	G	0.5011
11267.mo	A	A	0.0000
11267.p1	A	G	0.5015
11267.s1	A	G	0.4909
11274.fa	A	A	0.0000
11274.mo	A	G	0.4767
11274.p1	A	G	0.5037
11274.s1	A	G	0.5090
11275.fa	A	A	0.0000
11275.mo	A	G	0.5124
11275.p1	A	A	0.0029
11275.s1	A	G	0.4710
11280.fa	A	G	0.4990
11280.mo	A	A	0.0113
11280.p1	A	A	0.0000
11280.s1	A	G	0.4642
11280.s2	A	A	0.0036
11282.fa	A	G	0.4961
11282.mo	A	G	0.4313
11282.p1	G	G	0.9813
11282.s1	A	G	0.5322
11282.s2	A	G	0.4751
11282.s3	A	G	0.5338
11284.fa	A	A	0.0000
11284.mo	A	A	0.0000
11284.p1	A	A	0.0000
11284.s1	A	A	0.0016
11285.fa	A	G	0.5270
11285.mo	A	A	0.0000
11285.p1	A	G	0.4856
11285.s1	A	A	0.0000
11289.fa	A	G	0.5185
11289.mo	A	A	0.0036
11289.p1	A	A	0.0039
11289.s1	A	G	0.5236
11291.fa	A	A	0.0035
11291.mo	A	G	0.4271
11291.p1	A	G	0.5098
11291.s1	A	A	0.0000
11296.fa	A	A	0.0000
11296.mo	A	G	0.5132
11296.p1	A	A	0.0000
11296.s1	A	A	0.0000
11298.fa	G	G	0.9991
11298.mo	A	A	0.0003
11298.p1	A	G	0.4713
11298.s1	A	G	0.4795
11299.fa	A	G	0.5059
11299.mo	G	G	1.0000
11299.p1	A	G	0.4072
11299.s1	G	G	1.0000
11300.fa	A	G	0.5325
11300.mo	A	A	0.0073
11300.p1	A	A	0.0005
11300.s1	A	A	0.0038
11301.fa	A	G	0.5075
11301.mo	A	A	0.0000
11301.p1	A	G	0.5501
11301.s1	A	A	0.0000
11303.fa	A	G	0.4979
11303.mo	A	G	0.4994
11303.p1	A	G	0.4440
11303.s1	G	G	1.0000
11304.fa	A	G	0.4593
11304.mo	A	G	0.4869
11304.p1	A	G	0.4496
11304.s1	G	G	1.0000
11305.fa	A	G	0.5300
11305.mo	G	G	0.9941
11305.p1	A	G	0.4788
11305.s1	G	G	1.0000
11307.fa	A	A	0.0000
11307.mo	A	G	0.4817
11307.p1	A	G	0.4973
11307.s1	A	G	0.4898
11309.fa	A	G	0.4972
11309.mo	A	A	0.0000
11309.p1	A	G	0.4893
11309.s1	A	A	0.0000
11310.fa	A	A	0.0000
11310.mo	A	A	0.0012
11310.p1	A	A	0.0030
11310.s1	A	A	0.0000
11312.fa	A	G	0.4628
11312.mo	A	A	0.0000
11312.p1	A	A	0.0010
11312.s1	A	A	0.0000
11316.fa	G	G	0.9962
11316.mo	A	G	0.4980
11316.p1	G	G	0.9962
11316.s1	G	G	1.0000
11318.fa	A	A	0.0000
11318.mo	A	G	0.4956
11318.p1	A	A	0.0000
11318.s1	A	G	0.5172
11322.fa	A	G	0.4793
11322.mo	A	A	0.0000
11322.p1	A	G	0.4626
11323.fa	A	A	0.0060
11323.mo	A	G	0.5429
11323.p1	A	G	0.5622
11323.s1	A	G	0.5261
11323.s2	A	A	0.0000
11324.fa	A	A	0.0123
11324.mo	A	G	0.5253
11324.p1	A	G	0.5093
11324.p2	A	G	0.5351
11324.s1	A	A	0.0003
11325.fa	A	A	0.0000
11325.mo	A	G	0.4963
11325.p1	A	A	0.0000
11325.s1	A	A	0.0006
11327.fa	G	G	0.9991
11327.mo	A	A	0.0019
11327.p1	A	G	0.5320
11327.s1	A	G	0.4953
11328.fa	A	A	0.0123
11328.mo	A	A	0.0000
11328.p1	A	A	0.0013
11328.s1	A	A	0.0003
11329.fa	A	G	0.5025
11329.mo	A	A	0.0000
11329.p1	A	A	0.0000
11329.s1	A	A	0.0031
11331.fa	A	A	0.0000
11331.mo	A	A	0.0000
11331.p1	A	A	0.0000
11336.fa	G	G	0.9950
11336.mo	A	G	0.5128
11336.p1	G	G	1.0000
11336.s1	A	G	0.5213
11339.fa	A	A	0.0043
11339.mo	A	A	0.0000
11339.p1	A	A	0.0016
11339.s1	A	A	0.0020
11341.fa	G	G	0.9968
11341.mo	A	A	0.0042
11341.p1	A	G	0.4360
11341.s1	A	G	0.5116
11345.fa	A	G	0.4682
11345.mo	A	G	0.4894
11345.p1	A	G	0.5773
11345.s1	G	G	0.9985
11346.fa	A	A	0.0000
11346.mo	A	A	0.0000
11346.p1	A	A	0.0018
11346.s1	A	A	0.0000
11347.fa	A	G	0.5078
11347.mo	A	G	0.4630
11347.p1	G	G	1.0000
11347.s1	A	A	0.0000
11348.fa	G	G	0.9964
11348.mo	G	G	1.0000
11348.p1	G	G	1.0000
11348.s1	G	G	1.0000
11348.s2	G	G	0.9806
11349.fa	A	G	0.5011
11349.mo	A	A	0.0029
11349.p1	A	G	0.5374
11349.s1	A	A	0.0005
11350.fa	A	G	0.5011
11350.mo	A	A	0.0000
11350.p1	A	G	0.4634
11350.s1	A	G	0.4259
11352.fa	A	A	0.0000
11352.mo	A	A	0.0000
11352.p1	A	A	0.0000
11352.s1	A	A	0.0005
11353.fa	A	G	0.4787
11353.mo	A	G	0.5017
11353.p1	G	G	1.0000
11353.s1	G	G	1.0000
11355.fa	A	G	0.4849
11355.mo	A	A	0.0000
11355.p1	A	A	0.0086
11355.s1	A	A	0.0000
11356.fa	A	G	0.5187
11356.mo	A	A	0.0005
11356.p1	A	A	0.0000
11356.s1	A	A	0.0013
11357.fa	A	A	0.0023
11357.mo	A	A	0.0000
11357.p1	A	A	0.0025
11357.s1	A	A	0.0000
11359.fa	A	A	0.0087
11359.mo	A	G	0.5006
11359.p1	A	G	0.5004
11359.s1	A	A	0.0065
11360.fa	A	G	0.4890
11360.mo	A	G	0.5038
11360.p1	A	G	0.5045
11360.s1	A	A	0.0077
11364.fa	A	A	0.0111
11364.mo	A	A	0.0053
11364.p1	A	A	0.0040
11364.s1	A	A	0.0326
11365.fa	A	G	0.5086
11365.mo	A	A	0.0000
11365.p1	A	A	0.0023
11365.s1	A	G	0.5322
11366.fa	G	G	1.0000
11366.mo	A	A	0.0000
11366.p1	A	G	0.5003
11366.s1	A	G	0.4785
11368.fa	G	G	1.0000
11368.mo	A	A	0.0025
11368.p1	A	G	0.4688
11368.s1	A	G	0.5188
11369.fa	A	G	0.4166
11369.mo	A	G	0.4434
11369.p1	A	A	0.0011
11369.s1	G	G	1.0000
11370.fa	A	G	0.5217
11370.mo	A	A	0.0056
11370.p1	A	G	0.5456
11370.p2	A	G	0.4969
11371.fa	A	A	0.0000
11371.mo	A	A	0.0000
11371.p1	A	A	0.0000
11374.fa	G	G	0.9004
11374.mo	A	A	0.0036
11374.p1	A	G	0.4915
11374.s1	A	G	0.5608
11374.s2	A	G	0.4885
11375.fa	A	G	0.5198
11375.mo	A	G	0.4651
11375.p1	G	G	0.9906
11375.s1	A	G	0.4865
11376.fa	A	G	0.4555
11376.mo	A	G	0.5010
11376.p1	A	G	0.4619
11376.s1	A	G	0.4812
11377.fa	A	A	0.0042
11377.mo	A	A	0.0000
11377.p1	A	A	0.0000
11377.s1	A	A	0.0000
11378.fa	A	A	0.0024
11378.mo	A	A	0.0000
11378.p1	A	A	0.0017
11378.s1	A	A	0.0000
11379.fa	G	G	1.0000
11379.mo	A	G	0.3196
11379.p1	A	G	0.2746
11379.s1	A	G	0.3439
11381.fa	A	A	0.0000
11381.mo	A	G	0.4797
11381.p1	A	A	0.0000
11381.s1	A	A	0.0000
11382.fa	A	A	0.0000
11382.mo	A	G	0.5290
11382.p1	A	G	0.4916
11383.fa	A	G	0.4456
11383.mo	A	G	0.4967
11383.p1	A	G	0.4854
11383.s1	G	G	1.0000
11388.fa	A	G	0.5077
11388.mo	A	A	0.0033
11388.p1	A	A	0.0032
11388.s1	A	G	0.5913
11390.fa	A	A	0.0000
11390.mo	A	G	0.3258
11390.p1	A	A	0.0000
11390.s1	A	A	0.0000
11391.fa	A	A	0.0000
11391.mo	A	A	0.0000
11391.p1	A	A	0.0000
11391.s1	A	A	0.0000
11396.fa	A	A	0.0000
11396.mo	A	G	0.4347
11396.p1	A	G	0.4783
11396.s1	A	A	0.0088
11397.fa	A	A	0.0102
11397.mo	A	G	0.4849
11397.p1	A	G	0.4914
11397.s1	A	G	0.5290
11397.s2	A	G	0.5155
11398.fa	G	G	1.0000
11398.mo	G	G	0.9890
11398.p1	G	G	1.0000
11398.s1	G	G	0.9997
11399.fa	A	A	0.0041
11399.mo	A	G	0.4157
11399.p1	A	G	0.4616
11399.s1	A	G	0.5185
11401.fa	A	G	0.5159
11401.mo	A	A	0.0000
11401.p1	A	G	0.4818
11401.s1	A	A	0.0011
11404.fa	A	A	0.0055
11404.mo	A	G	0.5864
11404.p1	A	A	0.0000
11404.s1	A	A	0.0000
11409.fa	A	A	0.0000
11409.mo	A	A	0.0038
11409.p1	A	A	0.0068
11410.fa	A	G	0.4970
11410.mo	A	A	0.0006
11410.p1	A	A	0.0000
11410.s1	A	G	0.4846
11412.fa	A	A	0.0000
11412.mo	A	A	0.0026
11412.p1	A	A	0.0107
11412.s1	A	A	0.0024
11413.fa	A	A	0.0069
11413.mo	A	A	0.0092
11413.p1	A	A	0.0166
11413.s1	A	A	0.0063
11414.fa	A	A	0.0000
11414.mo	A	G	0.4703
11414.p1	A	G	0.5190
11414.s1	A	A	0.0000
11415.fa	A	A	0.0000
11415.mo	A	G	0.4810
11415.p1	A	G	0.5208
11415.s1	A	G	0.4881
11420.fa	A	A	0.0004
11420.mo	A	G	0.4037
11420.p1	A	A	0.0000
11420.s1	A	G	0.4520
11421.fa	A	G	0.4952
11421.mo	A	G	0.5009
11421.p1	A	G	0.5017
11421.s1	A	G	0.4866
11421.s2	A	A	0.0000
11422.fa	A	G	0.4612
11422.mo	A	G	0.5106
11422.p1	A	A	0.0000
11422.s1	A	A	0.0000
11424.fa	A	G	0.5535
11424.mo	A	G	0.5355
11424.p1	A	A	0.0053
11424.s1	A	A	0.0000
11425.fa	A	A	0.0054
11425.mo	G	G	1.0000
11425.p1	A	G	0.5231
11425.s1	A	G	0.5083
11428.fa	A	G	0.4986
11428.mo	A	A	0.0056
11428.p1	A	A	0.0000
11428.s1	A	G	0.4977
11429.fa	A	G	0.4823
11429.mo	G	G	0.9918
11429.p1	G	G	0.9974
11429.s1	A	G	0.5165
11429.s2	A	G	0.4909
11432.fa	A	G	0.4659
11432.mo	A	A	0.0000
11432.p1	A	G	0.5196
11432.s1	A	G	0.5197
11432.s2	A	G	0.4994
11435.fa	A	A	0.0009
11435.mo	G	G	1.0000
11435.p1	A	G	0.5250
11435.s1	A	G	0.5175
11436.fa	A	A	0.0000
11436.mo	A	A	0.0000
11436.p1	A	A	0.0000
11436.s1	A	A	0.0000
11437.fa	A	A	0.0000
11437.mo	A	A	0.0000
11437.p1	A	A	0.0000
11437.s1	A	A	0.0000
11437.s2	A	A	0.0000
11437.s3	A	A	0.0073
11437.s4	A	A	0.0000
11440.fa	A	A	0.0000
11440.mo	A	A	0.0044
11440.p1	A	A	0.0000
11440.s1	A	A	0.0000
11441.fa	A	G	0.5094
11441.mo	A	G	0.4549
11441.p1	G	G	1.0000
11441.s1	A	A	0.0076
11444.fa	G	G	1.0000
11444.mo	A	G	0.5095
11444.p1	G	G	0.9982
11444.s1	G	G	1.0000
11445.fa	G	G	0.9998
11445.mo	A	A	0.0019
11445.p1	A	G	0.4897
11445.s1	A	G	0.4416
11447.fa	A	A	0.0000
11447.mo	A	G	0.5174
11447.p1	A	G	0.4721
11447.s1	A	A	0.0000
11450.fa	A	A	0.0000
11450.mo	A	A	0.0004
11450.p1	A	A	0.0000
11450.s1	A	A	0.0000
11452.fa	A	A	0.0009
11452.mo	G	G	1.0000
11452.p1	A	G	0.5110
11452.s1	A	G	0.5193
11455.fa	G	G	1.0000
11455.mo	A	G	0.5112
11455.p1	G	G	1.0000
11455.s1	A	G	0.4580
11458.fa	G	G	0.9941
11458.mo	A	G	0.5122
11458.p1	G	G	1.0000
11458.s1	A	G	0.5445
11459.fa	A	G	0.4759
11459.mo	A	G	0.5326
11459.p1	G	G	1.0000
11459.s1	A	G	0.4849
11462.fa	A	A	0.0000
11462.mo	A	A	0.0041
11462.p1	A	A	0.0026
11462.s1	A	A	0.0000
11463.fa	G	G	1.0000
11463.mo	A	A	0.0000
11463.p1	A	G	0.5144
11463.s1	A	G	0.5048
11466.fa	A	A	0.0000
11466.mo	A	A	0.0013
11466.p1	A	A	0.0000
11466.s1	A	A	0.0000
11468.fa	A	G	0.5304
11468.mo	A	G	0.5281
11468.p1	G	G	1.0000
11469.fa	G	G	0.9993
11469.mo	A	A	0.0000
11469.p1	A	G	0.5251
11469.s1	A	G	0.5161
11471.fa	A	G	0.5195
11471.mo	A	G	0.4848
11471.p1	A	G	0.5202
11471.s1	A	G	0.4941
11471.s2	A	A	0.0000
11473.fa	A	G	0.5322
11473.mo	A	A	0.0011
11473.p1	A	A	0.0000
11473.s1	A	A	0.0000
11474.fa	A	G	0.5083
11474.mo	A	A	0.0025
11474.p1	A	A	0.0000
11474.s1	A	A	0.0002
11476.fa	A	G	0.4684
11476.mo	A	A	0.0005
11476.p1	A	G	0.5106
11476.s1	A	G	0.5053
11479.fa	A	G	0.4698
11479.mo	A	G	0.5211
11479.p1	A	G	0.4946
11479.s1	A	A	0.0000
11483.fa	A	A	0.0017
11483.mo	A	G	0.5010
11483.p1	A	A	0.0000
11483.s1	A	G	0.3335
11484.fa	A	A	0.0059
11484.mo	A	G	0.4995
11484.p1	A	G	0.4793
11484.s1	A	A	0.0000
11485.fa	A	G	0.4754
11485.mo	A	G	0.4908
11485.p1	A	A	0.0002
11485.s1	A	A	0.0005
11488.fa	A	G	0.5088
11488.mo	A	G	0.5074
11488.p1	A	G	0.4299
11488.s1	G	G	1.0000
11489.fa	A	G	0.5194
11489.mo	A	G	0.5012
11489.p1	A	G	0.5349
11489.s1	G	G	0.9929
11490.fa	A	G	0.4350
11490.mo	A	A	0.0000
11490.p1	A	G	0.3387
11490.s1	A	G	0.4186
11490.s2	A	A	0.0000
11490.s3	A	G	0.3596
11492.fa	A	A	0.0056
11492.mo	A	A	0.0000
11492.p1	A	A	0.0000
11492.s1	A	A	0.0000
11495.fa	A	G	0.5268
11495.mo	A	G	0.5498
11495.p1	G	G	1.0000
11495.s1	A	G	0.4984
11497.fa	A	A	0.0113
11497.mo	A	A	0.0046
11497.p1	A	A	0.0000
11498.fa	A	A	0.0002
11498.mo	A	A	0.0017
11498.p1	A	A	0.0000
11498.s1	A	A	0.0004
11499.fa	G	G	0.9919
11499.mo	A	A	0.0000
11499.p1	A	G	0.4963
11499.s1	A	G	0.5091
11501.fa	A	A	0.0000
11501.mo	G	G	1.0000
11501.p1	A	G	0.4875
11501.s1	A	G	0.4396
11501.s2	A	G	0.5230
11502.fa	A	A	0.0026
11502.mo	A	G	0.4938
11502.p1	A	A	0.0048
11502.s1	A	A	0.0129
11504.fa	A	G	0.5275
11504.mo	G	G	1.0000
11504.p1	G	G	1.0000
11504.s1	G	G	1.0000
11505.fa	A	A	0.0000
11505.mo	A	A	0.0062
11505.p1	A	A	0.0000
11505.s1	A	A	0.0049
11508.fa	A	G	0.5375
11508.mo	A	A	0.0038
11508.p1	A	A	0.0063
11509.fa	A	A	0.0027
11509.mo	G	G	1.0000
11509.p1	A	G	0.4973
11509.s1	A	G	0.4988
11510.fa	A	G	0.4914
11510.mo	A	G	0.4963
11510.p1	A	G	0.5082
11510.s1	A	A	0.0080
11511.fa	A	A	0.0000
11511.mo	G	G	0.9989
11511.p1	A	G	0.5275
11511.s1	A	G	0.5471
11512.fa	A	G	0.4927
11512.mo	A	A	0.0006
11512.p1	A	A	0.0007
11517.fa	G	G	1.0000
11517.mo	A	A	0.0049
11517.p1	A	G	0.5193
11519.fa	A	G	0.4617
11519.mo	G	G	1.0000
11519.p1	G	G	1.0000
11519.s1	A	G	0.4926
11520.fa	A	G	0.4948
11520.mo	A	A	0.0009
11520.p1	A	G	0.4996
11520.s1	A	A	0.0010
11521.fa	A	G	0.4978
11521.mo	A	G	0.4826
11521.p1	G	G	1.0000
11521.s1	A	G	0.4841
11522.fa	A	G	0.5044
11522.mo	A	G	0.5057
11522.p1	G	G	0.9814
11522.s1	A	G	0.5328
11522.s2	A	A	0.0000
11523.fa	A	G	0.4696
11523.mo	A	A	0.0049
11523.p1	A	A	0.0000
11523.s1	A	A	0.0030
11524.fa	A	A	0.0000
11524.mo	A	A	0.0000
11524.p1	A	A	0.0130
11524.s1	A	A	0.0000
11526.fa	A	A	0.0000
11526.mo	A	G	0.4640
11526.p1	A	A	0.0009
11526.s1	A	G	0.4661
11530.fa	A	G	0.4244
11530.mo	A	A	0.0044
11530.p1	A	A	0.0000
11530.s1	A	G	0.4740
11530.s2	A	G	0.4783
11536.fa	A	A	0.0000
11536.mo	A	G	0.4768
11536.p1	A	A	0.0010
11536.s1	A	G	0.4943
11537.fa	G	G	1.0000
11537.mo	A	G	0.4895
11537.p1	G	G	0.9930
11537.s1	G	G	0.9787
11540.fa	A	G	0.4949
11540.mo	A	A	0.0000
11540.p1	A	A	0.0062
11540.s1	A	G	0.5027
11542.fa	A	G	0.5278
11542.mo	A	G	0.4978
11542.p1	G	G	1.0000
11542.s1	A	A	0.0000
11544.fa	A	G	0.5123
11544.mo	G	G	0.9985
11544.p1	A	G	0.5265
11544.s1	A	G	0.4886
11545.fa	A	A	0.0000
11545.mo	A	G	0.4995
11545.p1	A	A	0.0000
11545.s1	A	A	0.0000
11546.fa	A	G	0.4754
11546.mo	A	A	0.0041
11546.p1	A	G	0.4953
11546.s1	A	A	0.0007
11547.fa	A	G	0.4268
11547.mo	G	G	0.9969
11547.p1	A	G	0.5075
11549.fa	A	A	0.0000
11549.mo	A	A	0.0000
11549.p1	A	A	0.0000
11549.s1	A	A	0.0000
11550.fa	A	G	0.4925
11550.mo	A	G	0.4952
11550.p1	G	G	0.9538
11550.s1	A	A	0.0040
11550.s2	G	G	0.9960
11551.fa	G	G	1.0000
11551.mo	A	A	0.0000
11551.p1	A	G	0.5055
11551.s1	A	G	0.4751
11551.s2	A	G	0.4133
11552.fa	A	G	0.5093
11552.mo	A	A	0.0000
11552.p1	A	G	0.4763
11552.s1	A	A	0.0081
11554.fa	A	G	0.5192
11554.mo	A	G	0.4807
11554.p1	A	G	0.5095
11554.s1	A	G	0.5531
11555.fa	A	A	0.0000
11555.mo	A	A	0.0000
11555.p1	A	A	0.0000
11556.fa	G	G	1.0000
11556.mo	A	A	0.0024
11556.p1	A	G	0.5059
11556.s1	A	G	0.5298
11557.fa	A	A	0.0000
11557.mo	A	G	0.5173
11557.p1	A	G	0.5219
11557.s1	A	A	0.0039
11557.s2	A	G	0.4878
11557.s3	A	A	0.0002
11558.fa	A	A	0.0125
11558.mo	A	G	0.5030
11558.p1	A	A	0.0036
11561.fa	A	G	0.5210
11561.mo	A	G	0.4759
11561.p1	G	G	1.0000
11561.s1	A	G	0.5028
11563.fa	A	G	0.5081
11563.mo	A	A	0.0069
11563.p1	A	A	0.0000
11563.s1	A	A	0.0000
11564.fa	A	A	0.0000
11564.mo	A	G	0.5263
11564.p1	A	G	0.5141
11564.s1	A	G	0.4695
11565.fa	A	G	0.4863
11565.mo	A	A	0.0042
11565.p1	A	G	0.5315
11565.s1	A	A	0.0000
11566.fa	A	G	0.4176
11566.mo	A	A	0.0000
11566.p1	A	G	0.5146
11568.fa	A	A	0.0000
11568.mo	A	A	0.0029
11568.p1	A	A	0.0000
11568.s1	A	A	0.0000
11569.fa	A	A	0.0000
11569.mo	A	G	0.5139
11569.p1	A	A	0.0025
11569.s1	A	G	0.4801
11575.fa	A	G	0.5197
11575.mo	A	G	0.4525
11575.p1	A	G	0.5256
11575.s1	A	A	0.0011
11577.fa	G	G	0.9963
11577.mo	A	A	0.0000
11577.p1	A	G	0.4997
11578.fa	A	A	0.0000
11578.mo	A	G	0.5176
11578.p1	A	G	0.5361
11578.s1	A	G	0.4977
11580.fa	A	A	0.0003
11580.mo	A	G	0.4993
11580.p1	A	G	0.6395
11580.s1	A	A	0.0000
11580.s2	A	G	0.4732
11581.fa	A	A	0.0023
11581.mo	A	G	0.5484
11581.p1	A	A	0.0000
11581.s1	A	A	0.0000
11583.fa	A	G	0.4992
11583.mo	A	G	0.4842
11583.p1	G	G	0.9968
11584.fa	A	G	0.4999
11584.mo	A	A	0.0000
11584.p1	A	G	0.3826
11584.s1	A	G	0.5179
11587.fa	A	G	0.4988
11587.mo	A	A	0.0011
11587.p1	A	A	0.0005
11587.s1	A	A	0.0007
11590.fa	G	G	1.0000
11590.mo	A	A	0.0000
11590.p1	A	G	0.4807
11590.s1	A	G	0.4968
11597.fa	A	G	0.4294
11597.mo	A	A	0.0000
11597.p1	A	G	0.5248
11597.s1	A	A	0.0082
11597.s2	A	A	0.0019
11598.fa	A	A	0.0025
11598.mo	A	G	0.4992
11598.p1	A	G	0.5044
11599.fa	A	A	0.0000
11599.mo	A	G	0.5076
11599.p1	A	G	0.5349
11599.s1	A	A	0.0020
11611.fa	G	G	0.9873
11611.mo	A	G	0.5176
11611.p1	A	G	0.5150
11641.fa	A	A	0.0000
11641.mo	A	G	0.5059
11641.p1	A	A	0.0013
11641.s1	A	A	0.0091
11676.fa	G	G	1.0000
11676.mo	A	G	0.5102
11676.p1	A	G	0.5022
11676.s1	A	G	0.4739
11696.fa	A	G	0.5081
11696.mo	A	G	0.5033
11696.p1	A	G	0.4681
11696.s1	A	A	0.0000
11698.fa	A	G	0.4983
11698.mo	A	G	0.4982
11698.p1	A	G	0.5054
12062.fa	A	A	0.0000
12062.mo	A	A	0.0043
12062.p1	A	A	0.0017
12062.s1	A	A	0.0052
12068.fa	A	A	0.0000
12068.mo	A	G	0.4965
12068.p1	A	A	0.0011
12068.s1	A	G	0.5170
12071.fa	A	A	0.0000
12071.mo	A	A	0.0014
12071.p1	A	A	0.0037
12071.s1	A	A	0.0095
11001.fa	A	A	0.0000
11001.mo	A	A	0.0116
11001.p1	A	A	0.0000
11018.fa	A	G	0.5105
11018.mo	A	G	0.5234
11018.p1	A	G	0.5112
11018.s1	A	G	0.4962
11025.fa	A	A	0.0005
11025.mo	A	A	0.0000
11025.p1	A	A	0.0027
11040.fa	G	G	0.9971
11040.mo	A	G	0.5158
11040.p1	G	G	1.0000
11040.s1	A	G	0.5245
11055.fa	G	G	1.0000
11055.mo	G	G	1.0000
11055.p1	G	G	0.9974
11055.s1	G	G	0.9879
11078.fa	G	G	1.0000
11078.mo	A	G	0.5712
11078.p1	G	G	1.0000
11078.s1	G	G	1.0000
11080.fa	A	A	0.0000
11080.mo	A	A	0.0000
11080.p1	A	A	0.0070
11087.fa	G	G	1.0000
11087.mo	A	G	0.4918
11087.p1	A	G	0.4823
11090.fa	A	A	0.0000
11090.mo	A	G	0.5235
11090.p1	A	G	0.4895
11090.s1	A	G	0.5050
11110.fa	A	A	0.0042
11110.mo	A	A	0.0198
11110.p1	A	A	0.0055
11110.s1	A	A	0.0000
11117.fa	A	G	0.5101
11117.mo	A	G	0.5093
11117.p1	A	G	0.5149
11117.s1	A	A	0.0276
11117.s2	A	G	0.5187
11117.s3	A	A	0.0000
11129.fa	A	A	0.0022
11129.mo	G	G	0.9928
11129.p1	A	G	0.5068
11133.fa	A	A	0.0566
11133.mo	G	G	1.0000
11133.p1	A	G	0.5103
11134.fa	A	G	0.4644
11134.mo	A	G	0.5023
11134.p1	A	A	0.0000
11145.fa	A	A	0.0011
11145.mo	A	G	0.4684
11145.p1	A	G	0.4979
11158.fa	A	A	0.0004
11158.mo	A	A	0.0049
11158.p1	A	A	0.0345
11158.s1	A	A	0.0000
11158.s2	A	A	0.0044
11161.fa	A	G	0.4976
11161.mo	A	G	0.5151
11161.p1	G	G	1.0000
11161.s1	A	G	0.4987
11165.fa	G	G	1.0000
11165.mo	A	A	0.0019
11165.p1	A	G	0.4709
11167.fa	A	G	0.4671
11167.mo	A	A	0.0000
11167.p1	A	G	0.5381
11167.s1	A	A	0.0021
11188.fa	A	A	0.0000
11188.mo	A	A	0.0000
11188.p1	A	A	0.0050
11202.fa	A	A	0.0056
11202.mo	A	A	0.0049
11202.p1	A	A	0.0497
11241.fa	A	G	0.5059
11241.mo	A	G	0.5241
11241.p1	A	G	0.4958
11241.s1	A	G	0.5036
11241.s2	A	G	0.4695
11249.fa	A	A	0.0000
11249.mo	A	A	0.0000
11249.p1	A	A	0.0000
11266.fa	G	G	1.0000
11266.mo	A	A	0.0016
11266.p1	A	G	0.5015
11266.s1	A	G	0.5141
11266.s2	A	G	0.4795
11270.fa	A	A	0.0024
11270.mo	A	A	0.0000
11270.p1	A	A	0.0046
11270.s1	A	A	0.0026
11276.fa	A	A	0.0039
11276.mo	G	G	0.9918
11276.p1	A	G	0.5281
11276.s1	A	G	0.4873
11277.fa	A	G	0.5149
11277.mo	A	A	0.0000
11277.p1	A	A	0.0000
11277.s1	A	A	0.0000
11283.fa	A	A	0.0007
11283.mo	A	G	0.4852
11283.p1	A	A	0.0039
11290.fa	A	G	0.4834
11290.mo	A	A	0.0000
11290.p1	A	G	0.4904
11290.s1	A	G	0.4941
11290.s2	A	A	0.0079
11290.s3	A	G	0.5079
11294.fa	G	G	1.0000
11294.mo	A	G	0.4887
11294.p1	G	G	0.9980
11297.fa	A	G	0.4776
11297.mo	A	A	0.0000
11297.p1	A	G	0.5169
11308.fa	A	A	0.0000
11308.mo	A	G	0.5082
11308.p1	A	A	0.0000
11321.fa	A	A	0.0000
11321.mo	A	A	0.0030
11321.p1	A	A	0.0055
11321.s1	A	A	0.0113
11330.fa	A	G	0.4896
11330.mo	A	A	0.0040
11330.p1	A	A	0.0000
11330.s1	A	G	0.5064
11330.s2	A	G	0.4914
11333.fa	A	G	0.4766
11333.mo	A	G	0.4750
11333.p1	G	G	0.9975
11333.s1	G	G	0.9922
11343.fa	A	A	0.0000
11343.mo	G	G	0.9883
11343.p1	A	G	0.4592
11367.fa	A	G	0.5294
11367.mo	A	G	0.5284
11367.p1	A	G	0.4994
11367.s1	A	A	0.0141
11372.fa	A	G	0.5339
11372.mo	A	A	0.0043
11372.p1	A	G	0.5211
11372.s1	A	G	0.5547
11387.fa	A	A	0.0120
11387.mo	A	A	0.0000
11387.p1	A	A	0.0000
11393.fa	A	G	0.4831
11393.mo	A	G	0.5060
11393.p1	G	G	0.9979
11393.s1	G	G	1.0000
11393.s2	G	G	1.0000
11394.fa	A	G	0.4226
11394.mo	A	G	0.4703
11394.p1	A	G	0.4787
11400.fa	G	G	1.0000
11400.mo	A	A	0.0000
11400.p1	A	G	0.4872
11400.s1	A	G	0.4814
11407.fa	A	A	0.0000
11407.mo	A	G	0.5128
11407.p1	A	G	0.4971
11407.s1	A	G	0.5206
11433.fa	A	G	0.5310
11433.mo	A	A	0.0083
11433.p1	A	A	0.0000
11433.s1	A	A	0.0075
11439.fa	A	G	0.5507
11439.mo	A	G	0.5421
11439.p1	G	G	0.9829
11439.s1	A	G	0.5382
11446.fa	A	A	0.0045
11446.mo	A	A	0.0000
11446.p1	A	A	0.0011
11446.s1	A	A	0.0028
11453.fa	A	A	0.0000
11453.mo	A	A	0.0000
11453.p1	A	A	0.0000
11453.s1	A	A	0.0000
11456.fa	G	G	1.0000
11456.mo	A	G	0.5506
11456.p1	A	G	0.5271
11456.s1	G	G	0.9920
11464.fa	A	G	0.4756
11464.mo	A	A	0.0196
11464.p1	A	G	0.4959
11465.fa	A	G	0.5435
11465.mo	A	A	0.0068
11465.p1	A	A	0.0025
11470.fa	A	G	0.4699
11470.mo	A	A	0.0025
11470.p1	A	A	0.0000
11470.s1	A	G	0.4997
11470.s3	A	G	0.4918
11472.fa	A	A	0.0008
11472.mo	A	A	0.0000
11472.p1	A	A	0.0000
11472.s1	A	A	0.0002
11480.fa	G	G	0.9968
11480.mo	G	G	0.9941
11480.p1	G	G	0.9979
11480.s1	G	G	0.9949
11491.fa	A	A	0.0000
11491.mo	A	A	0.0000
11491.p1	A	A	0.0046
11491.s1	A	A	0.0000
11494.fa	A	G	0.5121
11494.mo	A	A	0.0059
11494.p1	A	G	0.5422
11494.s1	A	A	0.0057
11516.fa	A	A	0.0043
11516.mo	A	G	0.5013
11516.p1	A	A	0.0000
11516.s1	A	A	0.0000
11518.fa	A	A	0.0050
11518.mo	A	A	0.0062
11518.p1	A	A	0.0000
11518.s1	A	A	0.0000
11532.fa	A	A	0.0000
11532.mo	A	G	0.5106
11532.p1	A	A	0.0000
11532.s1	A	A	0.0000
11538.fa	A	A	0.0000
11538.mo	A	A	0.0017
11538.p1	A	A	0.0014
11538.s1	A	A	0.0105
11543.fa	A	A	0.0052
11543.mo	G	G	0.9823
11543.p1	A	G	0.5028
11543.s1	A	G	0.4719
11567.fa	A	A	0.0000
11567.mo	A	A	0.0000
11567.p1	A	A	0.0000
11567.s1	A	A	0.0061
11571.fa	A	A	0.0007
11571.mo	A	G	0.5113
11571.p1	A	G	0.5326
11571.s1	A	G	0.5628
11573.fa	A	G	0.5400
11573.mo	A	G	0.5447
11573.p1	A	A	0.0056
11573.s1	A	G	0.5406
11592.fa	A	G	0.5433
11592.mo	A	G	0.5293
11592.p1	A	A	0.0008
11592.s1	G	G	0.9889
11600.fa	A	A	0.0000
11600.mo	A	A	0.0000
11600.p1	A	A	0.0052
11600.s1	A	A	0.0000
11601.fa	A	A	0.0000
11601.mo	A	A	0.0000
11601.p1	A	A	0.0027
11601.s1	A	A	0.0039
11601.s3	A	A	0.0058
11604.fa	G	G	1.0000
11604.mo	A	A	0.0000
11604.p1	A	G	0.4787
11608.fa	G	G	1.0000
11608.mo	A	G	0.5101
11608.p1	G	G	1.0000
11608.s1	G	G	0.9861
11609.fa	A	A	0.0000
11609.mo	G	G	0.9991
11609.p1	A	G	0.5137
11610.fa	A	G	0.5115
11610.mo	G	G	0.9981
11610.p1	G	G	0.9893
11610.s1	G	G	0.9935
11612.fa	A	A	0.0405
11612.mo	A	G	0.4451
11612.p1	A	G	0.4943
11615.fa	A	A	0.0088
11615.mo	A	A	0.0051
11615.p1	A	A	0.0013
11615.s1	A	A	0.0046
11616.fa	A	A	0.0001
11616.mo	G	G	0.9987
11616.p1	A	G	0.5251
11616.s1	A	G	0.5116
11617.fa	A	A	0.0085
11617.mo	A	G	0.4865
11617.p1	A	A	0.0080
11619.fa	A	G	0.4943
11619.mo	A	G	0.4883
11619.p1	A	G	0.5105
11620.fa	A	G	0.5596
11620.mo	A	A	0.0000
11620.p1	A	G	0.5623
11620.s1	A	G	0.5327
11621.fa	A	A	0.0012
11621.mo	A	A	0.0000
11621.p1	A	A	0.0000
11622.fa	A	A	0.0000
11622.mo	A	A	0.0091
11622.p1	A	A	0.0000
11622.s1	A	A	0.0000
11625.fa	A	A	0.0073
11625.mo	A	G	0.5806
11625.p1	A	G	0.5317
11625.s1	A	G	0.5584
11627.fa	A	A	0.0000
11627.mo	A	G	0.4920
11627.p1	A	A	0.0000
11627.s1	A	G	0.5737
11629.fa	A	A	0.0000
11629.mo	A	G	0.5350
11629.p1	A	G	0.5375
11629.s1	A	A	0.0018
11630.fa	A	A	0.0085
11630.mo	A	A	0.0000
11630.p1	A	A	0.0000
11630.s1	A	A	0.0000
11630.s2	A	A	0.0000
11630.s3	A	A	0.0000
11634.fa	A	A	0.0213
11634.mo	A	A	0.0164
11634.p1	A	A	0.0072
11634.s1	A	A	0.0000
11638.fa	A	G	0.5104
11638.mo	A	G	0.5585
11638.p1	A	G	0.5061
11638.s1	A	G	0.5127
11642.fa	A	A	0.0079
11642.mo	A	A	0.0133
11642.p1	A	A	0.0013
11642.s1	A	A	0.0000
11644.fa	A	G	0.5401
11644.mo	A	G	0.5695
11644.p1	A	A	0.0030
11644.s1	G	G	0.9927
11645.fa	A	G	0.5179
11645.mo	A	A	0.0145
11645.p1	A	A	0.0082
11645.s1	A	G	0.5164
11651.fa	A	G	0.5558
11651.mo	A	G	0.5295
11651.p1	A	G	0.4806
11651.s1	A	G	0.5314
11653.fa	A	G	0.4909
11653.mo	A	A	0.0000
11653.p1	A	A	0.0000
11653.s1	A	G	0.5194
11654.fa	A	A	0.0000
11654.mo	A	A	0.0000
11654.p1	A	A	0.0000
11654.s1	A	A	0.0000
11657.fa	A	A	0.0000
11657.mo	A	A	0.0000
11657.p1	A	A	0.0076
11657.s1	A	A	0.0000
11659.fa	A	G	0.5250
11659.mo	A	A	0.0000
11659.p1	A	G	0.5480
11659.s1	A	A	0.0000
11660.fa	A	A	0.0019
11660.mo	A	A	0.0038
11660.p1	A	A	0.0088
11664.fa	A	G	0.4619
11664.mo	A	A	0.0000
11664.p1	A	A	0.0000
11664.p2	A	A	0.0000
11664.s2	A	G	0.5103
11665.fa	G	G	0.9964
11665.mo	G	G	0.9956
11665.p1	G	G	0.9987
11665.s1	G	G	1.0000
11666.fa	A	G	0.5056
11666.mo	A	G	0.4204
11666.p1	A	A	0.0000
11666.s1	A	G	0.4356
11667.fa	G	G	0.9916
11667.mo	A	G	0.5410
11667.p1	G	G	0.9877
11667.s1	A	G	0.5111
11673.fa	A	A	0.0032
11673.mo	A	G	0.5096
11673.p1	A	G	0.5255
11673.s1	A	A	0.0000
11677.fa	A	G	0.5130
11677.mo	A	A	0.0017
11677.p1	A	G	0.5671
11677.s1	A	A	0.0000
11679.fa	A	G	0.5529
11679.mo	A	G	0.5206
11679.p1	A	A	0.0032
11679.s1	A	G	0.5390
11680.fa	A	A	0.0022
11680.mo	A	G	0.5228
11680.p1	A	G	0.4871
11681.fa	A	G	0.5090
11681.mo	A	A	0.0124
11681.p1	A	A	0.0000
11685.fa	A	A	0.0000
11685.mo	A	G	0.5211
11685.p1	A	G	0.5002
11685.s1	A	A	0.0000
11689.fa	A	G	0.4903
11689.mo	A	G	0.4954
11689.p1	A	G	0.4841
11689.s2	A	G	0.5478
11691.fa	A	A	0.0000
11691.mo	A	G	0.5129
11691.p1	A	A	0.0000
11691.s1	A	A	0.0000
11693.fa	A	G	0.5114
11693.mo	A	G	0.4936
11693.p1	A	G	0.5025
11694.fa	A	G	0.5372
11694.mo	A	G	0.5515
11694.p1	A	G	0.5533
11694.s1	A	G	0.5359
11700.fa	A	A	0.0000
11700.mo	G	G	1.0000
11700.p1	A	G	0.4990
11700.s1	A	G	0.4959
11700.s2	A	G	0.4697
11704.fa	A	A	0.0000
11704.mo	A	G	0.4691
11704.p1	A	G	0.4583
11707.fa	A	G	0.5303
11707.mo	A	A	0.0004
11707.p1	A	A	0.0000
11707.s1	A	G	0.5229
11709.fa	A	A	0.0096
11709.mo	A	A	0.0261
11709.p1	A	A	0.0217
11710.fa	A	A	0.0138
11710.mo	A	A	0.0000
11710.p1	A	A	0.0268
11711.fa	A	G	0.5465
11711.mo	A	A	0.0046
11711.p1	A	G	0.5131
11711.s1	A	A	0.0099
11712.fa	A	A	0.0100
11712.mo	A	G	0.4792
11712.p1	A	A	0.0000
11712.s1	A	A	0.0102
11712.s2	A	G	0.4753
11714.fa	A	G	0.5306
11714.mo	A	G	0.5318
11714.p1	A	G	0.5361
11714.s1	A	G	0.5101
11715.fa	G	G	0.9986
11715.mo	A	A	0.0005
11715.p1	A	G	0.4908
11715.s1	A	G	0.4995
11716.fa	A	G	0.4828
11716.mo	A	A	0.0010
11716.p1	A	A	0.0028
11716.s1	A	A	0.0005
11718.fa	A	G	0.4975
11718.mo	A	A	0.0000
11718.p1	A	A	0.0000
11718.s1	A	G	0.5329
11720.fa	A	G	0.4804
11720.mo	G	G	1.0000
11720.p1	A	G	0.4908
11720.s1	A	G	0.4817
11720.s2	A	G	0.5048
11721.fa	A	A	0.0000
11721.mo	A	A	0.0036
11721.p1	A	A	0.0064
11721.s1	A	A	0.0000
11722.fa	A	A	0.0035
11722.mo	G	G	1.0000
11722.p1	A	G	0.5074
11722.s1	A	G	0.5167
11723.fa	A	G	0.4967
11723.mo	A	A	0.0000
11723.p1	A	A	0.0082
11723.s1	A	G	0.4966
11724.fa	A	A	0.0000
11724.mo	A	A	0.0000
11724.p1	A	A	0.0000
11724.s1	A	A	0.0000
11729.fa	A	G	0.5055
11729.mo	G	G	1.0000
11729.p1	A	G	0.5006
11729.s1	G	G	1.0000
11729.s2	G	G	0.9999
11730.fa	G	G	0.9823
11730.mo	A	A	0.0000
11730.p1	A	G	0.5004
11730.s1	A	G	0.4850
11731.fa	A	G	0.4431
11731.mo	A	G	0.4847
11731.p1	A	G	0.5024
11731.s1	G	G	1.0000
11733.fa	A	A	0.0000
11733.mo	G	G	0.9984
11733.p1	A	G	0.5005
11740.fa	A	G	0.4643
11740.mo	A	A	0.0014
11740.p1	A	G	0.4792
11740.s1	A	A	0.0000
11740.s2	A	G	0.4860
11753.fa	A	A	0.0000
11753.mo	A	A	0.0001
11753.p1	A	A	0.0000
11753.s1	A	A	0.0083
11765.fa	A	G	0.5113
11765.mo	A	G	0.5053
11765.p1	A	A	0.0060
11765.s1	A	A	0.0037
11766.fa	A	A	0.0010
11766.mo	A	G	0.4838
11766.p1	A	G	0.4896
11766.s1	A	G	0.5066
11768.fa	A	A	0.0022
11768.mo	A	G	0.4736
11768.p1	A	G	0.4897
11768.s1	A	G	0.5133
11773.fa	A	A	0.0020
11773.mo	A	A	0.0114
11773.p1	A	A	0.0000
11773.s1	A	A	0.0014
11775.fa	A	G	0.5020
11775.mo	A	A	0.0000
11775.p1	A	G	0.5032
11775.s1	A	A	0.0000
11776.fa	A	G	0.4955
11776.mo	A	G	0.4863
11776.p1	A	G	0.5092
11780.fa	A	A	0.0000
11780.mo	A	A	0.0048
11780.p1	A	A	0.0000
11781.fa	A	G	0.5344
11781.mo	A	G	0.4772
11781.p1	A	G	0.5127
11781.s2	A	G	0.4890
11782.fa	A	G	0.4671
11782.mo	A	G	0.4875
11782.p1	A	A	0.0011
11788.fa	G	G	1.0000
11788.mo	A	G	0.4307
11788.p1	G	G	0.9996
11788.s1	G	G	1.0000
11792.fa	A	A	0.0000
11792.mo	A	A	0.0000
11792.p1	A	A	0.0062
11792.s1	A	A	0.0035
11793.fa	A	A	0.0000
11793.mo	A	A	0.0038
11793.p1	A	A	0.0000
11793.s1	A	A	0.0000
11794.fa	A	A	0.0001
11794.mo	A	A	0.0072
11794.p1	A	A	0.0000
11794.s1	A	A	0.0000
11797.fa	A	A	0.0058
11797.mo	G	G	1.0000
11797.p1	A	G	0.4784
11797.s1	A	G	0.5363
11798.fa	A	G	0.4913
11798.mo	A	A	0.0000
11798.p1	A	A	0.0026
11798.s1	A	A	0.0000
11800.fa	A	G	0.5056
11800.mo	G	G	1.0000
11800.p1	G	G	1.0000
11804.fa	G	G	1.0000
11804.mo	A	G	0.4668
11804.p1	G	G	1.0000
11804.s1	G	G	1.0000
11806.fa	A	A	0.0020
11806.mo	G	G	0.9968
11806.p1	A	G	0.4805
11808.fa	G	G	1.0000
11808.mo	A	A	0.0000
11808.p1	A	G	0.5399
11808.s1	A	G	0.4942
11809.fa	A	G	0.4977
11809.mo	A	A	0.0030
11809.p1	A	G	0.4888
11809.s1	A	G	0.4537
11810.fa	A	A	0.0077
11810.mo	A	G	0.5314
11810.p1	A	A	0.0096
11810.s1	A	A	0.0000
11810.s2	A	A	0.0000
11811.fa	A	A	0.0000
11811.mo	A	A	0.0000
11811.p1	A	A	0.0000
11812.fa	A	G	0.5102
11812.mo	A	A	0.0000
11812.p1	A	A	0.0033
11812.s1	A	A	0.0045
11818.fa	A	G	0.4853
11818.mo	A	A	0.0000
11818.p1	A	G	0.4949
11818.s1	A	G	0.4786
11824.fa	G	G	1.0000
11824.mo	A	G	0.5067
11824.p1	G	G	0.9963
11824.s1	A	G	0.5042
11824.s2	G	G	1.0000
11824.s3	G	G	1.0000
11824.s4	G	G	1.0000
11825.fa	A	A	0.0006
11825.mo	A	G	0.4706
11825.p1	A	A	0.0000
11827.fa	A	A	0.0000
11827.mo	A	G	0.5282
11827.p1	A	G	0.5100
11827.s1	A	A	0.0000
11828.fa	A	G	0.4934
11828.mo	A	A	0.0017
11828.p1	A	A	0.0020
11828.s1	A	A	0.0003
11831.fa	A	A	0.0092
11831.mo	A	A	0.0000
11831.p1	A	A	0.0049
11831.s1	A	A	0.0000
11834.fa	A	A	0.0000
11834.mo	A	A	0.0000
11834.p1	A	A	0.0000
11834.s1	A	A	0.0028
11835.fa	A	G	0.4810
11835.mo	A	A	0.0045
11835.p1	A	A	0.0000
11835.s1	A	A	0.0008
11838.fa	A	A	0.0000
11838.mo	A	A	0.0002
11838.p1	A	A	0.0095
11838.s1	A	A	0.0000
11838.s2	A	A	0.0058
11839.fa	A	G	0.4934
11839.mo	A	G	0.5010
11839.p1	G	G	1.0000
11839.s1	G	G	0.9925
11841.fa	A	G	0.4842
11841.mo	A	G	0.4767
11841.p1	A	A	0.0000
11843.fa	A	G	0.5352
11843.mo	G	G	1.0000
11843.p1	A	G	0.5059
11843.s1	G	G	1.0000
11845.fa	A	A	0.0000
11845.mo	A	A	0.0000
11845.p1	A	A	0.0000
11845.s1	A	A	0.0000
11846.fa	A	A	0.0000
11846.mo	A	A	0.0000
11846.p1	A	A	0.0000
11851.fa	A	A	0.0013
11851.mo	G	G	1.0000
11851.p1	A	G	0.4977
11855.fa	A	A	0.0050
11855.mo	A	A	0.0104
11855.p1	A	A	0.0189
11855.s1	A	A	0.0134
11857.fa	A	A	0.0038
11857.mo	A	A	0.0000
11857.p1	A	A	0.0129
11857.s1	A	A	0.0000
11859.fa	A	G	0.4851
11859.mo	G	G	1.0000
11859.p1	G	G	1.0000
11860.fa	A	A	0.0000
11860.mo	A	A	0.0000
11860.p1	A	A	0.0023
11860.s1	A	A	0.0000
11863.fa	A	G	0.5111
11863.mo	A	G	0.4762
11863.p1	A	G	0.5003
11863.s1	A	G	0.4908
11868.fa	A	G	0.5283
11868.mo	A	A	0.0000
11868.p1	A	G	0.5449
11868.s1	A	G	0.5101
11869.fa	A	A	0.0024
11869.mo	A	A	0.0008
11869.p1	A	A	0.0069
11869.s1	A	A	0.0054
11872.fa	A	G	0.5176
11872.mo	A	A	0.0000
11872.p1	A	G	0.4737
11872.s1	A	A	0.0020
11878.fa	A	G	0.4861
11878.mo	G	G	1.0000
11878.p1	G	G	0.9927
11879.fa	A	G	0.5249
11879.mo	A	G	0.4921
11879.p1	A	A	0.0079
11879.s1	A	G	0.4693
11881.fa	A	G	0.4990
11881.mo	G	G	1.0000
11881.p1	A	G	0.5095
11881.s1	A	G	0.4880
11883.fa	A	G	0.4950
11883.mo	A	A	0.0028
11883.p1	A	A	0.0000
11883.s1	A	G	0.5180
11888.fa	G	G	1.0000
11888.mo	A	G	0.4620
11888.p1	A	G	0.4687
11888.s1	G	G	0.9813
11892.fa	A	G	0.4885
11892.mo	A	A	0.0000
11892.p1	A	A	0.0000
11892.s1	A	G	0.4945
11892.s2	A	A	0.0040
11893.fa	A	A	0.0000
11893.mo	A	A	0.0000
11893.p1	A	A	0.0000
11894.fa	A	G	0.5142
11894.mo	G	G	0.9861
11894.p1	A	G	0.5247
11894.s1	G	G	0.9953
11895.fa	A	G	0.5114
11895.mo	A	G	0.5076
11895.p1	A	A	0.0048
11895.s1	A	A	0.0000
11897.fa	A	G	0.5088
11897.mo	A	A	0.0003
11897.p1	A	G	0.5149
11897.s1	A	A	0.0010
11901.fa	G	G	1.0000
11901.mo	A	G	0.4958
11901.p1	A	G	0.5209
11901.s1	A	G	0.5217
11905.fa	A	G	0.4874
11905.mo	G	G	0.9904
11905.p1	G	G	1.0000
11905.s1	A	G	0.5000
11905.s3	G	G	1.0000
11905.s5	G	G	1.0000
11909.fa	G	G	0.9943
11909.mo	A	A	0.0000
11909.p1	A	G	0.4783
11909.s1	A	G	0.4746
11910.fa	A	G	0.5104
11910.mo	A	G	0.5026
11910.p1	G	G	0.9981
11913.fa	A	A	0.0039
11913.mo	A	G	0.4804
11913.p1	A	A	0.0159
11913.s1	A	G	0.5008
11914.fa	A	A	0.0000
11914.mo	A	A	0.0000
11914.p1	A	A	0.0003
11916.fa	A	G	0.5018
11916.mo	A	A	0.0000
11916.p1	A	A	0.0000
11916.s1	A	G	0.4806
11917.fa	A	A	0.0014
11917.mo	A	A	0.0000
11917.p1	A	A	0.0051
11917.s1	A	A	0.0023
11918.fa	A	A	0.0000
11918.mo	A	A	0.0000
11918.p1	A	A	0.0019
11918.s1	A	A	0.0000
11919.fa	A	A	0.0000
11919.mo	G	G	1.0000
11919.p1	A	G	0.4842
11919.s1	A	G	0.5092
11920.fa	A	A	0.0009
11920.mo	G	G	1.0000
11920.p1	A	G	0.5138
11920.s1	A	G	0.4953
11922.fa	A	G	0.5305
11922.mo	A	A	0.0000
11922.p1	A	G	0.5012
11922.s1	A	G	0.5000
11924.fa	A	A	0.0073
11924.mo	A	A	0.0000
11924.p1	A	A	0.0018
11924.s1	A	A	0.0000
11924.s2	A	A	0.0025
11928.fa	A	A	0.0068
11928.mo	A	A	0.0052
11928.p1	A	A	0.0050
11928.s1	A	A	0.0000
11928.s2	A	A	0.0062
11931.fa	A	A	0.0000
11931.mo	A	A	0.0000
11931.p1	A	A	0.0000
11931.s2	A	A	0.0000
11933.fa	A	A	0.0079
11933.mo	A	A	0.0015
11933.p1	A	A	0.0000
11933.s1	A	A	0.0093
11935.fa	G	G	1.0000
11935.mo	A	G	0.5392
11935.p1	G	G	0.9900
11935.s1	A	G	0.4961
11938.fa	A	G	0.5142
11938.mo	A	A	0.0000
11938.p1	A	A	0.0087
11939.fa	A	A	0.0227
11939.mo	A	A	0.0090
11939.p1	A	A	0.0000
11939.s1	A	A	0.0000
11940.fa	A	A	0.0033
11940.mo	G	G	0.9970
11940.p1	A	G	0.5006
11940.s1	A	G	0.4811
11941.fa	A	G	0.4839
11941.mo	A	A	0.0000
11941.p1	A	G	0.4788
11941.s1	A	G	0.5081
11942.fa	G	G	0.9971
11942.mo	G	G	0.9994
11942.p1	G	G	1.0000
11942.s1	G	G	0.9993
11942.s2	G	G	1.0000
11944.fa	A	A	0.0062
11944.mo	A	A	0.0052
11944.p1	A	A	0.0009
11944.s1	A	A	0.0151
11944.s2	A	A	0.0248
11946.fa	A	G	0.4603
11946.mo	A	A	0.0000
11946.p1	A	G	0.4820
11946.s1	A	A	0.0015
11947.fa	A	A	0.0176
11947.mo	A	A	0.0139
11947.p1	A	A	0.0022
11947.s1	A	A	0.0028
11948.fa	A	G	0.5300
11948.mo	A	A	0.0042
11948.p1	A	A	0.0059
11948.s1	A	A	0.0000
11954.fa	A	A	0.0000
11954.mo	A	G	0.4896
11954.p1	A	A	0.0311
11954.s1	A	A	0.0045
11957.fa	A	G	0.5705
11957.mo	A	A	0.0030
11957.p1	A	A	0.0000
11957.s1	A	A	0.0000
11959.fa	A	G	0.5173
11959.mo	A	G	0.4876
11959.p1	A	G	0.4833
11959.s1	A	A	0.0000
11962.fa	A	G	0.5064
11962.mo	G	G	1.0000
11962.p1	A	G	0.5046
11962.s1	A	G	0.4664
11963.fa	A	G	0.5041
11963.mo	A	G	0.4748
11963.p1	A	A	0.0000
11963.s1	A	G	0.4847
11964.fa	A	G	0.4347
11964.mo	A	G	0.4905
11964.p1	A	A	0.0000
11964.s1	G	G	0.9963
11966.fa	A	G	0.4690
11966.mo	A	G	0.4886
11966.p1	G	G	1.0000
11966.s1	A	A	0.0147
11969.fa	G	G	0.9969
11969.mo	A	A	0.0118
11969.p1	A	G	0.4855
11969.s1	A	G	0.4964
11970.fa	A	A	0.0000
11970.mo	A	G	0.4993
11970.p1	A	G	0.4796
11972.fa	A	G	0.5267
11972.mo	A	A	0.0016
11972.p1	A	A	0.0000
11972.s1	A	G	0.4892
11975.fa	A	A	0.0000
11975.mo	A	A	0.0012
11975.p1	A	A	0.0000
11978.fa	A	G	0.4832
11978.mo	A	A	0.0000
11978.p1	A	A	0.0000
11979.fa	A	G	0.5276
11979.mo	A	G	0.4992
11979.p1	A	A	0.0000
11979.s1	G	G	1.0000
11981.fa	A	G	0.5120
11981.mo	A	A	0.0000
11981.p1	A	A	0.0000
11981.s1	A	G	0.5157
11982.fa	A	G	0.4742
11982.mo	G	G	1.0000
11982.p1	G	G	1.0000
11982.s1	A	G	0.4795
11984.fa	A	G	0.4983
11984.mo	A	A	0.0016
11984.p1	A	G	0.5286
11984.s1	A	A	0.0019
11986.fa	A	G	0.4527
11986.mo	A	G	0.5151
11986.p1	A	A	0.0061
11986.s1	A	A	0.0109
11989.fa	A	G	0.5071
11989.mo	G	G	1.0000
11989.p1	A	G	0.4875
11989.s1	A	G	0.5022
11990.fa	A	G	0.5241
11990.mo	A	G	0.5234
11990.p1	A	G	0.5085
11990.s1	G	G	0.9951
11993.fa	A	A	0.0000
11993.mo	A	G	0.4946
11993.p1	A	A	0.0000
11993.s1	A	G	0.4882
11995.fa	A	G	0.4906
11995.mo	G	G	0.9954
11995.p1	A	G	0.4988
11996.fa	A	G	0.5138
11996.mo	A	G	0.4954
11996.p1	A	G	0.5460
11998.fa	A	A	0.0000
11998.mo	G	G	1.0000
11998.p1	A	G	0.5033
11998.s1	A	G	0.4819
12001.fa	A	G	0.4783
12001.mo	A	A	0.0075
12001.p1	A	G	0.4865
12001.s1	A	A	0.0016
12003.fa	G	G	1.0000
12003.mo	A	G	0.5028
12003.p1	G	G	1.0000
12006.fa	A	A	0.0034
12006.mo	A	A	0.0006
12006.p1	A	A	0.0000
12006.s1	A	A	0.0000
12007.fa	A	A	0.0000
12007.mo	A	A	0.0000
12007.p1	A	A	0.0031
12007.s1	A	A	0.0000
12008.fa	A	A	0.0104
12008.mo	G	G	1.0000
12008.p1	A	G	0.4930
12009.fa	A	A	0.0000
12009.mo	A	A	0.0000
12009.p1	A	A	0.0019
12010.fa	A	A	0.0000
12010.mo	G	G	1.0000
12010.p1	A	G	0.4908
12010.s1	A	G	0.5074
12011.fa	A	A	0.0005
12011.mo	A	A	0.0068
12011.p1	A	A	0.0027
12011.s1	A	A	0.0000
12014.fa	A	A	0.0023
12014.mo	A	A	0.0000
12014.p1	A	A	0.0015
12014.s1	A	A	0.0000
12015.fa	A	G	0.4840
12015.mo	A	G	0.4774
12015.p1	G	G	0.9882
12015.s1	G	G	0.9927
12019.fa	A	G	0.5524
12019.mo	A	G	0.5076
12019.p1	A	A	0.0000
12020.fa	G	G	0.9972
12020.mo	A	G	0.5004
12020.p1	A	G	0.4875
12020.s1	A	G	0.4789
12020.s2	A	G	0.5074
12025.fa	A	A	0.0066
12025.mo	A	G	0.5084
12025.p1	A	G	0.5186
12026.fa	A	G	0.5161
12026.mo	A	A	0.0103
12026.p1	A	G	0.5267
12028.fa	A	G	0.4760
12028.mo	A	G	0.4885
12028.p1	A	G	0.4624
12029.fa	A	G	0.4789
12029.mo	A	A	0.0000
12029.p1	A	A	0.0036
12029.s1	A	G	0.4955
12030.fa	A	A	0.0004
12030.mo	A	A	0.0000
12030.p1	A	A	0.0006
12030.s1	A	A	0.0000
12031.fa	A	G	0.4784
12031.mo	A	A	0.0000
12031.p1	A	A	0.0000
12032.fa	A	A	0.0000
12032.mo	A	G	0.5251
12032.p1	A	A	0.0000
12032.s1	A	G	0.5112
12033.fa	A	G	0.4747
12033.mo	A	A	0.0000
12033.p1	A	A	0.0069
12033.s1	A	A	0.0074
12036.fa	A	G	0.5043
12036.mo	A	G	0.5142
12036.p1	G	G	1.0000
12036.s1	A	G	0.5013
12037.fa	A	A	0.0049
12037.mo	A	G	0.5156
12037.p1	A	A	0.0033
12037.s1	A	A	0.0065
12038.fa	A	G	0.4923
12038.mo	A	G	0.4886
12038.p1	A	G	0.5266
12041.fa	A	A	0.0007
12041.mo	A	A	0.0000
12041.p1	A	A	0.0014
12041.s1	A	A	0.0000
12044.fa	A	A	0.0000
12044.mo	A	A	0.0000
12044.p1	A	A	0.0000
12044.s1	A	A	0.0000
12046.fa	G	G	1.0000
12046.mo	A	A	0.0000
12046.p1	A	G	0.4847
12048.fa	A	A	0.0000
12048.mo	A	A	0.0000
12048.p1	A	A	0.0036
12048.s1	A	A	0.0000
12050.fa	A	A	0.0024
12050.mo	A	G	0.5278
12050.p1	A	G	0.5259
12052.fa	A	A	0.0000
12052.mo	A	G	0.4960
12052.p1	A	A	0.0022
12052.s1	A	G	0.5175
12053.fa	A	A	0.0091
12053.mo	A	A	0.0099
12053.p1	A	A	0.0009
12053.s1	A	A	0.0000
12055.fa	A	G	0.5373
12055.mo	A	A	0.0022
12055.p1	A	A	0.0007
12055.s1	A	A	0.0000
12056.fa	A	A	0.0060
12056.mo	A	G	0.4779
12056.p1	A	A	0.0000
12056.s1	A	G	0.5135
12057.fa	A	A	0.0000
12057.mo	A	A	0.0000
12057.p1	A	A	0.0000
12057.s1	A	A	0.0000
12058.fa	A	G	0.5058
12058.mo	A	G	0.4888
12058.p1	A	A	0.0000
12060.fa	A	A	0.0026
12060.mo	A	G	0.4858
12060.p1	A	G	0.4795
12060.s1	A	G	0.5129
12061.fa	A	A	0.0063
12061.mo	A	G	0.4967
12061.p1	A	A	0.0000
12061.s1	A	G	0.4734
12063.fa	A	A	0.0000
12063.mo	G	G	1.0000
12063.p1	A	G	0.4661
12063.s1	A	G	0.4974
12065.fa	A	G	0.4722
12065.mo	A	G	0.4915
12065.p1	G	G	1.0000
12065.s1	A	G	0.5262
12065.s2	A	G	0.4823
12066.fa	A	A	0.0000
12066.mo	A	G	0.5061
12066.p1	A	A	0.0000
12070.fa	A	G	0.5031
12070.mo	G	G	1.0000
12070.p1	G	G	1.0000
12072.fa	A	G	0.4739
12072.mo	A	A	0.0000
12072.p1	A	G	0.4974
12072.s1	A	G	0.4763
12073.fa	A	A	0.0253
12073.mo	A	G	0.4840
12073.p1	A	A	0.0016
12073.s1	A	G	0.4753
12073.s2	A	G	0.4770
12074.fa	G	G	1.0000
12074.mo	A	G	0.4730
12074.p1	A	G	0.5042
12076.fa	A	A	0.0028
12076.mo	A	A	0.0000
12076.p1	A	A	0.0000
12076.s1	A	A	0.0080
12077.fa	A	G	0.5146
12077.mo	A	A	0.0072
12077.p1	A	A	0.0000
12078.fa	A	G	0.5311
12078.mo	A	A	0.0000
12078.p1	A	A	0.0291
12078.s1	A	G	0.5167
12081.fa	A	G	0.4891
12081.mo	A	G	0.4837
12081.p1	A	G	0.5034
12083.fa	A	G	0.4839
12083.mo	A	G	0.5054
12083.p1	G	G	0.9986
12083.s1	A	A	0.0000
12086.fa	A	A	0.0036
12086.mo	G	G	1.0000
12086.p1	A	G	0.4953
12086.s1	A	G	0.5128
12087.fa	G	G	1.0000
12087.mo	A	G	0.4933
12087.p1	G	G	0.9982
12091.fa	A	G	0.5101
12091.mo	G	G	0.9864
12091.p1	G	G	1.0000
12091.s1	A	G	0.5116
12093.fa	A	A	0.0489
12093.mo	A	G	0.5945
12093.p1	A	A	0.0104
12096.fa	A	A	0.0000
12096.mo	G	G	1.0000
12096.p1	A	G	0.5028
12096.s1	A	G	0.4893
12096.s2	A	G	0.5336
12097.fa	G	G	1.0000
12097.mo	G	G	0.9897
12097.p1	G	G	0.9911
12099.fa	A	A	0.0000
12099.mo	A	G	0.5055
12099.p1	A	A	0.0000
12099.s1	A	G	0.5042
12100.fa	G	G	0.9983
12100.mo	A	G	0.5198
12100.p1	A	G	0.5226
12100.s1	G	G	0.9983
12101.fa	A	A	0.0008
12101.mo	A	A	0.0049
12101.p1	A	A	0.0014
12101.s1	A	A	0.0000
12102.fa	A	G	0.5124
12102.mo	A	G	0.5331
12102.p1	A	G	0.5118
12103.fa	A	G	0.4771
12103.mo	A	A	0.0000
12103.p1	A	G	0.4876
12108.fa	A	A	0.0042
12108.mo	A	A	0.0001
12108.p1	A	A	0.0000
12108.s1	A	A	0.0000
12113.fa	A	G	0.5071
12113.mo	A	G	0.4934
12113.p1	G	G	1.0000
12113.s1	A	G	0.5102
12114.fa	A	A	0.0000
12114.mo	G	G	1.0000
12114.p1	A	G	0.5014
12115.fa	G	G	0.9940
12115.mo	G	G	1.0000
12115.p1	G	G	1.0000
12115.s1	G	G	1.0000
12117.fa	A	A	0.0001
12117.mo	A	G	0.4843
12117.p1	A	A	0.0073
12117.s1	A	G	0.4730
12118.fa	A	G	0.5025
12118.mo	A	A	0.0040
12118.p1	A	G	0.4944
12118.s1	A	G	0.4966
12119.fa	A	A	0.0004
12119.mo	A	A	0.0242
12119.p1	A	A	0.0221
12120.fa	A	G	0.5097
12120.mo	A	G	0.4834
12120.p1	A	G	0.4628
12120.s1	A	G	0.5116
12120.s2	A	G	0.4979
12121.fa	G	G	0.9968
12121.mo	A	G	0.4994
12121.p1	A	G	0.4512
12121.s1	A	G	0.5150
12130.fa	A	G	0.5271
12130.mo	A	G	0.5208
12130.p1	G	G	0.9971
12130.s1	A	A	0.0058
12132.fa	A	A	0.0000
12132.mo	A	G	0.5135
12132.p1	A	G	0.5056
12132.s1	A	A	0.0000
12132.s2	A	G	0.4809
12132.s3	A	G	0.4870
12137.fa	G	G	1.0000
12137.mo	A	A	0.0000
12137.p1	A	G	0.5453
12139.fa	A	G	0.5015
12139.mo	A	A	0.0202
12139.p1	A	G	0.5466
12149.fa	A	G	0.5222
12149.mo	A	G	0.5079
12149.p1	G	G	1.0000
12150.fa	G	G	0.9876
12150.mo	G	G	0.9919
12150.p1	G	G	1.0000
12150.s1	G	G	0.9999
12152.fa	A	A	0.0000
12152.mo	A	A	0.0000
12152.p1	A	A	0.0000
12152.s1	A	A	0.0000
12152.s2	A	A	0.0000
12153.fa	A	A	0.0002
12153.mo	A	G	0.5332
12153.p1	A	A	0.0000
12153.s1	A	A	0.0009
12154.fa	A	G	0.5099
12154.mo	A	A	0.0000
12154.p1	A	A	0.0004
12154.s1	A	G	0.5133
12157.fa	A	G	0.4607
12157.mo	A	G	0.4787
12157.p1	A	G	0.4916
12157.s1	A	G	0.4707
12157.s2	A	A	0.0000
12158.fa	A	G	0.5160
12158.mo	A	G	0.5184
12158.p1	A	A	0.0008
12159.fa	A	G	0.5076
12159.mo	A	G	0.4869
12159.p1	A	G	0.5106
12159.s1	A	G	0.4904
12160.fa	A	G	0.5601
12160.mo	A	G	0.5489
12160.p1	A	G	0.5369
12160.s1	A	A	0.0000
12161.fa	A	G	0.4772
12161.mo	G	G	0.9990
12161.p1	A	G	0.5203
12161.s1	A	G	0.5061
12162.fa	A	G	0.5005
12162.mo	A	A	0.0000
12162.p1	A	A	0.0072
12162.s1	A	G	0.5600
12164.fa	A	A	0.0014
12164.mo	A	G	0.4710
12164.p1	A	A	0.0000
12170.fa	A	G	0.4724
12170.mo	A	A	0.0100
12170.p1	A	G	0.4899
12170.s1	A	A	0.0049
12173.fa	A	A	0.0060
12173.mo	G	G	1.0000
12173.p1	A	G	0.5066
12173.s1	A	G	0.5071
12175.fa	A	G	0.4849
12175.mo	A	G	0.5054
12175.p1	A	A	0.0032
12175.s1	A	G	0.4883
12180.fa	A	A	0.0000
12180.mo	A	G	0.4720
12180.p1	A	A	0.0000
12180.s1	A	A	0.0000
12184.fa	A	A	0.0000
12184.mo	A	A	0.0000
12184.p1	A	A	0.0000
12184.s1	A	A	0.0042
12185.fa	A	A	0.0058
12185.mo	A	A	0.0011
12185.p1	A	A	0.0037
12185.s1	A	A	0.0040
12187.fa	A	G	0.5166
12187.mo	G	G	1.0000
12187.p1	A	G	0.4792
12187.s1	A	G	0.4620
12189.fa	A	A	0.0048
12189.mo	A	G	0.4684
12189.p1	A	G	0.4567
12189.s1	A	A	0.0000
12192.fa	A	A	0.0000
12192.mo	A	A	0.0048
12192.p1	A	A	0.0013
12194.fa	A	G	0.4928
12194.mo	A	A	0.0006
12194.p1	A	A	0.0173
12197.fa	A	G	0.5172
12197.mo	A	G	0.4841
12197.p1	A	G	0.4941
12197.s1	G	G	1.0000
12198.fa	A	G	0.5169
12198.mo	A	G	0.4989
12198.p1	G	G	1.0000
12198.s1	G	G	1.0000
12201.fa	A	G	0.5011
12201.mo	G	G	1.0000
12201.p1	G	G	1.0000
12201.s1	G	G	1.0000
12201.s2	A	G	0.5103
12202.fa	A	G	0.5070
12202.mo	A	G	0.4703
12202.p1	A	G	0.5148
12202.s1	A	G	0.4927
12204.fa	A	G	0.4787
12204.mo	A	G	0.5016
12204.p1	G	G	0.9977
12204.s2	G	G	0.9975
12206.fa	A	A	0.0000
12206.mo	A	A	0.0075
12206.p1	A	A	0.0242
12206.s1	A	A	0.0255
12208.fa	A	G	0.4785
12208.mo	A	G	0.5454
12208.p1	A	G	0.4943
12210.fa	A	G	0.4979
12210.mo	A	A	0.0040
12210.p1	A	A	0.0000
12210.s1	A	G	0.5036
12211.fa	A	G	0.4909
12211.mo	G	G	1.0000
12211.p1	A	G	0.5150
12211.s1	A	G	0.4800
12212.fa	G	G	1.0000
12212.mo	A	A	0.0000
12212.p1	A	G	0.4890
12212.s1	A	G	0.4896
12215.fa	A	G	0.4858
12215.mo	A	A	0.0233
12215.p1	A	A	0.0020
12217.fa	A	G	0.5009
12217.mo	G	G	1.0000
12217.p1	A	G	0.5416
12219.fa	G	G	1.0000
12219.mo	A	G	0.3755
12219.p1	G	G	0.9890
12219.s1	G	G	0.9932
12219.s2	A	G	0.3817
12220.fa	A	A	0.0072
12220.mo	G	G	1.0000
12220.p1	A	G	0.5365
12220.s1	A	G	0.5388
12223.fa	A	G	0.5398
12223.mo	G	G	1.0000
12223.p1	A	G	0.5572
12223.s1	A	G	0.5467
12224.fa	A	G	0.4977
12224.mo	A	G	0.5083
12224.p1	A	G	0.4871
12224.s1	G	G	0.9933
12225.fa	A	A	0.0000
12225.mo	A	G	0.5143
12225.p1	A	G	0.4944
12225.s1	A	A	0.0000
12225.s2	A	G	0.5054
12227.fa	A	G	0.5069
12227.mo	A	G	0.5103
12227.p1	A	G	0.4904
12227.s1	G	G	0.9915
12227.s2	A	G	0.5040
12228.fa	A	A	0.0002
12228.mo	A	A	0.0000
12228.p1	A	A	0.0000
12228.s1	A	A	0.0000
12229.fa	A	G	0.5004
12229.mo	A	G	0.5091
12229.p1	A	A	0.0079
12229.s1	G	G	1.0000
12229.s2	G	G	0.9950
12231.fa	A	G	0.4900
12231.mo	A	G	0.4612
12231.p1	G	G	1.0000
12231.s1	A	A	0.0000
12231.s2	A	A	0.0024
12232.fa	A	G	0.5326
12232.mo	A	A	0.0021
12232.p1	A	G	0.5379
12233.fa	G	G	1.0000
12233.mo	A	G	0.5138
12233.p1	G	G	1.0000
12233.s1	G	G	1.0000
12235.fa	A	A	0.0021
12235.mo	A	G	0.4868
12235.p1	A	G	0.4702
12235.s1	A	G	0.4727
12237.fa	A	G	0.4783
12237.mo	A	A	0.0026
12237.p1	A	A	0.0000
12237.s1	A	A	0.0009
12238.fa	A	G	0.5324
12238.mo	A	G	0.5392
12238.p1	G	G	1.0000
12238.s1	A	A	0.0000
12241.fa	A	G	0.5585
12241.mo	A	A	0.0000
12241.p1	A	A	0.0000
12241.s1	A	A	0.0000
12243.fa	A	G	0.5239
12243.mo	A	G	0.4602
12243.p1	A	A	0.0024
12243.s1	G	G	1.0000
12247.fa	A	G	0.5395
12247.mo	A	A	0.0000
12247.p1	A	G	0.5616
12247.s1	A	G	0.5266
12249.fa	A	A	0.0011
12249.mo	A	A	0.0035
12249.p1	A	A	0.0000
12250.fa	A	G	0.4897
12250.mo	A	A	0.0031
12250.p1	A	G	0.5095
12250.s1	A	A	0.0024
12252.fa	A	G	0.5038
12252.mo	A	A	0.0000
12252.p1	A	A	0.0000
12252.s1	A	G	0.4807
12255.fa	A	G	0.4903
12255.mo	A	A	0.0014
12255.p1	A	A	0.0000
12255.s1	A	G	0.5055
12257.fa	A	A	0.0000
12257.mo	A	G	0.5351
12257.p1	A	G	0.4863
12257.s1	A	G	0.5002
12257.s2	A	A	0.0010
12260.fa	A	A	0.0000
12260.mo	A	A	0.0000
12260.p1	A	A	0.0035
12261.fa	A	A	0.0049
12261.mo	A	A	0.0073
12261.p1	A	A	0.0000
12261.s1	A	A	0.0007
12264.fa	A	A	0.0000
12264.mo	A	G	0.5206
12264.p1	A	A	0.0041
12265.fa	A	G	0.5014
12265.mo	A	G	0.5255
12265.p1	A	G	0.4869
12266.fa	A	A	0.0006
12266.mo	A	A	0.0021
12266.p1	A	A	0.0080
12271.fa	G	G	1.0000
12271.mo	A	A	0.0048
12271.p1	A	G	0.4943
12271.s1	A	G	0.5329
12272.fa	A	A	0.0000
12272.mo	A	G	0.5126
12272.p1	A	A	0.0000
12272.s1	A	A	0.0042
12274.fa	A	A	0.0000
12274.mo	G	G	1.0000
12274.p1	A	G	0.5386
12274.s1	A	G	0.5392
12275.fa	A	G	0.4747
12275.mo	A	G	0.5201
12275.p1	A	A	0.0000
12275.s1	A	G	0.4650
12281.fa	A	G	0.4726
12281.mo	A	A	0.0022
12281.p1	A	G	0.4719
12281.s1	A	G	0.4924
12284.fa	A	A	0.0022
12284.mo	A	G	0.5496
12284.p1	A	G	0.5485
12284.s1	A	A	0.0036
12285.fa	A	G	0.5014
12285.mo	A	A	0.0000
12285.p1	A	G	0.4708
12285.s1	A	G	0.4788
12286.fa	A	A	0.0072
12286.mo	G	G	1.0000
12286.p1	A	G	0.4998
12287.fa	A	G	0.5483
12287.mo	A	G	0.5543
12287.p1	G	G	1.0000
12289.fa	A	G	0.5426
12289.mo	A	G	0.5551
12289.p1	A	A	0.0059
12289.s1	A	G	0.5675
12295.fa	A	A	0.0000
12295.mo	G	G	1.0000
12295.p1	A	G	0.4909
12295.s1	A	G	0.4801
12295.s2	A	G	0.4672
12296.fa	G	G	0.9932
12296.mo	A	A	0.0111
12296.p1	A	G	0.4665
12296.s1	A	G	0.4733
12296.s2	A	G	0.4938
12297.fa	A	G	0.5530
12297.mo	A	G	0.5510
12297.p1	A	G	0.5414
12297.s1	A	G	0.5668
12299.fa	A	A	0.0205
12299.mo	A	A	0.0144
12299.p1	A	A	0.0055
12299.s1	A	A	0.0000
12300.fa	A	G	0.5297
12300.mo	A	G	0.5508
12300.p1	A	G	0.5738
12300.s1	A	G	0.5286
12301.fa	A	G	0.4856
12301.mo	A	G	0.5098
12301.p1	G	G	0.9967
12301.s1	G	G	1.0000
12302.fa	A	G	0.5814
12302.mo	A	G	0.5135
12302.p1	A	G	0.5562
12302.s1	A	G	0.5552
12303.fa	A	G	0.5508
12303.mo	A	G	0.5599
12303.p1	A	A	0.0000
12303.s1	A	G	0.5565
12304.fa	A	G	0.5574
12304.mo	A	A	0.0000
12304.p1	A	A	0.0000
12304.s1	A	G	0.5202
12306.fa	A	G	0.5523
12306.mo	A	G	0.5461
12306.p1	A	A	0.0001
12308.fa	A	A	0.0000
12308.mo	G	G	1.0000
12308.p1	A	G	0.5380
12308.s1	A	G	0.5239
12310.fa	A	G	0.4866
12310.mo	A	G	0.5091
12310.p1	G	G	1.0000
12310.p2	G	G	1.0000
12311.fa	A	G	0.4908
12311.mo	A	A	0.0083
12311.p1	A	G	0.4971
12312.fa	A	G	0.4946
12312.mo	A	G	0.5059
12312.p1	A	A	0.0000
12313.fa	A	G	0.5193
12313.mo	A	A	0.0049
12313.p1	A	G	0.5634
12313.s1	A	A	0.0000
12314.fa	A	G	0.5386
12314.mo	A	A	0.0000
12314.p1	A	G	0.5422
12314.s1	A	A	0.0105
12315.fa	A	G	0.5103
12315.mo	A	A	0.0000
12315.p1	A	G	0.4870
12316.fa	A	G	0.5548
12316.mo	A	G	0.5289
12316.p1	A	G	0.5201
12316.s1	A	G	0.5168
12317.fa	G	G	0.9991
12317.mo	A	A	0.0012
12317.p1	A	G	0.5033
12317.s1	A	G	0.5249
12320.fa	A	G	0.5198
12320.mo	A	G	0.5563
12320.p1	A	G	0.5152
12320.s1	A	G	0.5516
12321.fa	A	A	0.0000
12321.mo	G	G	1.0000
12321.p1	A	G	0.5088
12321.s1	A	G	0.5001
12323.fa	G	G	1.0000
12323.mo	A	G	0.5088
12323.p1	A	G	0.5193
12323.s1	G	G	0.9937
12324.fa	A	G	0.5562
12324.mo	A	A	0.0049
12324.p1	A	A	0.0000
12324.s1	A	A	0.0006
12325.fa	A	A	0.0000
12325.mo	A	G	0.4735
12325.p1	A	G	0.5035
12325.s1	A	G	0.4577
12325.s2	A	A	0.0000
12325.s3	A	A	0.0000
12329.fa	A	A	0.0000
12329.mo	A	A	0.0000
12329.p1	A	A	0.0000
12329.s1	A	A	0.0060
12330.fa	A	G	0.5192
12330.mo	A	G	0.5079
12330.p1	A	G	0.5138
12331.fa	A	A	0.0015
12331.mo	A	G	0.5085
12331.p1	A	A	0.0000
12331.s1	A	G	0.5125
12334.fa	G	G	0.9956
12334.mo	A	G	0.5027
12334.p1	A	G	0.4991
12334.s1	A	G	0.4635
12335.fa	G	G	0.9968
12335.mo	A	A	0.0066
12335.p1	A	G	0.4813
12335.s1	A	G	0.4884
12336.fa	G	G	0.9979
12336.mo	A	G	0.4953
12336.p1	A	G	0.4808
12337.fa	A	A	0.0011
12337.mo	A	G	0.4958
12337.p1	A	A	0.0003
12337.s1	A	A	0.0000
12339.fa	A	G	0.4955
12339.mo	A	G	0.4671
12339.p1	A	A	0.0000
12339.s1	A	G	0.4906
12340.fa	A	G	0.5076
12340.mo	G	G	1.0000
12340.p1	A	G	0.4947
12340.s1	G	G	0.9958
12341.fa	G	G	0.9986
12341.mo	A	G	0.4976
12341.p1	A	G	0.5036
12341.s1	G	G	1.0000
12343.fa	G	G	1.0000
12343.mo	A	A	0.0000
12343.p1	A	G	0.4958
12343.s1	A	G	0.5155
12345.fa	A	G	0.5103
12345.mo	A	G	0.5244
12345.p1	A	G	0.5196
12345.s1	G	G	0.9893
12346.fa	A	A	0.0000
12346.mo	A	G	0.4815
12346.p1	A	A	0.0020
12346.s1	A	A	0.0033
12347.fa	G	G	1.0000
12347.mo	A	G	0.4795
12347.p1	A	G	0.4975
12347.s1	A	G	0.4937
12349.fa	A	G	0.5161
12349.mo	G	G	1.0000
12349.p1	A	G	0.5176
12350.fa	A	G	0.5071
12350.mo	G	G	1.0000
12350.p1	A	G	0.5168
12351.fa	A	A	0.0008
12351.mo	A	A	0.0000
12351.p1	A	A	0.0077
12351.s1	A	A	0.0046
12351.s2	A	A	0.0002
12354.fa	A	G	0.5072
12354.mo	A	G	0.5099
12354.p1	G	G	0.9955
12355.fa	A	G	0.5131
12355.mo	A	A	0.0136
12355.p1	A	A	0.0000
12356.fa	A	A	0.0000
12356.mo	A	G	0.4876
12356.p1	A	A	0.0008
12356.s1	A	A	0.0000
12358.fa	A	G	0.5007
12358.mo	A	A	0.0001
12358.p1	A	A	0.0108
12358.s1	A	A	0.0124
12359.fa	A	G	0.4924
12359.mo	A	G	0.4873
12359.p1	A	G	0.4696
12359.s1	A	G	0.4624
12360.fa	A	G	0.5247
12360.mo	A	A	0.0000
12360.p1	A	A	0.0048
12360.s1	A	A	0.0000
12361.fa	A	G	0.5166
12361.mo	A	G	0.4613
12361.p1	A	A	0.0029
12361.s1	A	G	0.5091
12362.fa	A	A	0.0000
12362.mo	A	A	0.0002
12362.p1	A	A	0.0040
12363.fa	A	G	0.5294
12363.mo	A	G	0.5360
12363.p1	G	G	1.0000
12363.s1	G	G	0.9937
12366.fa	A	G	0.5414
12366.mo	G	G	1.0000
12366.p1	G	G	1.0000
12366.s1	G	G	0.9864
12366.s2	G	G	1.0000
12367.fa	A	G	0.4825
12367.mo	A	A	0.0024
12367.p1	A	A	0.0000
12367.s1	A	G	0.4767
12368.fa	A	A	0.0000
12368.mo	A	A	0.0000
12368.p1	A	A	0.0113
12368.s1	A	A	0.0000
12369.fa	A	G	0.4703
12369.mo	G	G	1.0000
12369.p1	G	G	0.9967
12369.s1	G	G	0.9886
12370.fa	A	G	0.5069
12370.mo	A	G	0.4931
12370.p1	A	G	0.5072
12370.s1	A	G	0.5237
12372.fa	A	G	0.5034
12372.mo	G	G	1.0000
12372.p1	G	G	0.9966
12372.s1	A	G	0.5286
12373.fa	A	A	0.0055
12373.mo	A	A	0.0000
12373.p1	A	A	0.0000
12373.s1	A	A	0.0000
12375.fa	A	G	0.4773
12375.mo	A	A	0.0134
12375.p1	A	A	0.0021
12375.s1	A	G	0.5030
12376.fa	A	A	0.0000
12376.mo	A	G	0.5115
12376.p1	A	A	0.0000
12376.s1	A	G	0.5240
12377.fa	G	G	1.0000
12377.mo	G	G	0.9780
12377.p1	G	G	1.0000
12377.s1	G	G	0.9916
12378.fa	A	A	0.0009
12378.mo	A	G	0.5047
12378.p1	A	G	0.4892
12378.s1	A	G	0.4502
12379.fa	A	G	0.4778
12379.mo	A	A	0.0000
12379.p1	A	G	0.5320
12380.fa	A	A	0.0169
12380.mo	A	G	0.4797
12380.p1	A	A	0.0016
12380.s1	A	G	0.4802
12381.fa	G	G	0.9975
12381.mo	A	G	0.4805
12381.p1	A	G	0.4835
12381.s1	A	G	0.4913
12382.fa	G	G	0.9964
12382.mo	A	G	0.5251
12382.p1	G	G	0.9865
12382.s1	G	G	0.9871
12383.fa	G	G	0.9998
12383.mo	A	A	0.0056
12383.p1	A	G	0.4511
12383.s1	A	G	0.4976
12385.fa	A	G	0.4927
12385.mo	A	G	0.5051
12385.p1	A	G	0.4918
12385.s1	A	A	0.0000
12389.fa	A	G	0.4950
12389.mo	A	G	0.5077
12389.p1	A	A	0.0114
12390.fa	G	G	0.9991
12390.mo	A	G	0.5065
12390.p1	G	G	0.9965
12390.s1	G	G	0.9895
12390.s2	G	G	0.9905
12392.fa	A	G	0.4930
12392.mo	A	A	0.0067
12392.p1	A	G	0.5236
12394.fa	A	A	0.0054
12394.mo	A	A	0.0000
12394.p1	A	A	0.0000
12394.s1	A	A	0.0009
12395.fa	A	A	0.0000
12395.mo	A	A	0.0051
12395.p1	A	A	0.0000
12396.fa	A	A	0.0044
12396.mo	A	G	0.5337
12396.p1	A	A	0.0000
12396.s1	A	A	0.0000
12399.fa	A	G	0.5636
12399.mo	A	G	0.5541
12399.p1	A	G	0.5661
12399.s1	A	A	0.0164
12403.fa	A	G	0.5133
12403.mo	G	G	0.9976
12403.p1	G	G	0.9899
12403.s1	G	G	1.0000
12404.fa	G	G	0.9834
12404.mo	A	A	0.0000
12404.p1	A	G	0.4752
12405.fa	A	G	0.5313
12405.mo	A	A	0.0048
12405.p1	A	G	0.5419
12405.s1	A	A	0.0000
12407.fa	A	G	0.4585
12407.mo	A	A	0.0000
12407.p1	A	G	0.4946
12407.s1	A	G	0.4854
12409.fa	A	G	0.5293
12409.mo	G	G	1.0000
12409.p1	G	G	0.9915
12409.s1	G	G	0.9970
12412.fa	A	A	0.0054
12412.mo	A	G	0.5635
12412.p1	A	G	0.5512
12412.s1	A	G	0.5598
12414.fa	A	A	0.0000
12414.mo	A	G	0.5316
12414.p1	A	G	0.5190
12415.fa	A	G	0.5243
12415.mo	A	A	0.0117
12415.p1	A	G	0.5412
12415.s1	A	A	0.0000
12415.s2	A	G	0.5331
12417.fa	A	G	0.5177
12417.mo	G	G	1.0000
12417.p1	A	G	0.5164
12418.fa	A	G	0.5214
12418.mo	A	G	0.5283
12418.p1	A	A	0.0018
12418.s1	A	G	0.5036
12418.s2	G	G	1.0000
12420.fa	A	A	0.0000
12420.mo	A	G	0.5205
12420.p1	A	A	0.0030
12420.s1	A	G	0.5484
12424.fa	A	A	0.0058
12424.mo	A	A	0.0123
12424.p1	A	A	0.0132
12424.s1	A	A	0.0000
12426.fa	G	G	1.0000
12426.mo	A	G	0.5464
12426.p1	A	G	0.5382
12426.s1	G	G	0.9973
12429.fa	A	A	0.0043
12429.mo	A	G	0.4108
12429.p1	A	G	0.5261
12430.fa	A	G	0.5017
12430.mo	A	G	0.5046
12430.p1	A	A	0.0000
12430.s1	A	G	0.5076
12434.fa	A	G	0.4688
12434.mo	A	G	0.4894
12434.p1	G	G	0.9918
12434.s1	A	G	0.4890
12435.fa	A	G	0.4836
12435.mo	A	G	0.4945
12435.p1	G	G	1.0000
12435.s1	G	G	1.0000
12437.fa	A	A	0.0052
12437.mo	A	A	0.0001
12437.p1	A	A	0.0000
12437.s1	A	A	0.0000
12438.fa	A	A	0.0000
12438.mo	A	A	0.0118
12438.p1	A	A	0.0018
12438.s1	A	A	0.0000
12439.fa	A	G	0.5016
12439.mo	A	G	0.4879
12439.p1	G	G	0.9952
12440.fa	A	G	0.4984
12440.mo	A	A	0.0012
12440.p1	A	G	0.5183
12440.s1	A	A	0.0026
12441.fa	A	G	0.5312
12441.mo	A	G	0.4964
12441.p1	G	G	1.0000
12441.s1	A	A	0.0007
12444.fa	G	G	1.0000
12444.mo	A	A	0.0021
12444.p1	A	G	0.4937
12444.s1	A	G	0.4987
12444.s2	A	G	0.4935
12445.fa	A	G	0.4811
12445.mo	A	G	0.5257
12445.p1	A	G	0.5332
12445.s1	A	G	0.5163
12447.fa	A	G	0.5105
12447.mo	A	G	0.5307
12447.p1	G	G	0.9987
12447.s1	A	G	0.5049
12448.fa	A	A	0.0000
12448.mo	G	G	1.0000
12448.p1	A	G	0.4844
12449.fa	A	G	0.4977
12449.mo	A	G	0.4807
12449.p1	A	G	0.4832
12449.s1	A	G	0.4930
12451.fa	A	A	0.0005
12451.mo	A	G	0.5221
12451.p1	A	G	0.5263
12451.s1	A	A	0.0017
12454.fa	A	G	0.5218
12454.mo	A	A	0.0033
12454.p1	A	A	0.0013
12456.fa	G	G	0.9964
12456.mo	A	A	0.0000
12456.p1	A	G	0.5154
12456.s1	A	G	0.5121
12457.fa	A	G	0.5209
12457.mo	G	G	1.0000
12457.p1	G	G	1.0000
12457.s1	G	G	1.0000
12459.fa	A	A	0.0000
12459.mo	A	A	0.0011
12459.p1	A	A	0.0000
12460.fa	A	A	0.0025
12460.mo	G	G	1.0000
12460.p1	A	G	0.5076
12460.s1	A	G	0.5160
12461.fa	A	A	0.0114
12461.mo	A	G	0.5318
12461.p1	A	G	0.4725
12462.fa	A	A	0.0053
12462.mo	A	A	0.0000
12462.p1	A	A	0.0000
12462.s1	A	A	0.0000
12463.fa	G	G	0.9992
12463.mo	A	A	0.0028
12463.p1	A	G	0.5044
12463.s1	A	G	0.4915
12465.fa	A	A	0.0052
12465.mo	A	A	0.0000
12465.p1	A	A	0.0008
12467.fa	A	G	0.5315
12467.mo	A	A	0.0029
12467.p1	A	A	0.0000
12467.s1	A	A	0.0037
12469.fa	A	A	0.0089
12469.mo	A	G	0.5035
12469.p1	A	A	0.0000
12469.p2	A	A	0.0046
12469.s1	A	A	0.0017
12472.fa	G	G	1.0000
12472.mo	G	G	1.0000
12472.p1	G	G	0.9978
12473.fa	A	G	0.5564
12473.mo	A	A	0.0000
12473.p1	A	G	0.5833
12473.s1	A	G	0.5462
12476.fa	A	G	0.5135
12476.mo	A	G	0.5338
12476.p1	A	G	0.5173
12477.fa	A	G	0.5147
12477.mo	G	G	1.0000
12477.p1	A	G	0.4948
12478.fa	A	A	0.0000
12478.mo	A	G	0.5208
12478.p1	A	G	0.5053
12478.s1	A	A	0.0000
12479.fa	A	G	0.4772
12479.mo	G	G	1.0000
12479.p1	A	G	0.4648
12479.s1	A	G	0.4804
12480.fa	G	G	1.0000
12480.mo	A	A	0.0000
12480.p1	A	G	0.5431
12480.s1	A	G	0.5365
12481.fa	A	A	0.0000
12481.mo	A	A	0.0032
12481.p1	A	A	0.0000
12481.s1	A	A	0.0016
12482.fa	G	G	1.0000
12482.mo	G	G	1.0000
12482.p1	G	G	1.0000
12483.fa	A	G	0.5255
12483.mo	A	G	0.5010
12483.p1	A	G	0.5050
12483.s1	A	G	0.4630
12484.fa	A	A	0.0000
12484.mo	A	G	0.5105
12484.p1	A	A	0.0000
12484.s2	A	A	0.0083
12484.s3	A	A	0.0058
12485.fa	A	G	0.5024
12485.mo	A	G	0.5143
12485.p1	A	A	0.0000
12492.fa	A	G	0.4999
12492.mo	A	G	0.5105
12492.p1	A	A	0.0060
12492.s1	A	A	0.0018
12493.fa	A	G	0.5228
12493.mo	A	A	0.0000
12493.p1	A	G	0.5043
12493.s1	A	G	0.5544
12494.fa	A	G	0.4995
12494.mo	A	A	0.0000
12494.p1	A	G	0.5042
12494.s1	A	A	0.0000
12497.fa	A	G	0.5455
12497.mo	A	A	0.0070
12497.p1	A	A	0.0000
12497.s1	A	G	0.5592
12498.fa	A	G	0.5201
12498.mo	A	A	0.0074
12498.p1	A	A	0.0000
12498.s1	A	A	0.0000
12499.fa	A	A	0.0091
12499.mo	A	A	0.0123
12499.p1	A	A	0.0011
12499.s1	A	A	0.0012
12501.fa	A	G	0.5346
12501.mo	A	G	0.4937
12501.p1	A	A	0.0012
12501.s1	A	A	0.0101
12504.fa	A	A	0.0000
12504.mo	A	A	0.0000
12504.p1	A	A	0.0145
12505.fa	A	G	0.5164
12505.mo	A	A	0.0000
12505.p1	A	G	0.5140
12507.fa	A	A	0.0101
12507.mo	A	A	0.0000
12507.p1	A	A	0.0020
12507.s1	A	A	0.0033
12510.fa	A	A	0.0074
12510.mo	A	A	0.0027
12510.p1	A	A	0.0000
12510.s1	A	A	0.0055
12512.fa	G	G	1.0000
12512.mo	A	G	0.5057
12512.p1	A	G	0.5227
12512.s1	G	G	1.0000
12512.s2	G	G	1.0000
12515.fa	A	G	0.5299
12515.mo	A	A	0.0003
12515.p1	A	A	0.0066
12515.s1	A	G	0.4910
12517.fa	A	G	0.5174
12517.mo	A	A	0.0066
12517.p1	A	G	0.5184
12517.s1	A	G	0.5191
12518.fa	A	A	0.0016
12518.mo	A	A	0.0000
12518.p1	A	A	0.0000
12518.s1	A	A	0.0000
12521.fa	A	G	0.5046
12521.mo	A	G	0.5112
12521.p1	A	G	0.4930
12521.s1	A	A	0.0008
12523.fa	A	G	0.5320
12523.mo	A	A	0.0000
12523.p1	A	G	0.5173
12523.s1	A	G	0.5157
12524.fa	A	G	0.5156
12524.mo	A	A	0.0015
12524.p1	A	G	0.4936
12524.s1	A	A	0.0000
12526.fa	A	G	0.5007
12526.mo	A	G	0.5210
12526.p1	A	G	0.4983
12526.s1	A	G	0.4962
12529.fa	A	A	0.0069
12529.mo	G	G	0.9877
12529.p1	A	G	0.4986
12529.s1	A	G	0.5202
12532.fa	A	G	0.5178
12532.mo	A	A	0.0119
12532.p1	A	A	0.0000
12532.s1	A	A	0.0000
12534.fa	A	A	0.0038
12534.mo	G	G	0.9969
12534.p1	A	G	0.4812
12534.s1	A	G	0.4881
12536.fa	A	G	0.5223
12536.mo	A	A	0.0000
12536.p1	A	G	0.5001
12536.s1	A	G	0.4756
12539.fa	A	A	0.0000
12539.mo	A	G	0.4284
12539.p1	A	A	0.0000
12540.fa	A	A	0.0023
12540.mo	A	A	0.0004
12540.p1	A	A	0.0000
12540.s1	A	A	0.0000
12541.fa	A	A	0.0000
12541.mo	A	A	0.0000
12541.p1	A	A	0.0000
12541.s1	A	A	0.0000
12543.fa	G	G	1.0000
12543.mo	G	G	1.0000
12543.p1	G	G	1.0000
12547.fa	G	G	1.0000
12547.mo	G	G	1.0000
12547.p1	G	G	1.0000
12548.fa	A	A	0.0024
12548.mo	G	G	1.0000
12548.p1	A	G	0.5133
12548.s1	A	G	0.4982
12548.s2	A	G	0.4844
12550.fa	A	G	0.5228
12550.mo	A	A	0.0179
12550.p1	A	A	0.0074
12550.s1	A	A	0.0054
12550.s2	A	G	0.5092
12552.fa	A	G	0.4938
12552.mo	A	G	0.5142
12552.p1	G	G	0.9987
12552.s1	A	G	0.4979
12558.fa	A	A	0.0121
12558.mo	A	A	0.0000
12558.p1	A	A	0.0000
12561.fa	A	G	0.5066
12561.mo	A	A	0.0085
12561.p1	A	G	0.5107
12561.s1	A	A	0.0000
12565.fa	A	G	0.5256
12565.mo	G	G	1.0000
12565.p1	G	G	1.0000
12565.s1	A	G	0.5272
12566.fa	A	G	0.5096
12566.mo	A	G	0.5451
12566.p1	G	G	1.0000
12568.fa	G	G	0.9869
12568.mo	G	G	1.0000
12568.p1	G	G	1.0000
12568.s1	G	G	0.9999
12572.fa	A	G	0.4876
12572.mo	A	A	0.0020
12572.p1	A	A	0.0000
12572.s1	A	G	0.5162
12572.s2	A	G	0.3978
12573.fa	G	G	1.0000
12573.mo	A	A	0.0000
12573.p1	A	G	0.5033
12573.s1	A	G	0.5308
12574.fa	A	A	0.0070
12574.mo	A	A	0.0101
12574.p1	A	A	0.0000
12574.s1	A	A	0.0000
12575.fa	A	A	0.0000
12575.mo	A	G	0.5111
12575.p1	A	G	0.5043
12575.s1	A	G	0.5017
12575.s2	A	A	0.0001
12578.fa	A	G	0.5024
12578.mo	A	A	0.0041
12578.p1	A	A	0.0113
12578.s1	A	A	0.0060
12579.fa	A	A	0.0047
12579.mo	A	G	0.4666
12579.p1	A	A	0.0009
12579.s1	A	A	0.0000
12581.fa	A	A	0.0000
12581.mo	A	A	0.0000
12581.p1	A	A	0.0000
12581.s1	A	A	0.0000
12582.fa	A	A	0.0040
12582.mo	A	G	0.5222
12582.p1	A	G	0.5402
12582.s1	A	G	0.5280
12585.fa	A	G	0.4935
12585.mo	A	G	0.5274
12585.p1	A	G	0.4873
12585.s1	A	G	0.4851
12587.fa	A	A	0.0000
12587.mo	A	G	0.5292
12587.p1	A	A	0.0114
12588.fa	A	G	0.5091
12588.mo	A	G	0.5301
12588.p1	A	G	0.5027
12588.s1	A	G	0.5148
12590.fa	A	G	0.5052
12590.mo	A	G	0.4891
12590.p1	A	G	0.4996
12590.s1	A	G	0.5027
12590.s2	G	G	1.0000
12591.fa	A	G	0.5184
12591.mo	A	G	0.5033
12591.p1	A	A	0.0000
12592.fa	G	G	1.0000
12592.mo	A	G	0.5055
12592.p1	G	G	1.0000
12592.s1	G	G	0.9954
12592.s2	G	G	1.0000
12594.fa	A	G	0.4851
12594.mo	A	A	0.0029
12594.p1	A	A	0.0100
12595.fa	A	A	0.0000
12595.mo	A	A	0.0000
12595.p1	A	A	0.0000
12595.s1	A	A	0.0000
12596.fa	A	G	0.5401
12596.mo	G	G	1.0000
12596.p1	A	G	0.5099
12596.s1	G	G	1.0000
12597.fa	A	G	0.4698
12597.mo	A	A	0.0023
12597.p1	A	G	0.4907
12597.s1	A	G	0.4690
12598.fa	A	G	0.4679
12598.mo	A	A	0.0000
12598.p1	A	G	0.4853
12598.s1	A	A	0.0074
12600.fa	A	A	0.0101
12600.mo	A	A	0.0018
12600.p1	A	A	0.0074
12602.fa	G	G	0.9932
12602.mo	A	A	0.0015
12602.p1	A	G	0.4964
12602.s1	A	G	0.4671
12603.fa	A	G	0.4498
12603.mo	A	G	0.4924
12603.p1	A	G	0.4621
12603.s1	G	G	0.9949
12604.fa	A	G	0.4667
12604.mo	A	A	0.0063
12604.p1	A	G	0.4979
12605.fa	A	A	0.0008
12605.mo	G	G	1.0000
12605.p1	A	G	0.5024
12605.s1	A	G	0.5180
12606.fa	A	G	0.5059
12606.mo	G	G	1.0000
12606.p1	G	G	1.0000
12607.fa	A	A	0.0079
12607.mo	A	G	0.5110
12607.p1	A	A	0.0024
12608.fa	A	A	0.0012
12608.mo	A	A	0.0132
12608.p1	A	A	0.0007
12610.fa	A	G	0.5050
12610.mo	A	G	0.5038
12610.p1	A	G	0.5253
12610.s1	A	A	0.0033
12611.fa	G	G	0.9950
12611.mo	A	A	0.0065
12611.p1	A	G	0.5034
12613.fa	A	A	0.0000
12613.mo	A	A	0.0051
12613.p1	A	A	0.0000
12613.s1	A	A	0.0000
12613.s2	A	A	0.0000
12614.fa	A	A	0.0000
12614.mo	A	G	0.5200
12614.p1	A	G	0.4992
12617.fa	A	A	0.0000
12617.mo	A	G	0.4849
12617.p1	A	A	0.0000
12617.s1	A	A	0.0013
12618.fa	A	A	0.0000
12618.mo	A	A	0.0000
12618.p1	A	A	0.0000
12618.s1	A	A	0.0000
12619.fa	A	G	0.5018
12619.mo	A	A	0.0000
12619.p1	A	G	0.5238
12619.s1	A	G	0.5093
12620.fa	A	G	0.5500
12620.mo	G	G	1.0000
12620.p1	G	G	1.0000
12620.s1	G	G	1.0000
12621.fa	A	A	0.0000
12621.mo	A	A	0.0058
12621.p1	A	A	0.0027
12621.s1	A	A	0.0031
12622.fa	A	G	0.4974
12622.mo	A	A	0.0000
12622.p1	A	A	0.0000
12622.s1	A	A	0.0000
12622.s2	A	G	0.5172
12622.s3	A	G	0.5357
12623.fa	A	G	0.4843
12623.mo	A	A	0.0018
12623.p1	A	G	0.4732
12623.s1	A	A	0.0000
12624.fa	A	A	0.0076
12624.mo	A	G	0.5036
12624.p1	A	G	0.5072
12624.s1	A	A	0.0101
12626.fa	A	A	0.0000
12626.mo	A	A	0.0000
12626.p1	A	A	0.0000
12626.s1	A	A	0.0018
12628.fa	A	A	0.0066
12628.mo	A	G	0.5303
12628.p1	A	A	0.0000
12628.s1	A	A	0.0000
12629.fa	A	G	0.4797
12629.mo	A	G	0.4861
12629.p1	A	G	0.5047
12630.fa	A	G	0.5040
12630.mo	A	G	0.4701
12630.p1	A	G	0.5189
12630.s1	A	G	0.4560
12631.fa	G	G	1.0000
12631.mo	A	G	0.5058
12631.p1	A	G	0.5132
12631.s1	A	G	0.4755
12633.fa	A	A	0.0000
12633.mo	A	A	0.0000
12633.p1	A	A	0.0063
12633.s1	A	A	0.0000
12634.fa	A	A	0.0000
12634.mo	A	A	0.0000
12634.p1	A	A	0.0000
12636.fa	A	G	0.5138
12636.mo	A	G	0.5222
12636.p1	G	G	1.0000
12636.s1	A	A	0.0027
12637.fa	G	G	1.0000
12637.mo	A	G	0.5000
12637.p1	G	G	0.9950
12637.s1	A	G	0.5167
12638.fa	A	A	0.0000
12638.mo	A	A	0.0000
12638.p1	A	A	0.0092
12638.s1	A	A	0.0000
12640.fa	A	A	0.0010
12640.mo	A	G	0.5128
12640.p1	A	G	0.4906
12641.fa	A	G	0.5188
12641.mo	A	G	0.5161
12641.p1	A	A	0.0000
12641.s1	A	G	0.5118
12642.fa	A	G	0.4690
12642.mo	A	G	0.4891
12642.p1	A	G	0.5388
12642.s1	A	G	0.5145
12643.fa	A	A	0.0031
12643.mo	A	G	0.5127
12643.p1	A	G	0.5231
12645.fa	A	G	0.5132
12645.mo	A	G	0.5420
12645.p1	G	G	1.0000
12645.s1	A	G	0.5334
12646.fa	G	G	0.9978
12646.mo	A	A	0.0059
12646.p1	A	G	0.5113
12646.s1	A	G	0.4788
12646.s2	A	G	0.4730
12647.fa	A	A	0.0000
12647.mo	A	A	0.0000
12647.p1	A	A	0.0000
12647.s1	A	A	0.0000
12647.s2	A	A	0.0000
12647.s3	A	A	0.0051
12648.fa	A	A	0.0058
12648.mo	A	G	0.5082
12648.p1	A	G	0.5115
12648.s1	A	A	0.0034
12650.fa	A	G	0.4741
12650.mo	A	G	0.5298
12650.p1	A	G	0.4827
12650.s1	A	G	0.4951
12651.fa	G	G	0.9982
12651.mo	A	A	0.0000
12651.p1	A	G	0.4763
12651.s1	A	G	0.4943
12652.fa	A	G	0.4978
12652.mo	G	G	0.9948
12652.p1	A	G	0.5063
12652.s1	G	G	0.9925
12653.fa	G	G	1.0000
12653.mo	G	G	1.0000
12653.p1	G	G	1.0000
12653.s1	G	G	1.0000
12655.fa	A	A	0.0000
12655.mo	A	G	0.4925
12655.p1	A	G	0.5275
12655.s1	A	A	0.0015
12656.fa	A	G	0.5143
12656.mo	A	G	0.5209
12656.p1	A	A	0.0000
12656.s1	A	G	0.4733
12657.fa	A	G	0.5099
12657.mo	A	A	0.0014
12657.p1	A	A	0.0000
12657.s1	A	A	0.0000
12657.s2	A	G	0.5370
12657.s3	A	A	0.0014
12661.fa	A	A	0.0086
12661.mo	A	A	0.0169
12661.p1	A	A	0.0000
12661.s1	A	A	0.0000
12662.fa	A	G	0.5025
12662.mo	A	A	0.0034
12662.p1	A	G	0.5009
12662.s1	A	G	0.5185
12664.fa	A	A	0.0000
12664.mo	A	A	0.0000
12664.p1	A	A	0.0034
12664.s1	A	A	0.0032
12665.fa	A	A	0.0014
12665.mo	A	A	0.0062
12665.p1	A	A	0.0000
12667.fa	A	G	0.5141
12667.mo	A	G	0.4986
12667.p1	A	A	0.0023
12667.s1	A	G	0.4851
12669.fa	A	A	0.0000
12669.mo	G	G	1.0000
12669.p1	A	G	0.5045
12669.s1	A	G	0.5176
12670.fa	A	A	0.0000
12670.mo	A	G	0.4190
12670.p1	A	A	0.0032
12671.fa	A	G	0.5048
12671.mo	A	G	0.5186
12671.p1	A	G	0.4972
12671.s1	G	G	1.0000
12673.fa	A	A	0.0018
12673.mo	A	G	0.5254
12673.p1	A	A	0.0000
12673.s1	A	G	0.5108
12673.s2	A	G	0.5302
12674.fa	A	G	0.5127
12674.mo	G	G	1.0000
12674.p1	A	G	0.5395
12674.s1	A	G	0.5190
12676.fa	A	G	0.5040
12676.mo	A	G	0.4889
12676.p1	A	G	0.4739
12676.s1	G	G	1.0000
12679.fa	A	G	0.5101
12679.mo	A	G	0.5085
12679.p1	G	G	0.9972
12679.s1	A	A	0.0110
12680.fa	G	G	0.9903
12680.mo	A	A	0.0009
12680.p1	A	G	0.5333
12680.s1	A	G	0.5357
12680.s2	A	G	0.5342
12680.s3	A	G	0.5414
12681.fa	A	A	0.0033
12681.mo	A	G	0.5088
12681.p1	A	A	0.0101
12681.s1	A	A	0.0000
12681.s2	A	A	0.0139
12682.fa	A	A	0.0084
12682.mo	A	A	0.0000
12682.p1	A	A	0.0000
12682.s1	A	A	0.0000
12683.fa	A	G	0.5455
12683.mo	A	G	0.5296
12683.p1	A	G	0.5236
12683.s1	A	G	0.5422
12685.fa	A	A	0.0016
12685.mo	A	G	0.5170
12685.p1	A	G	0.5191
12685.s1	A	G	0.4950
12686.fa	A	G	0.5351
12686.mo	A	A	0.0000
12686.p1	A	A	0.0000
12686.s1	A	A	0.0009
12687.fa	A	A	0.0093
12687.mo	A	G	0.4973
12687.p1	A	G	0.4714
12687.s1	A	G	0.5134
12688.fa	G	G	0.9826
12688.mo	A	G	0.5100
12688.p1	G	G	1.0000
12688.s1	A	G	0.5184
12689.fa	A	A	0.0036
12689.mo	A	A	0.0148
12689.p1	A	A	0.0079
12689.s1	A	A	0.0000
12690.fa	A	G	0.4795
12690.mo	A	G	0.4653
12690.p1	A	G	0.4989
12690.s1	A	A	0.0000
12691.fa	A	G	0.5052
12691.mo	A	A	0.0014
12691.p1	A	G	0.5004
12691.s1	A	G	0.5045
12692.fa	A	A	0.0000
12692.mo	A	A	0.0000
12692.p1	A	A	0.0000
12692.s1	A	A	0.0000
12693.fa	A	G	0.5297
12693.mo	-	-	0.7579
12693.p1	A	A	0.0000
12693.s1	-	-	0.7350
12693.s2	-	-	0.7643
12694.fa	-	-	0.2469
12694.mo	G	G	1.0000
12694.p1	A	G	0.5256
12694.s1	A	G	0.4977
12694.s2	A	G	0.5176
12695.fa	G	G	1.0000
12695.mo	A	A	0.0049
12695.p1	A	G	0.5234
12695.s1	A	G	0.5200
12697.fa	G	G	1.0000
12697.mo	A	A	0.0000
12697.p1	A	G	0.5278
12697.s1	A	G	0.5498
12698.fa	A	A	0.0068
12698.mo	A	G	0.5054
12698.p1	A	A	0.0147
12700.fa	A	G	0.4875
12700.mo	G	G	1.0000
12700.p1	A	G	0.4897
12700.s1	A	G	0.5187
12701.fa	A	G	0.5221
12701.mo	A	G	0.5098
12701.p1	A	A	0.0000
12701.s1	A	A	0.0001
12703.fa	A	G	0.5423
12703.mo	A	G	0.5233
12703.p1	A	G	0.5214
12703.s1	A	G	0.5217
12704.fa	A	G	0.5109
12704.mo	A	G	0.5167
12704.p1	A	A	0.0000
12704.s1	A	G	0.5257
12704.s2	A	G	0.5300
12706.fa	A	G	0.5184
12706.mo	A	A	0.0000
12706.p1	A	A	0.0032
12706.s1	A	A	0.0039
12707.fa	G	G	1.0000
12707.mo	A	A	0.0095
12707.p1	A	G	0.5620
12707.s2	A	G	0.5108
12708.fa	A	A	0.0000
12708.mo	A	A	0.0000
12708.p1	A	A	0.0000
12708.s1	A	A	0.0000
12710.fa	A	A	0.0000
12710.mo	A	A	0.0086
12710.p1	A	A	0.0036
12714.fa	A	A	0.0000
12714.mo	A	A	0.0000
12714.p1	A	A	0.0000
12715.fa	A	G	0.5069
12715.mo	A	G	0.5193
12715.p1	A	A	0.0127
12715.s1	A	G	0.5090
12716.fa	A	G	0.5418
12716.mo	A	G	0.5277
12716.p1	G	G	0.9938
12716.s1	A	G	0.5601
12717.fa	A	A	0.0051
12717.mo	A	A	0.0070
12717.p1	A	A	0.0050
12719.fa	A	A	0.0026
12719.mo	A	G	0.5241
12719.p1	A	A	0.0014
12719.s1	A	G	0.5286
12720.fa	A	A	0.0000
12720.mo	A	G	0.5477
12720.p1	A	G	0.5537
12720.s1	A	A	0.0000
12722.fa	A	A	0.0235
12722.mo	A	A	0.0249
12722.p1	A	A	0.0000
12722.s1	A	A	0.0069
12723.fa	A	A	0.0000
12723.mo	A	A	0.0000
12723.p1	A	A	0.0028
12723.s1	A	A	0.0000
12724.fa	A	G	0.5379
12724.mo	A	A	0.0000
12724.p1	A	G	0.5677
12724.s1	A	A	0.0000
12727.fa	G	G	1.0000
12727.mo	A	G	0.5636
12727.p1	A	G	0.5664
12727.s1	A	G	0.5618
12729.fa	A	G	0.5254
12729.mo	A	G	0.5271
12729.p1	G	G	1.0000
12729.s1	G	G	1.0000
12731.fa	A	G	0.5645
12731.mo	G	G	1.0000
12731.p1	G	G	1.0000
12731.s1	A	G	0.5818
12732.fa	A	A	0.0000
12732.mo	A	A	0.0000
12732.p1	A	A	0.0016
12732.s1	A	A	0.0000
12733.fa	A	G	0.5235
12733.mo	G	G	1.0000
12733.p1	G	G	1.0000
12733.s1	A	G	0.5118
12735.fa	G	G	0.9961
12735.mo	A	A	0.0002
12735.p1	A	G	0.5508
12735.s1	A	G	0.4939
12737.fa	G	G	0.9307
12737.mo	G	G	0.9664
12737.p1	G	G	1.0000
12737.s1	G	G	1.0000
12738.fa	A	G	0.5469
12738.mo	A	G	0.5428
12738.p1	A	G	0.5319
12738.s1	A	G	0.5780
12739.fa	A	A	0.0000
12739.mo	A	G	0.5642
12739.p1	A	G	0.5049
12739.s1	A	A	0.0000
12740.fa	A	A	0.0031
12740.mo	A	G	0.5182
12740.p1	A	G	0.5124
12741.fa	A	A	0.0040
12741.mo	A	G	0.4838
12741.p1	A	G	0.5115
12741.s1	A	A	0.0000
12742.fa	A	A	0.0105
12742.mo	G	G	1.0000
12742.p1	A	G	0.5162
12743.fa	A	G	0.5614
12743.mo	A	G	0.5448
12743.p1	G	G	0.9986
12743.s1	A	A	0.0003
12744.fa	A	A	0.0009
12744.mo	A	G	0.5259
12744.p1	A	G	0.5264
12748.fa	A	G	0.5385
12748.mo	A	A	0.0023
12748.p1	A	G	0.5599
12748.s1	A	A	0.0020
12749.fa	G	G	1.0000
12749.mo	A	G	0.4844
12749.p1	G	G	1.0000
12749.s1	G	G	1.0000
12750.fa	A	A	0.0072
12750.mo	A	A	0.0097
12750.p1	A	A	0.0033
12752.fa	A	G	0.5167
12752.mo	A	G	0.5194
12752.p1	A	G	0.5526
12754.fa	A	G	0.4924
12754.mo	A	G	0.5247
12754.p1	A	G	0.4922
12757.fa	A	A	0.0024
12757.mo	A	A	0.0068
12757.p1	A	A	0.0021
12758.fa	A	A	0.0100
12758.mo	A	G	0.5585
12758.p1	A	A	0.0000
12758.s1	A	G	0.5042
12759.fa	A	G	0.5279
12759.mo	A	G	0.5479
12759.p1	A	A	0.0000
12759.s1	A	G	0.5237
12761.fa	A	A	0.0077
12761.mo	A	A	0.0069
12761.p1	A	A	0.0041
12763.fa	A	A	0.0033
12763.mo	A	A	0.0027
12763.p1	A	A	0.0031
12763.s1	A	A	0.0071
12764.fa	A	A	0.0140
12764.mo	A	A	0.0000
12764.p1	A	A	0.0000
12764.s1	A	A	0.0011
12766.fa	G	G	1.0000
12766.mo	A	G	0.5412
12766.p1	G	G	1.0000
12766.s1	G	G	1.0000
12770.fa	A	A	0.0033
12770.mo	A	A	0.0007
12770.p1	A	A	0.0010
12770.s1	A	A	0.0000
12772.fa	A	A	0.0006
12772.mo	A	A	0.0000
12772.p1	A	A	0.0000
12772.s1	A	A	0.0217
12773.fa	A	G	0.5063
12773.mo	A	G	0.5332
12773.p1	A	A	0.0000
12773.s1	A	G	0.5513
12775.fa	A	A	0.0050
12775.mo	A	G	0.5615
12775.p1	A	G	0.4580
12775.s1	A	A	0.0047
12777.fa	A	G	0.5093
12777.mo	A	G	0.5212
12777.p1	A	G	0.5434
12778.fa	A	G	0.5351
12778.mo	A	A	0.0039
12778.p1	A	G	0.5171
12778.s1	A	G	0.5405
12779.fa	G	G	1.0000
12779.mo	A	G	0.5460
12779.p1	G	G	1.0000
12779.s1	G	G	1.0000
12780.fa	A	G	0.5041
12780.mo	A	A	0.0000
12780.p1	A	A	0.0000
12780.s1	A	G	0.4614
12781.fa	A	G	0.5302
12781.mo	A	A	0.0051
12781.p1	A	A	0.0084
12782.fa	A	G	0.5527
12782.mo	A	A	0.0022
12782.p1	A	G	0.5366
12782.s1	A	G	0.5646
12783.fa	A	A	0.0046
12783.mo	G	G	1.0000
12783.p1	A	G	0.5039
12784.fa	A	A	0.0083
12784.mo	A	G	0.5159
12784.p1	A	G	0.5191
12784.s1	A	A	0.0002
12785.fa	A	A	0.0129
12785.mo	A	A	0.0003
12785.p1	A	A	0.0000
12785.s1	A	A	0.0000
12786.fa	A	A	0.0000
12786.mo	A	A	0.0039
12786.p1	A	A	0.0000
12786.s1	A	A	0.0016
12787.fa	G	G	0.9990
12787.mo	A	A	0.0000
12787.p1	A	G	0.5170
12787.s1	A	G	0.5024
12788.fa	A	A	0.0000
12788.mo	A	G	0.5194
12788.p1	A	A	0.0000
12788.s1	A	G	0.5295
12790.fa	A	A	0.0000
12790.mo	A	A	0.0148
12790.p1	A	A	0.0000
12790.s1	A	A	0.0037
12791.fa	A	A	0.0000
12791.mo	A	G	0.5001
12791.p1	A	G	0.5065
12791.s1	A	A	0.0000
12792.fa	A	A	0.0000
12792.mo	A	G	0.5390
12792.p1	A	A	0.0000
12792.s1	A	A	0.0006
12793.fa	A	A	0.0014
12793.mo	G	G	0.9895
12793.p1	A	G	0.5127
12793.s1	A	G	0.4991
12794.fa	A	G	0.5117
12794.mo	G	G	1.0000
12794.p1	G	G	0.9980
12794.s1	G	G	1.0000
12796.fa	A	G	0.5271
12796.mo	A	G	0.4938
12796.p1	A	G	0.4795
12796.s1	A	A	0.0000
12797.fa	A	G	0.5121
12797.mo	A	A	0.0000
12797.p1	A	G	0.4821
12798.fa	A	A	0.0047
12798.mo	A	A	0.0033
12798.p1	A	A	0.0050
12798.s1	A	A	0.0000
12798.s2	A	A	0.0000
12799.fa	A	G	0.5356
12799.mo	G	G	1.0000
12799.p1	A	G	0.5475
12799.s1	A	G	0.5374
12801.fa	A	G	0.5183
12801.mo	A	G	0.5114
12801.p1	A	A	0.0108
12801.s1	A	G	0.4824
12803.fa	A	A	0.0018
12803.mo	G	G	1.0000
12803.p1	A	G	0.4917
12803.s1	A	G	0.5294
12805.fa	A	G	0.5416
12805.mo	A	A	0.0026
12805.p1	A	A	0.0000
12809.fa	A	A	0.0000
12809.mo	A	G	0.5327
12809.p1	A	A	0.0127
12810.fa	A	G	0.5507
12810.mo	A	G	0.5614
12810.p1	G	G	1.0000
12810.s1	A	G	0.5282
12817.fa	A	A	0.0000
12817.mo	A	G	0.5181
12817.p1	A	A	0.0000
12817.s1	A	A	0.0014
12819.fa	A	G	0.4982
12819.mo	A	G	0.4612
12819.p1	A	A	0.0033
12819.s1	A	G	0.4957
12820.fa	A	A	0.0025
12820.mo	A	G	0.5425
12820.p1	A	G	0.5667
12821.fa	A	A	0.0015
12821.mo	A	G	0.5227
12821.p1	A	A	0.0034
12821.s1	A	A	0.0000
12821.s2	A	A	0.0025
12824.fa	A	G	0.4795
12824.mo	A	G	0.4781
12824.p1	A	A	0.0000
12824.s1	A	G	0.5181
12826.fa	A	A	0.0068
12826.mo	A	G	0.4983
12826.p1	A	G	0.4937
12826.s1	A	G	0.4607
12827.fa	A	A	0.0085
12827.mo	G	G	1.0000
12827.p1	A	G	0.5325
12828.fa	A	G	0.5495
12828.mo	A	G	0.4962
12828.p1	G	G	1.0000
12829.fa	A	G	0.4685
12829.mo	A	G	0.5275
12829.p1	A	G	0.4998
12829.s1	A	A	0.0018
12831.fa	A	G	0.5122
12831.mo	A	G	0.5509
12831.p1	A	A	0.0000
12832.fa	A	A	0.0000
12832.mo	A	G	0.5039
12832.p1	A	A	0.0045
12832.s1	A	A	0.0010
12832.s2	A	G	0.5027
12833.fa	A	A	0.0042
12833.mo	A	G	0.5015
12833.p1	A	G	0.4748
12833.s1	A	A	0.0055
12836.fa	A	G	0.5239
12836.mo	A	A	0.0101
12836.p1	A	G	0.5370
12836.s1	A	A	0.0021
12837.fa	G	G	1.0000
12837.mo	A	G	0.5167
12837.p1	A	G	0.5253
12837.s1	G	G	1.0000
12838.fa	A	A	0.0003
12838.mo	A	G	0.5043
12838.p1	A	A	0.0052
12838.s1	A	A	0.0000
12840.fa	A	A	0.0000
12840.mo	A	G	0.5169
12840.p1	A	A	0.0000
12840.s1	A	G	0.5015
12842.fa	A	A	0.0054
12842.mo	A	A	0.0000
12842.p1	A	A	0.0000
12843.fa	A	A	0.0000
12843.mo	A	A	0.0052
12843.p1	A	A	0.0000
12843.s1	A	A	0.0000
12845.fa	A	G	0.5320
12845.mo	A	G	0.5253
12845.p1	A	G	0.5207
12845.s1	G	G	1.0000
12845.s2	G	G	0.9980
12849.fa	A	A	0.0010
12849.mo	A	A	0.0000
12849.p1	A	A	0.0000
12849.s1	A	A	0.0000
12850.fa	A	G	0.4583
12850.mo	A	G	0.4378
12850.p1	G	G	1.0000
12850.s1	G	G	0.9827
12850.s2	A	A	0.0000
12850.s3	A	G	0.4944
12851.fa	A	A	0.0000
12851.mo	A	G	0.5102
12851.p1	A	G	0.5095
12851.s1	A	A	0.0090
12852.fa	A	G	0.5311
12852.mo	A	A	0.0051
12852.p1	A	G	0.5136
12852.s1	A	G	0.5171
12853.fa	A	A	0.0001
12853.mo	A	G	0.4892
12853.p1	A	G	0.5204
12853.s1	A	G	0.5231
12854.fa	A	A	0.0000
12854.mo	A	G	0.4772
12854.p1	A	G	0.4856
12854.s1	A	G	0.5015
12857.fa	A	G	0.4849
12857.mo	A	A	0.0000
12857.p1	A	G	0.5146
12857.s1	A	A	0.0000
12858.fa	A	A	0.0020
12858.mo	A	G	0.4855
12858.p1	A	A	0.0106
12858.s1	A	G	0.5401
12859.fa	G	G	0.9954
12859.mo	G	G	1.0000
12859.p1	G	G	1.0000
12859.s1	G	G	1.0000
12860.fa	A	G	0.5164
12860.mo	A	A	0.0000
12860.p1	A	G	0.5067
12860.s1	A	G	0.5001
12861.fa	A	G	0.5816
12861.mo	A	A	0.0000
12861.p1	A	A	0.0012
12861.s1	A	A	0.0003
12864.fa	A	A	0.0076
12864.mo	A	A	0.0002
12864.p1	A	A	0.0000
12864.s1	A	A	0.0003
12867.fa	A	G	0.5300
12867.mo	A	G	0.5229
12867.p1	A	G	0.5123
12867.s1	A	G	0.5130
12869.fa	A	G	0.5176
12869.mo	A	G	0.5115
12869.p1	G	G	1.0000
12869.s1	A	G	0.5149
12871.fa	A	A	0.0201
12871.mo	A	A	0.0000
12871.p1	A	A	0.0036
12871.s1	A	A	0.0095
12875.fa	A	A	0.0081
12875.mo	A	G	0.4536
12875.p1	A	G	0.5287
12875.s1	A	A	0.0005
12878.fa	A	A	0.0006
12878.mo	A	A	0.0036
12878.p1	A	A	0.0027
12879.fa	A	A	0.0058
12879.mo	A	A	0.0082
12879.p1	A	A	0.0000
12879.s1	A	A	0.0000
12885.fa	A	G	0.4427
12885.mo	A	G	0.4970
12885.p1	A	G	0.4691
12891.fa	A	G	0.5103
12891.mo	A	A	0.0000
12891.p1	A	A	0.0050
12891.s1	A	A	0.0107
12892.fa	A	A	0.0088
12892.mo	A	A	0.0053
12892.p1	A	A	0.0037
12892.s1	A	A	0.0058
12894.fa	A	G	0.5026
12894.mo	A	A	0.0000
12894.p1	A	A	0.0031
12894.s1	A	G	0.5171
12899.fa	A	A	0.0050
12899.mo	A	G	0.5718
12899.p1	A	A	0.0075
12899.s1	A	A	0.0055
12900.fa	G	G	1.0000
12900.mo	A	G	0.4870
12900.p1	A	G	0.4999
12901.fa	A	A	0.0097
12901.mo	A	G	0.5549
12901.p1	A	A	0.0055
12901.s1	A	G	0.5122
12902.fa	A	A	0.0009
12902.mo	A	G	0.5334
12902.p1	A	A	0.0014
12902.s1	A	G	0.5329
12905.fa	A	G	0.5527
12905.mo	A	G	0.5694
12905.p1	A	G	0.5441
12905.s1	A	G	0.5359
12906.fa	A	G	0.5448
12906.mo	A	G	0.4630
12906.p1	A	G	0.5447
12906.s1	A	A	0.0070
12907.fa	A	A	0.0010
12907.mo	A	A	0.0104
12907.p1	A	A	0.0000
12907.s1	A	A	0.0000
12908.fa	A	G	0.5829
12908.mo	A	G	0.5701
12908.p1	A	G	0.5507
12908.s1	G	G	1.0000
12910.fa	A	A	0.0068
12910.mo	G	G	1.0000
12910.p1	A	G	0.5466
12912.fa	A	G	0.5442
12912.mo	A	G	0.5318
12912.p1	A	A	0.0000
12913.fa	G	G	1.0000
12913.mo	A	A	0.0071
12913.p1	A	G	0.5602
12916.fa	A	A	0.0045
12916.mo	A	G	0.5300
12916.p1	A	A	0.0107
12916.s1	A	A	0.0087
12920.fa	A	G	0.4722
12920.mo	A	A	0.0000
12920.p1	A	A	0.0000
12920.s1	A	G	0.5017
12921.fa	A	A	0.0025
12921.mo	A	A	0.0058
12921.p1	A	A	0.0000
12921.s1	A	A	0.0161
12922.fa	A	A	0.0044
12922.mo	A	A	0.0000
12922.p1	A	A	0.0000
12922.s1	A	A	0.0000
12923.fa	G	G	1.0000
12923.mo	A	G	0.5461
12923.p1	A	G	0.5444
12923.s1	G	G	1.0000
12924.fa	G	G	0.9933
12924.mo	A	G	0.5467
12924.p1	A	G	0.5644
12924.s1	G	G	1.0000
12925.fa	A	A	0.0015
12925.mo	A	G	0.4900
12925.p1	A	A	0.0067
12925.s1	A	A	0.0053
12925.s2	A	G	0.5271
12930.fa	A	A	0.0173
12930.mo	A	G	0.5713
12930.p1	A	A	0.0000
12930.s1	A	A	0.0000
12931.fa	A	G	0.5635
12931.mo	A	A	0.0098
12931.p1	A	G	0.5398
12931.s1	A	G	0.5321
12932.fa	A	G	0.5593
12932.mo	G	G	1.0000
12932.p1	G	G	1.0000
12932.s1	A	G	0.5095
12934.fa	A	A	0.0000
12934.mo	A	A	0.0000
12934.p1	A	A	0.0000
12937.fa	A	G	0.5641
12937.mo	A	G	0.5562
12937.p1	A	A	0.0000
12937.s1	G	G	1.0000
12938.fa	A	A	0.0089
12938.mo	A	A	0.0021
12938.p1	A	A	0.0020
12938.s1	A	A	0.0000
12939.fa	A	G	0.4637
12939.mo	A	G	0.5121
12939.p1	A	A	0.0059
12939.s1	A	G	0.5070
12940.fa	A	G	0.4812
12940.mo	A	A	0.0025
12940.p1	A	A	0.0001
12940.s1	A	G	0.5558
12941.fa	A	A	0.0038
12941.mo	G	G	1.0000
12941.p1	A	G	0.5451
12942.fa	A	G	0.5358
12942.mo	A	A	0.0000
12942.p1	A	A	0.0000
12942.s1	A	G	0.5548
12944.fa	A	G	0.5103
12944.mo	G	G	1.0000
12944.p1	A	G	0.4735
12944.s1	A	G	0.5158
12946.fa	A	A	0.0110
12946.mo	A	G	0.5583
12946.p1	A	G	0.5465
12946.s1	A	G	0.5102
12948.fa	A	G	0.5330
12948.mo	A	G	0.5003
12948.p1	G	G	0.9953
12950.fa	A	G	0.4893
12950.mo	A	G	0.4945
12950.p1	A	A	0.0000
12950.s1	A	A	0.0018
12951.fa	A	G	0.5575
12951.mo	A	G	0.5729
12951.p1	A	G	0.5537
12951.s1	A	G	0.5533
12952.fa	A	G	0.5580
12952.mo	A	G	0.5504
12952.p1	A	G	0.4850
12952.s1	A	G	0.4770
12953.fa	A	A	0.0039
12953.mo	A	A	0.0042
12953.p1	A	A	0.0000
12953.s1	A	A	0.0004
12955.fa	A	A	0.0068
12955.mo	A	G	0.5467
12955.p1	A	A	0.0000
12955.s1	A	G	0.5475
12956.fa	A	A	0.0074
12956.mo	A	A	0.0000
12956.p1	A	A	0.0000
12956.s1	A	A	0.0016
12957.fa	A	G	0.5438
12957.mo	A	G	0.5494
12957.p1	A	G	0.5724
12957.s1	A	A	0.0034
12958.fa	A	G	0.4768
12958.mo	A	A	0.0000
12958.p1	A	G	0.5098
12958.s1	A	G	0.4817
12958.s2	A	G	0.4694
12959.fa	G	G	1.0000
12959.mo	A	A	0.0109
12959.p1	A	G	0.4979
12960.fa	A	A	0.0000
12960.mo	A	G	0.5216
12960.p1	A	A	0.0000
12961.fa	A	A	0.0000
12961.mo	A	G	0.5347
12961.p1	A	A	0.0011
12962.fa	G	G	1.0000
12962.mo	A	A	0.0046
12962.p1	A	G	0.5182
12962.s1	A	G	0.5033
12964.fa	A	A	0.0071
12964.mo	A	A	0.0000
12964.p1	A	A	0.0013
12964.s1	A	A	0.0090
12967.fa	G	G	1.0000
12967.mo	A	G	0.5628
12967.p1	A	G	0.5410
12967.s1	A	G	0.5367
12969.fa	A	A	0.0000
12969.mo	A	A	0.0027
12969.p1	A	A	0.0000
12969.s1	A	A	0.0000
12971.fa	A	A	0.0000
12971.mo	A	G	0.5014
12971.p1	A	A	0.0000
12972.fa	A	G	0.5572
12972.mo	A	A	0.0016
12972.p1	A	G	0.5637
12972.s1	A	A	0.0063
12974.fa	A	G	0.4864
12974.mo	A	A	0.0000
12974.p1	A	G	0.4859
12974.s1	A	A	0.0000
12974.s2	A	A	0.0085
12975.fa	A	G	0.5660
12975.mo	A	G	0.5295
12975.p1	A	G	0.5542
12975.s1	A	G	0.5397
12976.fa	A	G	0.5415
12976.mo	A	A	0.0057
12976.p1	A	A	0.0003
12976.s1	A	A	0.0039
12977.fa	A	A	0.0000
12977.mo	A	A	0.0133
12977.p1	A	A	0.0000
12977.s1	A	A	0.0000
12979.fa	A	G	0.5534
12979.mo	A	A	0.0116
12979.p1	A	A	0.0000
12984.fa	A	G	0.5440
12984.mo	A	G	0.5762
12984.p1	A	A	0.0000
12984.s1	A	A	0.0074
12985.fa	A	G	0.5176
12985.mo	A	A	0.0000
12985.p1	A	A	0.0017
12986.fa	A	G	0.4972
12986.mo	A	G	0.5743
12986.p1	A	G	0.5355
12989.fa	A	A	0.0006
12989.mo	G	G	1.0000
12989.p1	A	G	0.5605
12989.s1	A	G	0.5461
12991.fa	A	A	0.0017
12991.mo	A	A	0.0040
12991.p1	A	A	0.0029
12994.fa	A	G	0.5804
12994.mo	A	G	0.5556
12994.p1	A	G	0.5490
12994.s1	A	A	0.0001
12996.fa	A	A	0.0043
12996.mo	A	A	0.0042
12996.p1	A	A	0.0038
12996.s1	A	A	0.0000
12996.s2	A	A	0.0000
12997.fa	A	A	0.0117
12997.mo	A	A	0.0048
12997.p1	A	A	0.0091
12997.s1	A	A	0.0047
12998.fa	A	G	0.5331
12998.mo	A	G	0.5112
12998.p1	G	G	1.0000
13001.fa	A	G	0.5402
13001.mo	A	A	0.0047
13001.p1	A	A	0.0013
13001.s1	A	A	0.0000
13005.fa	A	A	0.0083
13005.mo	A	A	0.0000
13005.p1	A	A	0.0031
13005.s1	A	A	0.0037
13006.fa	A	A	0.0083
13006.mo	A	G	0.5239
13006.p1	A	G	0.5371
13006.s1	A	A	0.0000
13007.fa	A	G	0.5520
13007.mo	A	G	0.5481
13007.p1	A	G	0.5325
13007.s1	G	G	1.0000
13008.fa	A	A	0.0000
13008.mo	G	G	1.0000
13008.p1	A	G	0.5298
13008.s1	A	G	0.5811
13009.fa	A	G	0.4773
13009.mo	A	A	0.0046
13009.p1	A	A	0.0209
13010.fa	A	G	0.5547
13010.mo	A	G	0.5351
13010.p1	A	A	0.0075
13010.s1	A	A	0.0036
13012.fa	A	A	0.0080
13012.mo	A	G	0.5624
13012.p1	A	G	0.5337
13012.s1	A	G	0.5398
13013.fa	A	A	0.0000
13013.mo	A	A	0.0000
13013.p1	A	A	0.0033
13014.fa	G	G	1.0000
13014.mo	A	A	0.0065
13014.p1	A	G	0.5294
13015.fa	A	A	0.0000
13015.mo	A	A	0.0000
13015.p1	A	A	0.0133
13015.s1	A	A	0.0108
13016.fa	G	G	1.0000
13016.mo	A	A	0.0048
13016.p1	A	G	0.5608
13016.s1	A	G	0.5422
13017.fa	A	G	0.5160
13017.mo	A	G	0.4962
13017.p1	A	A	0.0000
13017.s1	A	A	0.0027
13017.s2	A	G	0.4694
13018.fa	A	G	0.5270
13018.mo	A	A	0.0000
13018.p1	A	G	0.5692
13018.s1	A	G	0.5425
13019.fa	G	G	1.0000
13019.mo	A	A	0.0022
13019.p1	A	G	0.5433
13021.fa	A	G	0.5420
13021.mo	A	A	0.0071
13021.p1	A	A	0.0075
13021.s1	A	A	0.0015
13023.fa	G	G	1.0000
13023.mo	A	G	0.5466
13023.p1	G	G	1.0000
13023.s1	G	G	1.0000
13026.fa	A	A	0.0073
13026.mo	A	G	0.5821
13026.p1	A	G	0.5871
13026.s1	A	A	0.0023
13027.fa	A	A	0.0208
13027.mo	A	G	0.4954
13027.p1	A	G	0.4752
13028.fa	A	G	0.5402
13028.mo	A	A	0.0040
13028.p1	A	G	0.5472
13028.s1	A	G	0.5658
13031.fa	A	A	0.0020
13031.mo	G	G	1.0000
13031.p1	A	G	0.5706
13033.fa	A	G	0.5429
13033.mo	A	G	0.5407
13033.p1	A	A	0.0000
13034.fa	A	A	0.0000
13034.mo	A	G	0.4771
13034.p1	A	A	0.0006
13034.s1	A	A	0.0000
13034.s2	A	G	0.4825
13035.fa	A	G	0.4942
13035.mo	A	A	0.0043
13035.p1	A	A	0.0025
13035.s1	A	A	0.0000
13036.fa	A	G	0.5372
13036.mo	A	G	0.5096
13036.p1	A	A	0.0000
13036.s1	G	G	0.9982
13037.fa	A	G	0.4934
13037.mo	A	G	0.4962
13037.p1	A	A	0.0000
13037.s1	A	A	0.0000
13037.s2	A	G	0.4940
13038.fa	A	A	0.0028
13038.mo	A	G	0.5307
13038.p1	A	G	0.5172
13038.s1	A	A	0.0155
13039.fa	A	G	0.5214
13039.mo	A	A	0.0000
13039.p1	A	G	0.4878
13039.s1	A	G	0.5040
13041.fa	A	G	0.5164
13041.mo	A	A	0.0045
13041.p1	A	G	0.5087
13041.s1	A	G	0.5259
13042.fa	A	A	0.0050
13042.mo	A	G	0.4616
13042.p1	A	A	0.0071
13042.s1	A	A	0.0107
13043.fa	A	G	0.5017
13043.mo	A	G	0.4807
13043.p1	A	A	0.0049
13043.s1	A	G	0.4975
13044.fa	A	A	0.0000
13044.mo	A	A	0.0042
13044.p1	A	A	0.0000
13044.s1	A	A	0.0044
13045.fa	A	A	0.0031
13045.mo	A	A	0.0000
13045.p1	A	A	0.0051
13048.fa	A	G	0.5034
13048.mo	A	A	0.0061
13048.p1	A	A	0.0000
13048.s1	A	G	0.5149
13050.fa	G	G	0.9903
13050.mo	A	A	0.0000
13050.p1	A	G	0.5077
13050.s1	A	G	0.5068
13051.fa	A	A	0.0019
13051.mo	A	A	0.0055
13051.p1	A	A	0.0053
13051.s1	A	A	0.0006
13053.fa	A	G	0.5046
13053.mo	A	A	0.0033
13053.p1	A	A	0.0000
13053.s1	A	G	0.4907
13054.fa	A	A	0.0000
13054.mo	A	A	0.0025
13054.p1	A	A	0.0036
13054.s1	A	A	0.0070
13056.fa	A	G	0.5321
13056.mo	A	A	0.0000
13056.p1	A	G	0.5264
13057.fa	A	G	0.5159
13057.mo	G	G	1.0000
13057.p1	A	G	0.4852
13057.s1	A	G	0.5164
13059.fa	A	G	0.5639
13059.mo	A	A	0.0135
13059.p1	A	A	0.0340
13060.fa	A	G	0.5275
13060.mo	A	A	0.0000
13060.p1	A	A	0.0054
13061.fa	A	A	0.0000
13061.mo	G	G	0.9950
13061.p1	A	G	0.4376
13061.s1	A	G	0.4876
13061.s2	A	G	0.4897
13063.fa	A	A	0.0094
13063.mo	A	G	0.5078
13063.p1	A	G	0.4968
13063.s1	A	G	0.4907
13064.fa	A	G	0.5242
13064.mo	G	G	1.0000
13064.p1	G	G	1.0000
13064.s1	A	G	0.5480
13065.fa	A	A	0.0003
13065.mo	A	G	0.5192
13065.p1	A	G	0.5136
13067.fa	A	G	0.5333
13067.mo	A	G	0.5304
13067.p1	A	G	0.5406
13069.fa	A	G	0.5425
13069.mo	A	A	0.0000
13069.p1	A	G	0.5564
13069.s1	A	G	0.5345
13070.fa	A	G	0.4872
13070.mo	A	G	0.5186
13070.p1	A	A	0.0049
13070.s1	A	A	0.0000
13071.fa	A	G	0.5908
13071.mo	A	G	0.5547
13071.p1	A	G	0.5674
13071.s1	A	A	0.0000
13072.fa	A	G	0.4826
13072.mo	A	G	0.5029
13072.p1	A	G	0.5006
13072.s1	G	G	1.0000
13073.fa	A	A	0.0011
13073.mo	A	A	0.0051
13073.p1	A	A	0.0058
13073.s1	A	A	0.0073
13076.fa	G	G	1.0000
13076.mo	A	G	0.5020
13076.p1	G	G	0.9975
13076.s1	A	G	0.4932
13077.fa	A	G	0.5012
13077.mo	A	G	0.5099
13077.p1	A	G	0.5074
13077.s1	A	G	0.5128
13079.fa	A	A	0.0000
13079.mo	A	G	0.5526
13079.p1	A	G	0.5618
13080.fa	A	A	0.0040
13080.mo	A	G	0.5711
13080.p1	A	G	0.5314
13080.s1	A	A	0.0029
13082.fa	A	G	0.5227
13082.mo	A	G	0.5271
13082.p1	A	A	0.0011
13082.s1	G	G	1.0000
13083.fa	A	A	0.0022
13083.mo	A	A	0.0034
13083.p1	A	A	0.0044
13083.s1	A	A	0.0035
13085.fa	A	A	0.0168
13085.mo	A	A	0.0010
13085.p1	A	A	0.0000
13088.fa	A	A	0.0128
13088.mo	A	G	0.5260
13088.p1	A	A	0.0000
13088.s1	A	G	0.5223
13089.fa	A	A	0.0000
13089.mo	A	A	0.0058
13089.p1	A	A	0.0083
13089.s1	A	A	0.0000
13093.fa	A	G	0.5581
13093.mo	A	G	0.5595
13093.p1	A	G	0.5694
13093.s1	A	G	0.5585
13094.fa	A	A	0.0000
13094.mo	A	G	0.5372
13094.p1	A	G	0.5627
13094.s1	A	G	0.5422
13095.fa	A	A	0.0055
13095.mo	G	G	0.9985
13095.p1	A	G	0.5197
13095.s1	A	G	0.5249
13095.s2	A	G	0.5110
13096.fa	A	G	0.5397
13096.mo	A	G	0.4109
13096.p1	A	G	0.4700
13096.s1	A	G	0.3735
13097.fa	A	A	0.0058
13097.mo	A	A	0.0058
13097.p1	A	A	0.0074
13097.s1	A	A	0.0119
13099.fa	A	A	0.0000
13099.mo	A	A	0.0000
13099.p1	A	A	0.0058
13099.s1	A	A	0.0080
13101.fa	A	A	0.0035
13101.mo	A	G	0.5020
13101.p1	A	A	0.0000
13101.s1	A	A	0.0059
13102.fa	A	G	0.5057
13102.mo	A	A	0.0036
13102.p1	A	G	0.5006
13102.s1	A	A	0.0027
13104.fa	A	A	0.0000
13104.mo	G	G	0.9890
13104.p1	A	G	0.5209
13104.s1	A	G	0.5237
13106.fa	A	G	0.5517
13106.mo	A	A	0.0029
13106.p1	A	G	0.5401
13106.s1	A	A	0.0000
13107.fa	A	G	0.5594
13107.mo	A	A	0.0034
13107.p1	A	A	0.0045
13107.s1	A	G	0.5557
13111.fa	A	G	0.5231
13111.mo	A	G	0.5681
13111.p1	A	G	0.5700
13111.s1	A	G	0.5625
13115.fa	A	A	0.0221
13115.mo	A	G	0.5628
13115.p1	A	G	0.5917
13115.s1	A	A	0.0076
13116.fa	A	G	0.5476
13116.mo	A	G	0.5239
13116.p1	A	G	0.5371
13116.s1	A	G	0.5585
13118.fa	A	G	0.4959
13118.mo	A	G	0.4826
13118.p1	A	G	0.4823
13118.s1	A	G	0.4919
13119.fa	A	A	0.0000
13119.mo	A	G	0.5248
13119.p1	A	A	0.0053
13120.fa	A	G	0.5394
13120.mo	A	A	0.0000
13120.p1	A	G	0.5105
13120.s1	A	G	0.5081
13123.fa	A	A	0.0000
13123.mo	A	G	0.4876
13123.p1	A	A	0.0000
13123.s1	A	A	0.0010
13128.fa	A	G	0.5601
13128.mo	A	A	0.0000
13128.p1	A	G	0.5406
13128.s1	A	G	0.5424
13129.fa	A	A	0.0025
13129.mo	A	A	0.0000
13129.p1	A	A	0.0032
13129.s1	A	A	0.0000
13130.fa	A	G	0.4774
13130.mo	A	G	0.4843
13130.p1	A	G	0.4922
13130.s1	A	G	0.5029
13131.fa	A	G	0.5070
13131.mo	A	A	0.0000
13131.p1	A	G	0.4990
13131.s1	A	A	0.0000
13133.fa	A	A	0.0000
13133.mo	A	G	0.5288
13133.p1	A	A	0.0087
13133.s1	A	G	0.5083
13134.fa	A	A	0.0000
13134.mo	A	A	0.0028
13134.p1	A	A	0.0000
13135.fa	A	A	0.0207
13135.mo	G	G	1.0000
13135.p1	A	G	0.5390
13135.s1	A	G	0.5413
13136.fa	A	A	0.0015
13136.mo	A	A	0.0072
13136.p1	A	A	0.0000
13136.s1	A	A	0.0085
13139.fa	A	G	0.5065
13139.mo	A	A	0.0000
13139.p1	A	G	0.4740
13139.s1	A	G	0.4946
13144.fa	A	A	0.0189
13144.mo	A	G	0.5107
13144.p1	A	A	0.0005
13144.s1	A	A	0.0043
13146.fa	A	G	0.5074
13146.mo	G	G	1.0000
13146.p1	A	G	0.5186
13146.s1	A	G	0.4973
13147.fa	A	G	0.4988
13147.mo	A	A	0.0000
13147.p1	A	A	0.0000
13147.s1	A	G	0.5069
13148.fa	G	G	0.9954
13148.mo	A	G	0.5410
13148.p1	G	G	1.0000
13148.s1	G	G	1.0000
13150.fa	G	G	1.0000
13150.mo	A	A	0.0125
13150.p1	A	G	0.5210
13151.fa	A	G	0.4771
13151.mo	G	G	1.0000
13151.p1	A	G	0.5205
13151.s1	A	G	0.4776
13152.fa	A	A	0.0102
13152.mo	A	G	0.4948
13152.p1	A	G	0.5100
13152.s1	A	A	0.0024
13153.fa	A	A	0.0029
13153.mo	A	A	0.0002
13153.p1	A	A	0.0001
13153.s1	A	A	0.0048
13154.fa	A	A	0.0000
13154.mo	A	A	0.0051
13154.p1	A	A	0.0000
13154.s1	A	A	0.0206
13154.s2	A	A	0.0120
13159.fa	A	G	0.5159
13159.mo	A	G	0.4882
13159.p1	A	A	0.0055
13159.s1	G	G	1.0000
13160.fa	A	A	0.0000
13160.mo	G	G	0.9807
13160.p1	A	G	0.5545
13160.s1	A	G	0.5834
13162.fa	A	G	0.4888
13162.mo	A	G	0.5198
13162.p1	A	G	0.5191
13162.s1	A	A	0.0000
13163.fa	G	G	1.0000
13163.mo	G	G	1.0000
13163.p1	G	G	1.0000
13163.s1	G	G	1.0000
13163.s2	G	G	1.0000
13166.fa	A	A	0.0007
13166.mo	A	A	0.0062
13166.p1	A	A	0.0030
13166.s1	A	A	0.0068
13167.fa	A	A	0.0000
13167.mo	A	G	0.4794
13167.p1	A	G	0.4635
13167.s1	A	G	0.4532
13168.fa	A	A	0.0000
13168.mo	A	G	0.5026
13168.p1	A	A	0.0000
13168.s1	A	G	0.5242
13169.fa	A	A	0.0004
13169.mo	A	A	0.0000
13169.p1	A	A	0.0051
13169.s1	A	A	0.0000
13171.fa	A	A	0.0000
13171.mo	A	G	0.4873
13171.p1	A	A	0.0033
13171.s1	A	G	0.5227
13174.fa	A	G	0.4972
13174.mo	A	A	0.0000
13174.p1	A	A	0.0011
13174.s1	A	G	0.5113
13175.fa	A	G	0.5082
13175.mo	A	G	0.5120
13175.p1	G	G	1.0000
13175.s1	A	A	0.0077
13176.fa	G	G	1.0000
13176.mo	A	A	0.0018
13176.p1	A	G	0.5113
13176.s1	A	G	0.5198
13177.fa	A	G	0.5073
