11042.fa	C	C	1.0000
11042.mo	C	C	1.0000
11042.p1	C	C	1.0000
11042.s1	C	C	1.0000
11116.fa	C	C	1.0000
11116.mo	A	C	0.6444
11116.p1	C	C	1.0000
11116.s1	A	C	0.5280
11130.fa	C	C	0.9906
11130.mo	C	C	1.0000
11130.p1	C	C	1.0000
11169.fa	C	C	0.9851
11169.mo	C	C	0.9857
11169.p1	C	C	0.9859
11177.fa	A	C	0.4986
11177.mo	C	C	0.9605
11177.p1	A	C	0.5328
11177.s1	C	C	0.9551
11238.fa	C	C	0.9404
11238.mo	C	C	0.9942
11238.p1	C	C	0.9680
11238.s1	C	C	0.9954
11496.fa	A	C	0.5683
11496.mo	A	C	0.5701
11496.p1	A	C	0.5487
11496.s1	C	C	1.0000
11618.fa	C	C	1.0000
11618.mo	C	C	0.9913
11618.p1	C	C	0.9918
11633.fa	C	C	1.0000
11633.mo	A	C	0.5465
11633.p1	A	C	0.5237
11633.s1	C	C	0.9886
11646.fa	A	C	0.5001
11646.mo	C	C	1.0000
11646.p1	C	C	0.9886
11646.s1	C	C	0.9967
11671.fa	C	C	1.0000
11671.mo	C	C	1.0000
11671.p1	C	C	0.9841
11671.s1	C	C	0.9616
11678.fa	C	C	0.9657
11678.mo	A	C	0.5865
11678.p1	A	C	0.6393
11678.s1	A	C	0.5373
11726.fa	C	C	0.9749
11726.mo	C	C	0.9997
11726.p1	C	C	1.0000
11726.s1	C	C	0.9806
11726.s2	C	C	1.0000
11726.s3	C	C	1.0000
11749.fa	A	C	0.5305
11749.mo	C	C	0.9792
11749.p1	C	C	1.0000
11749.s1	A	C	0.5077
11750.fa	C	C	0.9881
11750.mo	A	C	0.5139
11750.p1	A	C	0.4910
11750.s1	C	C	1.0000
11772.fa	A	C	0.6057
11772.mo	A	C	0.5282
11772.p1	C	C	1.0000
11783.fa	A	C	0.5412
11783.mo	C	C	1.0000
11783.p1	C	C	1.0000
11815.fa	C	C	0.9967
11815.mo	C	C	0.9932
11815.p1	C	C	1.0000
11815.s1	C	C	0.9989
11829.fa	C	C	1.0000
11829.mo	C	C	1.0000
11829.p1	C	C	0.9979
11829.s1	C	C	0.9946
11830.fa	C	C	0.9963
11830.mo	C	C	0.9719
11830.p1	C	C	1.0000
11830.s1	C	C	1.0000
11842.fa	A	C	0.5560
11842.mo	C	C	0.9889
11842.p1	C	C	0.9953
11842.s1	C	C	0.9705
11871.fa	C	C	0.9737
11871.mo	A	C	0.4913
11871.p1	C	C	1.0000
11871.s1	A	C	0.5658
11873.fa	C	C	0.9907
11873.mo	A	C	0.5503
11873.p1	A	C	0.6194
11873.s1	A	C	0.4771
11886.fa	A	C	0.5541
11886.mo	C	C	0.9975
11886.p1	C	C	1.0000
11886.s1	A	C	0.5743
11950.fa	C	C	1.0000
11950.mo	C	C	0.9574
11950.p1	C	C	1.0000
11950.s1	C	C	0.9805
11953.fa	A	C	0.5763
11953.mo	C	C	0.9801
11953.p1	A	C	0.5713
12021.fa	C	C	0.9756
12021.mo	C	C	1.0000
12021.p1	C	C	0.9921
12021.s1	C	C	0.9874
12021.s2	C	C	1.0000
12084.fa	C	C	1.0000
12084.mo	C	C	0.9902
12084.p1	C	C	1.0000
12084.s1	C	C	0.9984
12088.fa	A	C	0.5401
12088.mo	C	C	1.0000
12088.p1	A	C	0.6414
12088.s1	C	C	0.9724
12090.fa	C	C	1.0000
12090.mo	C	C	0.9760
12090.p1	C	C	0.9776
12090.s1	C	C	1.0000
12090.s2	C	C	1.0000
12111.fa	C	C	1.0000
12111.mo	C	C	0.9763
12111.p1	C	C	1.0000
12111.s1	C	C	0.9956
12111.s2	C	C	0.9890
12116.fa	C	C	0.9748
12116.mo	A	C	0.5936
12116.p1	A	C	0.5746
12116.s1	C	C	1.0000
12134.fa	C	C	1.0000
12134.mo	C	C	0.9946
12134.p1	C	C	0.9841
12134.s1	C	C	0.9839
12163.fa	C	C	0.9820
12163.mo	C	C	1.0000
12163.p1	C	C	0.9997
12163.s1	C	C	0.9849
12166.fa	C	C	1.0000
12166.mo	A	C	0.5877
12166.p1	A	C	0.5597
12221.fa	C	C	0.9739
12221.mo	C	C	1.0000
12221.p1	C	C	0.9600
12221.s1	C	C	1.0000
12245.fa	A	C	0.5981
12245.mo	A	C	0.5582
12245.p1	A	C	0.4981
12245.s1	A	A	0.0033
12246.fa	A	C	0.4866
12246.mo	C	C	0.9869
12246.p1	A	C	0.5186
12246.s1	A	C	0.5345
12267.fa	A	C	0.6021
12267.mo	C	C	0.9947
12267.p1	A	C	0.4918
12267.s1	A	C	0.5246
12279.fa	A	A	0.0074
12279.mo	C	C	0.9860
12279.p1	A	C	0.5687
12279.s1	A	C	0.5248
12318.fa	A	C	0.5169
12318.mo	C	C	1.0000
12318.p1	C	C	1.0000
12318.s1	A	C	0.5331
12353.fa	C	C	1.0000
12353.mo	C	C	1.0000
12353.p1	C	C	0.9765
12353.s1	C	C	0.9893
12357.fa	A	C	0.6293
12357.mo	A	C	0.5138
12357.p1	A	C	0.5103
12421.fa	A	C	0.4971
12421.mo	C	C	0.9886
12421.p1	C	C	0.9912
12514.fa	C	C	1.0000
12514.mo	A	C	0.5193
12514.p1	C	C	1.0000
12514.s1	A	C	0.5908
12522.fa	A	C	0.4973
12522.mo	C	C	1.0000
12522.p1	C	C	1.0000
12522.s1	A	C	0.4953
12675.fa	C	C	0.9817
12675.mo	C	C	0.9910
12675.p1	C	C	1.0000
12675.s2	C	C	1.0000
12675.s3	C	C	0.9898
12712.fa	C	C	1.0000
12712.mo	A	C	0.5887
12712.p1	C	C	0.9985
12728.fa	C	C	1.0000
12728.mo	A	C	0.5627
12728.p1	A	C	0.5080
12728.s1	C	C	1.0000
12762.fa	C	C	1.0000
12762.mo	A	C	0.5357
12762.p1	A	C	0.5297
12795.fa	C	C	1.0000
12795.mo	A	C	0.6913
12795.p1	A	C	0.4771
12795.s1	A	C	0.6655
12834.fa	C	C	1.0000
12834.mo	C	C	1.0000
12834.p1	C	C	1.0000
12834.s1	C	C	1.0000
12839.fa	C	C	0.9943
12839.mo	C	C	0.9972
12839.p1	C	C	1.0000
12839.s2	C	C	1.0000
12919.fa	C	C	1.0000
12919.mo	A	C	0.5925
12919.p1	C	C	0.9981
12919.s1	C	C	1.0000
13000.fa	C	C	1.0000
13000.mo	A	C	0.4864
13000.p1	C	C	1.0000
13000.s1	A	C	0.4783
13040.fa	C	C	0.9991
13040.mo	A	A	0.0214
13040.p1	A	C	0.4565
13040.s1	A	C	0.5488
13047.fa	C	C	0.9998
13047.mo	A	C	0.4597
13047.p1	C	C	0.9936
13047.s1	A	C	0.4642
13058.fa	C	C	0.9958
13058.mo	A	C	0.4557
13058.p1	A	C	0.4754
13058.s1	C	C	0.9950
13066.fa	C	C	0.9962
13066.mo	A	C	0.5244
13066.p1	A	C	0.5363
13066.s1	A	C	0.4863
13075.fa	A	C	0.5172
13075.mo	C	C	1.0000
13075.p1	A	C	0.5345
13081.fa	A	C	0.6028
13081.mo	C	C	0.9885
13081.p1	A	C	0.5005
13081.s1	A	C	0.5407
13103.fa	A	C	0.4906
13103.mo	A	C	0.6661
13103.p1	C	C	1.0000
13103.s1	-	-	NaN
13122.fa	C	C	1.0000
13122.mo	C	C	1.0000
13122.p1	C	C	1.0000
13122.s1	C	C	1.0000
13140.fa	C	C	0.9863
13140.mo	A	C	0.4968
13140.p1	C	C	0.9651
13140.s1	A	C	0.5999
13158.fa	C	C	1.0000
13158.mo	C	C	1.0000
13158.p1	C	C	0.9958
13158.s1	C	C	0.9621
13214.fa	C	C	1.0000
13214.mo	-	-	NaN
13214.p1	C	C	1.0000
13214.s1	C	C	0.9977
13236.fa	C	C	0.9545
13236.mo	C	C	1.0000
13236.p1	C	C	1.0000
13236.s1	C	C	0.9904
13259.fa	A	C	0.5263
13259.mo	C	C	1.0000
13259.p1	C	C	0.9238
13259.s1	C	C	1.0000
13265.fa	C	C	1.0000
13265.mo	C	C	0.9891
13265.p1	C	C	0.9928
13265.s1	C	C	1.0000
13265.s2	C	C	0.9744
13279.fa	C	C	1.0000
13279.mo	C	C	0.9901
13279.p1	C	C	1.0000
13279.s1	C	C	1.0000
13289.fa	A	C	0.6682
13289.mo	C	C	0.9810
13289.p1	C	C	0.9975
13289.s1	A	C	0.6130
13289.s2	C	C	1.0000
13344.fa	C	C	1.0000
13344.mo	A	C	0.4518
13344.p1	A	C	0.4769
13344.s1	A	C	0.5301
13351.fa	A	A	0.0071
13351.mo	A	C	0.5788
13351.p1	A	A	0.0183
13351.s1	A	C	0.6041
13365.fa	C	C	1.0000
13365.mo	C	C	0.9796
13365.p1	C	C	1.0000
13395.fa	C	C	0.9891
13395.mo	C	C	1.0000
13395.p1	C	C	1.0000
13397.fa	A	C	0.6491
13397.mo	C	C	1.0000
13397.p1	C	C	1.0000
13403.fa	C	C	0.9769
13403.mo	C	C	0.9880
13403.p1	C	C	0.9271
13403.s1	C	C	0.9535
13407.fa	C	C	1.0000
13407.mo	A	C	0.4967
13407.p1	A	C	0.5203
13414.fa	C	C	0.9999
13414.mo	A	C	0.5686
13414.p1	A	C	0.4989
13417.fa	A	C	0.5817
13417.mo	C	C	1.0000
13417.p1	A	C	0.5086
13417.s1	C	C	1.0000
13423.fa	C	C	1.0000
13423.mo	A	C	0.6241
13423.p1	A	C	0.5217
13423.s1	A	C	0.5872
13425.fa	C	C	1.0000
13425.mo	C	C	1.0000
13425.p1	C	C	1.0000
13426.fa	C	C	0.9775
13426.mo	A	A	0.0229
13426.p1	A	C	0.4973
13438.fa	C	C	0.9724
13438.mo	C	C	1.0000
13438.p1	C	C	1.0000
13438.s1	C	C	1.0000
13440.fa	C	C	0.9992
13440.mo	A	C	0.5547
13440.p1	C	C	1.0000
13451.fa	C	C	0.9814
13451.mo	A	C	0.6113
13451.p1	A	C	0.5795
13454.fa	C	C	1.0000
13454.mo	C	C	0.9817
13454.p1	C	C	1.0000
13466.fa	C	C	1.0000
13466.mo	C	C	0.9930
13466.p1	C	C	1.0000
13466.s1	C	C	1.0000
13478.fa	C	C	1.0000
13478.mo	A	C	0.4806
13478.p1	A	C	0.4750
13478.s1	A	C	0.5546
13484.fa	C	C	1.0000
13484.mo	A	C	0.4553
13484.p1	C	C	0.9849
13484.s1	C	C	1.0000
13521.fa	C	C	1.0000
13521.mo	A	C	0.6610
13521.p1	C	C	1.0000
13521.s1	C	C	1.0000
13522.fa	C	C	1.0000
13522.mo	C	C	1.0000
13522.p1	C	C	1.0000
13541.fa	C	C	1.0000
13541.mo	C	C	1.0000
13541.p1	C	C	0.9586
13541.s1	C	C	0.9980
13558.fa	C	C	1.0000
13558.mo	C	C	0.9799
13558.p1	C	C	1.0000
13560.fa	A	C	0.5201
13560.mo	C	C	1.0000
13560.p1	A	C	0.5300
13560.s1	A	C	0.5919
13565.fa	C	C	1.0000
13565.mo	C	C	0.9788
13565.p1	C	C	0.9940
13565.s1	C	C	1.0000
13572.fa	A	C	0.5889
13572.mo	C	C	1.0000
13572.p1	C	C	0.9889
13572.s1	A	C	0.4718
13574.fa	A	C	0.5608
13574.mo	C	C	0.9785
13574.p1	C	C	0.9636
13574.s1	A	C	0.4957
13592.fa	C	C	0.9807
13592.mo	C	C	1.0000
13592.p1	C	C	1.0000
13592.s1	C	C	1.0000
13592.s2	C	C	1.0000
13596.fa	C	C	0.9952
13596.mo	C	C	0.9889
13596.p1	C	C	1.0000
13600.fa	C	C	1.0000
13600.mo	C	C	1.0000
13600.p1	C	C	0.9866
13600.s1	C	C	0.9702
13602.fa	A	C	0.5726
13602.mo	A	C	0.4971
13602.p1	A	A	0.0000
13602.s1	A	A	0.0059
13603.fa	C	C	1.0000
13603.mo	C	C	0.9719
13603.p1	C	C	1.0000
13603.s1	C	C	1.0000
13603.s2	C	C	0.9761
13609.fa	A	C	0.5384
13609.mo	C	C	1.0000
13609.p1	C	C	1.0000
13609.s1	C	C	1.0000
13610.fa	A	C	0.6180
13610.mo	A	C	0.5254
13610.p1	A	A	0.0090
13611.fa	A	C	0.4900
13611.mo	C	C	0.9807
13611.p1	A	C	0.4889
13611.s1	C	C	1.0000
13613.fa	A	C	0.4809
13613.mo	C	C	1.0000
13613.p1	C	C	1.0000
13613.s1	A	C	0.4818
13614.fa	A	C	0.4999
13614.mo	A	C	0.4590
13614.p1	A	A	0.0000
13614.s1	A	A	0.0021
13615.fa	C	C	0.9998
13615.mo	C	C	1.0000
13615.p1	C	C	1.0000
13615.s1	C	C	0.9685
13617.fa	A	C	0.5221
13617.mo	A	C	0.4839
13617.p1	A	C	0.5360
13617.s1	A	C	0.5488
13618.fa	C	C	0.9996
13618.mo	C	C	1.0000
13618.p1	C	C	1.0000
13618.s1	C	C	0.9920
13619.fa	C	C	0.9998
13619.mo	C	C	0.9784
13619.p1	C	C	1.0000
13619.s1	C	C	1.0000
13623.fa	C	C	1.0000
13623.mo	C	C	1.0000
13623.p1	C	C	1.0000
13623.s1	C	C	1.0000
13624.fa	C	C	0.9941
13624.mo	C	C	0.9775
13624.p1	C	C	0.9702
13624.s1	C	C	1.0000
13626.fa	C	C	1.0000
13626.mo	C	C	1.0000
13626.p1	C	C	1.0000
13626.s1	C	C	1.0000
13626.s2	C	C	1.0000
13630.fa	C	C	1.0000
13630.mo	C	C	0.9908
13630.p1	C	C	0.9835
13630.s1	C	C	0.9955
13632.fa	C	C	0.9921
13632.mo	A	C	0.4604
13632.p1	A	C	0.4704
13632.s1	A	C	0.4877
13635.fa	C	C	1.0000
13635.mo	C	C	1.0000
13635.p1	C	C	0.9997
13636.fa	C	C	1.0000
13636.mo	C	C	0.9962
13636.p1	C	C	0.9840
13636.s1	C	C	1.0000
13636.s2	C	C	1.0000
13636.s3	C	C	1.0000
13639.fa	C	C	0.9890
13639.mo	C	C	1.0000
13639.p1	C	C	1.0000
13639.s1	C	C	1.0000
13640.fa	C	C	1.0000
13640.mo	C	C	1.0000
13640.p1	C	C	0.9996
13641.fa	C	C	1.0000
13641.mo	C	C	0.9992
13641.p1	C	C	0.9957
13643.fa	A	C	0.7311
13643.mo	C	C	0.9901
13643.p1	C	C	0.9918
13643.s1	A	C	0.4559
13647.fa	C	C	1.0000
13647.mo	A	C	0.4868
13647.p1	C	C	0.9987
13647.s1	C	C	1.0000
13649.fa	C	C	0.9729
13649.mo	C	C	1.0000
13649.p1	C	C	1.0000
13649.s1	C	C	0.9866
13651.fa	C	C	1.0000
13651.mo	A	C	0.4718
13651.p1	A	C	0.4778
13651.s1	C	C	1.0000
13653.fa	C	C	1.0000
13653.mo	A	C	0.4641
13653.p1	A	C	0.4594
13653.s1	C	C	1.0000
13655.fa	C	C	0.9969
13655.mo	A	C	0.5129
13655.p1	C	C	1.0000
13656.fa	C	C	1.0000
13656.mo	C	C	1.0000
13656.p1	C	C	1.0000
13657.fa	A	C	0.5254
13657.mo	A	C	0.4729
13657.p1	A	C	0.4680
13658.fa	A	C	0.4366
13658.mo	A	C	0.4589
13658.p1	A	A	0.0169
13659.fa	A	C	0.4450
13659.mo	C	C	0.9997
13659.p1	A	C	0.4379
13659.s1	C	C	0.9962
13661.fa	A	C	0.5569
13661.mo	C	C	1.0000
13661.p1	A	C	0.5845
13662.fa	C	C	1.0000
13662.mo	C	C	0.9586
13662.p1	C	C	0.9836
13663.fa	C	C	0.9862
13663.mo	C	C	1.0000
13663.p1	C	C	0.9953
13663.s1	C	C	0.9810
13664.fa	C	C	0.9923
13664.mo	C	C	0.9875
13664.p1	C	C	0.9941
13664.s1	C	C	1.0000
13666.fa	C	C	0.9386
13666.mo	A	C	0.4770
13666.p1	C	C	0.9958
13666.s1	A	C	0.4750
13666.s2	C	C	1.0000
13668.fa	C	C	1.0000
13668.mo	C	C	0.9846
13668.p1	C	C	0.9954
13668.s1	C	C	1.0000
13671.fa	A	C	0.4729
13671.mo	C	C	0.9883
13671.p1	A	C	0.4566
13671.s1	C	C	1.0000
13672.fa	A	C	0.5304
13672.mo	C	C	1.0000
13672.p1	C	C	0.9961
13672.p2	C	C	1.0000
13674.fa	C	C	0.9415
13674.mo	C	C	0.9665
13674.p1	C	C	0.9771
13674.s1	C	C	0.9554
13675.fa	A	C	0.4514
13675.mo	C	C	1.0000
13675.p1	A	C	0.4468
13676.fa	A	C	0.4256
13676.mo	C	C	1.0000
13676.p1	C	C	0.9313
13678.fa	C	C	0.9986
13678.mo	C	C	1.0000
13678.p1	C	C	0.9591
13678.s1	C	C	1.0000
13678.s2	C	C	0.9831
13679.fa	C	C	0.9871
13679.mo	C	C	0.9960
13679.p1	C	C	0.9931
13679.s1	C	C	0.9903
13680.fa	C	C	1.0000
13680.mo	C	C	1.0000
13680.p1	C	C	1.0000
13680.s1	C	C	0.9970
13681.fa	C	C	0.9846
13681.mo	A	C	0.4586
13681.p1	A	C	0.4986
13681.s1	A	C	0.4603
13683.fa	C	C	1.0000
13683.mo	A	C	0.5864
13683.p1	A	C	0.6632
13683.s1	C	C	0.9857
13685.fa	A	A	0.0428
13685.mo	C	C	0.9702
13685.p1	A	C	0.5310
13685.s1	A	C	0.5609
13686.fa	C	C	0.9954
13686.mo	C	C	0.9954
13686.p1	C	C	0.9996
13687.fa	C	C	0.9797
13687.mo	C	C	0.9955
13687.p1	C	C	0.9873
13687.s1	C	C	1.0000
13688.fa	C	C	0.9860
13688.mo	A	C	0.4797
13688.p1	C	C	0.9970
13688.s1	C	C	0.9939
13690.fa	C	C	1.0000
13690.mo	A	C	0.5136
13690.p1	A	C	0.5185
13691.fa	C	C	1.0000
13691.mo	C	C	0.9628
13691.p1	C	C	1.0000
13692.fa	C	C	0.9861
13692.mo	A	C	0.4435
13692.p1	A	C	0.4528
13692.s1	A	C	0.4433
13693.fa	A	C	0.6029
13693.mo	C	C	0.9893
13693.p1	A	C	0.4540
13694.fa	C	C	0.9948
13694.mo	A	A	0.0000
13694.p1	A	C	0.4897
13694.s1	A	C	0.4919
13697.fa	C	C	0.9845
13697.mo	C	C	1.0000
13697.p1	C	C	0.9618
13697.s1	C	C	1.0000
13700.fa	C	C	0.9721
13700.mo	A	C	0.4699
13700.p1	A	C	0.4811
13701.fa	C	C	0.9846
13701.mo	C	C	1.0000
13701.p1	C	C	0.9885
13701.s1	C	C	1.0000
13702.fa	A	C	0.4459
13702.mo	C	C	0.9857
13702.p1	C	C	1.0000
13702.s1	A	C	0.5208
13702.s2	A	C	0.4444
13703.fa	C	C	1.0000
13703.mo	C	C	1.0000
13703.p1	C	C	1.0000
13703.s1	C	C	0.9999
13704.fa	A	C	0.3859
13704.mo	C	C	1.0000
13704.p1	C	C	1.0000
13705.fa	A	C	0.4972
13705.mo	A	C	0.4588
13705.p1	A	C	0.4054
13705.s1	A	C	0.4245
13706.fa	A	C	0.4683
13706.mo	A	C	0.4676
13706.p1	C	C	0.9878
13706.s1	A	A	0.0000
13707.fa	C	C	1.0000
13707.mo	C	C	0.9861
13707.p1	C	C	0.9989
13708.fa	C	C	1.0000
13708.mo	C	C	1.0000
13708.p1	C	C	0.9851
13708.s1	C	C	0.9996
13709.fa	C	C	0.9876
13709.mo	C	C	0.9789
13709.p1	C	C	1.0000
13709.s1	C	C	1.0000
13710.fa	C	C	0.9786
13710.mo	A	C	0.4495
13710.p1	C	C	1.0000
13710.s1	C	C	0.9832
13711.fa	C	C	1.0000
13711.mo	C	C	0.9899
13711.p1	C	C	1.0000
13712.fa	C	C	0.9965
13712.mo	A	C	0.4687
13712.p1	A	C	0.4456
13712.s1	C	C	1.0000
13712.s2	C	C	1.0000
13714.fa	A	C	0.4312
13714.mo	C	C	1.0000
13714.p1	A	C	0.4477
13714.s1	C	C	0.9662
13716.fa	A	C	0.4606
13716.mo	C	C	1.0000
13716.p1	A	C	0.4759
13717.fa	C	C	1.0000
13717.mo	C	C	0.9988
13717.p1	C	C	0.9994
13718.fa	A	A	0.0160
13718.mo	C	C	1.0000
13718.p1	A	C	0.6575
13718.s1	A	C	0.4977
13719.fa	C	C	0.9887
13719.mo	A	C	0.7158
13719.p1	-	-	NaN
13719.s1	A	C	0.4944
13720.fa	A	C	0.4239
13720.mo	A	C	0.4570
13720.p1	C	C	0.9710
13720.s1	A	A	0.0207
13721.fa	C	C	0.9945
13721.mo	C	C	1.0000
13721.p1	C	C	0.9950
13721.s1	C	C	0.9907
13722.fa	C	C	0.9970
13722.mo	C	C	0.9962
13722.p1	C	C	0.9719
13722.s1	C	C	1.0000
13723.fa	C	C	1.0000
13723.mo	C	C	1.0000
13723.p1	C	C	0.9922
13723.s1	C	C	1.0000
13724.fa	C	C	0.9684
13724.mo	C	C	1.0000
13724.p1	C	C	1.0000
13724.s1	C	C	1.0000
13725.fa	A	A	0.0000
13725.mo	C	C	1.0000
13725.p1	A	C	0.4158
13725.s1	A	C	0.3911
13726.fa	C	C	0.9953
13726.mo	C	C	0.9764
13726.p1	C	C	0.9990
13726.s1	C	C	1.0000
13727.fa	A	C	0.4502
13727.mo	A	C	0.4516
13727.p1	A	C	0.4506
13727.s1	A	A	0.0000
13727.s2	A	C	0.4394
13730.fa	A	C	0.4472
13730.mo	A	C	0.4331
13730.p1	C	C	0.9978
13730.p2	C	C	1.0000
13730.s1	A	C	0.4127
13731.fa	C	C	1.0000
13731.mo	C	C	1.0000
13731.p1	C	C	1.0000
13732.fa	A	C	0.6772
13732.mo	A	C	0.6223
13732.p1	C	C	1.0000
13732.s1	A	C	0.5877
13733.fa	C	C	1.0000
13733.mo	A	C	0.4383
13733.p1	A	C	0.4314
13733.s1	A	C	0.4360
13735.fa	C	C	0.9219
13735.mo	C	C	1.0000
13735.p1	C	C	0.9499
13735.s1	C	C	0.9830
13736.fa	A	C	0.4591
13736.mo	C	C	1.0000
13736.p1	C	C	1.0000
13736.s1	C	C	1.0000
13737.fa	C	C	1.0000
13737.mo	C	C	0.9923
13737.p1	C	C	0.9989
13737.s1	C	C	1.0000
13738.fa	C	C	1.0000
13738.mo	C	C	1.0000
13738.p1	C	C	1.0000
13738.s1	C	C	0.9924
13739.fa	A	C	0.4698
13739.mo	C	C	0.9893
13739.p1	A	C	0.4099
13739.s1	C	C	1.0000
13740.fa	C	C	1.0000
13740.mo	C	C	0.9955
13740.p1	C	C	0.9967
13741.fa	A	C	0.4322
13741.mo	A	A	0.0041
13741.p1	A	C	0.4910
13741.s1	A	C	0.4898
13742.fa	C	C	0.9848
13742.mo	C	C	1.0000
13742.p1	C	C	1.0000
13742.s1	C	C	1.0000
13743.fa	C	C	1.0000
13743.mo	C	C	1.0000
13743.p1	C	C	1.0000
13744.fa	A	C	0.4518
13744.mo	C	C	0.9953
13744.p1	C	C	1.0000
13744.s1	C	C	0.9858
13745.fa	A	C	0.5985
13745.mo	C	C	0.9923
13745.p1	A	C	0.5801
13745.s1	A	C	0.6402
13745.s2	A	C	0.5970
13746.fa	A	C	0.4620
13746.mo	C	C	1.0000
13746.p1	A	C	0.4311
13746.s1	C	C	0.9977
13747.fa	A	C	0.5767
13747.mo	C	C	0.9873
13747.p1	A	C	0.5802
13747.s1	A	C	0.4902
13748.fa	A	C	0.4420
13748.mo	C	C	0.9799
13748.p1	C	C	1.0000
13748.s1	A	C	0.4105
13749.fa	C	C	1.0000
13749.mo	C	C	0.9933
13749.p1	C	C	1.0000
13750.fa	C	C	1.0000
13750.mo	C	C	1.0000
13750.p1	C	C	1.0000
13750.s1	C	C	1.0000
13752.fa	C	C	1.0000
13752.mo	C	C	0.9937
13752.p1	C	C	1.0000
13752.s1	C	C	1.0000
13753.fa	C	C	1.0000
13753.mo	C	C	1.0000
13753.p1	C	C	1.0000
13753.s1	C	C	1.0000
13755.fa	C	C	1.0000
13755.mo	A	C	0.5581
13755.p1	C	C	1.0000
13756.fa	C	C	1.0000
13756.mo	C	C	1.0000
13756.p1	C	C	1.0000
13756.s1	C	C	1.0000
13756.s2	C	C	1.0000
13757.fa	C	C	1.0000
13757.mo	C	C	0.9959
13757.p1	C	C	1.0000
13758.fa	C	C	1.0000
13758.mo	C	C	1.0000
13758.p1	C	C	0.9964
13759.fa	A	A	0.0343
13759.mo	C	C	0.9878
13759.p1	A	C	0.5436
13759.s1	A	C	0.4841
13760.fa	C	C	1.0000
13760.mo	A	C	0.5514
13760.p1	A	C	0.5498
13760.s1	A	C	0.4864
13761.fa	C	C	0.9955
13761.mo	C	C	1.0000
13761.p1	C	C	1.0000
13761.s1	C	C	1.0000
13762.fa	A	C	0.4439
13762.mo	A	C	0.4614
13762.p1	A	A	0.0000
13763.fa	C	C	1.0000
13763.mo	C	C	1.0000
13763.p1	C	C	1.0000
13763.s1	C	C	0.9634
13764.fa	C	C	1.0000
13764.mo	A	C	0.4886
13764.p1	C	C	1.0000
13764.s1	A	C	0.4965
13765.fa	C	C	1.0000
13765.mo	A	C	0.6034
13765.p1	C	C	1.0000
13765.s1	C	C	1.0000
13766.fa	C	C	0.9807
13766.mo	A	C	0.4433
13766.p1	A	C	0.4919
13766.s1	C	C	0.9999
13769.fa	C	C	0.9933
13769.mo	C	C	0.9761
13769.p1	C	C	0.9723
13769.s1	C	C	1.0000
13770.fa	C	C	1.0000
13770.mo	A	C	0.5284
13770.p1	A	C	0.4876
13770.s1	C	C	0.9766
13771.fa	C	C	0.9967
13771.mo	C	C	1.0000
13771.p1	C	C	0.9921
13771.s1	C	C	0.9859
13772.fa	C	C	1.0000
13772.mo	C	C	0.9886
13772.p1	C	C	1.0000
13772.s1	C	C	1.0000
13773.fa	A	A	0.0000
13773.mo	A	C	0.4924
13773.p1	A	A	0.0000
13773.s1	A	C	0.4923
13774.fa	A	C	0.4865
13774.mo	A	A	0.0000
13774.p1	A	C	0.4636
13774.s1	A	C	0.4850
13775.fa	C	C	0.9964
13775.mo	C	C	0.9554
13775.p1	C	C	1.0000
13776.fa	C	C	1.0000
13776.mo	C	C	1.0000
13776.p1	C	C	1.0000
13776.s1	C	C	1.0000
13777.fa	-	-	NaN
13777.mo	C	C	1.0000
13777.p1	A	C	0.4651
13777.s1	C	C	0.9949
13778.fa	C	C	1.0000
13778.mo	C	C	1.0000
13778.p1	C	C	0.9818
13779.fa	A	A	0.0324
13779.mo	C	C	1.0000
13779.p1	A	C	0.7328
13779.s1	A	C	0.5109
13780.fa	A	C	0.5126
13780.mo	C	C	1.0000
13780.p1	A	C	0.5469
13780.s1	A	C	0.5638
13781.fa	C	C	1.0000
13781.mo	C	C	0.9958
13781.p1	C	C	1.0000
13781.s1	C	C	1.0000
13782.fa	C	C	0.9964
13782.mo	A	C	0.4295
13782.p1	A	C	0.4792
13783.fa	A	A	0.0110
13783.mo	C	C	0.9910
13783.p1	A	C	0.4209
13784.fa	C	C	1.0000
13784.mo	C	C	1.0000
13784.p1	C	C	0.9941
13784.s1	C	C	0.9944
13785.fa	C	C	0.9962
13785.mo	C	C	0.9975
13785.p1	C	C	1.0000
13786.fa	C	C	1.0000
13786.mo	C	C	0.9829
13786.p1	C	C	0.9931
13787.fa	C	C	1.0000
13787.mo	C	C	0.9976
13787.p1	C	C	1.0000
13787.s1	C	C	0.9920
13788.fa	C	C	1.0000
13788.mo	C	C	1.0000
13788.p1	C	C	0.9953
13788.s1	C	C	1.0000
13791.fa	C	C	1.0000
13791.mo	A	C	0.4877
13791.p1	C	C	1.0000
13791.s1	C	C	0.9807
13792.fa	A	C	0.5340
13792.mo	C	C	0.9996
13792.p1	C	C	0.9915
13792.s1	A	C	0.4969
13793.fa	C	C	0.9854
13793.mo	C	C	0.9893
13793.p1	C	C	0.9816
13793.s1	C	C	0.9924
13795.fa	-	-	NaN
13795.mo	A	C	0.5082
13795.p1	A	C	0.4462
13795.s1	C	C	1.0000
13795.s2	A	C	0.4546
13796.fa	C	C	0.9682
13796.mo	A	C	0.4244
13796.p1	C	C	1.0000
13797.fa	A	C	0.4382
13797.mo	A	C	0.4454
13797.p1	A	C	0.4419
13798.fa	C	C	1.0000
13798.mo	C	C	1.0000
13798.p1	C	C	1.0000
13798.s1	C	C	0.9959
13798.s2	C	C	1.0000
13799.fa	C	C	1.0000
13799.mo	C	C	0.9243
13799.p1	C	C	0.9968
13799.s1	C	C	0.9895
13800.fa	C	C	1.0000
13800.mo	A	A	0.0115
13800.p1	A	C	0.4831
13800.s1	A	C	0.4751
13801.fa	C	C	1.0000
13801.mo	C	C	1.0000
13801.p1	C	C	0.9815
13801.s1	C	C	1.0000
13802.fa	C	C	1.0000
13802.mo	A	C	0.4832
13802.p1	A	C	0.4782
13802.s1	A	C	0.4949
13804.fa	C	C	1.0000
13804.mo	C	C	1.0000
13804.p1	C	C	1.0000
13804.s1	C	C	1.0000
13805.fa	C	C	1.0000
13805.mo	A	C	0.4833
13805.p1	A	C	0.5408
13805.s1	A	C	0.4958
13806.fa	C	C	1.0000
13806.mo	C	C	1.0000
13806.p1	C	C	1.0000
13807.fa	C	C	1.0000
13807.mo	C	C	1.0000
13807.p1	C	C	1.0000
13807.s1	C	C	0.9999
13808.fa	C	C	0.9691
13808.mo	A	C	0.4969
13808.p1	A	C	0.4582
13808.s1	C	C	0.9818
13808.s2	C	C	0.9993
13808.s3	A	C	0.4681
13809.fa	C	C	0.9931
13809.mo	A	C	0.4799
13809.p1	A	C	0.4852
13809.s1	A	C	0.5159
13810.fa	A	C	0.6145
13810.mo	C	C	1.0000
13810.p1	A	C	0.5173
13811.fa	C	C	0.9749
13811.mo	A	C	0.5563
13811.p1	C	C	1.0000
13812.fa	C	C	1.0000
13812.mo	C	C	1.0000
13812.p1	C	C	1.0000
13812.s1	C	C	1.0000
13813.fa	C	C	1.0000
13813.mo	C	C	1.0000
13813.p1	C	C	1.0000
13813.s1	C	C	0.9775
13814.fa	C	C	1.0000
13814.mo	A	C	0.4764
13814.p1	A	C	0.4862
13814.s1	C	C	0.9965
13815.fa	A	C	0.4143
13815.mo	C	C	1.0000
13815.p1	A	C	0.4989
13815.s1	C	C	1.0000
13817.fa	C	C	0.9710
13817.mo	C	C	1.0000
13817.p1	C	C	0.9905
13818.fa	C	C	0.9981
13818.mo	C	C	0.9872
13818.p1	C	C	0.9890
13818.p2	C	C	0.9887
13818.s1	C	C	0.9740
13820.fa	C	C	1.0000
13820.mo	C	C	1.0000
13820.p1	C	C	0.9920
13820.s1	C	C	1.0000
13821.fa	C	C	1.0000
13821.mo	A	C	0.4804
13821.p1	C	C	0.9939
13821.s1	A	C	0.4740
13822.fa	C	C	1.0000
13822.mo	A	C	0.4817
13822.p1	C	C	1.0000
13822.s1	C	C	1.0000
13822.s2	C	C	0.9944
13823.fa	C	C	1.0000
13823.mo	C	C	1.0000
13823.p1	C	C	1.0000
13823.s1	C	C	1.0000
13823.s2	C	C	1.0000
13825.fa	A	C	0.4369
13825.mo	A	C	0.6032
13825.p1	A	C	0.4817
13825.s1	A	C	0.4852
13827.fa	C	C	1.0000
13827.mo	C	C	0.9942
13827.p1	C	C	0.9688
13828.fa	C	C	0.9916
13828.mo	C	C	1.0000
13828.p1	C	C	1.0000
13829.fa	C	C	1.0000
13829.mo	A	C	0.4742
13829.p1	C	C	1.0000
13829.s1	C	C	1.0000
13830.fa	A	C	0.4613
13830.mo	C	C	0.9864
13830.p1	C	C	0.9970
13830.s1	C	C	1.0000
13830.s2	C	C	1.0000
13831.fa	C	C	1.0000
13831.mo	C	C	0.9975
13831.p1	C	C	1.0000
13831.s1	C	C	1.0000
13832.fa	C	C	0.9945
13832.mo	C	C	1.0000
13832.p1	C	C	0.9871
13832.s1	C	C	0.9972
13832.s2	C	C	0.9967
13833.fa	A	C	0.5097
13833.mo	C	C	1.0000
13833.p1	C	C	1.0000
13833.s1	C	C	1.0000
13835.fa	A	C	0.4681
13835.mo	C	C	0.9999
13835.p1	C	C	1.0000
13835.s1	A	C	0.5406
13836.fa	C	C	1.0000
13836.mo	C	C	0.9888
13836.p1	C	C	0.9858
13836.s1	C	C	0.9914
13837.fa	A	C	0.6828
13837.mo	A	C	0.4940
13837.p1	A	C	0.5575
13837.s1	A	C	0.6006
13838.fa	C	C	1.0000
13838.mo	A	C	0.5360
13838.p1	C	C	0.9826
13838.s1	A	C	0.5191
13839.fa	C	C	1.0000
13839.mo	C	C	1.0000
13839.p1	C	C	0.9940
13839.s1	C	C	1.0000
13841.fa	C	C	0.9906
13841.mo	C	C	1.0000
13841.p1	C	C	0.9676
13841.s1	C	C	1.0000
13842.fa	A	C	0.4719
13842.mo	A	C	0.4860
13842.p1	A	C	0.5324
13842.s1	A	C	0.4708
13843.fa	A	C	0.6304
13843.mo	A	C	0.5916
13843.p1	A	C	0.4992
13843.s1	C	C	0.9924
13844.fa	C	C	0.9840
13844.mo	A	C	0.4689
13844.p1	C	C	0.9422
13844.s1	A	C	0.4417
13844.s2	A	C	0.4520
13845.fa	C	C	1.0000
13845.mo	C	C	0.9970
13845.p1	C	C	1.0000
13846.fa	C	C	1.0000
13846.mo	C	C	1.0000
13846.p1	C	C	0.9823
13847.fa	C	C	1.0000
13847.mo	C	C	1.0000
13847.p1	C	C	1.0000
13848.fa	C	C	1.0000
13848.mo	A	C	0.5392
13848.p1	C	C	1.0000
13848.s1	C	C	1.0000
13849.fa	C	C	0.9975
13849.mo	C	C	1.0000
13849.p1	C	C	0.9931
13849.s1	C	C	1.0000
13849.s2	C	C	1.0000
13850.fa	A	C	0.6042
13850.mo	C	C	1.0000
13850.p1	A	C	0.5322
13850.s1	C	C	1.0000
13851.fa	C	C	1.0000
13851.mo	A	C	0.5292
13851.p1	A	C	0.4981
13851.s1	A	C	0.4945
13852.fa	A	A	0.0000
13852.mo	C	C	0.9843
13852.p1	A	C	0.5124
13852.s1	A	C	0.5105
13853.fa	C	C	0.9589
13853.mo	C	C	1.0000
13853.p1	C	C	1.0000
13853.s1	C	C	1.0000
13853.s2	C	C	1.0000
13854.fa	C	C	1.0000
13854.mo	C	C	0.9845
13854.p1	C	C	1.0000
13854.s1	C	C	1.0000
13855.fa	C	C	1.0000
13855.mo	A	C	0.6193
13855.p1	A	C	0.5207
13855.s1	C	C	0.9945
13856.fa	C	C	1.0000
13856.mo	C	C	1.0000
13856.p1	C	C	1.0000
13856.s1	C	C	1.0000
13856.s2	C	C	1.0000
13857.fa	A	C	0.6002
13857.mo	A	C	0.5965
13857.p1	A	C	0.5226
13858.fa	C	C	1.0000
13858.mo	A	C	0.4705
13858.p1	A	C	0.4879
13858.s1	A	C	0.4697
13859.fa	C	C	1.0000
13859.mo	C	C	1.0000
13859.p1	C	C	1.0000
13859.s1	C	C	0.9417
13859.s2	C	C	0.9824
13860.fa	A	C	0.4653
13860.mo	C	C	0.9787
13860.p1	A	C	0.4850
13861.fa	C	C	1.0000
13861.mo	A	C	0.4544
13861.p1	A	C	0.5025
13862.fa	C	C	1.0000
13862.mo	C	C	0.9969
13862.p1	C	C	0.9936
13862.s1	C	C	1.0000
13863.fa	C	C	1.0000
13863.mo	C	C	0.9954
13863.p1	C	C	1.0000
13863.s1	C	C	1.0000
13864.fa	A	C	0.4976
13864.mo	A	C	0.4946
13864.p1	A	A	0.0077
13864.s1	A	C	0.5048
13865.fa	C	C	1.0000
13865.mo	A	C	0.5222
13865.p1	A	C	0.4734
13865.s1	C	C	1.0000
13866.fa	A	C	0.5425
13866.mo	A	C	0.4853
13866.p1	A	A	0.0000
13866.s1	A	C	0.4819
13867.fa	C	C	0.9956
13867.mo	C	C	0.9110
13867.p1	C	C	0.9724
13867.s2	C	C	0.9909
13868.fa	A	C	0.4821
13868.mo	A	C	0.4994
13868.p1	A	A	0.0000
13868.s1	A	C	0.4987
13869.fa	C	C	0.9799
13869.mo	A	C	0.4874
13869.p1	A	C	0.5214
13869.s1	C	C	1.0000
13870.fa	C	C	1.0000
13870.mo	C	C	1.0000
13870.p1	C	C	0.9390
13870.s1	C	C	0.9938
13872.fa	A	C	0.4846
13872.mo	A	C	0.4843
13872.p1	A	C	0.5349
13872.s1	A	C	0.4897
13873.fa	C	C	0.9949
13873.mo	C	C	1.0000
13873.p1	C	C	1.0000
13874.fa	A	C	0.5721
13874.mo	C	C	0.9987
13874.p1	C	C	1.0000
13874.s1	A	C	0.5217
13875.fa	A	C	0.5869
13875.mo	C	C	1.0000
13875.p1	C	C	0.9964
13875.s1	A	C	0.5155
13876.fa	C	C	0.9913
13876.mo	A	C	0.4697
13876.p1	C	C	1.0000
13876.s1	C	C	1.0000
13877.fa	A	C	0.6354
13877.mo	C	C	0.9955
13877.p1	A	C	0.5116
13877.s1	A	C	0.5792
13878.fa	C	C	1.0000
13878.mo	C	C	0.9979
13878.p1	C	C	1.0000
13879.fa	A	C	0.5340
13879.mo	A	C	0.4868
13879.p1	A	C	0.4855
13879.s1	C	C	1.0000
13880.fa	C	C	1.0000
13880.mo	C	C	1.0000
13880.p1	C	C	1.0000
13880.s1	C	C	1.0000
13881.fa	C	C	1.0000
13881.mo	C	C	1.0000
13881.p1	C	C	1.0000
13881.s1	C	C	1.0000
13882.fa	A	C	0.5095
13882.mo	C	C	0.9835
13882.p1	C	C	0.9885
13882.s1	C	C	1.0000
13883.fa	A	C	0.5839
13883.mo	C	C	1.0000
13883.p1	C	C	1.0000
13884.fa	A	C	0.6128
13884.mo	A	C	0.5471
13884.p1	A	C	0.5523
13884.s1	A	C	0.5782
13885.fa	A	C	0.3737
13885.mo	A	C	0.4260
13885.p1	A	C	0.4242
13885.s1	A	A	0.0000
13886.fa	C	C	1.0000
13886.mo	C	C	1.0000
13886.p1	C	C	0.9874
13886.s1	C	C	1.0000
13887.fa	C	C	0.9960
13887.mo	C	C	1.0000
13887.p1	C	C	1.0000
13887.s1	C	C	1.0000
13887.s2	C	C	0.9961
13888.fa	C	C	1.0000
13888.mo	C	C	1.0000
13888.p1	C	C	1.0000
13888.s1	C	C	1.0000
13889.fa	C	C	1.0000
13889.mo	A	C	0.4182
13889.p1	A	C	0.4390
13889.s1	A	C	0.4136
13890.fa	A	C	0.5320
13890.mo	C	C	1.0000
13890.p1	C	C	1.0000
13890.s1	A	C	0.5467
13891.fa	A	C	0.5383
13891.mo	C	C	1.0000
13891.p1	A	C	0.5368
13891.s1	A	C	0.4915
13892.fa	A	C	0.4589
13892.mo	C	C	0.9625
13892.p1	A	C	0.4082
13892.s1	C	C	1.0000
13893.fa	C	C	1.0000
13893.mo	A	C	0.4672
13893.p1	A	C	0.5529
13893.s1	C	C	0.9655
13894.fa	A	C	0.4830
13894.mo	C	C	1.0000
13894.p1	A	C	0.4129
13894.s1	A	C	0.4969
13895.fa	C	C	1.0000
13895.mo	C	C	1.0000
13895.p1	C	C	1.0000
13895.s1	C	C	1.0000
13896.fa	C	C	0.9876
13896.mo	C	C	1.0000
13896.p1	C	C	1.0000
13897.fa	C	C	1.0000
13897.mo	C	C	0.9844
13897.p1	C	C	1.0000
13898.fa	C	C	0.9765
13898.mo	C	C	0.9979
13898.p1	C	C	0.9993
13898.s1	C	C	1.0000
13899.fa	C	C	1.0000
13899.mo	C	C	0.9876
13899.p1	C	C	0.9724
13899.s1	C	C	1.0000
13900.fa	C	C	0.9727
13900.mo	A	C	0.5997
13900.p1	C	C	0.9194
13900.s1	C	C	0.9905
13901.fa	C	C	1.0000
13901.mo	C	C	0.9936
13901.p1	C	C	1.0000
13901.s1	C	C	0.9888
13902.fa	C	C	1.0000
13902.mo	A	C	0.6644
13902.p1	C	C	1.0000
13902.s1	A	C	0.5694
13903.fa	C	C	1.0000
13903.mo	C	C	1.0000
13903.p1	C	C	1.0000
13903.s1	C	C	0.9903
13904.fa	C	C	0.9808
13904.mo	C	C	1.0000
13904.p1	C	C	0.9969
13905.fa	C	C	1.0000
13905.mo	A	C	0.5690
13905.p1	C	C	0.9572
13905.s1	C	C	0.9943
13905.s2	A	C	0.5757
13906.fa	C	C	0.9692
13906.mo	C	C	1.0000
13906.p1	C	C	1.0000
13906.s1	C	C	0.9913
13907.fa	A	C	0.5992
13907.mo	C	C	0.9647
13907.p1	C	C	1.0000
13907.s1	A	C	0.4681
13908.fa	C	C	1.0000
13908.mo	C	C	0.9875
13908.p1	C	C	1.0000
13909.fa	C	C	1.0000
13909.mo	C	C	1.0000
13909.p1	C	C	0.9860
13909.s1	C	C	0.9977
13910.fa	A	A	0.0085
13910.mo	C	C	1.0000
13910.p1	A	C	0.4847
13910.s1	A	C	0.4976
13911.fa	C	C	1.0000
13911.mo	C	C	1.0000
13911.p1	C	C	0.9906
13912.fa	A	C	0.5435
13912.mo	C	C	1.0000
13912.p1	A	C	0.5063
13912.s1	A	C	0.4541
13913.fa	C	C	1.0000
13913.mo	C	C	1.0000
13913.p1	C	C	1.0000
13913.s1	C	C	0.9980
13914.fa	C	C	1.0000
13914.mo	C	C	1.0000
13914.p1	C	C	0.9870
13914.s1	C	C	1.0000
13915.fa	C	C	0.9668
13915.mo	A	C	0.5559
13915.p1	C	C	0.9350
13915.s1	C	C	0.9638
13916.fa	C	C	0.9586
13916.mo	C	C	1.0000
13916.p1	C	C	0.9922
13916.s1	C	C	0.9702
13917.fa	C	C	0.9939
13917.mo	C	C	0.9994
13917.p1	C	C	1.0000
13917.s1	C	C	0.9942
13918.fa	C	C	0.9819
13918.mo	C	C	0.9970
13918.p1	C	C	1.0000
13918.s1	C	C	1.0000
13919.fa	C	C	0.9526
13919.mo	C	C	0.9759
13919.p1	C	C	0.9695
13919.s1	C	C	0.9903
13920.fa	C	C	0.9850
13920.mo	C	C	0.9846
13920.p1	C	C	1.0000
13920.s1	C	C	1.0000
13921.fa	A	C	0.6324
13921.mo	C	C	1.0000
13921.p1	C	C	1.0000
13921.s1	C	C	1.0000
13922.fa	A	C	0.5874
13922.mo	A	C	0.6339
13922.p1	A	A	0.0224
13922.s1	A	C	0.5980
13923.fa	C	C	0.9798
13923.mo	A	A	0.0394
13923.p1	A	C	0.6145
13923.s1	A	C	0.6378
13924.fa	C	C	0.9959
13924.mo	C	C	0.9942
13924.p1	C	C	1.0000
13924.s1	C	C	0.9932
13925.fa	C	C	0.9983
13925.mo	C	C	0.9986
13925.p1	C	C	1.0000
13925.s1	C	C	1.0000
13926.fa	A	C	0.5884
13926.mo	A	C	0.6226
13926.p1	A	C	0.6282
13926.s1	C	C	1.0000
13927.fa	C	C	0.9875
13927.mo	C	C	1.0000
13927.p1	C	C	0.9936
13927.s1	C	C	1.0000
13928.fa	C	C	0.9925
13928.mo	C	C	1.0000
13928.p1	C	C	1.0000
13928.s1	C	C	0.9925
13929.fa	A	C	0.5921
13929.mo	C	C	1.0000
13929.p1	A	C	0.5422
13929.s1	A	C	0.6394
13930.fa	C	C	0.9911
13930.mo	-	-	NaN
13930.p1	C	C	1.0000
13930.s2	C	C	1.0000
13931.fa	C	C	0.9772
13931.mo	C	C	0.9471
13931.p1	C	C	0.9658
13931.s1	C	C	0.9613
13932.fa	A	C	0.5966
13932.mo	A	A	0.0016
13932.p1	A	C	0.6351
13932.s1	A	C	0.6642
13932.s2	A	A	0.0000
13933.fa	C	C	1.0000
13933.mo	C	C	1.0000
13933.p1	C	C	1.0000
13934.fa	C	C	1.0000
13934.mo	A	C	0.5878
13934.p1	C	C	1.0000
13934.s1	A	C	0.5654
13935.fa	C	C	0.9715
13935.mo	A	C	0.5542
13935.p1	A	C	0.6537
13938.fa	C	C	1.0000
13938.mo	A	C	0.5721
13938.p1	C	C	1.0000
13938.s1	A	C	0.6349
13939.fa	A	C	0.5487
13939.mo	C	C	0.9794
13939.p1	C	C	0.9749
13939.s1	A	C	0.5284
13940.fa	C	C	0.9957
13940.mo	A	C	0.6006
13940.p1	A	C	0.6111
13940.s1	C	C	1.0000
13940.s2	A	C	0.6014
13941.fa	C	C	1.0000
13941.mo	C	C	0.9730
13941.p1	C	C	1.0000
13941.s1	C	C	1.0000
13942.fa	C	C	0.9998
13942.mo	A	C	0.6129
13942.p1	C	C	1.0000
13942.s1	A	C	0.5319
13944.fa	C	C	1.0000
13944.mo	C	C	1.0000
13944.p1	C	C	1.0000
13944.s1	C	C	1.0000
13945.fa	C	C	1.0000
13945.mo	C	C	0.9981
13945.p1	C	C	0.9824
13945.s1	C	C	0.9973
13946.fa	A	C	0.5493
13946.mo	C	C	0.9907
13946.p1	C	C	0.9581
13946.s1	C	C	1.0000
13947.fa	A	C	0.6317
13947.mo	C	C	0.9785
13947.p1	A	C	0.6485
13947.s1	A	C	0.5449
13948.fa	A	C	0.5365
13948.mo	C	C	1.0000
13948.p1	C	C	1.0000
13948.s1	C	C	1.0000
13948.s2	C	C	1.0000
13949.fa	C	C	0.9894
13949.mo	C	C	1.0000
13949.p1	C	C	1.0000
13949.s1	C	C	0.9798
13951.fa	C	C	1.0000
13951.mo	C	C	0.9876
13951.p1	C	C	0.9851
13951.s1	C	C	0.9668
13952.fa	A	C	0.6464
13952.mo	A	C	0.6709
13952.p1	A	C	0.7575
13952.s1	A	A	0.0369
13953.fa	A	A	0.0000
13953.mo	C	C	1.0000
13953.p1	A	C	0.5732
13953.s1	A	C	0.6266
13954.fa	A	C	0.5448
13954.mo	A	A	0.0036
13954.p1	A	C	0.6033
13954.s1	A	A	0.0102
13956.fa	C	C	0.9738
13956.mo	A	A	0.0263
13956.p1	A	C	0.6574
13956.s1	A	C	0.5305
13957.fa	A	C	0.5670
13957.mo	A	C	0.5853
13957.p1	A	A	0.0083
13957.s1	A	A	0.0142
13958.fa	A	C	0.5514
13958.mo	C	C	1.0000
13958.p1	A	C	0.5739
13959.fa	C	C	0.9117
13959.mo	A	C	0.5993
13959.p1	A	C	0.5779
13960.fa	C	C	0.9574
13960.mo	C	C	0.9951
13960.p1	C	C	1.0000
13961.fa	C	C	0.9840
13961.mo	C	C	0.9961
13961.p1	C	C	1.0000
13961.s1	C	C	0.9929
13962.fa	A	C	0.5828
13962.mo	C	C	1.0000
13962.p1	C	C	1.0000
13962.s1	C	C	0.9815
13963.fa	C	C	1.0000
13963.mo	A	C	0.4956
13963.p1	A	C	0.5507
13963.s1	C	C	1.0000
13964.fa	C	C	1.0000
13964.mo	C	C	1.0000
13964.p1	C	C	0.9854
13964.s1	C	C	1.0000
13965.fa	C	C	1.0000
13965.mo	A	C	0.5789
13965.p1	C	C	0.9675
13965.s1	A	C	0.5090
13966.fa	C	C	0.9762
13966.mo	A	C	0.6082
13966.p1	A	C	0.6197
13966.s1	C	C	0.9859
13967.fa	A	A	0.0074
13967.mo	A	C	0.5979
13967.p1	A	A	0.0316
13967.s1	A	C	0.5900
13968.fa	C	C	1.0000
13968.mo	C	C	0.9945
13968.p1	C	C	0.9932
13968.s1	C	C	0.9892
13970.fa	C	C	0.9991
13970.mo	C	C	1.0000
13970.p1	C	C	1.0000
13970.s1	C	C	1.0000
13971.fa	A	C	0.5638
13971.mo	A	C	0.5799
13971.p1	A	C	0.4978
13971.s1	A	A	0.0188
13972.fa	C	C	1.0000
13972.mo	C	C	0.9871
13972.p1	C	C	1.0000
13972.s1	C	C	1.0000
13973.fa	C	C	1.0000
13973.mo	A	C	0.4179
13973.p1	C	C	1.0000
13973.s1	A	C	0.4426
13975.fa	C	C	0.9874
13975.mo	C	C	0.9927
13975.p1	C	C	0.9858
13975.s1	C	C	1.0000
13976.fa	C	C	0.9998
13976.mo	C	C	1.0000
13976.p1	C	C	1.0000
13976.s1	C	C	1.0000
13976.s2	C	C	1.0000
13977.fa	C	C	1.0000
13977.mo	A	C	0.4785
13977.p1	C	C	1.0000
13977.s1	C	C	1.0000
13978.fa	C	C	1.0000
13978.mo	A	C	0.6420
13978.p1	C	C	1.0000
13979.fa	A	A	0.0179
13979.mo	C	C	0.9784
13979.p1	A	C	0.5671
13980.fa	C	C	0.9913
13980.mo	C	C	1.0000
13980.p1	C	C	1.0000
13980.s1	C	C	0.9981
13980.s2	C	C	1.0000
13981.fa	A	C	0.4389
13981.mo	A	C	0.4361
13981.p1	A	C	0.4565
13981.s1	A	A	0.0000
13982.fa	C	C	1.0000
13982.mo	A	C	0.5152
13982.p1	C	C	1.0000
13982.s1	C	C	1.0000
13983.fa	C	C	0.9972
13983.mo	A	C	0.6691
13983.p1	A	C	0.6363
13984.fa	C	C	1.0000
13984.mo	C	C	1.0000
13984.p1	C	C	1.0000
13984.s1	C	C	1.0000
13985.fa	C	C	1.0000
13985.mo	C	C	0.9934
13985.p1	C	C	1.0000
13985.s1	C	C	1.0000
13986.fa	A	A	0.0587
13986.mo	C	C	0.9977
13986.p1	A	C	0.6880
13986.s1	A	C	0.5331
13987.fa	A	C	0.6603
13987.mo	C	C	1.0000
13987.p1	A	C	0.6835
13988.fa	C	C	0.9907
13988.mo	C	C	0.9894
13988.p1	C	C	0.9869
13988.s1	C	C	0.9538
13990.fa	C	C	0.9937
13990.mo	A	C	0.6657
13990.p1	C	C	0.9922
13991.fa	C	C	1.0000
13991.mo	A	C	0.4469
13991.p1	A	C	0.4446
13991.s1	C	C	0.9888
13992.fa	C	C	0.9827
13992.mo	C	C	0.9978
13992.p1	C	C	1.0000
13992.s1	C	C	1.0000
13993.fa	C	C	1.0000
13993.mo	A	C	0.4772
13993.p1	C	C	1.0000
13993.s1	C	C	0.9998
13994.fa	C	C	1.0000
13994.mo	A	C	0.5504
13994.p1	C	C	0.9969
13995.fa	C	C	0.9487
13995.mo	C	C	0.9971
13995.p1	C	C	1.0000
13996.fa	A	C	0.4541
13996.mo	C	C	0.9995
13996.p1	A	C	0.4332
13996.s1	C	C	0.9845
13997.fa	C	C	1.0000
13997.mo	C	C	1.0000
13997.p1	C	C	1.0000
13997.s1	C	C	1.0000
13998.fa	C	C	0.9816
13998.mo	C	C	0.9775
13998.p1	C	C	1.0000
13998.s1	C	C	1.0000
13998.s2	C	C	0.9750
13999.fa	A	C	0.5742
13999.mo	A	C	0.6350
13999.p1	A	A	0.0123
14000.fa	A	C	0.6706
14000.mo	C	C	1.0000
14000.p1	C	C	1.0000
14000.s1	C	C	0.9982
14002.fa	C	C	0.9984
14002.mo	C	C	1.0000
14002.p1	C	C	1.0000
14002.s1	C	C	0.9841
14003.fa	C	C	0.9954
14003.mo	C	C	1.0000
14003.p1	C	C	1.0000
14003.s1	C	C	1.0000
14004.fa	C	C	0.9874
14004.mo	A	A	0.0055
14004.p1	A	C	0.6514
14004.s1	A	C	0.5292
14005.fa	A	C	0.7035
14005.mo	C	C	1.0000
14005.p1	C	C	0.9972
14005.s1	A	C	0.5556
14006.fa	A	C	0.4833
14006.mo	C	C	1.0000
14006.p1	A	C	0.4255
14006.s1	A	C	0.4168
14007.fa	A	C	0.3975
14007.mo	C	C	1.0000
14007.p1	A	C	0.4373
14007.s1	C	C	0.9898
14008.fa	C	C	0.9750
14008.mo	C	C	1.0000
14008.p1	C	C	1.0000
14008.s1	C	C	0.9949
14008.s2	C	C	1.0000
14009.fa	C	C	1.0000
14009.mo	C	C	0.9789
14009.p1	C	C	0.9781
14009.s1	C	C	0.9940
14009.s2	C	C	0.9877
14010.fa	C	C	1.0000
14010.mo	C	C	0.9980
14010.p1	C	C	0.9443
14011.fa	C	C	1.0000
14011.mo	A	C	0.4363
14011.p1	C	C	1.0000
14011.s1	A	C	0.4472
14012.fa	C	C	0.9911
14012.mo	C	C	0.9905
14012.p1	C	C	0.9925
14012.s1	C	C	0.9970
14013.fa	C	C	0.9262
14013.mo	A	C	0.5944
14013.p1	A	C	0.6212
14015.fa	C	C	1.0000
14015.mo	A	C	0.4553
14015.p1	C	C	1.0000
14015.s1	A	C	0.4173
14016.fa	C	C	1.0000
14016.mo	C	C	0.9981
14016.p1	C	C	1.0000
14016.s1	C	C	1.0000
14017.fa	C	C	1.0000
14017.mo	A	C	0.4482
14017.p1	C	C	1.0000
14017.s1	A	C	0.4884
14018.fa	C	C	1.0000
14018.mo	C	C	0.9939
14018.p1	C	C	1.0000
14018.s1	C	C	1.0000
14019.fa	C	C	1.0000
14019.mo	C	C	0.9871
14019.p1	C	C	0.9958
14019.s1	C	C	0.9600
14021.fa	A	C	0.5528
14021.mo	A	C	0.6115
14021.p1	A	A	0.0389
14021.s1	A	C	0.5886
14022.fa	A	C	0.5927
14022.mo	C	C	1.0000
14022.p1	A	C	0.6377
14022.s1	C	C	1.0000
14023.fa	C	C	0.9948
14023.mo	C	C	1.0000
14023.p1	C	C	1.0000
14023.s1	C	C	0.9896
14024.fa	A	C	0.5252
14024.mo	C	C	0.9827
14024.p1	C	C	1.0000
14024.s1	C	C	0.9845
14024.s2	C	C	0.9969
14025.fa	A	C	0.6248
14025.mo	C	C	0.9944
14025.p1	C	C	1.0000
14025.s1	C	C	0.9971
14026.fa	A	C	0.6063
14026.mo	C	C	0.9839
14026.p1	C	C	1.0000
14026.s1	C	C	1.0000
14027.fa	C	C	1.0000
14027.mo	A	C	0.6411
14027.p1	C	C	0.9835
14027.s1	C	C	1.0000
14028.fa	C	C	1.0000
14028.mo	C	C	0.9614
14028.p1	C	C	0.9810
14028.s1	C	C	0.9883
14029.fa	C	C	0.9986
14029.mo	A	C	0.6484
14029.p1	A	C	0.6271
14030.fa	A	C	0.6666
14030.mo	A	C	0.6124
14030.p1	A	C	0.5948
14030.s1	A	A	0.0000
14030.s2	A	C	0.5591
14031.fa	C	C	1.0000
14031.mo	C	C	0.9817
14031.p1	C	C	1.0000
14031.s1	C	C	0.9761
14032.fa	C	C	1.0000
14032.mo	C	C	0.9981
14032.p1	C	C	0.9791
14032.s1	C	C	1.0000
14033.fa	A	C	0.5393
14033.mo	A	C	0.6568
14033.p1	C	C	0.9239
14034.fa	C	C	1.0000
14034.mo	C	C	1.0000
14034.p1	C	C	1.0000
14034.s1	C	C	1.0000
14035.fa	C	C	1.0000
14035.mo	C	C	0.9996
14035.p1	C	C	1.0000
14036.fa	C	C	1.0000
14036.mo	C	C	0.9840
14036.p1	C	C	1.0000
14036.s1	C	C	1.0000
14037.fa	C	C	1.0000
14037.mo	C	C	0.9874
14037.p1	C	C	1.0000
14037.s1	C	C	1.0000
14037.s2	C	C	1.0000
14038.fa	C	C	0.9797
14038.mo	C	C	1.0000
14038.p1	C	C	1.0000
14038.s1	C	C	0.9922
14039.fa	C	C	0.9904
14039.mo	C	C	1.0000
14039.p1	C	C	1.0000
14039.s1	C	C	0.9917
14040.fa	C	C	0.9921
14040.mo	A	C	0.4983
14040.p1	C	C	0.9940
14040.s1	A	C	0.5514
14041.fa	C	C	1.0000
14041.mo	A	C	0.6710
14041.p1	A	C	0.7111
14041.s1	A	C	0.6023
14042.fa	C	C	0.9895
14042.mo	C	C	1.0000
14042.p1	C	C	0.9950
14042.s1	C	C	1.0000
14043.fa	C	C	0.9791
14043.mo	A	A	0.0030
14043.p1	A	C	0.5532
14043.s1	A	C	0.6116
14044.fa	C	C	1.0000
14044.mo	C	C	1.0000
14044.p1	C	C	0.9848
14044.s1	C	C	1.0000
14045.fa	C	C	1.0000
14045.mo	A	C	0.6480
14045.p1	A	C	0.5776
14046.fa	A	C	0.6285
14046.mo	A	C	0.5636
14046.p1	C	C	1.0000
14046.s1	C	C	1.0000
14047.fa	C	C	1.0000
14047.mo	C	C	1.0000
14047.p1	C	C	1.0000
14047.s1	C	C	1.0000
14048.fa	C	C	1.0000
14048.mo	C	C	1.0000
14048.p1	C	C	1.0000
14048.s1	C	C	1.0000
14049.fa	C	C	0.9682
14049.mo	C	C	0.9620
14049.p1	C	C	1.0000
14050.fa	C	C	0.9552
14050.mo	C	C	1.0000
14050.p1	C	C	1.0000
14051.fa	A	C	0.6421
14051.mo	C	C	1.0000
14051.p1	C	C	1.0000
14051.s1	A	C	0.6779
14052.fa	A	A	0.0218
14052.mo	A	C	0.5529
14052.p1	A	C	0.6832
14052.s1	A	A	0.0064
14053.fa	C	C	1.0000
14053.mo	C	C	1.0000
14053.p1	C	C	0.9875
14053.s1	C	C	0.9817
14053.s2	C	C	0.9787
14054.fa	C	C	1.0000
14054.mo	A	C	0.5553
14054.p1	A	C	0.7336
14054.s1	C	C	0.9756
14055.fa	C	C	1.0000
14055.mo	C	C	0.9866
14055.p1	C	C	1.0000
14055.s1	C	C	0.9926
14057.fa	C	C	1.0000
14057.mo	C	C	1.0000
14057.p1	C	C	0.9580
14058.fa	C	C	1.0000
14058.mo	C	C	1.0000
14058.p1	C	C	0.9935
14058.s1	C	C	1.0000
14059.fa	A	C	0.5721
14059.mo	A	C	0.6058
14059.p1	C	C	0.9884
14060.fa	A	A	0.0330
14060.mo	A	C	0.5168
14060.p1	A	A	0.0278
14061.fa	C	C	0.9975
14061.mo	C	C	1.0000
14061.p1	C	C	1.0000
14061.s1	C	C	1.0000
14062.fa	A	C	0.5794
14062.mo	C	C	1.0000
14062.p1	A	C	0.6020
14063.fa	C	C	1.0000
14063.mo	C	C	0.9773
14063.p1	C	C	0.9919
14063.s1	C	C	1.0000
14065.fa	A	C	0.6879
14065.mo	C	C	1.0000
14065.p1	A	C	0.6454
14065.s1	A	C	0.5774
14066.fa	A	C	0.5739
14066.mo	A	C	0.5537
14066.p1	C	C	1.0000
14066.s1	A	A	0.0064
14067.fa	A	C	0.5468
14067.mo	C	C	0.9811
14067.p1	A	C	0.4473
14068.fa	A	A	0.0000
14068.mo	C	C	1.0000
14068.p1	A	C	0.7156
14068.s1	A	C	0.5476
14069.fa	A	C	0.5790
14069.mo	A	C	0.5927
14069.p1	A	A	0.0288
14070.fa	A	C	0.6537
14070.mo	C	C	1.0000
14070.p1	A	C	0.6110
14070.s1	A	C	0.6366
14071.fa	C	C	1.0000
14071.mo	C	C	0.9716
14071.p1	C	C	1.0000
14071.p2	C	C	1.0000
14071.s1	C	C	0.9804
14073.fa	C	C	1.0000
14073.mo	C	C	0.9930
14073.p1	C	C	1.0000
14074.fa	C	C	1.0000
14074.mo	C	C	1.0000
14074.p1	C	C	1.0000
14075.fa	C	C	0.9878
14075.mo	C	C	1.0000
14075.p1	C	C	1.0000
14075.s1	C	C	0.9978
14076.fa	A	C	0.5650
14076.mo	C	C	0.9950
14076.p1	C	C	1.0000
14076.s1	A	C	0.6445
14077.fa	C	C	0.9985
14077.mo	C	C	1.0000
14077.p1	C	C	1.0000
14077.s1	C	C	1.0000
14079.fa	A	C	0.6435
14079.mo	C	C	0.9259
14079.p1	A	C	0.5847
14080.fa	C	C	1.0000
14080.mo	C	C	1.0000
14080.p1	C	C	1.0000
14080.s1	C	C	0.9898
14081.fa	A	A	0.0005
14081.mo	C	C	0.9996
14081.p1	A	C	0.6050
14081.s1	A	C	0.5262
14082.fa	C	C	1.0000
14082.mo	C	C	1.0000
14082.p1	C	C	0.9851
14082.s1	C	C	0.9751
14084.fa	C	C	1.0000
14084.mo	C	C	1.0000
14084.p1	C	C	0.9883
14084.s1	C	C	1.0000
14084.s2	C	C	0.9963
14085.fa	C	C	1.0000
14085.mo	C	C	0.9852
14085.p1	C	C	0.9947
14085.s1	C	C	0.9897
14086.fa	C	C	1.0000
14086.mo	C	C	0.9817
14086.p1	C	C	0.9665
14086.s1	C	C	0.9920
14088.fa	A	C	0.5204
14088.mo	A	C	0.4495
14088.p1	A	C	0.4282
14088.s1	A	C	0.4241
14088.s2	C	C	1.0000
14090.fa	C	C	1.0000
14090.mo	A	C	0.6016
14090.p1	A	C	0.6559
14090.s1	C	C	1.0000
14091.fa	A	C	0.5525
14091.mo	C	C	0.9908
14091.p1	C	C	1.0000
14093.fa	C	C	1.0000
14093.mo	C	C	1.0000
14093.p1	C	C	0.9899
14093.s1	C	C	0.9995
14094.fa	C	C	1.0000
14094.mo	C	C	1.0000
14094.p1	C	C	1.0000
14095.fa	C	C	1.0000
14095.mo	C	C	1.0000
14095.p1	C	C	1.0000
14095.s1	C	C	1.0000
14095.s2	C	C	0.9880
14096.fa	C	C	1.0000
14096.mo	C	C	0.9755
14096.p1	C	C	0.9861
14096.s1	C	C	0.9976
14097.fa	C	C	0.9847
14097.mo	A	A	0.0193
14097.p1	A	C	0.6319
14097.s1	A	C	0.6791
14097.s2	A	C	0.6296
14098.fa	C	C	0.9893
14098.mo	A	C	0.4559
14098.p1	A	C	0.4413
14099.fa	A	C	0.5734
14099.mo	C	C	0.9982
14099.p1	C	C	1.0000
14100.fa	C	C	1.0000
14100.mo	C	C	0.9943
14100.p1	C	C	0.9909
14100.s1	C	C	1.0000
14100.s2	C	C	0.9682
14101.fa	C	C	1.0000
14101.mo	C	C	1.0000
14101.p1	C	C	0.9914
14101.s1	C	C	1.0000
14102.fa	C	C	1.0000
14102.mo	A	C	0.6373
14102.p1	C	C	1.0000
14103.fa	A	C	0.4474
14103.mo	A	C	0.3999
14103.p1	A	A	0.0000
14103.s1	A	C	0.4475
14103.s2	A	C	0.4270
14104.fa	C	C	1.0000
14104.mo	C	C	1.0000
14104.p1	C	C	1.0000
14104.s1	C	C	1.0000
14105.fa	C	C	1.0000
14105.mo	C	C	1.0000
14105.p1	C	C	0.9924
14107.fa	C	C	1.0000
14107.mo	C	C	0.9867
14107.p1	C	C	0.9832
14107.s1	C	C	1.0000
14107.s2	C	C	0.9887
14108.fa	A	C	0.6541
14108.mo	A	C	0.5243
14108.p1	A	C	0.5635
14108.s1	A	C	0.6199
14109.fa	C	C	1.0000
14109.mo	A	C	0.6850
14109.p1	C	C	0.9961
14109.s1	C	C	1.0000
14110.fa	A	C	0.4551
14110.mo	C	C	1.0000
14110.p1	C	C	1.0000
14110.s1	C	C	0.9912
14111.fa	C	C	1.0000
14111.mo	C	C	0.9690
14111.p1	C	C	0.9943
14111.s1	C	C	0.9955
14112.fa	C	C	1.0000
14112.mo	C	C	0.9908
14112.p1	C	C	1.0000
14112.s1	C	C	0.9906
14112.s2	C	C	1.0000
14113.fa	C	C	0.9966
14113.mo	C	C	1.0000
14113.p1	C	C	0.9885
14113.s1	C	C	1.0000
14114.fa	A	C	0.6201
14114.mo	C	C	1.0000
14114.p1	A	C	0.6322
14114.s1	C	C	0.9904
14115.fa	C	C	1.0000
14115.mo	C	C	0.9936
14115.p1	C	C	1.0000
14115.s1	C	C	0.9835
14115.s2	C	C	1.0000
14116.fa	C	C	1.0000
14116.mo	C	C	1.0000
14116.p1	C	C	1.0000
14116.s1	C	C	1.0000
14117.fa	C	C	0.9942
14117.mo	A	C	0.5486
14117.p1	A	C	0.6677
14117.s1	A	C	0.6275
14118.fa	C	C	0.9977
14118.mo	A	C	0.6101
14118.p1	C	C	0.9981
14118.s1	A	C	0.5839
14119.fa	C	C	0.9892
14119.mo	A	C	0.6886
14119.p1	A	C	0.6408
14119.s1	A	C	0.6394
14120.fa	A	C	0.6695
14120.mo	C	C	1.0000
14120.p1	C	C	0.9753
14120.s1	C	C	1.0000
14121.fa	C	C	1.0000
14121.mo	C	C	0.9952
14121.p1	C	C	1.0000
14121.s1	C	C	0.9746
14122.fa	A	C	0.6897
14122.mo	C	C	1.0000
14122.p1	C	C	1.0000
14122.s1	C	C	1.0000
14123.fa	A	C	0.6584
14123.mo	C	C	0.9993
14123.p1	A	C	0.6494
14123.s1	A	C	0.5863
14124.fa	C	C	0.9925
14124.mo	C	C	0.9980
14124.p1	C	C	0.9813
14124.s1	C	C	0.9928
14125.fa	C	C	1.0000
14125.mo	C	C	1.0000
14125.p1	C	C	1.0000
14125.s1	C	C	1.0000
14126.fa	A	A	0.0000
14126.mo	A	C	0.4274
14126.p1	A	C	0.4419
14127.fa	C	C	1.0000
14127.mo	C	C	1.0000
14127.p1	C	C	0.9987
14127.s1	C	C	1.0000
14128.fa	A	C	0.5147
14128.mo	C	C	1.0000
14128.p1	A	C	0.6139
14128.s1	C	C	1.0000
14129.fa	C	C	0.9594
14129.mo	C	C	0.9871
14129.p1	C	C	0.9823
14129.s1	C	C	0.9508
14130.fa	C	C	0.9801
14130.mo	C	C	0.9965
14130.p1	C	C	1.0000
14130.s1	C	C	1.0000
14130.s2	C	C	1.0000
14131.fa	C	C	0.9967
14131.mo	A	A	0.0343
14131.p1	A	C	0.5786
14131.s1	A	C	0.6217
14131.s2	A	C	0.6074
14132.fa	C	C	0.9961
14132.mo	C	C	1.0000
14132.p1	C	C	1.0000
14132.s1	C	C	1.0000
14133.fa	C	C	0.9620
14133.mo	A	C	0.6102
14133.p1	A	C	0.5345
14133.s1	C	C	1.0000
14134.fa	C	C	0.9973
14134.mo	C	C	1.0000
14134.p1	C	C	0.9829
14134.s1	C	C	1.0000
14135.fa	C	C	0.9612
14135.mo	C	C	0.9773
14135.p1	C	C	1.0000
14135.s1	C	C	1.0000
14136.fa	A	C	0.6582
14136.mo	A	C	0.5827
14136.p1	A	C	0.6130
14136.s1	A	A	0.0106
14137.fa	A	C	0.5471
14137.mo	C	C	0.9932
14137.p1	C	C	0.9957
14137.s1	C	C	0.9994
14139.fa	C	C	1.0000
14139.mo	A	A	0.0099
14139.p1	A	C	0.5791
14139.s1	A	C	0.4857
14141.fa	A	C	0.5837
14141.mo	C	C	0.9928
14141.p1	C	C	1.0000
14141.s1	C	C	1.0000
14142.fa	C	C	0.9977
14142.mo	C	C	1.0000
14142.p1	C	C	1.0000
14142.s1	C	C	1.0000
14142.s2	C	C	1.0000
14144.fa	A	C	0.4700
14144.mo	C	C	1.0000
14144.p1	C	C	1.0000
14146.fa	A	C	0.5528
14146.mo	A	C	0.5679
14146.p1	C	C	0.9877
14146.s1	A	C	0.5393
14147.fa	A	C	0.6151
14147.mo	A	C	0.5517
14147.p1	C	C	1.0000
14147.s1	C	C	0.9960
14149.fa	C	C	1.0000
14149.mo	C	C	0.9946
14149.p1	C	C	1.0000
14149.s1	C	C	1.0000
14150.fa	C	C	0.9725
14150.mo	A	C	0.5804
14150.p1	C	C	0.9684
14150.s1	A	C	0.5124
14150.s2	A	C	0.5816
14151.fa	C	C	1.0000
14151.mo	A	C	0.6369
14151.p1	A	C	0.5769
14151.s1	A	C	0.6867
14152.fa	C	C	1.0000
14152.mo	C	C	1.0000
14152.p1	C	C	1.0000
14152.s1	C	C	0.9798
14152.s2	C	C	1.0000
14153.fa	A	C	0.5913
14153.mo	C	C	1.0000
14153.p1	C	C	0.9881
14153.s1	A	C	0.5511
14154.fa	C	C	1.0000
14154.mo	C	C	0.9921
14154.p1	C	C	1.0000
14154.s1	C	C	0.9844
14155.fa	A	C	0.5845
14155.mo	C	C	1.0000
14155.p1	C	C	0.9813
14155.s1	C	C	1.0000
14157.fa	A	C	0.4958
14157.mo	C	C	0.9852
14157.p1	C	C	1.0000
14157.s1	C	C	0.9960
14158.fa	C	C	1.0000
14158.mo	C	C	0.9871
14158.p1	C	C	1.0000
14158.s1	C	C	0.9834
14159.fa	C	C	0.9381
14159.mo	C	C	0.9461
14159.p1	C	C	1.0000
14159.s1	C	C	0.9720
14160.fa	C	C	1.0000
14160.mo	C	C	1.0000
14160.p1	C	C	0.9997
14160.s1	C	C	1.0000
14161.fa	C	C	0.9861
14161.mo	C	C	1.0000
14161.p1	C	C	1.0000
14161.s1	C	C	0.9962
14162.fa	C	C	1.0000
14162.mo	C	C	1.0000
14162.p1	C	C	1.0000
14163.fa	A	C	0.6602
14163.mo	A	C	0.5976
14163.p1	A	C	0.6007
14163.s1	A	C	0.5725
14165.fa	C	C	0.9991
14165.mo	C	C	1.0000
14165.p1	C	C	0.9867
14165.s1	C	C	1.0000
14165.s2	C	C	1.0000
14166.fa	C	C	0.9908
14166.mo	C	C	0.9994
14166.p1	C	C	1.0000
14167.fa	C	C	0.9990
14167.mo	C	C	0.9963
14167.p1	C	C	1.0000
14167.s1	C	C	1.0000
14167.s2	C	C	0.9677
14168.fa	C	C	0.9889
14168.mo	C	C	0.9188
14168.p1	C	C	0.9971
14168.s1	C	C	0.9330
14169.fa	C	C	0.9780
14169.mo	A	C	0.4858
14169.p1	C	C	1.0000
14169.s1	A	C	0.4961
14170.fa	C	C	1.0000
14170.mo	C	C	1.0000
14170.p1	C	C	1.0000
14172.fa	C	C	0.9749
14172.mo	C	C	1.0000
14172.p1	C	C	0.9837
14172.s1	C	C	1.0000
14174.fa	C	C	0.9830
14174.mo	A	C	0.5406
14174.p1	C	C	0.9838
14174.s1	A	C	0.4819
14175.fa	C	C	0.9667
14175.mo	C	C	1.0000
14175.p1	C	C	0.9565
14175.s1	C	C	1.0000
14176.fa	A	C	0.5894
14176.mo	A	C	0.4940
14176.p1	A	A	0.0041
14177.fa	C	C	1.0000
14177.mo	A	C	0.6350
14177.p1	A	C	0.5836
14178.fa	C	C	0.9525
14178.mo	A	C	0.6164
14178.p1	C	C	0.9922
14178.s1	A	C	0.4640
14179.fa	C	C	0.9719
14179.mo	C	C	1.0000
14179.p1	C	C	0.9664
14179.s1	C	C	1.0000
14180.fa	C	C	1.0000
14180.mo	C	C	0.9981
14180.p1	C	C	0.9982
14180.s1	C	C	0.9928
14181.fa	A	C	0.5899
14181.mo	C	C	0.9685
14181.p1	C	C	1.0000
14181.s1	-	-	NaN
14183.fa	C	C	1.0000
14183.mo	C	C	0.9708
14183.p1	C	C	0.9863
14183.s1	C	C	0.9744
14184.fa	C	C	1.0000
14184.mo	A	C	0.7635
14184.p1	A	C	0.7331
14184.s1	A	C	0.6748
14185.fa	C	C	1.0000
14185.mo	C	C	0.9919
14185.p1	C	C	0.9953
14185.s1	C	C	0.9962
14186.fa	A	C	0.6879
14186.mo	C	C	1.0000
14186.p1	A	C	0.6336
14186.s1	C	C	0.9967
14187.fa	C	C	1.0000
14187.mo	C	C	0.9940
14187.p1	C	C	1.0000
14187.s1	C	C	0.9993
14187.s2	C	C	1.0000
14188.fa	C	C	1.0000
14188.mo	C	C	0.9850
14188.p1	C	C	1.0000
14188.s1	C	C	1.0000
14189.fa	A	C	0.6451
14189.mo	C	C	0.9715
14189.p1	A	C	0.6956
14189.s1	A	C	0.5738
14191.fa	C	C	0.9932
14191.mo	C	C	0.9516
14191.p1	C	C	1.0000
14192.fa	C	C	0.9850
14192.mo	A	C	0.5116
14192.p1	A	C	0.5910
14192.s1	A	C	0.6233
14193.fa	C	C	0.9875
14193.mo	A	A	0.0089
14193.p1	A	C	0.6344
14194.fa	C	C	1.0000
14194.mo	C	C	1.0000
14194.p1	C	C	1.0000
14195.fa	A	C	0.6241
14195.mo	C	C	1.0000
14195.p1	C	C	1.0000
14195.s1	C	C	1.0000
14196.fa	C	C	1.0000
14196.mo	C	C	1.0000
14196.p1	C	C	0.9953
14197.fa	A	C	0.6528
14197.mo	A	C	0.5985
14197.p1	A	C	0.5632
14197.s1	A	C	0.5425
14198.fa	-	-	NaN
14198.mo	A	A	0.0000
14198.p1	A	C	0.5370
14198.s1	A	C	0.5721
14200.fa	A	C	0.5754
14200.mo	C	C	0.9902
14200.p1	A	C	0.5858
14200.s1	A	C	0.6182
14201.fa	A	C	0.4653
14201.mo	A	C	0.5861
14201.p1	A	C	0.5404
14201.s1	A	A	0.0124
14202.fa	C	C	0.9947
14202.mo	C	C	0.9999
14202.p1	C	C	1.0000
14202.s1	C	C	0.9759
14203.fa	A	C	0.4512
14203.mo	C	C	1.0000
14203.p1	C	C	1.0000
14203.s1	C	C	1.0000
14203.s2	A	C	0.5269
14204.fa	A	C	0.6455
14204.mo	C	C	1.0000
14204.p1	C	C	1.0000
14204.s1	A	C	0.5883
14205.fa	C	C	0.9684
14205.mo	A	C	0.6577
14205.p1	A	C	0.6833
14205.s1	C	C	1.0000
14206.fa	C	C	0.9888
14206.mo	C	C	0.9869
14206.p1	C	C	1.0000
14206.s1	C	C	1.0000
14207.fa	A	C	0.6491
14207.mo	C	C	1.0000
14207.p1	A	C	0.6442
14207.s1	C	C	1.0000
14208.fa	C	C	1.0000
14208.mo	C	C	1.0000
14208.p1	C	C	1.0000
14208.s1	C	C	0.9955
14208.s2	C	C	0.9955
14209.fa	A	C	0.5558
14209.mo	C	C	0.9887
14209.p1	C	C	1.0000
14209.s1	C	C	1.0000
14209.s3	A	C	0.5852
14210.fa	C	C	0.9892
14210.mo	C	C	0.9988
14210.p1	C	C	1.0000
14210.s1	C	C	1.0000
14211.fa	C	C	1.0000
14211.mo	C	C	0.9938
14211.p1	C	C	1.0000
14211.s1	C	C	1.0000
14212.fa	C	C	1.0000
14212.mo	C	C	1.0000
14212.p1	C	C	1.0000
14212.s1	C	C	1.0000
14213.fa	C	C	0.9985
14213.mo	C	C	0.9961
14213.p1	C	C	0.9744
14213.s1	C	C	1.0000
14213.s2	C	C	0.9863
14214.fa	A	C	0.7257
14214.mo	C	C	1.0000
14214.p1	C	C	1.0000
14214.s1	A	C	0.6914
14215.fa	C	C	1.0000
14215.mo	C	C	1.0000
14215.p1	C	C	1.0000
14215.s1	C	C	1.0000
14216.fa	C	C	0.9996
14216.mo	C	C	1.0000
14216.p1	C	C	1.0000
14216.s1	C	C	1.0000
14219.fa	A	C	0.6127
14219.mo	C	C	1.0000
14219.p1	A	C	0.6579
14219.s1	A	C	0.6345
14220.fa	C	C	1.0000
14220.mo	C	C	1.0000
14220.p1	C	C	0.9986
14221.fa	C	C	1.0000
14221.mo	C	C	0.9966
14221.p1	C	C	1.0000
14221.s1	C	C	1.0000
14223.fa	-	-	NaN
14223.mo	A	C	0.6705
14223.p1	A	C	0.6276
14223.s1	C	C	0.9997
14224.fa	C	C	1.0000
14224.mo	A	C	0.6027
14224.p1	A	C	0.6318
14224.s1	C	C	1.0000
14225.fa	A	C	0.6783
14225.mo	A	C	0.6671
14225.p1	A	A	0.0000
14225.s1	A	A	0.0089
14226.fa	A	C	0.5804
14226.mo	A	C	0.6129
14226.p1	A	C	0.6125
14226.s1	A	C	0.6033
14227.fa	C	C	1.0000
14227.mo	C	C	1.0000
14227.p1	C	C	1.0000
14227.s1	C	C	1.0000
14228.fa	A	C	0.6174
14228.mo	A	C	0.6097
14228.p1	A	C	0.6456
14228.s1	C	C	1.0000
14229.fa	A	C	0.5711
14229.mo	A	C	0.4852
14229.p1	A	C	0.6192
14229.s1	A	A	0.0249
14230.fa	C	C	0.9920
14230.mo	C	C	1.0000
14230.p1	C	C	1.0000
14230.s1	C	C	0.9936
14231.fa	A	C	0.5662
14231.mo	C	C	1.0000
14231.p1	-	-	NaN
14231.s1	A	C	0.6337
14232.fa	C	C	1.0000
14232.mo	C	C	1.0000
14232.p1	C	C	1.0000
14232.s1	C	C	1.0000
14233.fa	C	C	1.0000
14233.mo	C	C	1.0000
14233.p1	C	C	1.0000
14233.s1	C	C	1.0000
14233.s2	C	C	1.0000
14233.s3	C	C	0.9979
14234.fa	C	C	1.0000
14234.mo	C	C	1.0000
14234.p1	C	C	1.0000
14234.s1	C	C	0.9758
14235.fa	C	C	1.0000
14235.mo	A	C	0.6207
14235.p1	C	C	1.0000
14236.fa	C	C	0.9976
14236.mo	A	C	0.6164
14236.p1	C	C	0.9965
14236.s1	C	C	0.9997
14236.s2	C	C	1.0000
14237.fa	A	C	0.5687
14237.mo	C	C	0.9864
14237.p1	C	C	0.9989
14237.s1	A	C	0.5912
14238.fa	A	C	0.6166
14238.mo	A	C	0.6084
14238.p1	A	C	0.6771
14238.s1	C	C	0.9966
14239.fa	A	C	0.6511
14239.mo	C	C	0.9926
14239.p1	A	C	0.5858
14239.s1	C	C	0.9869
14240.fa	C	C	0.9678
14240.mo	C	C	1.0000
14240.p1	C	C	1.0000
14240.s1	C	C	1.0000
14241.fa	A	C	0.6184
14241.mo	A	A	0.0018
14241.p1	A	C	0.5569
14241.s1	A	C	0.6059
14242.fa	C	C	1.0000
14242.mo	C	C	1.0000
14242.p1	C	C	1.0000
14242.s1	C	C	1.0000
14243.fa	A	C	0.5960
14243.mo	C	C	1.0000
14243.p1	A	C	0.5967
14243.s1	C	C	1.0000
14244.fa	C	C	0.9867
14244.mo	C	C	0.9917
14244.p1	C	C	1.0000
14244.s1	C	C	1.0000
14245.fa	A	C	0.5306
14245.mo	
14245.p1	C	C	1.0000
14245.s1	C	C	1.0000
14246.fa	A	C	0.5553
14246.mo	A	C	0.5359
14246.p1	A	C	0.5487
14246.s1	C	C	1.0000
14246.s2	C	C	1.0000
14247.fa	C	C	1.0000
