11000.fa	A	A	0.0000
11000.mo	A	G	0.4946
11000.p1	A	A	0.0000
11000.s1	A	A	0.0027
11000.s2	A	A	0.0004
11000.s3	A	A	0.0000
11002.fa	A	G	0.5201
11002.mo	A	G	0.4999
11002.p1	A	G	0.5246
11002.s1	A	A	0.0003
11006.fa	A	A	0.0000
11006.mo	A	G	0.4812
11006.p1	A	A	0.0000
11006.s1	A	A	0.0000
11008.fa	G	G	0.9957
11008.mo	A	G	0.5218
11008.p1	G	G	1.0000
11008.s1	G	G	1.0000
11009.fa	A	G	0.4955
11009.mo	A	G	0.4998
11009.p1	A	G	0.4779
11009.s1	A	A	0.0000
11009.s2	A	G	0.4788
11010.fa	A	G	0.4951
11010.mo	A	G	0.5036
11010.p1	A	A	0.0000
11010.s1	G	G	1.0000
11011.fa	G	G	1.0000
11011.mo	A	A	0.0000
11011.p1	A	G	0.4575
11011.s1	A	G	0.4807
11011.s2	A	G	0.4813
11012.fa	G	G	1.0000
11012.mo	A	A	0.0000
11012.p1	A	G	0.5096
11012.s1	A	G	0.5067
11013.fa	A	G	0.4734
11013.mo	A	G	0.4594
11013.p1	A	G	0.4793
11013.s1	A	G	0.4735
11014.fa	A	G	0.4832
11014.mo	A	A	0.0000
11014.p1	A	A	0.0000
11014.s1	A	A	0.0000
11017.fa	A	G	0.5107
11017.mo	A	G	0.5189
11017.p1	G	G	1.0000
11017.s1	G	G	1.0000
11022.fa	G	G	1.0000
11022.mo	A	G	0.5103
11022.p1	G	G	1.0000
11022.s1	G	G	1.0000
11023.fa	G	G	0.9994
11023.mo	G	G	1.0000
11023.p1	G	G	1.0000
11023.s1	G	G	0.9996
11026.fa	A	G	0.5101
11026.mo	A	A	0.0000
11026.p1	A	G	0.5245
11026.s1	A	A	0.0000
11027.fa	G	G	1.0000
11027.mo	A	A	0.0000
11027.p1	A	G	0.4685
11027.s1	A	G	0.5155
11028.fa	G	G	1.0000
11028.mo	A	G	0.4777
11028.p1	G	G	0.9930
11028.s1	A	G	0.4990
11029.fa	G	G	0.9955
11029.mo	G	G	1.0000
11029.p1	G	G	1.0000
11029.s1	G	G	1.0000
11030.fa	G	G	1.0000
11030.mo	A	G	0.5237
11030.p1	G	G	1.0000
11030.s1	A	G	0.5003
11031.fa	G	G	1.0000
11031.mo	G	G	0.9999
11031.p1	G	G	0.9983
11031.s1	G	G	1.0000
11031.s2	G	G	0.9979
11031.s3	G	G	0.9925
11032.fa	G	G	0.9889
11032.mo	G	G	1.0000
11032.p1	G	G	0.9964
11032.s1	G	G	1.0000
11033.fa	G	G	1.0000
11033.mo	A	A	0.0000
11033.p1	A	G	0.5085
11033.s1	A	G	0.4932
11037.fa	A	G	0.4802
11037.mo	A	G	0.4942
11037.p1	A	G	0.4891
11037.s1	G	G	1.0000
11038.fa	A	A	0.0000
11038.mo	A	G	0.4738
11038.p1	A	A	0.0040
11038.s1	A	G	0.4885
11039.fa	A	G	0.5060
11039.mo	A	A	0.0000
11039.p1	A	A	0.0000
11041.fa	G	G	1.0000
11041.mo	G	G	1.0000
11041.p1	G	G	1.0000
11041.s1	G	G	1.0000
11043.fa	A	G	0.5231
11043.mo	G	G	1.0000
11043.p1	G	G	1.0000
11043.s1	A	G	0.4700
11044.fa	G	G	0.9913
11044.mo	A	G	0.5450
11044.p1	A	G	0.5012
11045.fa	A	G	0.5034
11045.mo	A	G	0.4950
11045.p1	G	G	0.9945
11045.s1	G	G	0.9959
11046.fa	A	G	0.4539
11046.mo	A	A	0.0000
11046.p1	A	A	0.0000
11046.s1	A	G	0.4487
11047.fa	G	G	0.9960
11047.mo	G	G	1.0000
11047.p1	G	G	1.0000
11047.s1	G	G	1.0000
11048.fa	A	A	0.0000
11048.mo	G	G	0.9923
11048.p1	A	G	0.4818
11048.s1	A	G	0.5029
11048.s2	A	G	0.5089
11050.fa	A	G	0.4822
11050.mo	A	A	0.0000
11050.p1	A	A	0.0000
11051.fa	G	G	1.0000
11051.mo	A	G	0.5062
11051.p1	A	G	0.4697
11051.s1	G	G	1.0000
11052.fa	G	G	1.0000
11052.mo	A	A	0.0000
11052.p1	A	G	0.5072
11052.s1	A	G	0.4781
11053.fa	A	G	0.5033
11053.mo	A	A	0.0000
11053.p1	A	A	0.0000
11053.s1	A	G	0.5022
11054.fa	A	G	0.4745
11054.mo	A	A	0.0019
11054.p1	A	G	0.5138
11054.s1	A	A	0.0000
11056.fa	G	G	0.9959
11056.mo	A	G	0.5097
11056.p1	G	G	1.0000
11056.s1	A	G	0.5164
11057.fa	A	A	0.0054
11057.mo	A	A	0.0024
11057.p1	A	A	0.0000
11057.s1	A	A	0.0004
11059.fa	A	G	0.4755
11059.mo	A	A	0.0067
11059.p1	A	G	0.5156
11060.fa	A	A	0.0000
11060.mo	A	G	0.5032
11060.p1	A	G	0.5448
11060.s1	A	A	0.0000
11062.fa	G	G	1.0000
11062.mo	A	G	0.4988
11062.p1	G	G	1.0000
11062.s1	G	G	1.0000
11063.fa	A	G	0.5025
11063.mo	G	G	1.0000
11063.p1	G	G	0.9973
11063.s1	G	G	1.0000
11066.fa	A	G	0.5343
11066.mo	A	A	0.0000
11066.p1	A	A	0.0000
11066.s1	A	A	0.0000
11066.s2	A	A	0.0000
11066.s3	A	A	0.0047
11067.fa	G	G	1.0000
11067.mo	A	A	0.0000
11067.p1	A	G	0.5004
11067.s1	A	G	0.4947
11069.fa	A	A	0.0002
11069.mo	A	A	0.0000
11069.p1	A	A	0.0000
11069.s1	A	A	0.0000
11071.fa	A	A	0.0049
11071.mo	A	G	0.5064
11071.p1	A	G	0.5086
11071.s1	A	G	0.4962
11073.fa	G	G	0.9942
11073.mo	G	G	1.0000
11073.p1	G	G	1.0000
11073.s1	G	G	1.0000
11074.fa	A	G	0.4979
11074.mo	A	G	0.5108
11074.p1	A	A	0.0000
11074.s1	G	G	1.0000
11075.fa	A	G	0.4774
11075.mo	A	G	0.5026
11075.p1	A	A	0.0029
11075.s1	G	G	0.9975
11077.fa	A	A	0.0000
11077.mo	A	G	0.4858
11077.p1	A	A	0.0000
11077.s1	A	A	0.0000
11079.fa	G	G	0.9946
11079.mo	A	A	0.0034
11079.p1	A	G	0.4916
11079.s1	A	G	0.5095
11079.s2	A	G	0.4950
11079.s3	A	G	0.4901
11083.fa	A	G	0.5079
11083.mo	A	G	0.4895
11083.p1	A	A	0.0000
11083.s1	G	G	0.9933
11085.fa	A	G	0.5114
11085.mo	A	G	0.4815
11085.p1	A	A	0.0098
11085.s1	A	G	0.5307
11085.s2	A	G	0.4982
11086.fa	G	G	1.0000
11086.mo	A	G	0.4850
11086.p1	G	G	1.0000
11086.s1	G	G	0.9993
11086.s2	A	G	0.4921
11088.fa	A	G	0.5104
11088.mo	G	G	0.9941
11088.p1	G	G	0.9973
11088.s1	G	G	0.9896
11089.fa	A	G	0.5180
11089.mo	A	G	0.4898
11089.p1	A	G	0.5071
11089.s1	G	G	1.0000
11089.s2	A	G	0.5240
11092.fa	A	G	0.4892
11092.mo	A	A	0.0000
11092.p1	A	G	0.5041
11092.s1	A	A	0.0000
11093.fa	A	A	0.0009
11093.mo	G	G	1.0000
11093.p1	A	G	0.5137
11093.s1	A	G	0.5102
11093.s2	A	G	0.4883
11094.fa	G	G	0.9965
11094.mo	A	A	0.0055
11094.p1	A	G	0.5374
11094.s1	A	G	0.4800
11096.fa	G	G	1.0000
11096.mo	A	G	0.5403
11096.p1	A	G	0.5122
11096.s1	G	G	1.0000
11097.fa	G	G	1.0000
11097.mo	G	G	1.0000
11097.p1	G	G	1.0000
11098.fa	A	G	0.4837
11098.mo	G	G	0.9976
11098.p1	A	G	0.5040
11098.s1	A	G	0.5018
11099.fa	A	G	0.5382
11099.mo	A	G	0.5194
11099.p1	A	A	0.0000
11099.s1	A	G	0.5021
11101.fa	A	G	0.5345
11101.mo	A	A	0.0000
11101.p1	A	G	0.5376
11101.s1	A	A	0.0000
11106.fa	G	G	1.0000
11106.mo	A	G	0.5008
11106.p1	A	G	0.4982
11106.s1	A	G	0.5044
11107.fa	A	A	0.0000
11107.mo	A	G	0.4893
11107.p1	A	A	0.0000
11107.s1	A	A	0.0006
11108.fa	A	G	0.5210
11108.mo	A	G	0.5101
11108.p1	G	G	1.0000
11108.s1	A	A	0.0076
11109.fa	G	G	1.0000
11109.mo	A	G	0.5531
11109.p1	A	G	0.5302
11109.s1	G	G	1.0000
11111.fa	G	G	1.0000
11111.mo	G	G	1.0000
11111.p1	G	G	1.0000
11114.fa	A	G	0.5029
11114.mo	A	A	0.0000
11114.p1	A	G	0.4888
11114.s1	A	A	0.0000
11115.fa	A	G	0.5222
11115.mo	A	A	0.0008
11115.p1	A	G	0.4806
11115.s1	A	A	0.0000
11115.s2	A	G	0.4932
11118.fa	A	G	0.4935
11118.mo	A	G	0.4747
11118.p1	A	G	0.5234
11118.s1	A	A	0.0000
11118.s2	A	G	0.4770
11120.fa	A	A	0.0000
11120.mo	G	G	1.0000
11120.p1	A	G	0.5009
11120.s1	A	G	0.4935
11121.fa	A	G	0.4910
11121.mo	A	G	0.4995
11121.p1	A	G	0.4907
11121.s1	A	G	0.4965
11122.fa	A	G	0.5322
11122.mo	A	A	0.0000
11122.p1	A	G	0.5405
11124.fa	A	A	0.0000
11124.mo	G	G	0.9982
11124.p1	A	G	0.5171
11124.s1	A	G	0.5008
11128.fa	A	A	0.0000
11128.mo	G	G	1.0000
11128.p1	A	G	0.5322
11131.fa	A	A	0.0049
11131.mo	A	A	0.0066
11131.p1	A	A	0.0040
11132.fa	A	G	0.4830
11132.mo	A	A	0.0000
11132.p1	A	A	0.0000
11132.s1	A	A	0.0000
11135.fa	A	G	0.4966
11135.mo	A	G	0.4882
11135.p1	A	G	0.4887
11135.s1	A	G	0.4907
11141.fa	A	G	0.5223
11141.mo	G	G	1.0000
11141.p1	A	G	0.5296
11141.s1	A	G	0.5436
11142.fa	A	G	0.4955
11142.mo	A	G	0.4731
11142.p1	G	G	0.9982
11142.s1	A	G	0.5116
11144.fa	G	G	1.0000
11144.mo	A	G	0.5013
11144.p1	G	G	0.9952
11144.s1	A	G	0.5168
11146.fa	G	G	0.9971
11146.mo	A	G	0.5070
11146.p1	A	G	0.5200
11146.s1	A	G	0.5074
11146.s2	G	G	1.0000
11148.fa	A	G	0.5062
11148.mo	G	G	1.0000
11148.p1	G	G	1.0000
11148.s1	G	G	0.9960
11148.s2	G	G	1.0000
11150.fa	G	G	1.0000
11150.mo	A	G	0.5171
11150.p1	G	G	0.9962
11150.s1	G	G	1.0000
11152.fa	A	G	0.4696
11152.mo	A	G	0.5019
11152.p1	A	G	0.5216
11152.s1	A	G	0.5044
11154.fa	A	G	0.4953
11154.mo	A	G	0.5000
11154.p1	A	G	0.4962
11154.s1	A	G	0.4873
11156.fa	A	G	0.5063
11156.mo	A	A	0.0000
11156.p1	A	A	0.0000
11156.s1	A	G	0.5028
11159.fa	G	G	1.0000
11159.mo	A	A	0.0000
11159.p1	A	G	0.5156
11159.s1	A	G	0.4858
11160.fa	G	G	1.0000
11160.mo	A	A	0.0085
11160.p1	A	G	0.4833
11160.s1	A	G	0.4577
11164.fa	A	G	0.5224
11164.mo	A	G	0.5526
11164.p1	A	G	0.4583
11164.s1	A	A	0.0000
11168.fa	A	A	0.0000
11168.mo	A	G	0.5083
11168.p1	A	G	0.4962
11168.s1	A	G	0.5190
11172.fa	A	G	0.5050
11172.mo	G	G	1.0000
11172.p1	G	G	0.9966
11172.s1	G	G	0.9951
11173.fa	A	A	0.0045
11173.mo	G	G	1.0000
11173.p1	A	G	0.5083
11176.fa	A	G	0.4903
11176.mo	G	G	1.0000
11176.p1	G	G	1.0000
11176.s1	G	G	1.0000
11178.fa	A	A	0.0015
11178.mo	G	G	1.0000
11178.p1	A	G	0.4874
11178.s1	A	G	0.4785
11179.fa	A	G	0.4554
11179.mo	A	G	0.4774
11179.p1	A	A	0.0125
11179.s1	G	G	1.0000
11180.fa	G	G	1.0000
11180.mo	G	G	1.0000
11180.p1	G	G	0.9936
11181.fa	A	G	0.4749
11181.mo	A	A	0.0000
11181.p1	A	A	0.0000
11181.s1	A	A	0.0000
11184.fa	A	G	0.5002
11184.mo	A	A	0.0029
11184.p1	A	A	0.0000
11184.s1	A	G	0.4669
11187.fa	A	G	0.5061
11187.mo	A	G	0.5251
11187.p1	G	G	0.9997
11187.s1	G	G	0.9985
11189.fa	G	G	0.9870
11189.mo	A	G	0.4946
11189.p1	A	G	0.4795
11189.s1	A	G	0.4992
11190.fa	G	G	1.0000
11190.mo	A	G	0.4751
11190.p1	A	G	0.4957
11190.s1	G	G	1.0000
11193.fa	G	G	1.0000
11193.mo	A	G	0.5035
11193.p1	G	G	1.0000
11193.s1	G	G	1.0000
11194.fa	A	A	0.0016
11194.mo	A	A	0.0000
11194.p1	A	A	0.0024
11194.s1	A	A	0.0009
11195.fa	A	A	0.0000
11195.mo	A	G	0.5178
11195.p1	A	G	0.4958
11195.s1	A	A	0.0085
11196.fa	G	G	1.0000
11196.mo	G	G	1.0000
11196.p1	G	G	1.0000
11196.s1	G	G	1.0000
11198.fa	G	G	1.0000
11198.mo	G	G	1.0000
11198.p1	G	G	1.0000
11198.s1	G	G	0.9969
11199.fa	A	G	0.4856
11199.mo	G	G	0.9978
11199.p1	G	G	0.9919
11199.s1	A	G	0.4777
11200.fa	G	G	1.0000
11200.mo	A	G	0.5270
11200.p1	A	G	0.4978
11200.s1	G	G	1.0000
11201.fa	A	G	0.4853
11201.mo	G	G	0.9978
11201.p1	A	G	0.5050
11201.s1	G	G	0.9927
11203.fa	A	A	0.0021
11203.mo	A	G	0.5108
11203.p1	A	A	0.0037
11203.s1	A	A	0.0018
11205.fa	A	G	0.5453
11205.mo	A	G	0.5195
11205.p1	A	A	0.0000
11205.s1	G	G	1.0000
11206.fa	A	G	0.5293
11206.mo	G	G	1.0000
11206.p1	G	G	0.9982
11206.s1	A	G	0.5017
11207.fa	A	A	0.0020
11207.mo	A	G	0.4987
11207.p1	A	G	0.4849
11207.s1	A	A	0.0127
11208.fa	G	G	1.0000
11208.mo	G	G	1.0000
11208.p1	G	G	1.0000
11208.s1	G	G	0.9991
11212.fa	A	G	0.5209
11212.mo	A	G	0.4924
11212.p1	A	G	0.5090
11212.s1	G	G	1.0000
11214.fa	A	A	0.0026
11214.mo	A	A	0.0000
11214.p1	A	A	0.0000
11214.s1	A	A	0.0000
11215.fa	G	G	1.0000
11215.mo	A	A	0.0000
11215.p1	A	G	0.5125
11215.s1	A	G	0.5441
11216.fa	A	G	0.4876
11216.mo	G	G	1.0000
11216.p1	G	G	1.0000
11216.s1	A	G	0.5058
11218.fa	A	G	0.5082
11218.mo	A	G	0.5111
11218.p1	A	G	0.4895
11218.s1	A	A	0.0033
11219.fa	G	G	0.9829
11219.mo	A	A	0.0063
11219.p1	A	G	0.4311
11219.s1	A	G	0.5067
11220.fa	A	G	0.5065
11220.mo	A	A	0.0011
11220.p1	A	A	0.0021
11220.s1	A	G	0.4873
11223.fa	G	G	1.0000
11223.mo	A	G	0.5084
11223.p1	A	G	0.4842
11224.fa	A	G	0.4986
11224.mo	A	A	0.0000
11224.p1	A	G	0.4912
11224.s1	A	G	0.4758
11225.fa	A	G	0.4873
11225.mo	A	A	0.0000
11225.p1	A	A	0.0000
11225.s1	A	G	0.4731
11227.fa	A	G	0.4822
11227.mo	A	G	0.4854
11227.p1	A	A	0.0000
11227.s1	A	G	0.4985
11227.s3	A	G	0.4819
11229.fa	A	A	0.0000
11229.mo	G	G	1.0000
11229.p1	A	G	0.4872
11229.s1	A	G	0.5208
11230.fa	A	G	0.5105
11230.mo	G	G	0.9994
11230.p1	A	G	0.4880
11230.s1	A	G	0.4710
11230.s2	G	G	1.0000
11232.fa	A	A	0.0000
11232.mo	G	G	0.9971
11232.p1	A	G	0.5136
11232.s1	A	G	0.4823
11233.fa	A	G	0.4688
11233.mo	A	G	0.4844
11233.p1	A	G	0.5059
11233.s1	A	G	0.4696
11234.fa	G	G	1.0000
11234.mo	A	A	0.0000
11234.p1	A	G	0.5063
11234.s1	A	G	0.5184
11234.s2	A	G	0.4926
11235.fa	G	G	0.9996
11235.mo	A	A	0.0000
11235.p1	A	G	0.5241
11235.s1	A	G	0.4925
11237.fa	A	A	0.0000
11237.mo	A	A	0.0038
11237.p1	A	A	0.0113
11237.s1	A	A	0.0006
11239.fa	G	G	0.9986
11239.mo	A	G	0.5056
11239.p1	A	G	0.4981
11239.s1	G	G	1.0000
11242.fa	G	G	0.9955
11242.mo	A	A	0.0000
11242.p1	A	G	0.4848
11242.s1	A	G	0.4917
11245.fa	G	G	1.0000
11245.mo	G	G	1.0000
11245.p1	G	G	0.9994
11245.s1	G	G	0.9997
11246.fa	A	A	0.0122
11246.mo	A	G	0.4879
11246.p1	A	A	0.0000
11246.s1	A	A	0.0000
11246.s2	A	A	0.0000
11247.fa	G	G	1.0000
11247.mo	A	G	0.4992
11247.p1	A	G	0.5118
11247.s1	G	G	1.0000
11250.fa	A	G	0.5023
11250.mo	A	A	0.0000
11250.p1	A	G	0.4971
11250.s1	A	G	0.4814
11251.fa	G	G	1.0000
11251.mo	A	G	0.5024
11251.p1	A	G	0.5057
11251.s1	G	G	1.0000
11252.fa	A	A	0.0000
11252.mo	A	G	0.4946
11252.p1	A	G	0.5046
11252.s1	A	G	0.5049
11252.s2	A	A	0.0046
11254.fa	G	G	1.0000
11254.mo	G	G	1.0000
11254.p1	G	G	0.9963
11254.s1	G	G	1.0000
11256.fa	G	G	1.0000
11256.mo	A	G	0.5067
11256.p1	A	G	0.4932
11256.s1	G	G	1.0000
11257.fa	G	G	1.0000
11257.mo	G	G	1.0000
11257.p1	G	G	1.0000
11257.s1	G	G	0.9973
11258.fa	A	G	0.5050
11258.mo	A	A	0.0000
11258.p1	A	A	0.0000
11258.s1	A	G	0.4413
11262.fa	A	G	0.5008
11262.mo	A	G	0.5073
11262.p1	G	G	1.0000
11262.s1	A	A	0.0000
11263.fa	G	G	0.9977
11263.mo	A	G	0.4954
11263.p1	G	G	1.0000
11263.s1	A	G	0.4790
11264.fa	A	G	0.4889
11264.mo	A	A	0.0000
11264.p1	A	A	0.0000
11264.s1	A	A	0.0004
11264.s2	A	A	0.0015
11265.fa	A	G	0.5249
11265.mo	A	G	0.5104
11265.p1	G	G	0.9983
11265.s1	G	G	1.0000
11265.s2	A	A	0.0000
11265.s3	A	A	0.0000
11267.fa	A	G	0.4769
11267.mo	A	A	0.0000
11267.p1	A	G	0.4937
11267.s1	A	G	0.4858
11274.fa	A	G	0.5221
11274.mo	A	G	0.4703
11274.p1	A	G	0.5021
11274.s1	A	G	0.4890
11275.fa	A	G	0.5173
11275.mo	A	G	0.5295
11275.p1	A	A	0.0000
11275.s1	G	G	1.0000
11280.fa	A	G	0.4997
11280.mo	A	A	0.0000
11280.p1	A	A	0.0000
11280.s1	A	G	0.4966
11280.s2	A	A	0.0000
11282.fa	A	G	0.4996
11282.mo	A	G	0.5030
11282.p1	G	G	0.9990
11282.s1	A	G	0.5151
11282.s2	A	G	0.5058
11282.s3	A	G	0.5286
11284.fa	A	A	0.0000
11284.mo	A	A	0.0000
11284.p1	A	A	0.0000
11284.s1	A	A	0.0000
11285.fa	A	G	0.4816
11285.mo	G	G	1.0000
11285.p1	G	G	1.0000
11285.s1	A	G	0.4714
11289.fa	A	G	0.5118
11289.mo	A	A	0.0000
11289.p1	A	A	0.0000
11289.s1	A	G	0.4599
11291.fa	A	G	0.4977
11291.mo	A	G	0.5019
11291.p1	A	G	0.4981
11291.s1	A	A	0.0030
11296.fa	A	G	0.4531
11296.mo	G	G	1.0000
11296.p1	A	G	0.5009
11296.s1	G	G	1.0000
11298.fa	G	G	1.0000
11298.mo	A	A	0.0000
11298.p1	A	G	0.4955
11298.s1	A	G	0.5172
11299.fa	A	G	0.5143
11299.mo	G	G	1.0000
11299.p1	A	G	0.4501
11299.s1	G	G	1.0000
11300.fa	A	G	0.4924
11300.mo	G	G	0.9967
11300.p1	A	G	0.5260
11300.s1	A	G	0.5049
11301.fa	A	G	0.4699
11301.mo	A	A	0.0000
11301.p1	A	G	0.4794
11301.s1	A	A	0.0000
11303.fa	A	G	0.4754
11303.mo	A	G	0.5151
11303.p1	A	G	0.5041
11303.s1	G	G	1.0000
11304.fa	G	G	1.0000
11304.mo	G	G	1.0000
11304.p1	G	G	0.9984
11304.s1	G	G	0.9995
11305.fa	A	G	0.5132
11305.mo	G	G	0.9991
11305.p1	A	G	0.5067
11305.s1	G	G	0.9962
11307.fa	A	G	0.5008
11307.mo	A	G	0.4934
11307.p1	A	G	0.4517
11307.s1	A	G	0.4881
11309.fa	A	G	0.5285
11309.mo	A	A	0.0000
11309.p1	A	G	0.4621
11309.s1	A	A	0.0000
11310.fa	A	A	0.0000
11310.mo	A	A	0.0000
11310.p1	A	A	0.0000
11310.s1	A	A	0.0000
11312.fa	A	G	0.4893
11312.mo	A	G	0.4796
11312.p1	A	G	0.5062
11312.s1	A	G	0.4822
11316.fa	G	G	0.9963
11316.mo	A	G	0.5201
11316.p1	G	G	1.0000
11316.s1	G	G	1.0000
11318.fa	A	G	0.5042
11318.mo	A	G	0.5001
11318.p1	A	G	0.5538
11318.s1	A	G	0.5229
11322.fa	A	G	0.4838
11322.mo	A	A	0.0000
11322.p1	A	G	0.4901
11323.fa	A	A	0.0000
11323.mo	A	G	0.5188
11323.p1	A	G	0.5007
11323.s1	A	G	0.5049
11323.s2	A	A	0.0004
11324.fa	A	A	0.0000
11324.mo	A	G	0.4849
11324.p1	A	G	0.5036
11324.p2	A	G	0.5815
11324.s1	A	A	0.0044
11325.fa	A	A	0.0000
11325.mo	A	G	0.4785
11325.p1	A	A	0.0000
11325.s1	A	A	0.0000
11327.fa	G	G	0.9974
11327.mo	A	G	0.4965
11327.p1	A	G	0.4992
11327.s1	A	G	0.4788
11328.fa	G	G	1.0000
11328.mo	A	G	0.5022
11328.p1	A	G	0.4803
11328.s1	A	G	0.4598
11329.fa	G	G	1.0000
11329.mo	A	A	0.0065
11329.p1	A	G	0.5043
11329.s1	A	G	0.5178
11331.fa	A	G	0.5046
11331.mo	A	A	0.0000
11331.p1	A	A	0.0000
11336.fa	G	G	1.0000
11336.mo	A	G	0.5083
11336.p1	G	G	1.0000
11336.s1	A	G	0.5105
11339.fa	A	G	0.4827
11339.mo	A	A	0.0000
11339.p1	A	A	0.0000
11339.s1	A	G	0.4755
11341.fa	G	G	1.0000
11341.mo	A	G	0.4799
11341.p1	G	G	1.0000
11341.s1	G	G	1.0000
11345.fa	G	G	1.0000
11345.mo	A	G	0.5289
11345.p1	A	G	0.5007
11345.s1	G	G	1.0000
11346.fa	A	G	0.4998
11346.mo	A	A	0.0052
11346.p1	A	G	0.4901
11346.s1	A	G	0.4843
11347.fa	A	G	0.4985
11347.mo	G	G	1.0000
11347.p1	G	G	1.0000
11347.s1	A	G	0.5323
11348.fa	G	G	0.9957
11348.mo	G	G	1.0000
11348.p1	G	G	1.0000
11348.s1	G	G	1.0000
11348.s2	G	G	1.0000
11349.fa	A	G	0.5206
11349.mo	A	A	0.0102
11349.p1	A	G	0.5187
11349.s1	A	A	0.0044
11350.fa	A	G	0.5031
11350.mo	A	A	0.0000
11350.p1	A	G	0.4880
11350.s1	A	G	0.5363
11352.fa	A	A	0.0090
11352.mo	A	G	0.5008
11352.p1	A	G	0.4827
11352.s1	A	A	0.0000
11353.fa	G	G	0.9980
11353.mo	A	G	0.5052
11353.p1	G	G	1.0000
11353.s1	G	G	1.0000
11355.fa	A	G	0.4636
11355.mo	A	G	0.4970
11355.p1	A	A	0.0012
11355.s1	A	G	0.4851
11356.fa	A	G	0.4959
11356.mo	G	G	1.0000
11356.p1	A	G	0.4859
11356.s1	A	G	0.4998
11357.fa	A	A	0.0002
11357.mo	A	A	0.0016
11357.p1	A	A	0.0070
11357.s1	A	A	0.0010
11359.fa	A	G	0.4783
11359.mo	A	G	0.4931
11359.p1	G	G	0.9989
11359.s1	A	G	0.5065
11360.fa	A	G	0.4802
11360.mo	A	G	0.4627
11360.p1	A	G	0.4890
11360.s1	A	A	0.0000
11364.fa	A	A	0.0015
11364.mo	A	A	0.0000
11364.p1	A	A	0.0000
11364.s1	A	A	0.0000
11365.fa	G	G	0.9999
11365.mo	A	A	0.0000
11365.p1	A	G	0.4600
11365.s1	A	G	0.4858
11366.fa	G	G	1.0000
11366.mo	A	G	0.4674
11366.p1	A	G	0.4986
11366.s1	G	G	1.0000
11368.fa	G	G	1.0000
11368.mo	A	A	0.0000
11368.p1	A	G	0.5062
11368.s1	A	G	0.5281
11369.fa	A	G	0.4745
11369.mo	A	G	0.4880
11369.p1	A	A	0.0012
11369.s1	G	G	0.9976
11370.fa	A	G	0.5016
11370.mo	A	A	0.0000
11370.p1	A	G	0.4830
11370.p2	A	G	0.4966
11371.fa	G	G	1.0000
11371.mo	A	G	0.5055
11371.p1	A	G	0.4958
11374.fa	G	G	1.0000
11374.mo	A	A	0.0000
11374.p1	A	G	0.5274
11374.s1	A	G	0.4947
11374.s2	A	G	0.4974
11375.fa	A	G	0.5189
11375.mo	A	G	0.4835
11375.p1	G	G	1.0000
11375.s1	A	G	0.4930
11376.fa	G	G	0.9984
11376.mo	A	G	0.4755
11376.p1	G	G	1.0000
11376.s1	A	G	0.4881
11377.fa	A	A	0.0146
11377.mo	A	G	0.5401
11377.p1	A	A	0.0000
11377.s1	A	A	0.0000
11378.fa	A	A	0.0000
11378.mo	A	A	0.0000
11378.p1	A	A	0.0000
11378.s1	A	A	0.0000
11379.fa	G	G	1.0000
11379.mo	G	G	1.0000
11379.p1	G	G	1.0000
11379.s1	G	G	1.0000
11381.fa	A	A	0.0000
11381.mo	A	G	0.4949
11381.p1	A	A	0.0000
11381.s1	A	A	0.0000
11382.fa	A	A	0.0000
11382.mo	A	G	0.5278
11382.p1	A	G	0.4942
11383.fa	G	G	0.9997
11383.mo	A	G	0.4784
11383.p1	A	G	0.4905
11383.s1	G	G	1.0000
11388.fa	A	G	0.5439
11388.mo	A	A	0.0000
11388.p1	A	A	0.0010
11388.s1	A	G	0.5561
11390.fa	A	A	0.0023
11390.mo	G	G	0.9983
11390.p1	A	G	0.5535
11390.s1	A	G	0.5288
11391.fa	A	G	0.4798
11391.mo	A	G	0.5030
11391.p1	A	G	0.4705
11391.s1	A	G	0.5306
11396.fa	A	A	0.0000
11396.mo	A	G	0.5140
11396.p1	A	G	0.5035
11396.s1	A	A	0.0000
11397.fa	A	A	0.0000
11397.mo	A	G	0.5313
11397.p1	A	G	0.5361
11397.s1	A	G	0.5040
11397.s2	A	G	0.5199
11398.fa	G	G	1.0000
11398.mo	G	G	0.9962
11398.p1	G	G	1.0000
11398.s1	G	G	0.9992
11399.fa	A	G	0.4934
11399.mo	G	G	0.9995
11399.p1	A	G	0.4873
11399.s1	G	G	1.0000
11401.fa	G	G	0.9982
11401.mo	A	G	0.4855
11401.p1	A	G	0.4921
11401.s1	G	G	1.0000
11404.fa	A	G	0.5230
11404.mo	A	G	0.4908
11404.p1	A	A	0.0000
11404.s1	A	G	0.4947
11409.fa	A	G	0.4899
11409.mo	G	G	0.9990
11409.p1	A	G	0.4751
11410.fa	A	G	0.5138
11410.mo	A	A	0.0139
11410.p1	A	A	0.0000
11410.s1	A	G	0.4914
11412.fa	A	A	0.0000
11412.mo	A	A	0.0110
11412.p1	A	A	0.0000
11412.s1	A	A	0.0021
11413.fa	A	A	0.0047
11413.mo	A	G	0.5155
11413.p1	A	A	0.0058
11413.s1	A	A	0.0000
11414.fa	A	A	0.0007
11414.mo	G	G	1.0000
11414.p1	A	G	0.4914
11414.s1	A	G	0.5048
11415.fa	A	A	0.0018
11415.mo	A	G	0.4693
11415.p1	A	G	0.4998
11415.s1	A	G	0.5064
11420.fa	A	A	0.0000
11420.mo	A	G	0.5082
11420.p1	A	A	0.0000
11420.s1	A	G	0.5257
11421.fa	A	G	0.4987
11421.mo	A	G	0.4856
11421.p1	A	G	0.4996
11421.s1	A	G	0.5146
11421.s2	A	A	0.0000
11422.fa	A	G	0.5147
11422.mo	G	G	0.9978
11422.p1	A	G	0.4521
11422.s1	A	G	0.4451
11424.fa	A	G	0.4689
11424.mo	A	G	0.4948
11424.p1	A	A	0.0022
11424.s1	A	A	0.0007
11425.fa	A	A	0.0000
11425.mo	G	G	1.0000
11425.p1	A	G	0.4677
11425.s1	A	G	0.4928
11428.fa	A	G	0.4788
11428.mo	A	G	0.5043
11428.p1	A	A	0.0006
11428.s1	A	G	0.5013
11429.fa	A	G	0.5151
11429.mo	G	G	1.0000
11429.p1	G	G	1.0000
11429.s1	A	G	0.5479
11429.s2	A	G	0.4804
11432.fa	A	G	0.5211
11432.mo	A	A	0.0000
11432.p1	A	G	0.4944
11432.s1	A	G	0.4947
11432.s2	A	G	0.4960
11435.fa	A	A	0.0040
11435.mo	G	G	1.0000
11435.p1	A	G	0.5033
11435.s1	A	G	0.4973
11436.fa	A	G	0.5144
11436.mo	A	G	0.4763
11436.p1	A	G	0.5368
11436.s1	A	A	0.0000
11437.fa	A	G	0.5098
11437.mo	A	A	0.0000
11437.p1	A	A	0.0000
11437.s1	A	G	0.5004
11437.s2	A	A	0.0000
11437.s3	A	G	0.4607
11437.s4	A	A	0.0000
11440.fa	G	G	1.0000
11440.mo	A	A	0.0050
11440.p1	A	G	0.5118
11440.s1	A	G	0.5165
11441.fa	A	G	0.5028
11441.mo	A	G	0.5035
11441.p1	G	G	1.0000
11441.s1	A	A	0.0008
11444.fa	G	G	1.0000
11444.mo	G	G	1.0000
11444.p1	G	G	1.0000
11444.s1	G	G	1.0000
11445.fa	G	G	1.0000
11445.mo	A	A	0.0000
11445.p1	A	G	0.4922
11445.s1	A	G	0.4916
11447.fa	G	G	1.0000
11447.mo	G	G	1.0000
11447.p1	G	G	1.0000
11447.s1	G	G	0.9975
11450.fa	A	G	0.4884
11450.mo	A	A	0.0000
11450.p1	A	G	0.4669
11450.s1	A	A	0.0082
11452.fa	A	G	0.4932
11452.mo	G	G	1.0000
11452.p1	A	G	0.4976
11452.s1	A	G	0.5012
11455.fa	G	G	1.0000
11455.mo	G	G	1.0000
11455.p1	G	G	1.0000
11455.s1	G	G	1.0000
11458.fa	G	G	1.0000
11458.mo	A	G	0.4861
11458.p1	G	G	1.0000
11458.s1	A	G	0.4973
11459.fa	A	G	0.4816
11459.mo	A	G	0.5093
11459.p1	G	G	1.0000
11459.s1	A	G	0.5232
11462.fa	A	G	0.5003
11462.mo	A	A	0.0000
11462.p1	A	A	0.0000
11462.s1	A	G	0.4891
11463.fa	G	G	1.0000
11463.mo	A	A	0.0019
11463.p1	A	G	0.5132
11463.s1	A	G	0.5252
11466.fa	A	A	0.0044
11466.mo	A	A	0.0005
11466.p1	A	A	0.0014
11466.s1	A	A	0.0001
11468.fa	A	G	0.5091
11468.mo	A	G	0.5122
11468.p1	G	G	1.0000
11469.fa	G	G	1.0000
11469.mo	A	A	0.0013
11469.p1	A	G	0.4993
11469.s1	A	G	0.5049
11471.fa	A	G	0.6033
11471.mo	G	G	0.9917
11471.p1	A	G	0.5168
11471.s1	A	G	0.5121
11471.s2	A	G	0.4496
11473.fa	A	G	0.5209
11473.mo	A	A	0.0071
11473.p1	A	A	0.0000
11473.s1	A	A	0.0000
11474.fa	A	G	0.4782
11474.mo	A	A	0.0000
11474.p1	A	A	0.0000
11474.s1	A	A	0.0000
11476.fa	G	G	1.0000
11476.mo	A	A	0.0072
11476.p1	A	G	0.4903
11476.s1	A	G	0.4849
11479.fa	G	G	1.0000
11479.mo	G	G	1.0000
11479.p1	G	G	1.0000
11479.s1	G	G	0.9998
11483.fa	G	G	1.0000
11483.mo	A	G	0.4930
11483.p1	A	G	0.4986
11483.s1	G	G	1.0000
11484.fa	A	A	0.0000
11484.mo	G	G	1.0000
11484.p1	A	G	0.5160
11484.s1	A	G	0.5198
11485.fa	A	G	0.4984
11485.mo	A	G	0.4979
11485.p1	A	A	0.0025
11485.s1	A	A	0.0058
11488.fa	A	G	0.4888
11488.mo	A	G	0.4627
11488.p1	A	G	0.4984
11488.s1	G	G	1.0000
11489.fa	G	G	0.9998
11489.mo	A	G	0.4625
11489.p1	A	G	0.4830
11489.s1	G	G	0.9955
11490.fa	A	G	0.5283
11490.mo	A	G	0.4881
11490.p1	G	G	1.0000
11490.s1	A	G	0.4900
11490.s2	A	A	0.0000
11490.s3	G	G	0.9888
11492.fa	A	G	0.4906
11492.mo	A	A	0.0000
11492.p1	A	A	0.0000
11492.s1	A	G	0.4464
11495.fa	A	G	0.5300
11495.mo	A	G	0.5161
11495.p1	G	G	1.0000
11495.s1	A	G	0.4741
11497.fa	A	A	0.0000
11497.mo	A	A	0.0000
11497.p1	A	A	0.0000
11498.fa	A	A	0.0000
11498.mo	A	G	0.5151
11498.p1	A	A	0.0000
11498.s1	A	G	0.4891
11499.fa	G	G	1.0000
11499.mo	A	A	0.0074
11499.p1	A	G	0.4922
11499.s1	A	G	0.5199
11501.fa	A	A	0.0000
11501.mo	G	G	1.0000
11501.p1	A	G	0.4954
11501.s1	A	G	0.5037
11501.s2	A	G	0.5063
11502.fa	A	A	0.0000
11502.mo	A	G	0.5322
11502.p1	A	A	0.0000
11502.s1	A	A	0.0000
11504.fa	A	G	0.5158
11504.mo	G	G	0.9981
11504.p1	G	G	1.0000
11504.s1	G	G	1.0000
11505.fa	A	G	0.5205
11505.mo	A	G	0.5224
11505.p1	A	G	0.5257
11505.s1	A	G	0.5116
11508.fa	A	G	0.5244
11508.mo	A	A	0.0000
11508.p1	A	A	0.0000
11509.fa	A	A	0.0000
11509.mo	G	G	1.0000
11509.p1	A	G	0.4857
11509.s1	A	G	0.5005
11510.fa	A	G	0.4764
11510.mo	A	G	0.4777
11510.p1	A	G	0.4860
11510.s1	A	A	0.0152
11511.fa	A	A	0.0000
11511.mo	G	G	0.9974
11511.p1	A	G	0.5093
11511.s1	A	G	0.5003
11512.fa	A	G	0.5017
11512.mo	G	G	0.9999
11512.p1	A	G	0.4856
11517.fa	G	G	1.0000
11517.mo	A	A	0.0000
11517.p1	A	G	0.5023
11519.fa	G	G	1.0000
11519.mo	G	G	1.0000
11519.p1	G	G	1.0000
11519.s1	G	G	1.0000
11520.fa	G	G	0.9999
11520.mo	A	A	0.0065
11520.p1	A	G	0.4898
11520.s1	A	G	0.5144
11521.fa	A	G	0.5064
11521.mo	A	G	0.5227
11521.p1	G	G	1.0000
11521.s1	A	G	0.5030
11522.fa	G	G	1.0000
11522.mo	A	G	0.4970
11522.p1	G	G	1.0000
11522.s1	G	G	1.0000
11522.s2	A	G	0.4972
11523.fa	A	G	0.4975
11523.mo	A	A	0.0052
11523.p1	A	A	0.0043
11523.s1	A	A	0.0001
11524.fa	A	G	0.4950
11524.mo	A	A	0.0013
11524.p1	A	A	0.0000
11524.s1	A	A	0.0000
11526.fa	A	A	0.0000
11526.mo	G	G	0.9988
11526.p1	A	G	0.5138
11526.s1	A	G	0.5148
11530.fa	A	G	0.5223
11530.mo	A	A	0.0019
11530.p1	A	A	0.0000
11530.s1	A	G	0.4993
11530.s2	A	G	0.4738
11536.fa	A	G	0.5129
11536.mo	A	G	0.4971
11536.p1	A	G	0.4809
11536.s1	A	G	0.5220
11537.fa	G	G	0.9960
11537.mo	A	G	0.5192
11537.p1	G	G	1.0000
11537.s1	G	G	0.9998
11540.fa	G	G	1.0000
11540.mo	A	G	0.4932
11540.p1	G	G	1.0000
11540.s1	A	G	0.4947
11542.fa	A	G	0.5063
11542.mo	A	G	0.5250
11542.p1	G	G	1.0000
11542.s1	A	A	0.0000
11544.fa	A	G	0.5041
11544.mo	G	G	1.0000
11544.p1	A	G	0.4909
11544.s1	A	G	0.5021
11545.fa	A	G	0.5017
11545.mo	A	G	0.5091
11545.p1	A	A	0.0002
11545.s1	A	A	0.0041
11546.fa	A	G	0.4930
11546.mo	A	A	0.0000
11546.p1	A	G	0.5078
11546.s1	A	A	0.0000
11547.fa	A	G	0.4732
11547.mo	G	G	0.9998
11547.p1	A	G	0.4655
11549.fa	G	G	1.0000
11549.mo	A	A	0.0000
11549.p1	A	G	0.4781
11549.s1	A	G	0.4994
11550.fa	A	G	0.5387
11550.mo	G	G	0.9997
11550.p1	G	G	1.0000
11550.s1	A	G	0.5164
11550.s2	G	G	1.0000
11551.fa	G	G	1.0000
11551.mo	A	A	0.0000
11551.p1	A	G	0.5111
11551.s1	A	G	0.5166
11551.s2	A	G	0.5301
11552.fa	A	G	0.4992
11552.mo	A	G	0.5203
11552.p1	G	G	1.0000
11552.s1	A	A	0.0079
11554.fa	G	G	0.9968
11554.mo	A	G	0.5003
11554.p1	A	G	0.4827
11554.s1	A	G	0.4770
11555.fa	A	A	0.0000
11555.mo	A	A	0.0000
11555.p1	A	A	0.0000
11556.fa	G	G	0.9969
11556.mo	A	A	0.0004
11556.p1	A	G	0.4729
11556.s1	A	G	0.4889
11557.fa	A	G	0.4601
11557.mo	A	G	0.5054
11557.p1	A	G	0.5059
11557.s1	A	G	0.5047
11557.s2	A	G	0.5125
11557.s3	A	G	0.4768
11558.fa	A	A	0.0000
11558.mo	A	G	0.5042
11558.p1	A	A	0.0000
11561.fa	A	G	0.5199
11561.mo	G	G	1.0000
11561.p1	G	G	0.9973
11561.s1	G	G	1.0000
11563.fa	A	G	0.5008
11563.mo	A	A	0.0000
11563.p1	A	A	0.0000
11563.s1	A	A	0.0002
11564.fa	G	G	1.0000
11564.mo	A	G	0.4963
11564.p1	G	G	1.0000
11564.s1	G	G	1.0000
11565.fa	G	G	1.0000
11565.mo	A	A	0.0014
11565.p1	A	G	0.4763
11565.s1	A	G	0.4908
11566.fa	A	G	0.4862
11566.mo	A	A	0.0000
11566.p1	A	G	0.5249
11568.fa	G	G	1.0000
11568.mo	G	G	0.9937
11568.p1	G	G	1.0000
11568.s1	G	G	1.0000
11569.fa	A	G	0.5023
11569.mo	A	G	0.4993
11569.p1	A	G	0.5226
11569.s1	G	G	0.9991
11575.fa	A	G	0.5113
11575.mo	G	G	1.0000
11575.p1	A	G	0.4902
11575.s1	A	G	0.4810
11577.fa	G	G	1.0000
11577.mo	A	G	0.4934
11577.p1	A	G	0.4892
11578.fa	A	A	0.0017
11578.mo	A	G	0.5063
11578.p1	A	G	0.5010
11578.s1	A	G	0.5234
11580.fa	A	G	0.4892
11580.mo	A	G	0.5304
11580.p1	A	G	0.5118
11580.s1	A	A	0.0054
11580.s2	G	G	1.0000
11581.fa	A	A	0.0002
11581.mo	A	G	0.5296
11581.p1	A	A	0.0001
11581.s1	A	A	0.0012
11583.fa	A	G	0.5193
11583.mo	A	G	0.5093
11583.p1	G	G	1.0000
11584.fa	G	G	1.0000
11584.mo	A	G	0.5034
11584.p1	G	G	0.9979
11584.s1	A	G	0.4809
11587.fa	A	G	0.5148
11587.mo	A	G	0.4609
11587.p1	A	G	0.5143
11587.s1	A	G	0.5137
11590.fa	G	G	1.0000
11590.mo	A	G	0.4740
11590.p1	A	G	0.5014
11590.s1	A	G	0.5004
11597.fa	G	G	0.9996
11597.mo	A	A	0.0000
11597.p1	A	G	0.5015
11597.s1	A	G	0.5247
11597.s2	A	G	0.4828
11598.fa	A	G	0.5003
11598.mo	A	G	0.5124
11598.p1	G	G	0.9981
11599.fa	A	G	0.4949
11599.mo	A	G	0.5142
11599.p1	A	G	0.5034
11599.s1	A	G	0.4843
11611.fa	G	G	1.0000
11611.mo	A	G	0.4706
11611.p1	A	G	0.4912
11641.fa	A	A	0.0000
11641.mo	A	G	0.5272
11641.p1	A	A	0.0000
11641.s1	A	A	0.0000
11676.fa	G	G	0.9937
11676.mo	G	G	1.0000
11676.p1	G	G	1.0000
11676.s1	G	G	1.0000
11696.fa	A	G	0.4916
11696.mo	A	G	0.5151
11696.p1	A	G	0.4732
11696.s1	A	A	0.0016
11698.fa	A	G	0.4739
11698.mo	A	G	0.4823
11698.p1	A	G	0.5335
12062.fa	A	G	0.4740
12062.mo	A	G	0.4759
12062.p1	A	G	0.5296
12062.s1	G	G	1.0000
12068.fa	A	G	0.5100
12068.mo	A	G	0.5262
12068.p1	A	G	0.5081
12068.s1	A	G	0.5100
12071.fa	A	G	0.5342
12071.mo	A	A	0.0000
12071.p1	A	A	0.0045
12071.s1	A	A	0.0060
11001.fa	A	A	0.0031
11001.mo	G	G	1.0000
11001.p1	A	G	0.4764
11018.fa	G	G	1.0000
11018.mo	A	G	0.5021
11018.p1	A	G	0.5010
11018.s1	G	G	1.0000
11025.fa	A	G	0.5239
11025.mo	A	G	0.5033
11025.p1	A	G	0.5148
11040.fa	G	G	0.9954
11040.mo	A	G	0.4930
11040.p1	G	G	0.9953
11040.s1	A	G	0.5007
11055.fa	G	G	0.9992
11055.mo	G	G	0.9977
11055.p1	G	G	1.0000
11055.s1	G	G	0.9963
11078.fa	G	G	1.0000
11078.mo	A	G	0.5200
11078.p1	G	G	1.0000
11078.s1	G	G	1.0000
11080.fa	A	G	0.5093
11080.mo	A	G	0.5135
11080.p1	A	G	0.5282
11087.fa	G	G	0.9972
11087.mo	A	G	0.5370
11087.p1	A	G	0.4783
11090.fa	A	G	0.4982
11090.mo	A	G	0.5019
11090.p1	G	G	0.9877
11090.s1	A	G	0.4913
11110.fa	A	G	0.5037
11110.mo	A	A	0.0143
11110.p1	A	A	0.0114
11110.s1	A	G	0.4952
11117.fa	A	G	0.4712
11117.mo	A	G	0.4514
11117.p1	A	G	0.4938
11117.s1	A	A	0.0000
11117.s2	A	G	0.5042
11117.s3	A	A	0.0000
11129.fa	G	G	1.0000
11129.mo	G	G	0.9966
11129.p1	G	G	0.9986
11133.fa	A	A	0.0062
11133.mo	G	G	1.0000
11133.p1	A	G	0.4981
11134.fa	A	G	0.5025
11134.mo	A	G	0.5016
11134.p1	A	A	0.0088
11145.fa	A	G	0.5169
11145.mo	A	G	0.5224
11145.p1	A	G	0.4834
11158.fa	G	G	1.0000
11158.mo	A	A	0.0001
11158.p1	A	G	0.5056
11158.s1	A	G	0.4993
11158.s2	A	G	0.5008
11161.fa	A	G	0.4909
11161.mo	A	G	0.5026
11161.p1	G	G	0.9924
11161.s1	A	G	0.4846
11165.fa	G	G	1.0000
11165.mo	A	A	0.0000
11165.p1	A	G	0.5079
11167.fa	G	G	1.0000
11167.mo	G	G	0.9990
11167.p1	G	G	0.9895
11167.s1	G	G	0.9910
11188.fa	A	A	0.0000
11188.mo	A	G	0.5140
11188.p1	A	A	0.0000
11202.fa	G	G	1.0000
11202.mo	A	A	0.0081
11202.p1	A	G	0.5070
11241.fa	A	G	0.5043
11241.mo	A	G	0.4957
11241.p1	A	G	0.4926
11241.s1	A	G	0.5033
11241.s2	A	G	0.4745
11249.fa	A	G	0.5190
11249.mo	A	G	0.4976
11249.p1	A	A	0.0000
11266.fa	G	G	0.9971
11266.mo	A	G	0.4921
11266.p1	A	G	0.4921
11266.s1	A	G	0.4926
11266.s2	A	G	0.4980
11270.fa	A	G	0.4896
11270.mo	A	A	0.0000
11270.p1	A	A	0.0000
11270.s1	A	G	0.4881
11276.fa	A	A	0.0000
11276.mo	G	G	0.9990
11276.p1	A	G	0.5042
11276.s1	A	G	0.4966
11277.fa	G	G	0.9979
11277.mo	A	A	0.0000
11277.p1	A	G	0.4639
11277.s1	A	G	0.4566
11283.fa	A	A	0.0000
11283.mo	G	G	1.0000
11283.p1	A	G	0.5044
11290.fa	G	G	1.0000
11290.mo	G	G	1.0000
11290.p1	G	G	1.0000
11290.s1	G	G	1.0000
11290.s2	G	G	1.0000
11290.s3	G	G	1.0000
11294.fa	G	G	1.0000
11294.mo	A	G	0.5289
11294.p1	G	G	1.0000
11297.fa	G	G	1.0000
11297.mo	G	G	0.9992
11297.p1	G	G	1.0000
11308.fa	A	A	0.0000
11308.mo	A	G	0.4963
11308.p1	A	A	0.0000
11321.fa	A	G	0.4955
11321.mo	A	A	0.0000
11321.p1	A	A	0.0088
11321.s1	A	G	0.4765
11330.fa	A	G	0.5049
11330.mo	A	G	0.5127
11330.p1	A	A	0.0016
11330.s1	A	G	0.4930
11330.s2	G	G	0.9884
11333.fa	A	G	0.5001
11333.mo	A	G	0.4728
11333.p1	G	G	0.9989
11333.s1	G	G	1.0000
11343.fa	A	G	0.5078
11343.mo	G	G	0.9967
11343.p1	G	G	1.0000
11367.fa	A	G	0.5056
11367.mo	G	G	0.9979
11367.p1	G	G	1.0000
11367.s1	A	G	0.5124
11372.fa	G	G	0.9990
11372.mo	A	A	0.0263
11372.p1	A	G	0.4971
11372.s1	A	G	0.5164
11387.fa	A	A	0.0000
11387.mo	A	G	0.4977
11387.p1	A	G	0.4991
11393.fa	G	G	1.0000
11393.mo	A	G	0.5043
11393.p1	G	G	0.9968
11393.s1	G	G	0.9996
11393.s2	G	G	1.0000
11394.fa	G	G	0.9990
11394.mo	G	G	0.9981
11394.p1	G	G	0.9999
11400.fa	G	G	1.0000
11400.mo	A	A	0.0000
11400.p1	A	G	0.4981
11400.s1	A	G	0.5073
11407.fa	A	A	0.0034
11407.mo	A	G	0.5211
11407.p1	A	G	0.4973
11407.s1	A	G	0.4865
11433.fa	A	G	0.5145
11433.mo	A	G	0.5029
11433.p1	A	G	0.4925
11433.s1	A	G	0.5172
11439.fa	A	G	0.4980
11439.mo	A	G	0.4972
11439.p1	G	G	0.9909
11439.s1	A	G	0.5111
11446.fa	A	A	0.0280
11446.mo	A	A	0.0127
11446.p1	A	A	0.0187
11446.s1	A	A	0.0175
11453.fa	A	G	0.5257
11453.mo	A	A	0.0189
11453.p1	A	G	0.4908
11453.s1	A	G	0.5112
11456.fa	G	G	1.0000
11456.mo	G	G	1.0000
11456.p1	G	G	0.9968
11456.s1	G	G	0.9954
11464.fa	A	G	0.4499
11464.mo	A	A	0.0000
11464.p1	A	G	0.4832
11465.fa	A	G	0.4841
11465.mo	A	A	0.0000
11465.p1	A	A	0.0000
11470.fa	A	G	0.4793
11470.mo	A	A	0.0069
11470.p1	A	A	0.0000
11470.s1	A	G	0.4831
11470.s3	A	G	0.5014
11472.fa	A	G	0.5074
11472.mo	A	G	0.5187
11472.p1	A	G	0.4927
11472.s1	A	A	0.0234
11480.fa	G	G	0.9994
11480.mo	G	G	1.0000
11480.p1	G	G	0.9987
11480.s1	G	G	0.9999
11491.fa	A	A	0.0267
11491.mo	G	G	0.9991
11491.p1	A	G	0.4844
11491.s1	A	G	0.5186
11494.fa	A	G	0.5060
11494.mo	A	G	0.4953
11494.p1	A	G	0.4882
11494.s1	A	A	0.0129
11516.fa	A	A	0.0000
11516.mo	A	G	0.4951
11516.p1	A	A	0.0000
11516.s1	A	A	0.0000
11518.fa	A	A	0.0000
11518.mo	A	A	0.0003
11518.p1	A	A	0.0000
11518.s1	A	A	0.0000
11532.fa	G	G	0.9942
11532.mo	A	G	0.5262
11532.p1	A	G	0.4862
11532.s1	A	G	0.5058
11538.fa	A	G	0.4781
11538.mo	A	G	0.4899
11538.p1	A	G	0.4988
11538.s1	A	G	0.4980
11543.fa	A	G	0.5266
11543.mo	G	G	0.9948
11543.p1	G	G	1.0000
11543.s1	G	G	1.0000
11567.fa	A	A	0.0000
11567.mo	A	G	0.4851
11567.p1	A	A	0.0000
11567.s1	A	A	0.0000
11571.fa	A	G	0.4730
11571.mo	G	G	0.9948
11571.p1	A	G	0.5185
11571.s1	A	G	0.5060
11573.fa	A	G	0.4951
11573.mo	A	G	0.4966
11573.p1	A	A	0.0256
11573.s1	A	G	0.5346
11592.fa	A	G	0.5016
11592.mo	G	G	1.0000
11592.p1	A	G	0.4958
11592.s1	G	G	0.9993
11600.fa	A	G	0.5091
11600.mo	A	A	0.0216
11600.p1	A	A	0.0222
11600.s1	A	A	0.0213
11601.fa	A	G	0.4905
11601.mo	A	A	0.0086
11601.p1	A	A	0.0094
11601.s1	A	A	0.0000
11601.s3	A	G	0.4964
11604.fa	G	G	0.9991
11604.mo	A	G	0.5103
11604.p1	A	G	0.5022
11608.fa	G	G	1.0000
11608.mo	G	G	1.0000
11608.p1	G	G	1.0000
11608.s1	G	G	1.0000
11609.fa	A	G	0.5102
11609.mo	G	G	1.0000
11609.p1	G	G	1.0000
11610.fa	G	G	1.0000
11610.mo	G	G	1.0000
11610.p1	G	G	0.9974
11610.s1	G	G	1.0000
11612.fa	A	A	0.0000
11612.mo	G	G	1.0000
11612.p1	A	G	0.4995
11615.fa	A	G	0.5443
11615.mo	A	G	0.4862
11615.p1	G	G	1.0000
11615.s1	A	G	0.5113
11616.fa	A	G	0.4973
11616.mo	G	G	1.0000
11616.p1	A	G	0.5034
11616.s1	A	G	0.5251
11617.fa	A	A	0.0000
11617.mo	G	G	1.0000
11617.p1	A	G	0.4995
11619.fa	A	G	0.5103
11619.mo	A	G	0.5161
11619.p1	A	G	0.5030
11620.fa	A	G	0.5069
11620.mo	A	A	0.0315
11620.p1	A	G	0.4925
11620.s1	A	G	0.5194
11621.fa	A	G	0.4800
11621.mo	G	G	1.0000
11621.p1	G	G	0.9996
11622.fa	A	G	0.5080
11622.mo	A	A	0.0250
11622.p1	A	A	0.0110
11622.s1	A	A	0.0082
11625.fa	A	G	0.4780
11625.mo	G	G	0.9942
11625.p1	A	G	0.4906
11625.s1	A	G	0.4975
11627.fa	A	A	0.0112
11627.mo	A	G	0.4931
11627.p1	A	A	0.0075
11627.s1	A	G	0.4743
11629.fa	A	A	0.0016
11629.mo	A	G	0.5059
11629.p1	A	G	0.5132
11629.s1	A	A	0.0000
11630.fa	A	A	0.0000
11630.mo	A	A	0.0000
11630.p1	A	A	0.0012
11630.s1	A	A	0.0000
11630.s2	A	A	0.0037
11630.s3	A	A	0.0000
11634.fa	A	G	0.4652
11634.mo	A	G	0.5181
11634.p1	G	G	1.0000
11634.s1	A	A	0.0177
11638.fa	A	G	0.5123
11638.mo	A	G	0.5009
11638.p1	A	G	0.4845
11638.s1	A	G	0.4533
11642.fa	A	A	0.0183
11642.mo	A	G	0.4663
11642.p1	A	A	0.0068
11642.s1	A	G	0.4719
11644.fa	G	G	0.9898
11644.mo	A	G	0.5419
11644.p1	A	G	0.5457
11644.s1	G	G	1.0000
11645.fa	A	G	0.5202
11645.mo	A	G	0.5678
11645.p1	A	A	0.0270
11645.s1	A	G	0.5164
11651.fa	G	G	1.0000
11651.mo	A	G	0.4866
11651.p1	G	G	1.0000
11651.s1	G	G	1.0000
11653.fa	G	G	1.0000
11653.mo	A	A	0.0077
11653.p1	A	G	0.4911
11653.s1	A	G	0.4860
11654.fa	A	A	0.0000
11654.mo	A	A	0.0000
11654.p1	A	A	0.0002
11654.s1	A	A	0.0107
11657.fa	A	G	0.5422
11657.mo	A	G	0.4830
11657.p1	G	G	1.0000
11657.s1	A	A	0.0215
11659.fa	G	G	0.9858
11659.mo	A	A	0.0229
11659.p1	A	G	0.5281
11659.s1	A	G	0.5079
11660.fa	A	A	0.0004
11660.mo	A	A	0.0000
11660.p1	A	A	0.0000
11664.fa	A	G	0.4845
11664.mo	A	A	0.0000
11664.p1	A	A	0.0000
11664.p2	A	A	0.0000
11664.s2	A	G	0.4801
11665.fa	G	G	1.0000
11665.mo	G	G	0.9949
11665.p1	G	G	0.9955
11665.s1	G	G	1.0000
11666.fa	A	G	0.5177
11666.mo	G	G	0.9997
11666.p1	A	G	0.5076
11666.s1	G	G	1.0000
11667.fa	G	G	1.0000
11667.mo	G	G	0.9900
11667.p1	G	G	0.9815
11667.s1	G	G	0.9968
11673.fa	A	G	0.5209
11673.mo	G	G	0.9983
11673.p1	G	G	1.0000
11673.s1	A	G	0.5297
11677.fa	G	G	1.0000
11677.mo	A	A	0.0128
11677.p1	A	G	0.4899
11677.s1	A	G	0.4950
11679.fa	A	G	0.5067
11679.mo	A	G	0.5522
11679.p1	A	A	0.0201
11679.s1	A	G	0.5129
11680.fa	A	G	0.4884
11680.mo	A	G	0.4800
11680.p1	G	G	1.0000
11681.fa	A	G	0.4991
11681.mo	A	A	0.0000
11681.p1	A	A	0.0000
11685.fa	A	G	0.4806
11685.mo	A	G	0.5241
11685.p1	G	G	0.9974
11685.s1	A	G	0.5089
11689.fa	A	G	0.4872
11689.mo	A	G	0.4896
11689.p1	A	G	0.4735
11689.s2	A	G	0.4822
11691.fa	A	G	0.4944
11691.mo	G	G	0.9967
11691.p1	G	G	0.9985
11691.s1	A	G	0.4876
11693.fa	A	G	0.5068
11693.mo	A	G	0.5030
11693.p1	A	G	0.5291
11694.fa	A	G	0.5082
11694.mo	A	G	0.4983
11694.p1	A	G	0.5058
11694.s1	A	G	0.5056
11700.fa	G	G	1.0000
11700.mo	G	G	1.0000
11700.p1	G	G	1.0000
11700.s1	G	G	0.9972
11700.s2	G	G	0.9999
11704.fa	G	G	1.0000
11704.mo	A	G	0.4941
11704.p1	G	G	0.9997
11707.fa	A	G	0.4937
11707.mo	A	A	0.0184
11707.p1	A	A	0.0239
11707.s1	A	G	0.4927
11709.fa	A	G	0.4964
11709.mo	A	A	0.0000
11709.p1	A	A	0.0012
11710.fa	A	A	0.0000
11710.mo	A	G	0.5029
11710.p1	A	G	0.5051
11711.fa	A	G	0.5084
11711.mo	A	A	0.0233
11711.p1	A	G	0.4717
11711.s1	A	A	0.0188
11712.fa	A	G	0.4964
11712.mo	G	G	0.9937
11712.p1	A	G	0.5047
11712.s1	G	G	1.0000
11712.s2	G	G	0.9932
11714.fa	A	G	0.5187
11714.mo	G	G	0.9942
11714.p1	A	G	0.4891
11714.s1	A	G	0.4953
11715.fa	G	G	0.9920
11715.mo	A	G	0.5172
11715.p1	G	G	1.0000
11715.s1	G	G	1.0000
11716.fa	G	G	0.9993
11716.mo	A	G	0.4996
11716.p1	A	G	0.4922
11716.s1	G	G	0.9970
11718.fa	G	G	1.0000
11718.mo	A	A	0.0039
11718.p1	A	G	0.4906
11718.s1	A	G	0.4825
11720.fa	A	G	0.4779
11720.mo	G	G	0.9963
11720.p1	A	G	0.5093
11720.s1	A	G	0.5035
11720.s2	A	G	0.5072
11721.fa	A	G	0.4933
11721.mo	A	A	0.0000
11721.p1	A	A	0.0075
11721.s1	A	G	0.4962
11722.fa	A	A	0.0937
11722.mo	G	G	0.9947
11722.p1	A	G	0.5283
11722.s1	A	G	0.5070
11723.fa	A	G	0.4824
11723.mo	A	A	0.0000
11723.p1	A	A	0.0000
11723.s1	A	G	0.4912
11724.fa	G	G	0.9985
11724.mo	A	G	0.5051
11724.p1	A	G	0.5088
11724.s1	G	G	0.9991
11729.fa	G	G	1.0000
11729.mo	G	G	1.0000
11729.p1	G	G	0.9957
11729.s1	G	G	1.0000
11729.s2	G	G	1.0000
11730.fa	G	G	0.9953
11730.mo	A	G	0.4685
11730.p1	G	G	0.9944
11730.s1	G	G	0.9979
11731.fa	A	G	0.5168
11731.mo	A	G	0.5067
11731.p1	A	G	0.4903
11731.s1	G	G	1.0000
11733.fa	A	G	0.5011
11733.mo	G	G	1.0000
11733.p1	A	G	0.5194
11740.fa	G	G	0.9974
11740.mo	A	A	0.0000
11740.p1	A	G	0.5002
11740.s1	A	G	0.5086
11740.s2	A	G	0.5102
11753.fa	A	A	0.0002
11753.mo	A	G	0.4974
11753.p1	A	A	0.0076
11753.s1	A	G	0.4656
11765.fa	A	G	0.5039
11765.mo	A	G	0.5034
11765.p1	A	A	0.0000
11765.s1	A	A	0.0000
11766.fa	A	G	0.4715
11766.mo	A	G	0.5036
11766.p1	G	G	1.0000
11766.s1	A	G	0.5223
11768.fa	A	A	0.0039
11768.mo	A	G	0.4806
11768.p1	A	G	0.4895
11768.s1	A	G	0.4627
11773.fa	A	A	0.0039
11773.mo	A	G	0.5239
11773.p1	A	A	0.0000
11773.s1	A	G	0.5094
11775.fa	A	G	0.4897
11775.mo	A	A	0.0136
11775.p1	A	G	0.5018
11775.s1	A	A	0.0034
11776.fa	A	G	0.4684
11776.mo	A	G	0.4881
11776.p1	A	G	0.5039
11780.fa	A	G	0.4858
11780.mo	A	G	0.4887
11780.p1	G	G	0.9958
11781.fa	A	G	0.4629
11781.mo	A	G	0.5128
11781.p1	A	G	0.4844
11781.s2	A	G	0.4990
11782.fa	A	G	0.4911
11782.mo	A	G	0.4839
11782.p1	A	A	0.0000
11788.fa	G	G	1.0000
11788.mo	G	G	0.9991
11788.p1	G	G	0.9954
11788.s1	G	G	0.9981
11792.fa	A	A	0.0042
11792.mo	A	G	0.4773
11792.p1	A	A	0.0023
11792.s1	A	G	0.4736
11793.fa	A	G	0.5288
11793.mo	A	A	0.0000
11793.p1	A	A	0.0054
11793.s1	A	A	0.0000
11794.fa	G	G	0.9941
11794.mo	G	G	1.0000
11794.p1	G	G	1.0000
11794.s1	G	G	1.0000
11797.fa	A	A	0.0000
11797.mo	G	G	0.9970
11797.p1	A	G	0.5230
11797.s1	A	G	0.5091
11798.fa	A	G	0.4885
11798.mo	G	G	1.0000
11798.p1	A	G	0.4858
11798.s1	A	G	0.4967
11800.fa	A	G	0.4840
11800.mo	G	G	0.9950
11800.p1	G	G	0.9909
11804.fa	G	G	0.9897
11804.mo	G	G	0.9962
11804.p1	G	G	0.9993
11804.s1	G	G	0.9995
11806.fa	A	G	0.4772
11806.mo	G	G	0.9985
11806.p1	A	G	0.5014
11808.fa	G	G	0.9922
11808.mo	A	G	0.4687
11808.p1	A	G	0.4952
11808.s1	A	G	0.4954
11809.fa	G	G	0.9977
11809.mo	A	A	0.0000
11809.p1	A	G	0.4624
11809.s1	A	G	0.5019
11810.fa	A	G	0.4895
11810.mo	A	G	0.4844
11810.p1	A	A	0.0000
11810.s1	A	G	0.4979
11810.s2	A	A	0.0000
11811.fa	A	A	0.0000
11811.mo	A	A	0.0000
11811.p1	A	A	0.0070
11812.fa	A	G	0.5307
11812.mo	A	A	0.0000
11812.p1	A	A	0.0000
11812.s1	A	A	0.0043
11818.fa	G	G	1.0000
11818.mo	G	G	0.9990
11818.p1	G	G	1.0000
11818.s1	G	G	0.9972
11824.fa	G	G	0.9972
11824.mo	A	G	0.4753
11824.p1	G	G	0.9966
11824.s1	A	G	0.4939
11824.s2	G	G	0.9962
11824.s3	G	G	0.9951
11824.s4	G	G	0.9946
11825.fa	G	G	0.9955
11825.mo	G	G	1.0000
11825.p1	G	G	0.9991
11827.fa	A	A	0.0077
11827.mo	A	G	0.4914
11827.p1	A	G	0.5039
11827.s1	A	A	0.0000
11828.fa	G	G	1.0000
11828.mo	A	A	0.0018
11828.p1	A	G	0.4957
11828.s1	A	G	0.4962
11831.fa	A	A	0.0000
11831.mo	A	A	0.0000
11831.p1	A	A	0.0000
11831.s1	A	A	0.0000
11834.fa	A	A	0.0007
11834.mo	A	A	0.0000
11834.p1	A	A	0.0000
11834.s1	A	A	0.0052
11835.fa	A	G	0.5038
11835.mo	A	G	0.4879
11835.p1	A	G	0.5172
11835.s1	A	G	0.4967
11838.fa	A	A	0.0000
11838.mo	A	A	0.0044
11838.p1	A	A	0.0046
11838.s1	A	A	0.0043
11838.s2	A	A	0.0075
11839.fa	A	G	0.4834
11839.mo	G	G	0.9991
11839.p1	G	G	1.0000
11839.s1	G	G	0.9952
11841.fa	A	G	0.4982
11841.mo	A	G	0.5190
11841.p1	A	A	0.0000
11843.fa	A	G	0.4894
11843.mo	G	G	0.9950
11843.p1	A	G	0.5040
11843.s1	G	G	0.9960
11845.fa	A	G	0.4674
11845.mo	A	G	0.4651
11845.p1	A	A	0.0000
11845.s1	G	G	1.0000
11846.fa	A	G	0.4801
11846.mo	A	G	0.5293
11846.p1	A	G	0.5031
11851.fa	A	A	0.0000
11851.mo	G	G	1.0000
11851.p1	A	G	0.5141
11855.fa	A	A	0.0000
11855.mo	A	G	0.4822
11855.p1	A	G	0.5251
11855.s1	A	G	0.4857
11857.fa	A	A	0.0000
11857.mo	G	G	1.0000
11857.p1	A	G	0.5042
11857.s1	A	G	0.4531
11859.fa	A	G	0.4960
11859.mo	G	G	1.0000
11859.p1	G	G	1.0000
11860.fa	A	A	0.0137
11860.mo	G	G	0.9909
11860.p1	A	G	0.5039
11860.s1	A	G	0.4702
11863.fa	A	G	0.5147
11863.mo	G	G	0.9969
11863.p1	G	G	1.0000
11863.s1	G	G	0.9924
11868.fa	A	G	0.5187
11868.mo	A	G	0.5052
11868.p1	A	G	0.5360
11868.s1	A	G	0.5166
11869.fa	A	G	0.4759
11869.mo	A	A	0.0000
11869.p1	A	A	0.0000
11869.s1	A	A	0.0000
11872.fa	G	G	1.0000
11872.mo	A	G	0.5183
11872.p1	A	G	0.4796
11872.s1	A	G	0.4888
11878.fa	A	G	0.5197
11878.mo	G	G	1.0000
11878.p1	G	G	1.0000
11879.fa	G	G	1.0000
11879.mo	G	G	0.9948
11879.p1	G	G	0.9965
11879.s1	G	G	1.0000
11881.fa	G	G	1.0000
11881.mo	G	G	0.9975
11881.p1	G	G	1.0000
11881.s1	G	G	1.0000
11883.fa	A	G	0.5195
11883.mo	A	G	0.4944
11883.p1	A	G	0.4890
11883.s1	A	G	0.4685
11888.fa	G	G	0.9964
11888.mo	G	G	0.9978
11888.p1	G	G	0.9947
11888.s1	G	G	0.9900
11892.fa	A	G	0.4960
11892.mo	A	A	0.0000
11892.p1	A	A	0.0126
11892.s1	A	G	0.4783
11892.s2	A	A	0.0028
11893.fa	A	A	0.0000
11893.mo	A	A	0.0000
11893.p1	A	A	0.0000
11894.fa	A	G	0.5031
11894.mo	G	G	1.0000
11894.p1	A	G	0.5057
11894.s1	G	G	0.9987
11895.fa	A	G	0.5171
11895.mo	A	G	0.5491
11895.p1	A	A	0.0000
11895.s1	A	A	0.0022
11897.fa	A	G	0.4948
11897.mo	G	G	0.9919
11897.p1	G	G	0.9975
11897.s1	A	G	0.4782
11901.fa	G	G	0.9953
11901.mo	A	G	0.5173
11901.p1	A	G	0.4829
11901.s1	A	G	0.4969
11905.fa	A	G	0.4845
11905.mo	G	G	0.9959
11905.p1	G	G	0.9940
11905.s1	A	G	0.5121
11905.s3	G	G	1.0000
11905.s5	G	G	0.9973
11909.fa	G	G	1.0000
11909.mo	A	A	0.0000
11909.p1	A	G	0.5083
11909.s1	A	G	0.4867
11910.fa	G	G	1.0000
11910.mo	G	G	1.0000
11910.p1	G	G	1.0000
11913.fa	A	G	0.4744
11913.mo	G	G	0.9975
11913.p1	A	G	0.4599
11913.s1	A	G	0.5091
11914.fa	A	A	0.0000
11914.mo	A	A	0.0000
11914.p1	A	A	0.0000
11916.fa	A	G	0.5105
11916.mo	A	G	0.4936
11916.p1	A	G	0.4928
11916.s1	G	G	0.9995
11917.fa	G	G	1.0000
11917.mo	A	A	0.0056
11917.p1	A	G	0.4856
11917.s1	A	G	0.5109
11918.fa	A	G	0.5003
11918.mo	G	G	0.9935
11918.p1	G	G	1.0000
11918.s1	G	G	0.9972
11919.fa	A	A	0.0000
11919.mo	G	G	1.0000
11919.p1	A	G	0.5071
11919.s1	A	G	0.5120
11920.fa	A	G	0.4592
11920.mo	G	G	0.9983
11920.p1	G	G	0.9972
11920.s1	A	G	0.4903
11922.fa	A	G	0.5164
11922.mo	A	G	0.5086
11922.p1	A	G	0.4997
11922.s1	G	G	0.9975
11924.fa	A	A	0.0000
11924.mo	A	A	0.0000
11924.p1	A	A	0.0042
11924.s1	A	A	0.0000
11924.s2	A	A	0.0000
11928.fa	A	A	0.0000
11928.mo	A	G	0.5421
11928.p1	A	G	0.5183
11928.s1	A	G	0.4888
11928.s2	A	A	0.0000
11931.fa	G	G	0.9940
11931.mo	A	G	0.4994
11931.p1	A	G	0.4363
11931.s2	A	G	0.4648
11933.fa	A	G	0.5344
11933.mo	A	A	0.0000
11933.p1	A	G	0.5017
11933.s1	A	A	0.0000
11935.fa	G	G	0.9978
11935.mo	A	G	0.4916
11935.p1	G	G	1.0000
11935.s1	A	G	0.4951
11938.fa	A	G	0.5309
11938.mo	A	G	0.5074
11938.p1	A	A	0.0000
11939.fa	G	G	1.0000
11939.mo	A	A	0.0000
11939.p1	A	G	0.4703
11939.s1	A	G	0.4798
11940.fa	A	A	0.0000
11940.mo	G	G	0.9937
11940.p1	A	G	0.4938
11940.s1	A	G	0.5023
11941.fa	G	G	0.9881
11941.mo	A	G	0.5083
11941.p1	A	G	0.4750
11941.s1	A	G	0.4934
11942.fa	G	G	0.9970
11942.mo	G	G	0.9947
11942.p1	G	G	0.9986
11942.s1	G	G	0.9945
11942.s2	G	G	0.9962
11944.fa	G	G	0.9955
11944.mo	A	G	0.5013
11944.p1	G	G	1.0000
11944.s1	G	G	0.9958
11944.s2	G	G	0.9958
11946.fa	G	G	0.9915
11946.mo	A	A	0.0026
11946.p1	A	G	0.4829
11946.s1	A	G	0.5182
11947.fa	A	A	0.0000
11947.mo	A	A	0.0027
11947.p1	A	A	0.0000
11947.s1	A	A	0.0000
11948.fa	G	G	1.0000
11948.mo	G	G	1.0000
11948.p1	G	G	1.0000
11948.s1	G	G	0.9977
11954.fa	A	G	0.5014
11954.mo	A	G	0.5051
11954.p1	A	A	0.0000
11954.s1	A	A	0.0000
11957.fa	A	G	0.5050
11957.mo	A	G	0.5070
11957.p1	A	A	0.0000
11957.s1	A	A	0.0004
11959.fa	G	G	1.0000
11959.mo	A	G	0.5044
11959.p1	A	G	0.5260
11959.s1	A	G	0.5106
11962.fa	A	G	0.5324
11962.mo	G	G	1.0000
11962.p1	A	G	0.5063
11962.s1	A	G	0.5025
11963.fa	A	G	0.4873
11963.mo	A	G	0.4559
11963.p1	A	A	0.0000
11963.s1	A	G	0.4991
11964.fa	G	G	0.9925
11964.mo	A	G	0.5155
11964.p1	A	G	0.5116
11964.s1	G	G	0.9907
11966.fa	G	G	0.9980
11966.mo	A	G	0.4957
11966.p1	G	G	0.9965
11966.s1	A	G	0.4983
11969.fa	G	G	0.9925
11969.mo	A	A	0.0000
11969.p1	A	G	0.4926
11969.s1	A	G	0.4960
11970.fa	A	G	0.4908
11970.mo	A	G	0.4786
11970.p1	A	G	0.5012
11972.fa	A	G	0.5296
11972.mo	A	G	0.5174
11972.p1	A	A	0.0000
11972.s1	A	G	0.4837
11975.fa	A	G	0.4972
11975.mo	A	G	0.5001
11975.p1	A	G	0.5218
11978.fa	A	G	0.4567
11978.mo	A	A	0.0000
11978.p1	A	A	0.0000
11979.fa	A	G	0.4983
11979.mo	A	G	0.5022
11979.p1	A	A	0.0006
11979.s1	G	G	0.9996
11981.fa	A	G	0.5188
11981.mo	A	G	0.5395
11981.p1	A	A	0.0000
11981.s1	G	G	0.9995
11982.fa	A	G	0.5166
11982.mo	G	G	1.0000
11982.p1	G	G	1.0000
11982.s1	A	G	0.4905
11984.fa	A	G	0.5029
11984.mo	A	G	0.4891
11984.p1	A	G	0.4934
11984.s1	A	A	0.0000
11986.fa	A	G	0.4932
11986.mo	A	G	0.5138
11986.p1	A	A	0.0000
11986.s1	A	A	0.0024
11989.fa	A	G	0.4619
11989.mo	G	G	0.9944
11989.p1	A	G	0.4873
11989.s1	A	G	0.5203
11990.fa	A	G	0.4953
11990.mo	A	G	0.4748
11990.p1	A	G	0.4993
11990.s1	G	G	1.0000
11993.fa	A	A	0.0009
11993.mo	A	G	0.4866
11993.p1	A	A	0.0000
11993.s1	A	G	0.4937
11995.fa	A	G	0.5069
11995.mo	G	G	1.0000
11995.p1	A	G	0.4986
11996.fa	A	G	0.5076
11996.mo	G	G	1.0000
11996.p1	A	G	0.5116
11998.fa	A	A	0.0000
11998.mo	G	G	1.0000
11998.p1	A	G	0.5022
11998.s1	A	G	0.4861
12001.fa	A	G	0.5031
12001.mo	A	G	0.4961
12001.p1	A	G	0.4425
12001.s1	A	G	0.4875
12003.fa	G	G	1.0000
12003.mo	A	G	0.5229
12003.p1	G	G	0.9952
12006.fa	A	G	0.4946
12006.mo	A	G	0.4878
12006.p1	A	A	0.0000
12006.s1	A	G	0.4824
12007.fa	A	A	0.0000
12007.mo	A	G	0.5074
12007.p1	A	A	0.0000
12007.s1	A	G	0.5221
12008.fa	A	G	0.5148
12008.mo	G	G	1.0000
12008.p1	G	G	1.0000
12009.fa	G	G	1.0000
12009.mo	G	G	1.0000
12009.p1	G	G	1.0000
12010.fa	A	G	0.5199
12010.mo	G	G	1.0000
12010.p1	A	G	0.5156
12010.s1	A	G	0.5266
12011.fa	A	A	0.0003
12011.mo	A	A	0.0000
12011.p1	A	A	0.0000
12011.s1	A	A	0.0000
12014.fa	A	A	0.0000
12014.mo	A	A	0.0000
12014.p1	A	A	0.0000
12014.s1	A	A	0.0000
12015.fa	A	G	0.5138
12015.mo	A	G	0.4846
12015.p1	G	G	0.9990
12015.s1	G	G	1.0000
12019.fa	A	G	0.5125
12019.mo	A	G	0.4696
12019.p1	A	A	0.0000
12020.fa	G	G	0.9946
12020.mo	A	G	0.4923
12020.p1	A	G	0.4623
12020.s1	A	G	0.4975
12020.s2	A	G	0.4871
12025.fa	A	A	0.0000
12025.mo	A	G	0.4812
12025.p1	A	G	0.5019
12026.fa	A	G	0.4927
12026.mo	A	A	0.0000
12026.p1	A	G	0.4864
12028.fa	A	G	0.4799
12028.mo	G	G	1.0000
12028.p1	A	G	0.5104
12029.fa	G	G	0.9932
12029.mo	A	G	0.4778
12029.p1	G	G	0.9994
12029.s1	G	G	1.0000
12030.fa	A	G	0.5016
12030.mo	A	A	0.0012
12030.p1	A	A	0.0000
12030.s1	A	G	0.5170
12031.fa	A	G	0.5183
12031.mo	A	A	0.0000
12031.p1	A	A	0.0000
12032.fa	A	A	0.0000
12032.mo	A	G	0.5266
12032.p1	A	A	0.0000
12032.s1	A	G	0.5192
12033.fa	G	G	1.0000
12033.mo	A	A	0.0000
12033.p1	A	G	0.4620
12033.s1	A	G	0.4640
12036.fa	A	G	0.5081
12036.mo	A	G	0.5501
12036.p1	G	G	1.0000
12036.s1	A	G	0.4515
12037.fa	A	A	0.0000
12037.mo	A	G	0.5091
12037.p1	A	A	0.0000
12037.s1	A	A	0.0000
12038.fa	A	G	0.4972
12038.mo	A	G	0.4860
12038.p1	A	G	0.4906
12041.fa	A	G	0.4996
12041.mo	G	G	1.0000
12041.p1	G	G	1.0000
12041.s1	A	G	0.4933
12044.fa	A	A	0.0000
12044.mo	A	G	0.4964
12044.p1	A	A	0.0000
12044.s1	A	G	0.5182
12046.fa	G	G	1.0000
12046.mo	A	G	0.5063
12046.p1	G	G	1.0000
12048.fa	G	G	1.0000
12048.mo	A	G	0.5200
12048.p1	A	G	0.5226
12048.s1	G	G	1.0000
12050.fa	A	G	0.5104
12050.mo	A	G	0.5012
12050.p1	A	G	0.5178
12052.fa	A	G	0.4546
12052.mo	A	G	0.4774
12052.p1	A	G	0.4630
12052.s1	G	G	0.9986
12053.fa	A	A	0.0000
12053.mo	A	A	0.0000
12053.p1	A	A	0.0000
12053.s1	A	A	0.0000
12055.fa	A	G	0.4985
12055.mo	A	A	0.0000
12055.p1	A	A	0.0000
12055.s1	A	A	0.0000
12056.fa	A	G	0.5340
12056.mo	G	G	1.0000
12056.p1	G	G	1.0000
12056.s1	G	G	0.9996
12057.fa	A	A	0.0000
12057.mo	A	A	0.0073
12057.p1	A	A	0.0000
12057.s1	A	A	0.0000
12058.fa	A	G	0.5062
12058.mo	A	G	0.5144
12058.p1	A	A	0.0000
12060.fa	A	G	0.4883
12060.mo	G	G	0.9885
12060.p1	A	G	0.4920
12060.s1	G	G	1.0000
12061.fa	A	G	0.5163
12061.mo	A	G	0.5082
12061.p1	A	A	0.0000
12061.s1	G	G	1.0000
12063.fa	A	G	0.4654
12063.mo	G	G	0.9976
12063.p1	G	G	1.0000
12063.s1	A	G	0.5027
12065.fa	A	G	0.5104
12065.mo	A	G	0.5302
12065.p1	G	G	1.0000
12065.s1	A	G	0.5241
12065.s2	A	G	0.4999
12066.fa	A	G	0.4869
12066.mo	A	G	0.4864
12066.p1	A	A	0.0000
12070.fa	A	G	0.4721
12070.mo	G	G	0.9999
12070.p1	G	G	0.9934
12072.fa	G	G	1.0000
12072.mo	G	G	1.0000
12072.p1	G	G	1.0000
12072.s1	G	G	1.0000
12073.fa	A	A	0.0000
12073.mo	A	G	0.5014
12073.p1	A	A	0.0000
12073.s1	A	G	0.4826
12073.s2	A	G	0.4856
12074.fa	G	G	1.0000
12074.mo	A	G	0.5027
12074.p1	A	G	0.4762
12076.fa	A	A	0.0000
12076.mo	A	A	0.0052
12076.p1	A	A	0.0000
12076.s1	A	A	0.0000
12077.fa	A	G	0.4911
12077.mo	A	A	0.0000
12077.p1	A	A	0.0000
12078.fa	A	G	0.4771
12078.mo	A	A	0.0000
12078.p1	A	A	0.0000
12078.s1	A	G	0.4458
12081.fa	A	G	0.4835
12081.mo	A	G	0.4733
12081.p1	A	G	0.5152
12083.fa	A	G	0.4319
12083.mo	A	G	0.4783
12083.p1	G	G	0.9937
12083.s1	A	A	0.0000
12086.fa	A	G	0.5194
12086.mo	G	G	0.9997
12086.p1	A	G	0.5235
12086.s1	A	G	0.5232
12087.fa	G	G	1.0000
12087.mo	G	G	0.9939
12087.p1	G	G	1.0000
12091.fa	A	G	0.4679
12091.mo	G	G	0.9993
12091.p1	G	G	0.9960
12091.s1	A	G	0.5025
12093.fa	A	G	0.5215
12093.mo	A	G	0.5211
12093.p1	A	A	0.0000
12096.fa	A	G	0.5100
12096.mo	G	G	1.0000
12096.p1	G	G	0.9924
12096.s1	A	G	0.5261
12096.s2	A	G	0.4870
12097.fa	G	G	1.0000
12097.mo	G	G	1.0000
12097.p1	G	G	1.0000
12099.fa	A	A	0.0073
12099.mo	A	G	0.4859
12099.p1	A	A	0.0135
12099.s1	A	G	0.4833
12100.fa	G	G	1.0000
12100.mo	A	G	0.5021
12100.p1	A	G	0.5010
12100.s1	G	G	1.0000
12101.fa	A	G	0.5041
12101.mo	A	A	0.0016
12101.p1	A	A	0.0044
12101.s1	A	G	0.4842
12102.fa	G	G	1.0000
12102.mo	A	G	0.4671
12102.p1	A	G	0.4861
12103.fa	G	G	1.0000
12103.mo	A	G	0.4700
12103.p1	G	G	1.0000
12108.fa	A	A	0.0000
12108.mo	A	A	0.0000
12108.p1	A	A	0.0000
12108.s1	A	A	0.0086
12113.fa	A	G	0.4972
12113.mo	A	G	0.4970
12113.p1	G	G	1.0000
12113.s1	A	G	0.5012
12114.fa	A	G	0.5098
12114.mo	G	G	1.0000
12114.p1	A	G	0.4977
12115.fa	G	G	1.0000
12115.mo	G	G	1.0000
12115.p1	G	G	0.9933
12115.s1	G	G	1.0000
12117.fa	A	A	0.0082
12117.mo	G	G	0.9996
12117.p1	A	G	0.5042
12117.s1	A	G	0.5133
12118.fa	A	G	0.5142
12118.mo	A	G	0.4877
12118.p1	A	G	0.4902
12118.s1	G	G	1.0000
12119.fa	A	A	0.0000
12119.mo	A	G	0.4689
12119.p1	A	A	0.0000
12120.fa	A	G	0.4996
12120.mo	A	G	0.5165
12120.p1	A	G	0.4925
12120.s1	A	G	0.4974
12120.s2	A	G	0.5124
12121.fa	G	G	0.9985
12121.mo	G	G	0.9996
12121.p1	G	G	1.0000
12121.s1	G	G	0.9929
12130.fa	A	G	0.5020
12130.mo	A	G	0.5084
12130.p1	G	G	0.9950
12130.s1	A	A	0.0091
12132.fa	A	G	0.4931
12132.mo	A	G	0.4997
12132.p1	A	G	0.4970
12132.s1	A	A	0.0000
12132.s2	A	G	0.4947
12132.s3	G	G	1.0000
12137.fa	G	G	1.0000
12137.mo	A	G	0.4910
12137.p1	A	G	0.5361
12139.fa	A	G	0.4676
12139.mo	A	A	0.0000
12139.p1	A	G	0.5113
12149.fa	A	G	0.4927
12149.mo	A	G	0.5115
12149.p1	G	G	0.9981
12150.fa	G	G	1.0000
12150.mo	G	G	0.9972
12150.p1	G	G	0.9964
12150.s1	G	G	1.0000
12152.fa	A	G	0.4924
12152.mo	A	A	0.0003
12152.p1	A	G	0.4977
12152.s1	A	G	0.5141
12152.s2	A	G	0.4971
12153.fa	A	A	0.0000
12153.mo	A	G	0.4949
12153.p1	A	A	0.0000
12153.s1	A	A	0.0121
12154.fa	G	G	0.9976
12154.mo	A	A	0.0000
12154.p1	A	G	0.4411
12154.s1	A	G	0.4939
12157.fa	G	G	1.0000
12157.mo	G	G	1.0000
12157.p1	G	G	1.0000
12157.s1	G	G	1.0000
12157.s2	G	G	1.0000
12158.fa	A	G	0.5175
12158.mo	G	G	0.9977
12158.p1	A	G	0.5067
12159.fa	A	G	0.5025
12159.mo	A	G	0.5097
12159.p1	A	G	0.4989
12159.s1	A	G	0.4989
12160.fa	A	G	0.4870
12160.mo	A	G	0.5268
12160.p1	A	G	0.5121
12160.s1	A	A	0.0000
12161.fa	A	G	0.4741
12161.mo	G	G	0.9949
12161.p1	A	G	0.5092
12161.s1	A	G	0.5581
12162.fa	A	G	0.5065
12162.mo	A	G	0.4946
12162.p1	A	G	0.5306
12162.s1	A	G	0.4942
12164.fa	A	A	0.0011
12164.mo	G	G	1.0000
12164.p1	A	G	0.5132
12170.fa	A	G	0.4882
12170.mo	A	A	0.0000
12170.p1	A	G	0.4813
12170.s1	A	A	0.0000
12173.fa	A	A	0.0069
12173.mo	G	G	1.0000
12173.p1	A	G	0.5090
12173.s1	A	G	0.5073
12175.fa	A	G	0.5081
12175.mo	G	G	0.9206
12175.p1	A	G	0.5023
12175.s1	A	G	0.5127
12180.fa	A	G	0.4835
12180.mo	A	G	0.4580
12180.p1	A	A	0.0000
12180.s1	A	G	0.5161
12184.fa	A	G	0.5236
12184.mo	G	G	1.0000
12184.p1	G	G	0.9990
12184.s1	G	G	1.0000
12185.fa	A	G	0.5056
12185.mo	A	A	0.0030
12185.p1	A	A	0.0000
12185.s1	A	A	0.0000
12187.fa	A	G	0.4976
12187.mo	G	G	0.9918
12187.p1	A	G	0.5056
12187.s1	A	G	0.5229
12189.fa	G	G	1.0000
12189.mo	A	G	0.5172
12189.p1	G	G	1.0000
12189.s1	A	G	0.5004
12192.fa	A	A	0.0000
12192.mo	A	A	0.0000
12192.p1	A	A	0.0000
12194.fa	G	G	1.0000
12194.mo	A	A	0.0000
12194.p1	A	G	0.4722
12197.fa	A	G	0.5100
12197.mo	A	G	0.4992
12197.p1	A	G	0.4881
12197.s1	G	G	1.0000
12198.fa	A	G	0.4959
12198.mo	G	G	0.9998
12198.p1	G	G	0.9969
12198.s1	G	G	1.0000
12201.fa	A	G	0.4943
12201.mo	G	G	1.0000
12201.p1	G	G	1.0000
12201.s1	G	G	1.0000
12201.s2	A	G	0.5224
12202.fa	A	G	0.5082
12202.mo	G	G	0.9996
12202.p1	A	G	0.5122
12202.s1	A	G	0.5124
12204.fa	A	G	0.4749
12204.mo	G	G	1.0000
12204.p1	G	G	1.0000
12204.s2	G	G	1.0000
12206.fa	A	A	0.0000
12206.mo	A	A	0.0000
12206.p1	A	A	0.0000
12206.s1	A	A	0.0000
12208.fa	A	G	0.5016
12208.mo	A	G	0.4685
12208.p1	A	G	0.4970
12210.fa	G	G	1.0000
12210.mo	A	G	0.5173
12210.p1	G	G	1.0000
12210.s1	A	G	0.5015
12211.fa	A	G	0.4849
12211.mo	G	G	0.9984
12211.p1	A	G	0.4940
12211.s1	A	G	0.4938
12212.fa	G	G	0.9985
12212.mo	A	G	0.5168
12212.p1	A	G	0.5121
12212.s1	A	G	0.5068
12215.fa	A	G	0.4715
12215.mo	A	A	0.0000
12215.p1	A	A	0.0000
12217.fa	A	G	0.5090
12217.mo	G	G	1.0000
12217.p1	A	G	0.5174
12219.fa	G	G	1.0000
12219.mo	G	G	1.0000
12219.p1	G	G	1.0000
12219.s1	G	G	1.0000
12219.s2	G	G	1.0000
12220.fa	A	G	0.5103
12220.mo	G	G	1.0000
12220.p1	A	G	0.5143
12220.s1	G	G	0.9990
12223.fa	A	G	0.4795
12223.mo	G	G	1.0000
12223.p1	A	G	0.5112
12223.s1	A	G	0.5169
12224.fa	A	G	0.4967
12224.mo	A	G	0.4984
12224.p1	A	G	0.4868
12224.s1	G	G	1.0000
12225.fa	A	A	0.0008
12225.mo	A	G	0.5276
12225.p1	A	G	0.5174
12225.s1	A	A	0.0016
12225.s2	A	G	0.4977
12227.fa	A	G	0.4983
12227.mo	G	G	1.0000
12227.p1	G	G	1.0000
12227.s1	G	G	0.9962
12227.s2	A	G	0.5077
12228.fa	A	A	0.0000
12228.mo	A	G	0.4984
12228.p1	A	G	0.5124
12228.s1	A	A	0.0000
12229.fa	A	G	0.5045
12229.mo	A	G	0.4863
12229.p1	A	A	0.0000
12229.s1	G	G	1.0000
12229.s2	G	G	1.0000
12231.fa	G	G	1.0000
12231.mo	A	G	0.5106
12231.p1	G	G	0.9986
12231.s1	A	G	0.5227
12231.s2	A	G	0.4917
12232.fa	A	G	0.5153
12232.mo	A	G	0.4965
12232.p1	A	G	0.4976
12233.fa	G	G	1.0000
12233.mo	A	G	0.4975
12233.p1	G	G	0.9975
12233.s1	G	G	1.0000
12235.fa	A	A	0.0000
12235.mo	A	G	0.5265
12235.p1	A	G	0.4863
12235.s1	A	G	0.4896
12237.fa	G	G	1.0000
12237.mo	A	A	0.0000
12237.p1	A	G	0.4939
12237.s1	A	G	0.5116
12238.fa	A	G	0.5079
12238.mo	A	G	0.4888
12238.p1	G	G	1.0000
12238.s1	A	A	0.0000
12241.fa	A	G	0.5175
12241.mo	A	A	0.0000
12241.p1	A	A	0.0000
12241.s1	A	A	0.0000
12243.fa	A	G	0.4940
12243.mo	G	G	1.0000
12243.p1	A	G	0.4792
12243.s1	G	G	1.0000
12247.fa	G	G	1.0000
12247.mo	A	A	0.0000
12247.p1	A	G	0.5217
12247.s1	A	G	0.4951
12249.fa	A	A	0.0001
12249.mo	A	G	0.5028
12249.p1	A	A	0.0018
12250.fa	A	G	0.4974
12250.mo	A	A	0.0000
12250.p1	A	G	0.4842
12250.s1	A	A	0.0000
12252.fa	A	G	0.4794
12252.mo	A	G	0.4956
12252.p1	A	G	0.5067
12252.s1	G	G	1.0000
12255.fa	A	G	0.4999
12255.mo	A	A	0.0000
12255.p1	A	A	0.0000
12255.s1	A	G	0.5057
12257.fa	A	G	0.5217
12257.mo	A	G	0.4687
12257.p1	A	G	0.5065
12257.s1	G	G	1.0000
12257.s2	A	G	0.5084
12260.fa	G	G	0.9965
12260.mo	A	G	0.4952
12260.p1	G	G	1.0000
12261.fa	A	A	0.0000
12261.mo	A	G	0.5019
12261.p1	A	A	0.0000
12261.s1	A	G	0.4990
12264.fa	A	A	0.0000
12264.mo	A	G	0.5047
12264.p1	A	A	0.0000
12265.fa	A	G	0.5065
12265.mo	A	G	0.5140
12265.p1	A	G	0.4972
12266.fa	G	G	1.0000
12266.mo	A	G	0.4957
12266.p1	G	G	1.0000
12271.fa	G	G	1.0000
12271.mo	A	G	0.5116
12271.p1	A	G	0.5067
12271.s1	G	G	1.0000
12272.fa	A	G	0.5054
12272.mo	G	G	1.0000
12272.p1	A	G	0.4697
12272.s1	A	G	0.5295
12274.fa	A	G	0.5030
12274.mo	G	G	1.0000
12274.p1	A	G	0.5089
12274.s1	G	G	1.0000
12275.fa	G	G	1.0000
12275.mo	A	G	0.5144
12275.p1	A	G	0.5059
12275.s1	A	G	0.4851
12281.fa	G	G	1.0000
12281.mo	A	G	0.5164
12281.p1	A	G	0.5026
12281.s1	A	G	0.4970
12284.fa	A	A	0.0000
12284.mo	A	G	0.5113
12284.p1	A	G	0.5184
12284.s1	A	A	0.0000
12285.fa	G	G	0.9982
12285.mo	A	G	0.4986
12285.p1	G	G	0.9975
12285.s1	A	G	0.5160
12286.fa	A	G	0.4406
12286.mo	G	G	1.0000
12286.p1	G	G	1.0000
12287.fa	A	G	0.4741
12287.mo	A	G	0.5016
12287.p1	G	G	1.0000
12289.fa	A	G	0.5026
12289.mo	A	G	0.5311
12289.p1	A	A	0.0016
12289.s1	A	G	0.5001
12295.fa	A	G	0.5184
12295.mo	G	G	0.9994
12295.p1	G	G	1.0000
12295.s1	G	G	1.0000
12295.s2	A	G	0.5344
12296.fa	G	G	1.0000
12296.mo	A	A	0.0003
12296.p1	A	G	0.4998
12296.s1	A	G	0.4841
12296.s2	A	G	0.5327
12297.fa	A	G	0.4965
12297.mo	A	G	0.5077
12297.p1	A	G	0.5161
12297.s1	A	G	0.5019
12299.fa	A	A	0.0086
12299.mo	A	G	0.4997
12299.p1	A	A	0.0000
12299.s1	A	A	0.0000
12300.fa	A	G	0.5132
12300.mo	A	G	0.5167
12300.p1	A	G	0.4759
12300.s1	A	G	0.5097
12301.fa	A	G	0.4943
12301.mo	A	G	0.4883
12301.p1	G	G	1.0000
12301.s1	G	G	1.0000
12302.fa	A	G	0.5285
12302.mo	A	G	0.5059
12302.p1	A	G	0.5098
12302.s1	A	G	0.5117
12303.fa	A	G	0.5065
12303.mo	A	G	0.5040
12303.p1	A	A	0.0000
12303.s1	A	G	0.4888
12304.fa	A	G	0.5107
12304.mo	G	G	1.0000
12304.p1	A	G	0.5039
12304.s1	G	G	1.0000
12306.fa	A	G	0.5200
12306.mo	A	G	0.5054
12306.p1	A	A	0.0000
12308.fa	G	G	1.0000
12308.mo	G	G	1.0000
12308.p1	G	G	1.0000
12308.s1	G	G	1.0000
12310.fa	G	G	1.0000
12310.mo	A	G	0.5030
12310.p1	G	G	1.0000
12310.p2	G	G	0.9986
12311.fa	A	G	0.5051
12311.mo	A	A	0.0000
12311.p1	A	G	0.5131
12312.fa	G	G	1.0000
12312.mo	G	G	0.9979
12312.p1	G	G	1.0000
12313.fa	G	G	1.0000
12313.mo	A	A	0.0000
12313.p1	A	G	0.5146
12313.s1	A	G	0.5069
12314.fa	A	G	0.5109
12314.mo	A	A	0.0041
12314.p1	A	G	0.4942
12314.s1	A	A	0.0000
12315.fa	G	G	1.0000
12315.mo	A	G	0.5005
12315.p1	G	G	1.0000
12316.fa	A	G	0.4984
12316.mo	G	G	0.9862
12316.p1	G	G	1.0000
12316.s1	A	G	0.4921
12317.fa	G	G	0.9994
12317.mo	A	A	0.0000
12317.p1	A	G	0.4858
12317.s1	A	G	0.5259
12320.fa	G	G	1.0000
12320.mo	A	G	0.4922
12320.p1	G	G	1.0000
12320.s1	A	G	0.4958
12321.fa	A	A	0.0000
12321.mo	G	G	1.0000
12321.p1	A	G	0.5088
12321.s1	A	G	0.5203
12323.fa	G	G	1.0000
12323.mo	G	G	1.0000
12323.p1	G	G	1.0000
12323.s1	G	G	1.0000
12324.fa	A	G	0.5166
12324.mo	A	G	0.4898
12324.p1	A	A	0.0000
12324.s1	A	G	0.5194
12325.fa	A	G	0.5045
12325.mo	A	G	0.4759
12325.p1	A	G	0.4737
12325.s1	G	G	1.0000
12325.s2	A	G	0.4948
12325.s3	A	A	0.0021
12329.fa	A	A	0.0000
12329.mo	A	A	0.0000
12329.p1	A	A	0.0000
12329.s1	A	A	0.0000
12330.fa	A	G	0.4976
12330.mo	A	G	0.5298
12330.p1	A	G	0.5136
12331.fa	A	A	0.0000
12331.mo	A	G	0.5181
12331.p1	A	A	0.0000
12331.s1	A	G	0.4898
12334.fa	G	G	1.0000
12334.mo	A	G	0.4988
12334.p1	A	G	0.5112
12334.s1	A	G	0.4962
12335.fa	G	G	1.0000
12335.mo	A	A	0.0000
12335.p1	A	G	0.4856
12335.s1	A	G	0.5051
12336.fa	G	G	1.0000
12336.mo	G	G	1.0000
12336.p1	G	G	1.0000
12337.fa	A	A	0.0000
12337.mo	G	G	1.0000
12337.p1	A	G	0.4558
12337.s1	A	G	0.4668
12339.fa	A	G	0.4966
12339.mo	G	G	1.0000
12339.p1	A	G	0.5085
12339.s1	A	G	0.5130
12340.fa	A	G	0.4841
12340.mo	G	G	1.0000
12340.p1	A	G	0.4922
12340.s1	G	G	1.0000
12341.fa	G	G	1.0000
12341.mo	A	G	0.4991
12341.p1	A	G	0.4962
12341.s1	G	G	1.0000
12343.fa	G	G	1.0000
12343.mo	A	A	0.0000
12343.p1	A	G	0.4955
12343.s1	A	G	0.5234
12345.fa	A	G	0.5009
12345.mo	A	G	0.4597
12345.p1	A	G	0.4973
12345.s1	G	G	1.0000
12346.fa	A	G	0.5096
12346.mo	A	G	0.5224
12346.p1	A	G	0.5113
12346.s1	A	A	0.0000
12347.fa	G	G	0.9995
12347.mo	A	G	0.4892
12347.p1	A	G	0.4982
12347.s1	A	G	0.5199
12349.fa	A	G	0.5101
12349.mo	G	G	1.0000
12349.p1	A	G	0.4798
12350.fa	A	G	0.4905
12350.mo	G	G	1.0000
12350.p1	A	G	0.4884
12351.fa	A	A	0.0048
12351.mo	A	G	0.5065
12351.p1	A	G	0.4839
12351.s1	A	A	0.0000
12351.s2	A	A	0.0000
12354.fa	A	G	0.5072
12354.mo	G	G	0.9967
12354.p1	G	G	1.0000
12355.fa	A	G	0.4920
12355.mo	A	A	0.0025
12355.p1	A	A	0.0001
12356.fa	A	G	0.4821
12356.mo	A	G	0.5157
12356.p1	A	A	0.0000
12356.s1	A	A	0.0000
12358.fa	A	G	0.4820
12358.mo	A	A	0.0000
12358.p1	A	A	0.0000
12358.s1	A	A	0.0000
12359.fa	G	G	1.0000
12359.mo	A	G	0.4832
12359.p1	G	G	1.0000
12359.s1	G	G	1.0000
12360.fa	A	G	0.4866
12360.mo	A	A	0.0000
12360.p1	A	A	0.0000
12360.s1	A	A	0.0000
12361.fa	A	G	0.4969
12361.mo	A	G	0.5199
12361.p1	A	A	0.0000
12361.s1	A	G	0.5116
12362.fa	A	G	0.5052
12362.mo	A	G	0.5021
12362.p1	A	G	0.4773
12363.fa	A	G	0.5145
12363.mo	A	G	0.5219
12363.p1	G	G	1.0000
12363.s1	G	G	1.0000
12366.fa	A	G	0.5147
12366.mo	G	G	1.0000
12366.p1	G	G	1.0000
12366.s1	G	G	1.0000
12366.s2	G	G	1.0000
12367.fa	A	G	0.4982
12367.mo	A	A	0.0000
12367.p1	A	A	0.0000
12367.s1	A	G	0.5183
12368.fa	A	G	0.4958
12368.mo	G	G	1.0000
12368.p1	A	G	0.5175
12368.s1	G	G	1.0000
12369.fa	G	G	1.0000
12369.mo	G	G	1.0000
12369.p1	G	G	1.0000
12369.s1	G	G	1.0000
12370.fa	A	G	0.5258
12370.mo	A	G	0.5007
12370.p1	A	G	0.4934
12370.s1	A	G	0.5036
12372.fa	A	G	0.5072
12372.mo	G	G	1.0000
12372.p1	G	G	1.0000
12372.s1	A	G	0.4886
12373.fa	A	A	0.0000
12373.mo	A	A	0.0000
12373.p1	A	A	0.0000
12373.s1	A	A	0.0000
12375.fa	G	G	1.0000
12375.mo	A	G	0.5006
12375.p1	G	G	0.9900
12375.s1	G	G	1.0000
12376.fa	G	G	1.0000
12376.mo	A	G	0.4876
12376.p1	A	G	0.4998
12376.s1	G	G	0.9929
12377.fa	G	G	1.0000
12377.mo	G	G	1.0000
12377.p1	G	G	1.0000
12377.s1	G	G	1.0000
12378.fa	A	A	0.0000
12378.mo	A	G	0.4988
12378.p1	A	G	0.4919
12378.s1	A	G	0.4846
12379.fa	G	G	1.0000
12379.mo	A	A	0.0000
12379.p1	A	G	0.5175
12380.fa	A	G	0.5114
12380.mo	A	G	0.5135
12380.p1	A	A	0.0000
12380.s1	G	G	1.0000
12381.fa	G	G	1.0000
12381.mo	G	G	1.0000
12381.p1	G	G	1.0000
12381.s1	G	G	1.0000
12382.fa	G	G	1.0000
12382.mo	A	G	0.4851
12382.p1	G	G	1.0000
12382.s1	G	G	1.0000
12383.fa	G	G	0.9992
12383.mo	A	A	0.0000
12383.p1	A	G	0.4913
12383.s1	A	G	0.4982
12385.fa	A	G	0.5189
12385.mo	A	G	0.5348
12385.p1	A	G	0.5101
12385.s1	A	A	0.0000
12389.fa	A	G	0.5024
12389.mo	A	G	0.4941
12389.p1	A	A	0.0020
12390.fa	G	G	0.9976
12390.mo	A	G	0.5090
12390.p1	G	G	1.0000
12390.s1	G	G	1.0000
12390.s2	G	G	1.0000
12392.fa	A	G	0.4979
12392.mo	A	A	0.0000
12392.p1	A	G	0.5159
12394.fa	A	G	0.4957
12394.mo	A	A	0.0000
12394.p1	A	A	0.0000
12394.s1	A	G	0.5132
12395.fa	A	G	0.5012
12395.mo	A	G	0.4873
12395.p1	A	G	0.4711
12396.fa	A	A	0.0000
12396.mo	A	G	0.5000
12396.p1	A	A	0.0000
12396.s1	A	A	0.0000
12399.fa	A	G	0.5076
12399.mo	A	G	0.4987
12399.p1	A	G	0.4909
12399.s1	A	A	0.0333
12403.fa	A	G	0.4763
12403.mo	G	G	1.0000
12403.p1	G	G	1.0000
12403.s1	G	G	1.0000
12404.fa	G	G	0.9939
12404.mo	A	A	0.0000
12404.p1	A	G	0.5347
12405.fa	G	G	1.0000
12405.mo	G	G	1.0000
12405.p1	G	G	1.0000
12405.s1	G	G	1.0000
12407.fa	A	G	0.4644
12407.mo	A	A	0.0000
12407.p1	A	G	0.4873
12407.s1	A	G	0.5038
12409.fa	G	G	0.9941
12409.mo	G	G	1.0000
12409.p1	G	G	1.0000
12409.s1	G	G	1.0000
12412.fa	A	A	0.0000
12412.mo	A	G	0.5026
12412.p1	A	G	0.4935
12412.s1	A	G	0.4948
12414.fa	A	G	0.5039
12414.mo	A	G	0.4949
12414.p1	A	G	0.5061
12415.fa	G	G	1.0000
12415.mo	A	A	0.0000
12415.p1	A	G	0.5043
12415.s1	A	G	0.5202
12415.s2	A	G	0.5163
12417.fa	G	G	1.0000
12417.mo	G	G	1.0000
12417.p1	G	G	1.0000
12418.fa	A	G	0.4652
12418.mo	A	G	0.5013
12418.p1	A	A	0.0000
12418.s1	A	G	0.4737
12418.s2	G	G	1.0000
12420.fa	A	A	0.0000
12420.mo	A	G	0.5367
12420.p1	A	A	0.0000
12420.s1	A	G	0.5214
12424.fa	G	G	1.0000
12424.mo	A	A	0.0000
12424.p1	A	G	0.5056
12424.s1	A	G	0.5119
12426.fa	G	G	1.0000
12426.mo	A	G	0.4874
12426.p1	A	G	0.4895
12426.s1	G	G	1.0000
12429.fa	A	A	0.0000
12429.mo	G	G	1.0000
12429.p1	A	G	0.5032
12430.fa	A	G	0.4808
12430.mo	A	G	0.5045
12430.p1	A	A	0.0000
12430.s1	A	G	0.5101
12434.fa	G	G	0.9983
12434.mo	A	G	0.4743
12434.p1	G	G	1.0000
12434.s1	A	G	0.5099
12435.fa	A	G	0.4992
12435.mo	A	G	0.4639
12435.p1	G	G	0.9883
12435.s1	G	G	0.9988
12437.fa	A	A	0.0000
12437.mo	A	G	0.4941
12437.p1	A	G	0.5031
12437.s1	A	A	0.0018
12438.fa	A	A	0.0000
12438.mo	A	G	0.5268
12438.p1	A	G	0.5185
12438.s1	A	G	0.5099
12439.fa	G	G	1.0000
12439.mo	A	G	0.5269
12439.p1	G	G	1.0000
12440.fa	A	G	0.5077
12440.mo	A	G	0.5156
12440.p1	-	-	0.8179
12440.s1	A	A	0.0018
12441.fa	A	G	0.5239
12441.mo	G	G	1.0000
12441.p1	G	G	1.0000
12441.s1	A	G	0.4976
12444.fa	G	G	0.9987
12444.mo	A	G	0.5067
12444.p1	G	G	1.0000
12444.s1	A	G	0.5015
12444.s2	G	G	1.0000
12445.fa	G	G	0.9994
12445.mo	A	G	0.5232
12445.p1	G	G	0.9982
12445.s1	G	G	0.9980
12447.fa	A	G	0.5214
12447.mo	A	G	0.5152
12447.p1	G	G	0.9963
12447.s1	A	G	0.5038
12448.fa	A	G	0.5220
12448.mo	G	G	1.0000
12448.p1	G	G	1.0000
12449.fa	G	G	1.0000
12449.mo	G	G	1.0000
12449.p1	G	G	0.9990
12449.s1	G	G	1.0000
12451.fa	A	G	0.5265
12451.mo	A	G	0.4643
12451.p1	A	G	0.5165
12451.s1	A	G	0.5072
12454.fa	G	G	1.0000
12454.mo	A	G	0.5030
12454.p1	G	G	1.0000
12456.fa	G	G	1.0000
12456.mo	A	A	0.0007
12456.p1	A	G	0.4942
12456.s1	A	G	0.4954
12457.fa	A	G	0.5177
12457.mo	G	G	0.9949
12457.p1	G	G	1.0000
12457.s1	G	G	0.9995
12459.fa	A	A	0.0000
12459.mo	A	A	0.0000
12459.p1	A	A	0.0000
12460.fa	A	A	0.0000
12460.mo	G	G	1.0000
12460.p1	A	G	0.5224
12460.s1	A	G	0.5332
12461.fa	A	A	0.0068
12461.mo	G	G	1.0000
12461.p1	A	G	0.5108
12462.fa	A	A	0.0000
12462.mo	A	A	0.0000
12462.p1	A	A	0.0000
12462.s1	A	A	0.0000
12463.fa	G	G	1.0000
12463.mo	G	G	1.0000
12463.p1	G	G	1.0000
12463.s1	G	G	1.0000
12465.fa	A	G	0.5061
12465.mo	A	A	0.0000
12465.p1	A	G	0.4706
12467.fa	A	G	0.5296
12467.mo	A	G	0.5017
12467.p1	A	A	0.0000
12467.s1	A	A	0.0000
12469.fa	A	G	0.5072
12469.mo	A	G	0.5302
12469.p1	A	G	0.4924
12469.p2	A	G	0.4762
12469.s1	A	G	0.4903
12472.fa	G	G	1.0000
12472.mo	G	G	1.0000
12472.p1	G	G	1.0000
12473.fa	A	G	0.5109
12473.mo	A	A	0.0000
12473.p1	A	G	0.5124
12473.s1	A	G	0.4917
12476.fa	A	G	0.4869
12476.mo	A	G	0.5239
12476.p1	A	G	0.4980
12477.fa	G	G	1.0000
12477.mo	G	G	1.0000
12477.p1	G	G	1.0000
12478.fa	G	G	1.0000
12478.mo	A	G	0.5283
12478.p1	G	G	1.0000
12478.s1	A	G	0.5449
12479.fa	A	G	0.5063
12479.mo	G	G	0.9983
12479.p1	A	G	0.4951
12479.s1	A	G	0.5018
12480.fa	G	G	1.0000
12480.mo	A	A	0.0000
12480.p1	A	G	0.5514
12480.s1	A	G	0.5112
12481.fa	G	G	1.0000
12481.mo	A	G	0.5138
12481.p1	A	G	0.4779
12481.s1	G	G	0.9954
12482.fa	G	G	0.9944
12482.mo	G	G	0.9900
12482.p1	G	G	0.9895
12483.fa	A	G	0.5038
12483.mo	G	G	0.9976
12483.p1	G	G	1.0000
12483.s1	G	G	1.0000
12484.fa	A	A	0.0000
12484.mo	G	G	1.0000
12484.p1	A	G	0.4912
12484.s2	A	G	0.5206
12484.s3	A	G	0.5080
12485.fa	A	G	0.5033
12485.mo	A	G	0.5239
12485.p1	A	A	0.0000
12492.fa	A	G	0.5082
12492.mo	A	G	0.5271
12492.p1	A	A	0.0000
12492.s1	A	A	0.0000
12493.fa	A	G	0.4884
12493.mo	A	A	0.0000
12493.p1	A	G	0.5123
12493.s1	A	G	0.5267
12494.fa	G	G	1.0000
12494.mo	A	G	0.4738
12494.p1	G	G	1.0000
12494.s1	A	G	0.5018
12497.fa	G	G	1.0000
12497.mo	A	G	0.5418
12497.p1	G	G	1.0000
12497.s1	A	G	0.5324
12498.fa	A	G	0.4880
12498.mo	A	A	0.0000
12498.p1	A	A	0.0036
12498.s1	A	A	0.0000
12499.fa	A	A	0.0000
12499.mo	A	A	0.0000
12499.p1	A	A	0.0000
12499.s1	A	A	0.0000
12501.fa	A	G	0.5143
12501.mo	A	G	0.5168
12501.p1	A	A	0.0000
12501.s1	A	A	0.0000
12504.fa	A	A	0.0015
12504.mo	A	G	0.4946
12504.p1	A	G	0.5029
12505.fa	A	G	0.4839
12505.mo	A	G	0.5278
12505.p1	G	G	1.0000
12507.fa	A	G	0.5164
12507.mo	A	A	0.0028
12507.p1	A	A	0.0000
12507.s1	A	A	0.0000
12510.fa	A	A	0.0000
12510.mo	G	G	0.9994
12510.p1	A	G	0.4928
12510.s1	A	G	0.4961
12512.fa	G	G	0.9960
12512.mo	G	G	0.9973
12512.p1	G	G	0.9986
12512.s1	G	G	1.0000
12512.s2	G	G	1.0000
12515.fa	A	G	0.5219
12515.mo	A	G	0.4937
12515.p1	A	G	0.5382
12515.s1	A	G	0.4899
12517.fa	G	G	1.0000
12517.mo	A	G	0.5179
12517.p1	G	G	1.0000
12517.s1	G	G	1.0000
12518.fa	A	G	0.5275
12518.mo	G	G	0.9994
12518.p1	G	G	0.9999
12518.s1	G	G	1.0000
12521.fa	A	G	0.4808
12521.mo	A	G	0.4918
12521.p1	A	G	0.5295
12521.s1	A	A	0.0000
12523.fa	A	G	0.5021
12523.mo	A	G	0.4907
12523.p1	G	G	0.9977
12523.s1	G	G	1.0000
12524.fa	A	G	0.4774
12524.mo	G	G	1.0000
12524.p1	G	G	1.0000
12524.s1	A	G	0.4933
12526.fa	A	G	0.4783
12526.mo	A	G	0.4816
12526.p1	A	G	0.5180
12526.s1	A	G	0.4920
12529.fa	A	A	0.0000
12529.mo	G	G	1.0000
12529.p1	A	G	0.5471
12529.s1	A	G	0.5047
12532.fa	A	G	0.5043
12532.mo	A	A	0.0000
12532.p1	A	A	0.0000
12532.s1	A	A	0.0000
12534.fa	A	G	0.5725
12534.mo	G	G	0.9947
12534.p1	A	G	0.4888
12534.s1	A	G	0.4863
12536.fa	A	G	0.5156
12536.mo	A	G	0.4831
12536.p1	A	G	0.4896
12536.s1	G	G	0.9931
12539.fa	A	G	0.4910
12539.mo	G	G	0.9074
12539.p1	G	G	1.0000
12540.fa	A	G	0.4973
12540.mo	G	G	0.9926
12540.p1	A	G	0.5125
12540.s1	G	G	1.0000
12541.fa	A	G	0.5317
12541.mo	A	G	0.5022
12541.p1	G	G	0.9957
12541.s1	A	G	0.5001
12543.fa	G	G	1.0000
12543.mo	G	G	1.0000
12543.p1	G	G	1.0000
12547.fa	G	G	0.9800
12547.mo	G	G	0.9978
12547.p1	G	G	0.9976
12548.fa	A	A	0.0099
12548.mo	G	G	0.9968
12548.p1	A	G	0.4860
12548.s1	A	G	0.5018
12548.s2	A	G	0.5281
12550.fa	A	G	0.4914
12550.mo	A	G	0.5041
12550.p1	A	G	0.5111
12550.s1	A	G	0.5241
12550.s2	A	G	0.4929
12552.fa	A	G	0.5053
12552.mo	A	G	0.5212
12552.p1	G	G	0.9974
12552.s1	A	G	0.4804
12558.fa	A	G	0.5016
12558.mo	A	A	0.0000
12558.p1	A	A	0.0000
12561.fa	A	G	0.4964
12561.mo	A	A	0.0000
12561.p1	A	G	0.5052
12561.s1	A	A	0.0000
12565.fa	A	G	0.5408
12565.mo	G	G	1.0000
12565.p1	G	G	1.0000
12565.s1	A	G	0.5055
12566.fa	A	G	0.5267
12566.mo	A	G	0.5102
12566.p1	G	G	1.0000
12568.fa	G	G	0.9989
12568.mo	G	G	1.0000
12568.p1	G	G	1.0000
12568.s1	G	G	1.0000
12572.fa	G	G	1.0000
12572.mo	A	G	0.4634
12572.p1	A	G	0.5094
12572.s1	A	G	0.4813
12572.s2	A	G	0.5041
12573.fa	G	G	1.0000
12573.mo	A	G	0.5152
12573.p1	G	G	1.0000
12573.s1	A	G	0.5169
12574.fa	A	A	0.0000
12574.mo	G	G	1.0000
12574.p1	A	G	0.5121
12574.s1	A	G	0.5199
12575.fa	A	G	0.5171
12575.mo	A	G	0.5267
12575.p1	A	G	0.5038
12575.s1	A	G	0.5158
12575.s2	A	G	0.4933
12578.fa	G	G	0.9957
12578.mo	A	A	0.0000
12578.p1	A	G	0.5006
12578.s1	A	G	0.4879
12579.fa	A	G	0.4960
12579.mo	G	G	1.0000
12579.p1	A	G	0.5025
12579.s1	A	G	0.5014
12581.fa	G	G	1.0000
12581.mo	A	G	0.4985
12581.p1	A	G	0.5256
12581.s1	G	G	0.9937
12582.fa	A	G	0.5166
12582.mo	A	G	0.5154
12582.p1	A	G	0.5047
12582.s1	G	G	1.0000
12585.fa	G	G	1.0000
12585.mo	A	G	0.4844
12585.p1	G	G	1.0000
12585.s1	A	G	0.5225
12587.fa	A	G	0.5314
12587.mo	A	G	0.5225
12587.p1	A	G	0.5192
12588.fa	A	G	0.5202
12588.mo	A	G	0.4900
12588.p1	A	G	0.5116
12588.s1	A	G	0.5293
12590.fa	A	G	0.5115
12590.mo	A	G	0.5184
12590.p1	A	G	0.5206
12590.s1	A	G	0.5278
12590.s2	G	G	1.0000
12591.fa	A	G	0.4998
12591.mo	G	G	1.0000
12591.p1	A	G	0.4897
12592.fa	G	G	0.9942
12592.mo	A	G	0.5374
12592.p1	G	G	1.0000
12592.s1	G	G	1.0000
12592.s2	G	G	1.0000
12594.fa	A	G	0.5272
12594.mo	A	G	0.5321
12594.p1	A	A	0.0000
12595.fa	A	G	0.4828
12595.mo	A	G	0.4968
12595.p1	A	G	0.4661
12595.s1	A	A	0.0000
12596.fa	A	G	0.5102
12596.mo	G	G	1.0000
12596.p1	A	G	0.4935
12596.s1	G	G	1.0000
12597.fa	G	G	0.9940
12597.mo	A	G	0.4778
12597.p1	A	G	0.4797
12597.s1	A	G	0.4959
12598.fa	A	G	0.4781
12598.mo	A	G	0.5007
12598.p1	A	G	0.4808
12598.s1	A	G	0.4635
12600.fa	A	A	0.0000
12600.mo	G	G	1.0000
12600.p1	A	G	0.5066
12602.fa	G	G	0.9959
12602.mo	A	G	0.4842
12602.p1	A	G	0.4944
12602.s1	G	G	0.9661
12603.fa	G	G	0.9997
12603.mo	A	G	0.4537
12603.p1	G	G	0.9977
12603.s1	G	G	1.0000
12604.fa	A	G	0.5069
12604.mo	A	G	0.5109
12604.p1	G	G	1.0000
12605.fa	A	G	0.5402
12605.mo	G	G	1.0000
12605.p1	G	G	1.0000
12605.s1	A	G	0.5209
12606.fa	A	G	0.5031
12606.mo	G	G	1.0000
12606.p1	G	G	0.9985
12607.fa	G	G	1.0000
12607.mo	A	G	0.5293
12607.p1	A	G	0.5007
12608.fa	A	G	0.5216
12608.mo	A	A	0.0000
12608.p1	A	G	0.4983
12610.fa	A	G	0.5106
12610.mo	A	G	0.5021
12610.p1	A	G	0.4834
12610.s1	A	A	0.0058
12611.fa	G	G	0.9951
12611.mo	A	G	0.4769
12611.p1	A	G	0.4876
12613.fa	A	A	0.0000
12613.mo	A	A	0.0000
12613.p1	A	A	0.0000
12613.s1	A	A	0.0000
12613.s2	A	A	0.0000
12614.fa	A	A	0.0000
12614.mo	A	G	0.5146
12614.p1	A	G	0.5037
12617.fa	G	G	1.0000
12617.mo	A	G	0.5188
12617.p1	A	G	0.5191
12617.s1	A	G	0.5152
12618.fa	A	A	0.0000
12618.mo	A	A	0.0000
12618.p1	A	A	0.0000
12618.s1	A	A	0.0000
12619.fa	G	G	0.9976
12619.mo	A	G	0.4537
12619.p1	A	G	0.5033
12619.s1	A	G	0.4870
12620.fa	A	G	0.4930
12620.mo	G	G	1.0000
12620.p1	G	G	1.0000
12620.s1	G	G	1.0000
12621.fa	A	G	0.5033
12621.mo	A	A	0.0011
12621.p1	A	G	0.5021
12621.s1	A	A	0.0020
12622.fa	G	G	1.0000
12622.mo	A	A	0.0000
12622.p1	A	G	0.5157
12622.s1	A	G	0.5037
12622.s2	A	G	0.5133
12622.s3	A	G	0.5001
12623.fa	A	G	0.4964
12623.mo	A	G	0.4977
12623.p1	G	G	1.0000
12623.s1	A	G	0.5050
12624.fa	A	A	0.0032
12624.mo	A	G	0.5330
12624.p1	A	G	0.5207
12624.s1	A	A	0.0000
12626.fa	A	G	0.5334
12626.mo	A	A	0.0264
12626.p1	A	G	0.5155
12626.s1	A	G	0.5190
12628.fa	A	A	0.0000
12628.mo	A	G	0.5113
12628.p1	A	A	0.0000
12628.s1	A	A	0.0000
12629.fa	G	G	1.0000
12629.mo	A	G	0.4942
12629.p1	G	G	0.9984
12630.fa	G	G	1.0000
12630.mo	A	G	0.5208
12630.p1	A	G	0.5213
12630.s1	G	G	1.0000
12631.fa	G	G	1.0000
12631.mo	G	G	0.9989
12631.p1	G	G	1.0000
12631.s1	G	G	1.0000
12633.fa	A	A	0.0000
12633.mo	A	A	0.0000
12633.p1	A	A	0.0000
12633.s1	A	A	0.0000
12634.fa	A	G	0.4986
12634.mo	A	G	0.5060
12634.p1	A	G	0.5224
12636.fa	G	G	0.9975
12636.mo	A	G	0.4696
12636.p1	G	G	0.9959
12636.s1	A	G	0.4822
12637.fa	G	G	1.0000
12637.mo	A	G	0.5076
12637.p1	G	G	1.0000
12637.s1	A	G	0.5099
12638.fa	A	G	0.5176
12638.mo	A	A	0.0000
12638.p1	A	G	0.4988
12638.s1	A	A	0.0000
12640.fa	A	A	0.0000
12640.mo	A	G	0.5119
12640.p1	A	G	0.5085
12641.fa	A	G	0.5262
12641.mo	A	G	0.5196
12641.p1	A	A	0.0058
12641.s1	A	G	0.5228
12642.fa	A	G	0.5233
12642.mo	A	G	0.4670
12642.p1	A	G	0.5390
12642.s1	A	G	0.5095
12643.fa	A	A	0.0000
12643.mo	G	G	0.9967
12643.p1	A	G	0.5424
12645.fa	G	G	1.0000
12645.mo	A	G	0.4826
12645.p1	G	G	1.0000
12645.s1	A	G	0.5069
12646.fa	G	G	0.9917
12646.mo	A	A	0.0000
12646.p1	A	G	0.4966
12646.s1	A	G	0.5256
12646.s2	A	G	0.4940
12647.fa	A	G	0.5061
12647.mo	A	A	0.0000
12647.p1	A	G	0.5304
12647.s1	A	A	0.0000
12647.s2	A	G	0.5097
12647.s3	A	A	0.0039
12648.fa	A	A	0.0000
12648.mo	A	G	0.4884
12648.p1	A	G	0.5169
12648.s1	A	A	0.0004
12650.fa	G	G	0.9983
12650.mo	A	G	0.4684
12650.p1	G	G	1.0000
12650.s1	G	G	0.9964
12651.fa	G	G	1.0000
12651.mo	A	A	0.0000
12651.p1	A	G	0.5133
12651.s1	A	G	0.5120
12652.fa	G	G	1.0000
12652.mo	G	G	1.0000
12652.p1	G	G	1.0000
12652.s1	G	G	0.9981
12653.fa	G	G	1.0000
12653.mo	G	G	1.0000
12653.p1	G	G	1.0000
12653.s1	G	G	0.9974
12655.fa	A	A	0.0000
12655.mo	G	G	1.0000
12655.p1	A	G	0.5257
12655.s1	A	G	0.5278
12656.fa	G	G	1.0000
12656.mo	A	G	0.4807
12656.p1	A	G	0.4830
12656.s1	G	G	1.0000
12657.fa	A	G	0.5103
12657.mo	A	G	0.5104
12657.p1	A	G	0.5151
12657.s1	A	G	0.5257
12657.s2	A	G	0.4926
12657.s3	A	G	0.5128
12661.fa	A	G	0.5088
12661.mo	A	A	0.0000
12661.p1	A	A	0.0094
12661.s1	A	G	0.5023
12662.fa	G	G	0.9986
12662.mo	A	G	0.5044
12662.p1	G	G	1.0000
12662.s1	A	G	0.4822
12664.fa	A	G	0.4969
12664.mo	A	A	0.0004
12664.p1	A	G	0.4875
12664.s1	A	A	0.0000
12665.fa	A	G	0.5077
12665.mo	A	G	0.4619
12665.p1	A	G	0.5064
12667.fa	A	G	0.5016
12667.mo	A	G	0.4942
12667.p1	A	A	0.0000
12667.s1	A	G	0.5039
12669.fa	A	A	0.0000
12669.mo	G	G	1.0000
12669.p1	A	G	0.5208
12669.s1	A	G	0.5161
12670.fa	G	G	1.0000
12670.mo	G	G	1.0000
12670.p1	G	G	0.9958
12671.fa	G	G	1.0000
12671.mo	A	G	0.5064
12671.p1	A	G	0.5067
12671.s1	G	G	1.0000
12673.fa	A	G	0.5326
12673.mo	A	G	0.5043
12673.p1	A	G	0.4877
12673.s1	G	G	1.0000
12673.s2	A	G	0.5019
12674.fa	A	G	0.4993
12674.mo	G	G	1.0000
12674.p1	A	G	0.4919
12674.s1	A	G	0.4872
12676.fa	A	G	0.4966
12676.mo	G	G	1.0000
12676.p1	A	G	0.4872
12676.s1	G	G	1.0000
12679.fa	A	G	0.4929
12679.mo	A	G	0.5178
12679.p1	G	G	1.0000
12679.s1	A	A	0.0000
12680.fa	G	G	1.0000
12680.mo	A	A	0.0000
12680.p1	A	G	0.4981
12680.s1	A	G	0.5166
12680.s2	A	G	0.5062
12680.s3	A	G	0.5042
12681.fa	A	A	0.0000
12681.mo	A	G	0.4790
12681.p1	A	A	0.0000
12681.s1	A	A	0.0000
12681.s2	A	A	0.0000
12682.fa	A	A	0.0109
12682.mo	A	G	0.4833
12682.p1	A	G	0.5273
12682.s1	A	G	0.5278
12683.fa	A	G	0.4924
12683.mo	A	G	0.5176
12683.p1	A	G	0.5074
12683.s1	A	G	0.5236
12685.fa	A	G	0.5166
12685.mo	A	G	0.5222
12685.p1	A	G	0.4792
12685.s1	A	G	0.4876
12686.fa	A	G	0.5105
12686.mo	A	A	0.0000
12686.p1	A	A	0.0000
12686.s1	A	A	0.0000
12687.fa	A	G	0.5241
12687.mo	G	G	1.0000
12687.p1	G	G	1.0000
12687.s1	A	G	0.5070
12688.fa	G	G	1.0000
12688.mo	G	G	1.0000
12688.p1	G	G	1.0000
12688.s1	G	G	1.0000
12689.fa	A	G	0.5168
12689.mo	A	A	0.0000
12689.p1	A	A	0.0000
12689.s1	A	G	0.5070
12690.fa	A	G	0.5029
12690.mo	G	G	1.0000
12690.p1	G	G	0.9967
12690.s1	A	G	0.5092
12691.fa	G	G	1.0000
12691.mo	A	G	0.5405
12691.p1	G	G	0.9969
12691.s1	A	G	0.5119
12692.fa	A	A	0.0000
12692.mo	G	G	1.0000
12692.p1	A	G	0.4987
12692.s1	A	G	0.5299
12693.fa	G	G	1.0000
12693.mo	G	G	1.0000
12693.p1	G	G	1.0000
12693.s1	G	G	1.0000
12693.s2	G	G	1.0000
12694.fa	A	G	0.4992
12694.mo	G	G	1.0000
12694.p1	G	G	1.0000
12694.s1	G	G	1.0000
12694.s2	G	G	1.0000
12695.fa	G	G	0.9970
12695.mo	A	G	0.5059
12695.p1	A	G	0.4960
12695.s1	A	G	0.4965
12697.fa	G	G	1.0000
12697.mo	A	G	0.5247
12697.p1	A	G	0.5056
12697.s1	A	G	0.5104
12698.fa	A	G	0.5507
12698.mo	G	G	1.0000
12698.p1	G	G	1.0000
12700.fa	A	G	0.5154
12700.mo	G	G	1.0000
12700.p1	A	G	0.5211
12700.s1	A	G	0.5237
12701.fa	A	G	0.5253
12701.mo	A	G	0.4937
12701.p1	A	A	0.0095
12701.s1	A	A	0.0047
12703.fa	A	G	0.4767
12703.mo	A	G	0.5046
12703.p1	A	G	0.5135
12703.s1	A	G	0.5107
12704.fa	A	G	0.5219
12704.mo	A	G	0.5045
12704.p1	A	A	0.0000
12704.s1	A	G	0.5051
12704.s2	A	G	0.5061
12706.fa	A	G	0.4881
12706.mo	A	G	0.5042
12706.p1	A	G	0.4982
12706.s1	A	A	0.0000
12707.fa	G	G	1.0000
12707.mo	A	G	0.5278
12707.p1	A	G	0.5342
12707.s2	A	G	0.4758
12708.fa	A	G	0.5172
12708.mo	A	A	0.0000
12708.p1	A	G	0.5094
12708.s1	A	A	0.0000
12710.fa	A	G	0.5218
12710.mo	A	A	0.0000
12710.p1	A	A	0.0000
12714.fa	A	A	0.0000
12714.mo	A	A	0.0000
12714.p1	A	A	0.0000
12715.fa	A	G	0.4802
12715.mo	A	G	0.4939
12715.p1	A	A	0.0000
12715.s1	A	G	0.4947
12716.fa	G	G	1.0000
12716.mo	G	G	1.0000
12716.p1	G	G	1.0000
12716.s1	G	G	1.0000
12717.fa	A	A	0.0000
12717.mo	A	A	0.0000
12717.p1	A	A	0.0000
12719.fa	A	A	0.0000
12719.mo	A	G	0.5101
12719.p1	A	A	0.0000
12719.s1	A	G	0.5106
12720.fa	A	A	0.0021
12720.mo	G	G	1.0000
12720.p1	A	G	0.5236
12720.s1	A	G	0.5109
12722.fa	A	A	0.0075
12722.mo	A	G	0.4934
12722.p1	A	G	0.4410
12722.s1	A	A	0.0004
12723.fa	G	G	1.0000
12723.mo	A	A	0.0000
12723.p1	A	G	0.4907
12723.s1	A	G	0.4819
12724.fa	G	G	1.0000
12724.mo	A	A	0.0000
12724.p1	A	G	0.4853
12724.s1	A	G	0.4885
12727.fa	G	G	1.0000
12727.mo	A	G	0.5166
12727.p1	A	G	0.4989
12727.s1	A	G	0.5397
12729.fa	A	G	0.5054
12729.mo	G	G	1.0000
12729.p1	G	G	1.0000
12729.s1	G	G	1.0000
12731.fa	A	G	0.5226
12731.mo	G	G	1.0000
12731.p1	G	G	1.0000
12731.s1	A	G	0.5120
12732.fa	A	G	0.5110
12732.mo	A	A	0.0000
12732.p1	A	G	0.5214
12732.s1	A	G	0.5261
12733.fa	G	G	1.0000
12733.mo	G	G	1.0000
12733.p1	G	G	1.0000
12733.s1	G	G	1.0000
12735.fa	G	G	1.0000
12735.mo	A	G	0.5144
12735.p1	A	G	0.5157
12735.s1	G	G	1.0000
12737.fa	G	G	1.0000
12737.mo	G	G	0.9945
12737.p1	G	G	1.0000
12737.s1	G	G	1.0000
12738.fa	A	G	0.5088
12738.mo	A	G	0.5118
12738.p1	A	G	0.5149
12738.s1	A	G	0.5048
12739.fa	G	G	1.0000
12739.mo	A	G	0.5197
12739.p1	G	G	1.0000
12739.s1	A	G	0.4785
12740.fa	A	G	0.4894
12740.mo	A	G	0.5093
12740.p1	A	G	0.5205
12741.fa	A	A	0.0000
12741.mo	A	G	0.5297
12741.p1	A	G	0.4760
12741.s1	A	A	0.0000
12742.fa	A	A	0.0000
12742.mo	G	G	1.0000
12742.p1	A	G	0.5017
12743.fa	A	G	0.4894
12743.mo	A	G	0.4759
12743.p1	G	G	1.0000
12743.s1	A	A	0.0000
12744.fa	A	A	0.0000
12744.mo	A	G	0.5090
12744.p1	A	G	0.5157
12748.fa	A	G	0.4930
12748.mo	A	A	0.0000
12748.p1	A	G	0.5137
12748.s1	A	A	0.0000
12749.fa	G	G	1.0000
12749.mo	G	G	1.0000
12749.p1	G	G	0.9983
12749.s1	G	G	1.0000
12750.fa	A	A	0.0084
12750.mo	A	A	0.0150
12750.p1	A	A	0.0071
12752.fa	G	G	0.9980
12752.mo	A	G	0.4978
12752.p1	A	G	0.5072
12754.fa	G	G	1.0000
12754.mo	A	G	0.5036
12754.p1	A	G	0.4903
12757.fa	A	G	0.4969
12757.mo	A	A	0.0000
12757.p1	A	A	0.0000
12758.fa	A	G	0.5170
12758.mo	A	G	0.4823
12758.p1	A	A	0.0000
12758.s1	G	G	1.0000
12759.fa	G	G	1.0000
12759.mo	A	G	0.4832
12759.p1	A	G	0.4899
12759.s1	G	G	1.0000
12761.fa	A	A	0.0000
12761.mo	A	A	0.0000
12761.p1	A	A	0.0000
12763.fa	A	A	0.0021
12763.mo	A	A	0.0000
12763.p1	A	A	0.0024
12763.s1	A	A	0.0098
12764.fa	A	G	0.4727
12764.mo	A	A	0.0000
12764.p1	A	G	0.5075
12764.s1	A	A	0.0000
12766.fa	G	G	1.0000
12766.mo	A	G	0.4991
12766.p1	G	G	1.0000
12766.s1	G	G	1.0000
12770.fa	A	G	0.5007
12770.mo	A	A	0.0000
12770.p1	A	A	0.0003
12770.s1	A	G	0.4841
12772.fa	A	G	0.4917
12772.mo	A	A	0.0000
12772.p1	A	G	0.4970
12772.s1	A	A	0.0000
12773.fa	G	G	1.0000
12773.mo	A	G	0.5037
12773.p1	A	G	0.5064
12773.s1	A	G	0.4888
12775.fa	A	G	0.4941
12775.mo	A	G	0.4946
12775.p1	A	G	0.4819
12775.s1	A	A	0.0000
12777.fa	G	G	1.0000
12777.mo	A	G	0.5202
12777.p1	A	G	0.4925
12778.fa	A	G	0.5080
12778.mo	G	G	1.0000
12778.p1	G	G	1.0000
12778.s1	G	G	1.0000
12779.fa	G	G	1.0000
12779.mo	A	G	0.5125
12779.p1	G	G	0.9990
12779.s1	G	G	0.9957
12780.fa	G	G	1.0000
12780.mo	A	G	0.5020
12780.p1	A	G	0.4789
12780.s1	G	G	0.9998
12781.fa	A	G	0.4808
12781.mo	A	G	0.5074
12781.p1	A	A	0.0027
12782.fa	A	G	0.5187
12782.mo	A	G	0.5071
12782.p1	A	G	0.4791
12782.s1	A	G	0.5067
12783.fa	A	A	0.0123
12783.mo	G	G	0.9913
12783.p1	A	G	0.5140
12784.fa	A	A	0.0017
12784.mo	G	G	0.9978
12784.p1	A	G	0.5132
12784.s1	A	G	0.5182
12785.fa	G	G	1.0000
12785.mo	A	G	0.5059
12785.p1	G	G	1.0000
12785.s1	G	G	1.0000
12786.fa	A	G	0.4910
12786.mo	A	A	0.0000
12786.p1	A	A	0.0000
12786.s1	A	A	0.0000
12787.fa	G	G	0.9998
12787.mo	A	A	0.0000
12787.p1	A	G	0.5184
12787.s1	A	G	0.5223
12788.fa	A	G	0.5149
12788.mo	A	G	0.5311
12788.p1	A	G	0.5204
12788.s1	A	G	0.4984
12790.fa	A	A	0.0024
12790.mo	A	A	0.0000
12790.p1	A	A	0.0024
12790.s1	A	A	0.0000
12791.fa	A	G	0.4947
12791.mo	A	G	0.4946
12791.p1	A	G	0.4989
12791.s1	A	G	0.5123
12792.fa	A	A	0.0000
12792.mo	A	G	0.5207
12792.p1	A	A	0.0000
12792.s1	A	A	0.0000
12793.fa	A	A	0.0000
12793.mo	G	G	1.0000
12793.p1	A	G	0.5178
12793.s1	A	G	0.5284
12794.fa	G	G	1.0000
12794.mo	G	G	1.0000
12794.p1	G	G	1.0000
12794.s1	G	G	1.0000
12796.fa	A	G	0.5145
12796.mo	G	G	0.9961
12796.p1	G	G	1.0000
12796.s1	A	G	0.4838
12797.fa	A	G	0.4996
12797.mo	A	G	0.4984
12797.p1	G	G	1.0000
12798.fa	A	G	0.4987
12798.mo	A	G	0.4953
12798.p1	A	G	0.4921
12798.s1	A	A	0.0000
12798.s2	A	G	0.5234
12799.fa	G	G	0.9994
12799.mo	G	G	1.0000
12799.p1	G	G	1.0000
12799.s1	G	G	1.0000
12801.fa	A	G	0.4950
12801.mo	A	G	0.4775
12801.p1	A	A	0.0000
12801.s1	A	G	0.4988
12803.fa	G	G	0.9980
12803.mo	G	G	1.0000
12803.p1	G	G	1.0000
12803.s1	G	G	1.0000
12805.fa	A	G	0.5057
12805.mo	A	G	0.5015
12805.p1	A	A	0.0000
12809.fa	A	G	0.5155
12809.mo	A	G	0.5236
12809.p1	A	A	0.0000
12810.fa	A	G	0.5174
12810.mo	A	G	0.4980
12810.p1	G	G	1.0000
12810.s1	A	G	0.5042
12817.fa	A	A	0.0033
12817.mo	A	G	0.5085
12817.p1	A	A	0.0015
12817.s1	A	A	0.0000
12819.fa	A	G	0.5026
12819.mo	G	G	1.0000
12819.p1	A	G	0.5063
12819.s1	G	G	1.0000
12820.fa	A	A	0.0000
12820.mo	A	G	0.4857
12820.p1	A	G	0.5168
12821.fa	A	A	0.0000
12821.mo	A	G	0.5224
12821.p1	A	A	0.0069
12821.s1	A	A	0.0000
12821.s2	A	A	0.0000
12824.fa	G	G	1.0000
12824.mo	G	G	1.0000
12824.p1	G	G	1.0000
12824.s1	G	G	1.0000
12826.fa	A	A	0.0000
12826.mo	A	G	0.5101
12826.p1	A	G	0.5073
12826.s1	A	G	0.4903
12827.fa	A	A	0.0000
12827.mo	G	G	0.9994
12827.p1	A	G	0.5184
12828.fa	A	G	0.5053
12828.mo	G	G	1.0000
12828.p1	G	G	1.0000
12829.fa	G	G	1.0000
12829.mo	A	G	0.5302
12829.p1	G	G	0.9993
12829.s1	A	G	0.4968
12831.fa	G	G	1.0000
12831.mo	A	G	0.5007
12831.p1	A	G	0.4960
12832.fa	A	A	0.0000
12832.mo	G	G	1.0000
12832.p1	A	G	0.4830
12832.s1	A	G	0.5104
12832.s2	A	G	0.5032
12833.fa	A	G	0.4957
12833.mo	A	G	0.5196
12833.p1	G	G	0.9902
12833.s1	A	G	0.5225
12836.fa	A	G	0.5071
12836.mo	A	A	0.0000
12836.p1	A	G	0.5093
12836.s1	A	A	0.0015
12837.fa	G	G	1.0000
12837.mo	A	G	0.5099
12837.p1	A	G	0.5112
12837.s1	G	G	1.0000
12838.fa	A	G	0.5207
12838.mo	G	G	1.0000
12838.p1	G	G	0.9881
12838.s1	A	G	0.5059
12840.fa	A	G	0.5083
12840.mo	A	G	0.4940
12840.p1	A	G	0.5031
12840.s1	G	G	1.0000
12842.fa	A	A	0.0033
12842.mo	A	G	0.4983
12842.p1	A	G	0.5029
12843.fa	G	G	1.0000
12843.mo	G	G	0.9944
12843.p1	G	G	1.0000
12843.s1	G	G	1.0000
12845.fa	A	G	0.5185
12845.mo	A	G	0.4962
12845.p1	A	G	0.5037
12845.s1	G	G	1.0000
12845.s2	G	G	0.9971
12849.fa	A	G	0.5296
12849.mo	A	A	0.0000
12849.p1	A	A	0.0004
12849.s1	A	A	0.0000
12850.fa	A	G	0.5205
12850.mo	G	G	1.0000
12850.p1	G	G	0.9958
12850.s1	G	G	0.9988
12850.s2	A	G	0.5069
12850.s3	G	G	1.0000
12851.fa	A	G	0.4898
12851.mo	A	G	0.5188
12851.p1	G	G	1.0000
12851.s1	A	G	0.4784
12852.fa	A	G	0.5156
12852.mo	A	A	0.0011
12852.p1	A	G	0.5128
12852.s1	A	G	0.5098
12853.fa	A	A	0.0000
12853.mo	A	G	0.4828
12853.p1	A	G	0.5143
12853.s1	A	G	0.5060
12854.fa	A	G	0.5032
12854.mo	G	G	1.0000
12854.p1	A	G	0.4996
12854.s1	A	G	0.4946
12857.fa	A	G	0.5113
12857.mo	A	A	0.0000
12857.p1	A	G	0.5109
12857.s1	A	A	0.0036
12858.fa	A	A	0.0000
12858.mo	A	G	0.5139
12858.p1	A	A	0.0000
12858.s1	A	G	0.5240
12859.fa	G	G	1.0000
12859.mo	G	G	0.9988
12859.p1	G	G	1.0000
12859.s1	G	G	0.9962
12860.fa	A	G	0.5102
12860.mo	A	A	0.0000
12860.p1	A	G	0.4973
12860.s1	A	G	0.4918
12861.fa	A	G	0.5048
12861.mo	A	A	0.0000
12861.p1	A	A	0.0000
12861.s1	A	A	0.0000
12864.fa	A	G	0.4720
12864.mo	A	G	0.5147
12864.p1	A	G	0.5083
12864.s1	A	G	0.5292
12867.fa	A	G	0.5166
12867.mo	A	G	0.5126
12867.p1	A	G	0.4954
12867.s1	A	G	0.4816
12869.fa	A	G	0.5233
12869.mo	G	G	1.0000
12869.p1	G	G	1.0000
12869.s1	A	G	0.5323
12871.fa	A	G	0.4806
12871.mo	A	A	0.0026
12871.p1	A	A	0.0000
12871.s1	A	G	0.5189
12875.fa	A	G	0.4736
12875.mo	G	G	0.9970
12875.p1	G	G	1.0000
12875.s1	G	G	1.0000
12878.fa	A	G	0.5024
12878.mo	A	G	0.4790
12878.p1	A	A	0.0000
12879.fa	G	G	1.0000
12879.mo	A	G	0.5084
12879.p1	G	G	0.9978
12879.s1	G	G	1.0000
12885.fa	G	G	1.0000
12885.mo	G	G	0.9928
12885.p1	G	G	0.9980
12891.fa	A	G	0.5084
12891.mo	A	A	0.0000
12891.p1	A	A	0.0000
12891.s1	A	A	0.0000
12892.fa	A	A	0.0000
12892.mo	G	G	0.9997
12892.p1	A	G	0.5148
12892.s1	A	G	0.5116
12894.fa	A	G	0.5063
12894.mo	A	G	0.5269
12894.p1	A	G	0.5335
12894.s1	A	G	0.5002
12899.fa	A	A	0.0000
12899.mo	A	G	0.5076
12899.p1	A	A	0.0000
12899.s1	A	A	0.0000
12900.fa	G	G	0.9968
12900.mo	A	G	0.4889
12900.p1	A	G	0.4926
12901.fa	A	A	0.0000
12901.mo	A	G	0.4966
12901.p1	A	A	0.0000
12901.s1	A	G	0.4875
12902.fa	A	G	0.5200
12902.mo	A	G	0.5241
12902.p1	A	A	0.0000
12902.s1	A	G	0.5006
12905.fa	G	G	1.0000
12905.mo	A	G	0.5293
12905.p1	G	G	1.0000
12905.s1	G	G	1.0000
12906.fa	G	G	1.0000
12906.mo	A	G	0.5027
12906.p1	A	G	0.5056
12906.s1	A	G	0.5217
12907.fa	A	G	0.5096
12907.mo	A	A	0.0000
12907.p1	A	G	0.5146
12907.s1	A	G	0.5095
12908.fa	A	G	0.4900
12908.mo	A	G	0.5113
12908.p1	A	G	0.5065
12908.s1	G	G	1.0000
12910.fa	A	A	0.0000
12910.mo	G	G	1.0000
12910.p1	A	G	0.4938
12912.fa	A	G	0.5196
12912.mo	A	G	0.5060
12912.p1	A	A	0.0000
12913.fa	G	G	1.0000
12913.mo	A	A	0.0047
12913.p1	A	G	0.5384
12916.fa	A	A	0.0000
12916.mo	G	G	1.0000
12916.p1	A	G	0.5223
12916.s1	A	G	0.5218
12920.fa	A	G	0.4914
12920.mo	A	A	0.0000
12920.p1	A	A	0.0034
12920.s1	A	G	0.4804
12921.fa	A	A	0.0009
12921.mo	A	A	0.0000
12921.p1	A	A	0.0000
12921.s1	A	A	0.0000
12922.fa	A	G	0.4901
12922.mo	A	A	0.0007
12922.p1	A	G	0.5045
12922.s1	A	G	0.4935
12923.fa	G	G	1.0000
12923.mo	A	G	0.5089
12923.p1	A	G	0.4956
12923.s1	G	G	1.0000
12924.fa	G	G	1.0000
12924.mo	A	G	0.5161
12924.p1	A	G	0.4903
12924.s1	G	G	1.0000
12925.fa	A	A	0.0095
12925.mo	A	G	0.5309
12925.p1	A	A	0.0000
12925.s1	A	A	0.0000
12925.s2	A	G	0.5204
12930.fa	A	G	0.5070
12930.mo	A	G	0.5326
12930.p1	A	G	0.5079
12930.s1	A	A	0.0000
12931.fa	A	G	0.5007
12931.mo	A	G	0.5107
12931.p1	G	G	1.0000
12931.s1	G	G	1.0000
12932.fa	A	G	0.5039
12932.mo	G	G	1.0000
12932.p1	G	G	1.0000
12932.s1	A	G	0.5141
12934.fa	A	A	0.0000
12934.mo	G	G	1.0000
12934.p1	A	G	0.4536
12937.fa	A	G	0.5268
12937.mo	G	G	1.0000
12937.p1	A	G	0.5010
12937.s1	G	G	1.0000
12938.fa	A	A	0.0000
12938.mo	A	A	0.0000
12938.p1	A	A	0.0000
12938.s1	A	A	0.0000
12939.fa	G	G	1.0000
12939.mo	A	G	0.5041
12939.p1	A	G	0.5043
12939.s1	A	G	0.5246
12940.fa	G	G	1.0000
12940.mo	G	G	1.0000
12940.p1	G	G	1.0000
12940.s1	G	G	1.0000
12941.fa	A	G	0.5225
12941.mo	G	G	1.0000
12941.p1	A	G	0.5024
12942.fa	A	G	0.5040
12942.mo	A	A	0.0000
12942.p1	A	A	0.0000
12942.s1	A	G	0.5159
12944.fa	G	G	1.0000
12944.mo	G	G	1.0000
12944.p1	G	G	1.0000
12944.s1	G	G	1.0000
12946.fa	A	G	0.4854
12946.mo	A	G	0.4942
12946.p1	G	G	1.0000
12946.s1	A	G	0.4969
12948.fa	A	G	0.4951
12948.mo	A	G	0.4927
12948.p1	G	G	1.0000
12950.fa	G	G	1.0000
12950.mo	A	G	0.4945
12950.p1	A	G	0.4824
12950.s1	A	G	0.5033
12951.fa	A	G	0.4980
12951.mo	A	G	0.4977
12951.p1	A	G	0.4987
12951.s1	A	G	0.5366
12952.fa	A	G	0.4960
12952.mo	A	G	0.5165
12952.p1	A	G	0.4970
12952.s1	A	G	0.5118
12953.fa	A	G	0.5017
12953.mo	G	G	1.0000
12953.p1	A	G	0.5007
12953.s1	A	G	0.5024
12955.fa	A	A	0.0000
12955.mo	A	G	0.4633
12955.p1	A	A	0.0018
12955.s1	A	G	0.5041
12956.fa	A	G	0.5270
12956.mo	A	G	0.5263
12956.p1	G	G	1.0000
12956.s1	A	G	0.5038
12957.fa	A	G	0.5192
12957.mo	A	G	0.5177
12957.p1	A	G	0.5317
12957.s1	A	A	0.0115
12958.fa	A	G	0.4644
12958.mo	A	A	0.0048
12958.p1	A	G	0.4573
12958.s1	A	G	0.4705
12958.s2	A	G	0.4582
12959.fa	G	G	0.9947
12959.mo	G	G	1.0000
12959.p1	G	G	0.9966
12960.fa	A	A	0.0000
12960.mo	A	G	0.5022
12960.p1	A	A	0.0020
12961.fa	A	A	0.0000
12961.mo	A	G	0.4950
12961.p1	A	A	0.0000
12962.fa	G	G	0.9978
12962.mo	A	G	0.4819
12962.p1	A	G	0.5120
12962.s1	G	G	1.0000
12964.fa	A	A	0.0000
12964.mo	G	G	0.9990
12964.p1	A	G	0.5203
12964.s1	A	G	0.5150
12967.fa	G	G	1.0000
12967.mo	A	G	0.5265
12967.p1	A	G	0.5094
12967.s1	A	G	0.4823
12969.fa	A	G	0.5325
12969.mo	A	A	0.0000
12969.p1	A	A	0.0000
12969.s1	A	G	0.5034
12971.fa	A	G	0.4863
12971.mo	A	G	0.4841
12971.p1	A	G	0.4719
12972.fa	A	G	0.5368
12972.mo	G	G	1.0000
12972.p1	G	G	1.0000
12972.s1	A	G	0.5279
12974.fa	A	G	0.4941
12974.mo	A	A	0.0000
12974.p1	A	G	0.4741
12974.s1	A	A	0.0006
12974.s2	A	A	0.0000
12975.fa	A	G	0.5256
12975.mo	A	G	0.5179
12975.p1	A	G	0.5345
12975.s1	A	G	0.4949
12976.fa	A	G	0.5488
12976.mo	A	A	0.0040
12976.p1	A	A	0.0000
12976.s1	A	A	0.0050
12977.fa	A	A	0.0006
12977.mo	A	G	0.5205
12977.p1	A	G	0.5083
12977.s1	A	G	0.4928
12979.fa	A	G	0.4931
12979.mo	A	G	0.5024
12979.p1	A	G	0.5065
12984.fa	A	G	0.4867
12984.mo	A	G	0.5173
12984.p1	A	A	0.0000
12984.s1	A	A	0.0000
12985.fa	G	G	1.0000
12985.mo	A	A	0.0000
12985.p1	A	G	0.4987
12986.fa	A	G	0.4828
12986.mo	A	G	0.5270
12986.p1	A	G	0.5169
12989.fa	A	A	0.0012
12989.mo	G	G	1.0000
12989.p1	A	G	0.4878
12989.s1	A	G	0.5121
12991.fa	A	G	0.4795
12991.mo	A	A	0.0000
12991.p1	A	A	0.0000
12994.fa	A	G	0.4968
12994.mo	A	G	0.4943
12994.p1	A	G	0.4987
12994.s1	A	A	0.0000
12996.fa	A	G	0.4712
12996.mo	A	A	0.0000
12996.p1	A	A	0.0000
12996.s1	A	A	0.0000
12996.s2	A	A	0.0000
12997.fa	A	A	0.0000
12997.mo	A	G	0.5038
12997.p1	A	G	0.5260
12997.s1	A	G	0.5250
12998.fa	A	G	0.4910
12998.mo	A	G	0.4967
12998.p1	G	G	1.0000
13001.fa	A	G	0.5107
13001.mo	A	A	0.0000
13001.p1	A	A	0.0000
13001.s1	A	A	0.0000
13005.fa	A	A	0.0000
13005.mo	G	G	0.9970
13005.p1	A	G	0.5092
13005.s1	A	G	0.4899
13006.fa	A	A	0.0000
13006.mo	G	G	1.0000
13006.p1	A	G	0.4952
13006.s1	A	G	0.4702
13007.fa	A	G	0.4938
13007.mo	A	G	0.5081
13007.p1	A	G	0.4948
13007.s1	G	G	0.9957
13008.fa	A	G	0.4938
13008.mo	G	G	1.0000
13008.p1	G	G	1.0000
13008.s1	A	G	0.5213
13009.fa	G	G	1.0000
13009.mo	A	A	0.0077
13009.p1	A	G	0.5054
13010.fa	A	G	0.5157
13010.mo	G	G	1.0000
13010.p1	A	G	0.4816
13010.s1	A	G	0.4979
13012.fa	A	G	0.5173
13012.mo	A	G	0.5170
13012.p1	G	G	0.9995
13012.s1	A	G	0.5186
13013.fa	A	G	0.5385
13013.mo	A	G	0.5061
13013.p1	A	G	0.5336
13014.fa	G	G	1.0000
13014.mo	A	A	0.0000
13014.p1	A	G	0.5083
13015.fa	G	G	1.0000
13015.mo	G	G	1.0000
13015.p1	G	G	1.0000
13015.s1	G	G	1.0000
13016.fa	G	G	0.9919
13016.mo	A	G	0.5110
13016.p1	A	G	0.4902
13016.s1	G	G	1.0000
13017.fa	A	G	0.5005
13017.mo	G	G	1.0000
13017.p1	A	G	0.4967
13017.s1	A	G	0.5046
13017.s2	G	G	0.9960
13018.fa	G	G	1.0000
13018.mo	A	A	0.0000
13018.p1	A	G	0.5211
13018.s1	A	G	0.5404
13019.fa	G	G	1.0000
13019.mo	A	A	0.0000
13019.p1	A	G	0.5304
13021.fa	A	G	0.5256
13021.mo	A	A	0.0000
13021.p1	A	A	0.0005
13021.s1	A	A	0.0000
13023.fa	G	G	1.0000
13023.mo	A	G	0.5209
13023.p1	G	G	1.0000
13023.s1	G	G	0.9967
13026.fa	A	A	0.0008
13026.mo	A	G	0.5292
13026.p1	A	G	0.5139
13026.s1	A	A	0.0000
13027.fa	A	A	0.0010
13027.mo	G	G	1.0000
13027.p1	A	G	0.4567
13028.fa	A	G	0.4822
13028.mo	A	G	0.5008
13028.p1	G	G	1.0000
13028.s1	G	G	1.0000
13031.fa	A	A	0.0000
13031.mo	G	G	1.0000
13031.p1	A	G	0.5125
13033.fa	G	G	1.0000
13033.mo	A	G	0.4909
13033.p1	A	G	0.5173
13034.fa	A	A	0.0014
13034.mo	G	G	1.0000
13034.p1	A	G	0.5050
13034.s1	A	G	0.5076
13034.s2	A	G	0.5148
13035.fa	G	G	0.9996
13035.mo	A	A	0.0000
13035.p1	A	G	0.4877
13035.s1	A	G	0.5004
13036.fa	A	G	0.5004
13036.mo	G	G	1.0000
13036.p1	A	G	0.5174
13036.s1	G	G	0.9983
13037.fa	A	G	0.5133
13037.mo	G	G	1.0000
13037.p1	A	G	0.5103
13037.s1	A	G	0.5095
13037.s2	G	G	0.9981
13038.fa	A	A	0.0002
13038.mo	A	G	0.5120
13038.p1	A	G	0.5062
13038.s1	A	A	0.0000
13039.fa	A	G	0.5025
13039.mo	A	G	0.5296
13039.p1	G	G	0.9991
13039.s1	A	G	0.5105
13041.fa	A	G	0.4876
13041.mo	A	A	0.0270
13041.p1	A	G	0.5131
13041.s1	A	G	0.4904
13042.fa	A	G	0.5291
13042.mo	G	G	0.9996
13042.p1	A	G	0.5108
13042.s1	A	G	0.4915
13043.fa	G	G	1.0000
13043.mo	G	G	0.9990
13043.p1	G	G	1.0000
13043.s1	G	G	1.0000
13044.fa	A	A	0.0000
13044.mo	A	A	0.0000
13044.p1	A	A	0.0089
13044.s1	A	A	0.0000
13045.fa	A	A	0.0000
13045.mo	A	G	0.5347
13045.p1	A	G	0.5237
13048.fa	A	G	0.4978
13048.mo	A	A	0.0326
13048.p1	A	A	0.0093
13048.s1	A	G	0.4757
13050.fa	G	G	0.9916
13050.mo	A	G	0.5034
13050.p1	A	G	0.4956
13050.s1	A	G	0.5088
13051.fa	G	G	0.9969
13051.mo	A	A	0.0229
13051.p1	A	G	0.4926
13051.s1	A	G	0.4721
13053.fa	A	G	0.5053
13053.mo	A	A	0.0000
13053.p1	A	A	0.0000
13053.s1	A	G	0.5149
13054.fa	A	G	0.4941
13054.mo	A	G	0.4916
13054.p1	G	G	0.9972
13054.s1	A	G	0.5077
13056.fa	A	G	0.5242
13056.mo	G	G	1.0000
13056.p1	G	G	1.0000
13057.fa	G	G	1.0000
13057.mo	G	G	1.0000
13057.p1	G	G	1.0000
13057.s1	G	G	1.0000
13059.fa	A	G	0.4857
13059.mo	A	A	0.0000
13059.p1	A	A	0.0000
13060.fa	A	G	0.5049
13060.mo	A	A	0.0000
13060.p1	A	A	0.0000
13061.fa	A	G	0.5069
13061.mo	G	G	1.0000
13061.p1	G	G	1.0000
13061.s1	G	G	1.0000
13061.s2	A	G	0.4997
13063.fa	A	A	0.0066
13063.mo	A	G	0.5194
13063.p1	A	G	0.4817
13063.s1	A	G	0.5118
13064.fa	A	G	0.5243
13064.mo	G	G	1.0000
13064.p1	G	G	1.0000
13064.s1	A	G	0.4951
13065.fa	G	G	1.0000
13065.mo	G	G	1.0000
13065.p1	G	G	1.0000
13067.fa	G	G	1.0000
13067.mo	G	G	1.0000
13067.p1	G	G	1.0000
13069.fa	A	G	0.5108
13069.mo	A	G	0.4997
13069.p1	G	G	1.0000
13069.s1	G	G	1.0000
13070.fa	A	G	0.5071
13070.mo	A	G	0.4828
13070.p1	A	A	0.0000
13070.s1	A	A	0.0079
13071.fa	A	G	0.5433
13071.mo	A	G	0.5255
13071.p1	A	G	0.4903
13071.s1	A	A	0.0000
13072.fa	A	G	0.5037
13072.mo	G	G	0.9951
13072.p1	A	G	0.4775
13072.s1	G	G	0.9979
13073.fa	A	A	0.0128
13073.mo	A	G	0.5034
13073.p1	A	A	0.0000
13073.s1	A	G	0.5053
13076.fa	G	G	0.9953
13076.mo	G	G	0.9983
13076.p1	G	G	0.9986
13076.s1	G	G	1.0000
13077.fa	A	G	0.4721
13077.mo	A	G	0.5157
13077.p1	A	G	0.5145
13077.s1	A	G	0.5023
13079.fa	A	A	0.0000
13079.mo	A	G	0.5283
13079.p1	A	G	0.4944
13080.fa	A	A	0.0002
13080.mo	A	G	0.4986
13080.p1	A	G	0.5014
13080.s1	A	A	0.0000
13082.fa	G	G	1.0000
13082.mo	A	G	0.5110
13082.p1	A	G	0.5032
13082.s1	G	G	1.0000
13083.fa	A	G	0.5216
13083.mo	A	A	0.0000
13083.p1	A	A	0.0015
13083.s1	A	A	0.0000
13085.fa	A	G	0.5224
13085.mo	A	A	0.0061
13085.p1	A	A	0.0000
13088.fa	A	A	0.0000
13088.mo	A	G	0.4789
13088.p1	A	A	0.0000
13088.s1	A	G	0.4777
13089.fa	A	A	0.0000
13089.mo	A	G	0.5096
13089.p1	A	A	0.0024
13089.s1	A	A	0.0000
13093.fa	A	G	0.5191
13093.mo	A	G	0.5238
13093.p1	A	G	0.4713
13093.s1	A	G	0.4919
13094.fa	A	G	0.5238
13094.mo	A	G	0.5136
13094.p1	A	G	0.4763
13094.s1	A	G	0.4852
13095.fa	A	A	0.0000
13095.mo	G	G	1.0000
13095.p1	A	G	0.5226
13095.s1	A	G	0.5052
13095.s2	A	G	0.4911
13096.fa	G	G	1.0000
13096.mo	G	G	1.0000
13096.p1	G	G	1.0000
13096.s1	G	G	1.0000
13097.fa	G	G	0.9987
13097.mo	A	G	0.5239
13097.p1	G	G	1.0000
13097.s1	A	G	0.5008
13099.fa	A	G	0.5024
13099.mo	A	G	0.5209
13099.p1	A	G	0.5122
13099.s1	A	G	0.4855
13101.fa	A	A	0.0162
13101.mo	G	G	1.0000
13101.p1	A	G	0.4990
13101.s1	A	G	0.4873
13102.fa	A	G	0.5214
13102.mo	A	G	0.5181
13102.p1	A	G	0.4608
13102.s1	A	G	0.5024
13104.fa	A	A	0.0805
13104.mo	G	G	1.0000
13104.p1	A	G	0.5148
13104.s1	A	G	0.5298
13106.fa	G	G	1.0000
13106.mo	G	G	1.0000
13106.p1	G	G	1.0000
13106.s1	G	G	1.0000
13107.fa	A	G	0.5265
13107.mo	A	A	0.0000
13107.p1	A	A	0.0000
13107.s1	A	G	0.5055
13111.fa	G	G	1.0000
13111.mo	A	G	0.5224
13111.p1	A	G	0.4856
13111.s1	A	G	0.5066
13115.fa	A	A	0.0000
13115.mo	A	G	0.4920
13115.p1	A	G	0.4868
13115.s1	A	A	0.0000
13116.fa	G	G	1.0000
13116.mo	A	G	0.4925
13116.p1	G	G	1.0000
13116.s1	A	G	0.5034
13118.fa	A	G	0.4941
13118.mo	G	G	0.9956
13118.p1	G	G	1.0000
13118.s1	A	G	0.4997
13119.fa	A	G	0.4974
13119.mo	A	G	0.4931
13119.p1	A	G	0.4743
13120.fa	A	G	0.4992
13120.mo	A	G	0.5209
13120.p1	A	G	0.5303
13120.s1	G	G	1.0000
13123.fa	G	G	1.0000
13123.mo	G	G	1.0000
13123.p1	G	G	1.0000
13123.s1	G	G	0.9947
13128.fa	A	G	0.5394
13128.mo	A	A	0.0000
13128.p1	A	G	0.5117
13128.s1	A	G	0.4934
13129.fa	A	A	0.0026
13129.mo	A	G	0.5230
13129.p1	A	G	0.5096
13129.s1	A	A	0.0000
13130.fa	A	G	0.5031
13130.mo	A	G	0.5213
13130.p1	A	G	0.5050
13130.s1	A	G	0.5055
13131.fa	A	G	0.5022
13131.mo	A	A	0.0048
13131.p1	A	G	0.4961
13131.s1	A	A	0.0183
13133.fa	A	G	0.4888
13133.mo	A	G	0.4922
13133.p1	A	A	0.0000
13133.s1	G	G	1.0000
13134.fa	A	G	0.4910
13134.mo	A	A	0.0003
13134.p1	A	A	0.0000
13135.fa	A	A	0.0000
13135.mo	G	G	1.0000
13135.p1	A	G	0.5200
13135.s1	A	G	0.5376
13136.fa	A	G	0.4969
13136.mo	G	G	0.9977
13136.p1	A	G	0.5072
13136.s1	A	G	0.4903
13139.fa	A	G	0.5064
13139.mo	A	G	0.5101
13139.p1	G	G	1.0000
13139.s1	A	G	0.4883
13144.fa	A	G	0.4997
13144.mo	G	G	1.0000
13144.p1	G	G	0.9990
13144.s1	A	G	0.4967
13146.fa	A	G	0.4657
13146.mo	G	G	1.0000
13146.p1	A	G	0.4984
13146.s1	A	G	0.5241
13147.fa	G	G	0.9928
13147.mo	A	A	0.0046
13147.p1	A	G	0.4956
13147.s1	A	G	0.4844
13148.fa	G	G	1.0000
13148.mo	A	G	0.4874
13148.p1	G	G	0.9999
13148.s1	G	G	0.9995
13150.fa	G	G	1.0000
13150.mo	A	A	0.0000
13150.p1	A	G	0.5101
13151.fa	G	G	1.0000
13151.mo	G	G	1.0000
13151.p1	G	G	0.9965
13151.s1	G	G	0.9982
13152.fa	G	G	1.0000
13152.mo	A	G	0.5067
13152.p1	G	G	0.9946
13152.s1	A	G	0.5242
13153.fa	A	A	0.0118
13153.mo	G	G	0.9983
13153.p1	A	G	0.4825
13153.s1	A	G	0.4968
13154.fa	A	A	0.0000
13154.mo	A	A	0.0004
13154.p1	A	A	0.0000
13154.s1	A	A	0.0034
13154.s2	A	A	0.0009
13159.fa	A	G	0.4894
13159.mo	G	G	0.9966
13159.p1	A	G	0.5116
13159.s1	G	G	1.0000
13160.fa	A	A	0.0000
13160.mo	G	G	1.0000
13160.p1	A	G	0.5006
13160.s1	A	G	0.4843
13162.fa	G	G	1.0000
13162.mo	A	G	0.4948
13162.p1	A	G	0.5113
13162.s1	A	G	0.4983
13163.fa	G	G	1.0000
13163.mo	G	G	1.0000
13163.p1	G	G	1.0000
13163.s1	G	G	1.0000
13163.s2	G	G	1.0000
13166.fa	G	G	1.0000
13166.mo	A	G	0.5255
13166.p1	G	G	1.0000
13166.s1	A	G	0.4786
13167.fa	A	G	0.5008
13167.mo	A	G	0.5095
13167.p1	A	G	0.5170
13167.s1	A	G	0.5196
13168.fa	A	A	0.0000
13168.mo	A	G	0.5190
13168.p1	A	A	0.0000
13168.s1	A	G	0.5087
13169.fa	A	A	0.0000
13169.mo	A	A	0.0000
13169.p1	A	A	0.0000
13169.s1	A	A	0.0019
13171.fa	A	A	0.0000
13171.mo	G	G	1.0000
13171.p1	A	G	0.4987
13171.s1	A	G	0.5421
13174.fa	A	G	0.5168
13174.mo	G	G	1.0000
13174.p1	A	G	0.5104
13174.s1	G	G	0.9980
13175.fa	A	G	0.5001
13175.mo	G	G	0.9991
13175.p1	G	G	1.0000
13175.s1	A	G	0.4757
13176.fa	G	G	0.9981
13176.mo	A	G	0.4775
13176.p1	G	G	0.9978
13176.s1	A	G	0.5141
13177.fa	G	G	0.9983
