11000.fa	A	A	0.0000
11000.mo	A	G	0.4672
11000.p1	A	G	0.4596
11000.s1	A	A	0.0000
11000.s2	A	G	0.4830
11000.s3	A	A	0.0000
11002.fa	A	G	0.4947
11002.mo	G	G	0.9878
11002.p1	G	G	1.0000
11002.s1	A	G	0.5495
11006.fa	A	G	0.4921
11006.mo	A	A	0.0000
11006.p1	A	A	0.0000
11006.s1	A	G	0.4776
11008.fa	A	A	0.0000
11008.mo	A	G	0.5511
11008.p1	A	A	0.0000
11008.s1	A	A	0.0000
11009.fa	A	A	0.0044
11009.mo	A	A	0.0059
11009.p1	A	A	0.0083
11009.s1	A	A	0.0000
11009.s2	A	A	0.0000
11010.fa	A	A	0.0052
11010.mo	A	G	0.5109
11010.p1	A	G	0.4798
11010.s1	A	G	0.5210
11011.fa	A	G	0.5013
11011.mo	A	A	0.0012
11011.p1	A	A	0.0000
11011.s1	A	A	0.0000
11011.s2	A	A	0.0000
11012.fa	A	G	0.5882
11012.mo	G	G	1.0000
11012.p1	A	G	0.5141
11012.s1	G	G	1.0000
11013.fa	A	G	0.4720
11013.mo	A	G	0.4929
11013.p1	A	G	0.4868
11013.s1	A	G	0.5011
11014.fa	A	A	0.0000
11014.mo	A	A	0.0000
11014.p1	A	A	0.0038
11014.s1	A	A	0.0086
11017.fa	A	A	0.0063
11017.mo	A	A	0.0011
11017.p1	A	A	0.0000
11017.s1	A	A	0.0000
11022.fa	A	G	0.4835
11022.mo	G	G	0.9436
11022.p1	G	G	0.9586
11022.s1	A	G	0.4844
11023.fa	A	G	0.4995
11023.mo	A	G	0.5120
11023.p1	A	G	0.5083
11023.s1	A	G	0.4999
11026.fa	A	G	0.6744
11026.mo	A	G	0.5711
11026.p1	A	G	0.5545
11026.s1	G	G	0.9919
11027.fa	G	G	1.0000
11027.mo	A	G	0.5962
11027.p1	G	G	0.9807
11027.s1	G	G	0.9802
11028.fa	A	A	0.0105
11028.mo	A	A	0.0045
11028.p1	A	A	0.0000
11028.s1	A	A	0.0046
11029.fa	A	G	0.4863
11029.mo	A	A	0.0010
11029.p1	A	G	0.4908
11029.s1	A	A	0.0000
11030.fa	A	A	0.0000
11030.mo	A	G	0.5109
11030.p1	A	A	0.0000
11030.s1	A	A	0.0005
11031.fa	A	G	0.4922
11031.mo	A	G	0.4789
11031.p1	G	G	1.0000
11031.s1	A	G	0.4920
11031.s2	G	G	0.9907
11031.s3	A	G	0.4920
11032.fa	A	G	0.5008
11032.mo	A	G	0.4975
11032.p1	A	G	0.5372
11032.s1	G	G	0.9825
11033.fa	A	A	0.0024
11033.mo	A	A	0.0000
11033.p1	A	A	0.0035
11033.s1	A	A	0.0000
11037.fa	-	-	NaN
11037.mo	A	G	0.4944
11037.p1	A	G	0.4925
11037.s1	A	A	0.0000
11038.fa	A	A	0.0000
11038.mo	A	G	0.5352
11038.p1	A	G	0.4711
11038.s1	A	G	0.4887
11039.fa	A	G	0.4756
11039.mo	A	A	0.0012
11039.p1	A	A	0.0000
11041.fa	A	A	0.0091
11041.mo	A	A	0.0007
11041.p1	A	A	0.0000
11041.s1	A	A	0.0061
11043.fa	A	G	0.5496
11043.mo	A	A	0.0029
11043.p1	A	G	0.5440
11043.s1	A	A	0.0191
11044.fa	A	G	0.4939
11044.mo	A	A	0.0000
11044.p1	A	A	0.0000
11045.fa	G	G	0.9981
11045.mo	A	G	0.4965
11045.p1	A	G	0.5218
11045.s1	G	G	0.9945
11046.fa	A	G	0.4979
11046.mo	A	G	0.4964
11046.p1	A	G	0.4971
11046.s1	A	A	0.0000
11047.fa	A	G	0.5183
11047.mo	A	G	0.4545
11047.p1	A	A	0.0000
11047.s1	G	G	0.9844
11048.fa	A	A	0.0076
11048.mo	A	A	0.0127
11048.p1	A	A	0.0047
11048.s1	A	A	0.0000
11048.s2	A	A	0.0081
11050.fa	A	A	0.0037
11050.mo	A	G	0.5069
11050.p1	A	G	0.5499
11051.fa	A	A	0.0092
11051.mo	A	G	0.4841
11051.p1	A	G	0.4965
11051.s1	A	G	0.4791
11052.fa	A	G	0.4960
11052.mo	A	A	0.0000
11052.p1	A	G	0.4858
11052.s1	A	G	0.5774
11053.fa	A	G	0.4990
11053.mo	A	G	0.5471
11053.p1	G	G	0.9810
11053.s1	A	G	0.4860
11054.fa	A	G	0.5417
11054.mo	A	G	0.5140
11054.p1	A	G	0.4775
11054.s1	A	A	0.0131
11056.fa	A	G	0.4825
11056.mo	A	A	0.0070
11056.p1	A	A	0.0058
11056.s1	A	G	0.5925
11057.fa	A	A	0.0000
11057.mo	G	G	1.0000
11057.p1	A	G	0.5291
11057.s1	A	G	0.5352
11059.fa	A	A	0.0044
11059.mo	G	G	0.9885
11059.p1	A	G	0.5790
11060.fa	A	A	0.0000
11060.mo	A	A	0.0106
11060.p1	A	A	0.0057
11060.s1	A	A	0.0040
11062.fa	A	A	0.0019
11062.mo	A	A	0.0158
11062.p1	A	A	0.0000
11062.s1	A	A	0.0000
11063.fa	A	A	0.0003
11063.mo	A	G	0.5328
11063.p1	A	G	0.4682
11063.s1	A	A	0.0049
11066.fa	A	G	0.5662
11066.mo	A	G	0.5081
11066.p1	A	G	0.4553
11066.s1	A	A	0.0000
11066.s2	G	G	0.9881
11066.s3	A	G	0.5046
11067.fa	A	A	0.0054
11067.mo	A	G	0.4842
11067.p1	A	G	0.4880
11067.s1	A	A	0.0000
11069.fa	A	G	0.4950
11069.mo	A	G	0.5474
11069.p1	A	A	0.0017
11069.s1	G	G	1.0000
11071.fa	G	G	1.0000
11071.mo	A	G	0.5618
11071.p1	G	G	1.0000
11071.s1	A	G	0.5109
11073.fa	A	A	0.0000
11073.mo	A	G	0.4841
11073.p1	A	G	0.5199
11073.s1	A	A	0.0000
11074.fa	A	G	0.5779
11074.mo	A	A	0.0000
11074.p1	A	G	0.5715
11074.s1	A	G	0.5146
11075.fa	A	A	0.0000
11075.mo	A	A	0.0012
11075.p1	A	A	0.0033
11075.s1	A	A	0.0011
11077.fa	A	G	0.4993
11077.mo	A	G	0.5922
11077.p1	A	A	0.0000
11077.s1	G	G	1.0000
11079.fa	A	G	0.4755
11079.mo	A	G	0.4627
11079.p1	A	G	0.4616
11079.s1	A	G	0.5164
11079.s2	G	G	0.9965
11079.s3	A	G	0.5200
11083.fa	A	A	0.0067
11083.mo	A	A	0.0208
11083.p1	A	A	0.0056
11083.s1	A	A	0.0000
11085.fa	A	G	0.4900
11085.mo	A	A	0.0019
11085.p1	A	A	0.0000
11085.s1	A	A	0.0000
11085.s2	A	G	0.5573
11086.fa	A	A	0.0000
11086.mo	G	G	1.0000
11086.p1	A	G	0.4982
11086.s1	A	G	0.5822
11086.s2	A	G	0.5582
11088.fa	A	A	0.0001
11088.mo	G	G	1.0000
11088.p1	A	G	0.5173
11088.s1	A	G	0.5269
11089.fa	A	A	0.0024
11089.mo	A	G	0.4861
11089.p1	A	A	0.0164
11089.s1	A	A	0.0000
11089.s2	A	G	0.5534
11092.fa	A	G	0.5337
11092.mo	A	G	0.5075
11092.p1	A	G	0.5197
11092.s1	G	G	0.9990
11093.fa	A	A	0.0071
11093.mo	A	A	0.0115
11093.p1	A	A	0.0062
11093.s1	A	A	0.0000
11093.s2	A	A	0.0000
11094.fa	G	G	0.9952
11094.mo	A	A	0.0000
11094.p1	A	G	0.5492
11094.s1	A	G	0.5196
11096.fa	A	G	0.4763
11096.mo	A	G	0.4542
11096.p1	A	G	0.4994
11096.s1	G	G	0.9978
11097.fa	A	A	0.0000
11097.mo	G	G	0.9968
11097.p1	A	G	0.6042
11098.fa	A	A	0.0089
11098.mo	A	A	0.0000
11098.p1	A	A	0.0077
11098.s1	A	A	0.0006
11099.fa	A	A	0.0000
11099.mo	A	A	0.0000
11099.p1	A	A	0.0000
11099.s1	A	A	0.0000
11101.fa	A	G	0.5805
11101.mo	A	G	0.5282
11101.p1	A	A	0.0000
11101.s1	A	G	0.4759
11106.fa	A	G	0.4948
11106.mo	A	G	0.4510
11106.p1	A	A	0.0089
11106.s1	A	G	0.4857
11107.fa	A	G	0.5682
11107.mo	A	A	0.0023
11107.p1	A	A	0.0000
11107.s1	A	A	0.0076
11108.fa	A	A	0.0000
11108.mo	A	G	0.4675
11108.p1	A	A	0.0000
11108.s1	A	G	0.4954
11109.fa	A	G	0.5424
11109.mo	G	G	1.0000
11109.p1	G	G	1.0000
11109.s1	A	G	0.5663
11111.fa	A	A	0.0066
11111.mo	A	G	0.4992
11111.p1	A	A	0.0000
11114.fa	A	A	0.0000
11114.mo	A	G	0.5130
11114.p1	A	A	0.0138
11114.s1	A	A	0.0068
11115.fa	G	G	1.0000
11115.mo	A	A	0.0000
11115.p1	A	G	0.4760
11115.s1	A	G	0.4925
11115.s2	A	G	0.5433
11118.fa	A	G	0.4739
11118.mo	A	A	0.0042
11118.p1	A	G	0.5472
11118.s1	A	G	0.5527
11118.s2	A	A	0.0024
11120.fa	A	G	0.4823
11120.mo	A	A	0.0000
11120.p1	A	G	0.4933
11120.s1	A	A	0.0031
11121.fa	A	G	0.4647
11121.mo	A	A	0.0061
11121.p1	A	G	0.5561
11121.s1	A	A	0.0160
11122.fa	A	A	0.0000
11122.mo	A	G	0.4931
11122.p1	A	G	0.4915
11124.fa	A	G	0.4414
11124.mo	G	G	1.0000
11124.p1	G	G	1.0000
11124.s1	G	G	1.0000
11128.fa	A	G	0.5200
11128.mo	A	A	0.0030
11128.p1	A	A	0.0088
11131.fa	A	A	0.0049
11131.mo	A	A	0.0086
11131.p1	A	A	0.0012
11132.fa	A	A	0.0000
11132.mo	A	A	0.0000
11132.p1	A	A	0.0000
11132.s1	A	A	0.0162
11135.fa	A	G	0.5219
11135.mo	A	G	0.5346
11135.p1	A	G	0.5207
11135.s1	G	G	1.0000
11141.fa	A	G	0.4715
11141.mo	A	G	0.5150
11141.p1	A	A	0.0000
11141.s1	A	G	0.4991
11142.fa	G	G	0.9815
11142.mo	A	A	0.0012
11142.p1	A	G	0.5730
11142.s1	A	G	0.4999
11144.fa	A	G	0.4834
11144.mo	A	A	0.0000
11144.p1	A	A	0.0000
11144.s1	A	G	0.5349
11146.fa	A	G	0.5250
11146.mo	A	A	0.0000
11146.p1	A	A	0.0055
11146.s1	A	G	0.4938
11146.s2	A	G	0.4784
11148.fa	G	G	0.9964
11148.mo	A	A	0.0000
11148.p1	A	G	0.5142
11148.s1	A	G	0.5505
11148.s2	A	G	0.5576
11150.fa	A	A	0.0000
11150.mo	A	A	0.0000
11150.p1	A	A	0.0074
11150.s1	A	A	0.0076
11152.fa	A	G	0.5347
11152.mo	A	A	0.0262
11152.p1	A	A	0.0198
11152.s1	A	G	0.4478
11154.fa	A	G	0.4723
11154.mo	A	A	0.0000
11154.p1	A	A	0.0000
11154.s1	A	G	0.4853
11156.fa	G	G	1.0000
11156.mo	A	G	0.4876
11156.p1	G	G	0.9951
11156.s1	A	G	0.5266
11159.fa	G	G	0.9916
11159.mo	A	G	0.5284
11159.p1	G	G	1.0000
11159.s1	A	G	0.4580
11160.fa	A	G	0.4597
11160.mo	G	G	0.9827
11160.p1	G	G	0.9844
11160.s1	G	G	1.0000
11164.fa	A	A	0.0020
11164.mo	A	G	0.5012
11164.p1	A	A	0.0092
11164.s1	A	A	0.0214
11168.fa	A	G	0.5114
11168.mo	A	A	0.0066
11168.p1	A	A	0.0032
11168.s1	A	A	0.0000
11172.fa	A	G	0.5348
11172.mo	A	G	0.4984
11172.p1	A	A	0.0050
11172.s1	A	G	0.5167
11173.fa	A	G	0.4754
11173.mo	A	A	0.0000
11173.p1	A	G	0.4733
11176.fa	G	G	0.9938
11176.mo	A	A	0.0142
11176.p1	A	G	0.4833
11176.s1	A	G	0.5432
11178.fa	G	G	1.0000
11178.mo	A	G	0.4936
11178.p1	A	G	0.5719
11178.s1	A	G	0.5719
11179.fa	G	G	0.9945
11179.mo	A	G	0.5127
11179.p1	A	G	0.5740
11179.s1	A	G	0.6655
11180.fa	A	G	0.4921
11180.mo	A	A	0.0000
11180.p1	A	G	0.4817
11181.fa	G	G	0.9986
11181.mo	A	G	0.4540
11181.p1	A	G	0.4932
11181.s1	G	G	1.0000
11184.fa	A	A	0.0000
11184.mo	A	G	0.5788
11184.p1	A	G	0.5042
11184.s1	A	A	0.0057
11187.fa	A	A	0.0038
11187.mo	A	G	0.5632
11187.p1	A	G	0.6525
11187.s1	A	A	0.0014
11189.fa	A	A	0.0016
11189.mo	A	A	0.0112
11189.p1	A	A	0.0000
11189.s1	A	A	0.0024
11190.fa	A	A	0.0000
11190.mo	A	G	0.4589
11190.p1	A	A	0.0000
11190.s1	A	G	0.4771
11193.fa	A	A	0.0000
11193.mo	A	G	0.4936
11193.p1	A	G	0.4726
11193.s1	A	G	0.4704
11194.fa	A	G	0.5209
11194.mo	A	G	0.4998
11194.p1	A	G	0.5496
11194.s1	A	G	0.5320
11195.fa	A	G	0.4929
11195.mo	A	G	0.5502
11195.p1	A	G	0.4977
11195.s1	G	G	1.0000
11196.fa	A	G	0.5143
11196.mo	A	G	0.5848
11196.p1	A	G	0.5883
11196.s1	A	A	0.0000
11198.fa	A	A	0.0000
11198.mo	A	G	0.5581
11198.p1	A	G	0.4778
11198.s1	A	A	0.0000
11199.fa	G	G	1.0000
11199.mo	A	G	0.5308
11199.p1	G	G	1.0000
11199.s1	G	G	1.0000
11200.fa	A	G	0.4866
11200.mo	G	G	0.9777
11200.p1	G	G	1.0000
11200.s1	G	G	1.0000
11201.fa	A	G	0.5227
11201.mo	A	G	0.5413
11201.p1	A	G	0.4927
11201.s1	A	G	0.4929
11203.fa	G	G	0.9760
11203.mo	A	G	0.5185
11203.p1	G	G	1.0000
11203.s1	A	G	0.4971
11205.fa	G	G	1.0000
11205.mo	G	G	0.9961
11205.p1	G	G	0.9750
11205.s1	G	G	1.0000
11206.fa	A	A	0.0003
11206.mo	A	G	0.5493
11206.p1	A	A	0.0000
11206.s1	A	G	0.5804
11207.fa	A	A	0.0025
11207.mo	G	G	1.0000
11207.p1	A	G	0.5267
11207.s1	A	G	0.6049
11208.fa	A	G	0.5271
11208.mo	G	G	1.0000
11208.p1	A	G	0.5068
11208.s1	G	G	0.9941
11212.fa	A	A	0.0093
11212.mo	A	A	0.0021
11212.p1	A	A	0.0000
11212.s1	A	A	0.0000
11214.fa	A	G	0.4773
11214.mo	A	A	0.0087
11214.p1	A	A	0.0000
11214.s1	A	A	0.0048
11215.fa	A	G	0.4953
11215.mo	A	A	0.0127
11215.p1	A	A	0.0000
11215.s1	A	G	0.4774
11216.fa	A	A	0.0000
11216.mo	A	A	0.0000
11216.p1	A	A	0.0000
11216.s1	A	A	0.0000
11218.fa	A	G	0.4805
11218.mo	A	A	0.0000
11218.p1	A	G	0.5227
11218.s1	A	G	0.5031
11219.fa	A	A	0.0131
11219.mo	A	A	0.0000
11219.p1	A	A	0.0000
11219.s1	A	A	0.0029
11220.fa	G	G	0.9949
11220.mo	A	G	0.4766
11220.p1	A	G	0.4762
11220.s1	A	G	0.5053
11223.fa	A	A	0.0059
11223.mo	A	G	0.4954
11223.p1	A	A	0.0000
11224.fa	A	G	0.5452
11224.mo	G	G	0.9933
11224.p1	A	G	0.5841
11224.s1	G	G	0.9983
11225.fa	G	G	0.9931
11225.mo	A	G	0.5091
11225.p1	A	G	0.5382
11225.s1	G	G	0.9810
11227.fa	A	A	0.0000
11227.mo	A	A	0.0000
11227.p1	A	A	0.0000
11227.s1	A	A	0.0000
11227.s3	A	A	0.0000
11229.fa	A	A	0.0000
11229.mo	A	G	0.4908
11229.p1	A	A	0.0000
11229.s1	A	A	0.0093
11230.fa	A	A	0.0073
11230.mo	A	A	0.0000
11230.p1	A	A	0.0508
11230.s1	A	A	0.0000
11230.s2	A	A	0.0158
11232.fa	A	G	0.4979
11232.mo	A	A	0.0054
11232.p1	A	G	0.5860
11232.s1	A	G	0.4628
11233.fa	G	G	1.0000
11233.mo	G	G	1.0000
11233.p1	G	G	1.0000
11233.s1	G	G	1.0000
11234.fa	A	A	0.0011
11234.mo	A	G	0.5927
11234.p1	A	A	0.0025
11234.s1	A	G	0.6574
11234.s2	A	A	0.0000
11235.fa	A	A	0.0000
11235.mo	A	G	0.5146
11235.p1	A	A	0.0000
11235.s1	A	A	0.0016
11237.fa	A	G	0.4964
11237.mo	A	G	0.4788
11237.p1	A	G	0.4282
11237.s1	A	G	0.4837
11239.fa	A	A	0.0024
11239.mo	A	A	0.0000
11239.p1	A	A	0.0002
11239.s1	A	A	0.0037
11242.fa	A	A	0.0080
11242.mo	A	A	0.0000
11242.p1	A	A	0.0000
11242.s1	A	A	0.0055
11245.fa	A	G	0.5635
11245.mo	A	A	0.0037
11245.p1	A	A	0.0000
11245.s1	A	A	0.0000
11246.fa	A	G	0.5771
11246.mo	A	G	0.5387
11246.p1	A	G	0.5255
11246.s1	A	A	0.0133
11246.s2	G	G	1.0000
11247.fa	A	G	0.5386
11247.mo	A	A	0.0000
11247.p1	A	G	0.4933
11247.s1	A	G	0.5118
11250.fa	A	A	0.0000
11250.mo	A	G	0.4955
11250.p1	A	G	0.4726
11250.s1	A	G	0.5475
11251.fa	A	G	0.5041
11251.mo	A	A	0.0000
11251.p1	A	A	0.0003
11251.s1	A	A	0.0073
11252.fa	-	-	0.1259
11252.mo	A	A	0.0000
11252.p1	A	A	0.0000
11252.s1	-	-	0.1769
11252.s2	A	A	0.0018
11254.fa	A	G	0.5652
11254.mo	A	A	0.0000
11254.p1	A	A	0.0000
11254.s1	A	A	0.0005
11256.fa	A	A	0.0000
11256.mo	A	G	0.4828
11256.p1	A	G	0.5087
11256.s1	A	G	0.5230
11257.fa	A	G	0.4776
11257.mo	A	G	0.6097
11257.p1	A	A	0.0021
11257.s1	A	G	0.5180
11258.fa	A	G	0.4916
11258.mo	A	G	0.4806
11258.p1	G	G	1.0000
11258.s1	G	G	1.0000
11262.fa	A	A	0.0078
11262.mo	A	A	0.0000
11262.p1	A	A	0.0000
11262.s1	A	A	0.0008
11263.fa	A	A	0.0030
11263.mo	A	A	0.0000
11263.p1	A	A	0.0046
11263.s1	A	A	0.0391
11264.fa	A	A	0.0063
11264.mo	A	A	0.0013
11264.p1	A	A	0.0000
11264.s1	A	A	0.0300
11264.s2	A	A	0.0050
11265.fa	A	A	0.0215
11265.mo	A	G	0.5624
11265.p1	A	A	0.0097
11265.s1	A	A	0.0000
11265.s2	A	G	0.5379
11265.s3	A	G	0.5381
11267.fa	A	G	0.4971
11267.mo	A	G	0.5186
11267.p1	G	G	1.0000
11267.s1	A	G	0.5304
11274.fa	G	G	0.9771
11274.mo	A	A	0.0000
11274.p1	A	G	0.5841
11274.s1	A	G	0.5479
11275.fa	A	G	0.4756
11275.mo	A	A	0.0026
11275.p1	A	A	0.0000
11275.s1	A	G	0.5509
11280.fa	A	G	0.4852
11280.mo	A	A	0.0038
11280.p1	A	A	0.0033
11280.s1	A	G	0.5552
11280.s2	A	G	0.5675
11282.fa	A	A	0.0000
11282.mo	A	G	0.5891
11282.p1	A	G	0.6270
11282.s1	A	G	0.4901
11282.s2	A	G	0.4634
11282.s3	A	G	0.4900
11284.fa	A	G	0.5840
11284.mo	G	G	1.0000
11284.p1	A	G	0.5141
11284.s1	G	G	1.0000
11285.fa	G	G	1.0000
11285.mo	A	A	0.0037
11285.p1	A	G	0.4459
11285.s1	A	G	0.5145
11289.fa	A	G	0.5594
11289.mo	A	A	0.0000
11289.p1	A	G	0.5195
11289.s1	A	G	0.4619
11291.fa	G	G	1.0000
11291.mo	A	A	0.0000
11291.p1	A	G	0.5175
11291.s1	A	G	0.4551
11296.fa	A	G	0.4566
11296.mo	A	G	0.4890
11296.p1	G	G	1.0000
11296.s1	G	G	1.0000
11298.fa	A	A	0.0061
11298.mo	G	G	1.0000
11298.p1	A	G	0.4808
11298.s1	A	G	0.5268
11299.fa	A	A	0.0060
11299.mo	A	A	0.0032
11299.p1	A	A	0.0115
11299.s1	A	A	0.0218
11300.fa	A	G	0.5478
11300.mo	A	G	0.4764
11300.p1	A	G	0.4948
11300.s1	A	G	0.4738
11301.fa	A	A	0.0043
11301.mo	A	G	0.5755
11301.p1	A	G	0.5504
11301.s1	A	A	0.0018
11303.fa	G	G	0.9967
11303.mo	G	G	1.0000
11303.p1	G	G	1.0000
11303.s1	G	G	1.0000
11304.fa	G	G	0.9916
11304.mo	-	-	0.1561
11304.p1	G	G	0.9628
11304.s1	A	G	0.5190
11305.fa	A	A	0.0000
11305.mo	A	G	0.5390
11305.p1	A	A	0.0000
11305.s1	A	G	0.4590
11307.fa	A	A	0.0033
11307.mo	A	A	0.0000
11307.p1	A	A	0.0000
11307.s1	A	A	0.0000
11309.fa	A	G	0.4881
11309.mo	A	A	0.0055
11309.p1	A	G	0.5594
11309.s1	A	G	0.5291
11310.fa	A	A	0.0000
11310.mo	A	G	0.5570
11310.p1	A	A	0.0091
11310.s1	A	G	0.5941
11312.fa	A	G	0.4955
11312.mo	A	A	0.0012
11312.p1	A	A	0.0000
11312.s1	A	A	0.0000
11316.fa	A	G	0.6001
11316.mo	A	A	0.0077
11316.p1	A	A	0.0010
11316.s1	A	A	0.0000
11318.fa	A	G	0.5418
11318.mo	A	A	0.0000
11318.p1	A	A	0.0073
11318.s1	A	A	0.0038
11322.fa	A	G	0.5028
11322.mo	A	A	0.0000
11322.p1	A	G	0.4894
11323.fa	A	G	0.6108
11323.mo	A	G	0.4920
11323.p1	G	G	1.0000
11323.s1	A	G	0.5315
11323.s2	A	A	0.0000
11324.fa	A	G	0.4709
11324.mo	A	G	0.4958
11324.p1	G	G	0.9762
11324.p2	G	G	0.9690
11324.s1	A	G	0.5987
11325.fa	A	A	0.0006
11325.mo	A	G	0.5223
11325.p1	A	A	0.0002
11325.s1	A	G	0.5345
11327.fa	A	A	0.0000
11327.mo	A	G	0.4495
11327.p1	A	G	0.5161
11327.s1	A	A	0.0000
11328.fa	A	A	0.0000
11328.mo	A	A	0.0027
11328.p1	A	A	0.0009
11328.s1	A	A	0.0000
11329.fa	A	A	0.0000
11329.mo	A	A	0.0000
11329.p1	A	A	0.0014
11329.s1	A	A	0.0000
11331.fa	A	G	0.4951
11331.mo	A	A	0.0000
11331.p1	A	A	0.0125
11336.fa	A	A	0.0053
11336.mo	A	G	0.4752
11336.p1	A	A	0.0078
11336.s1	A	G	0.5612
11339.fa	A	A	0.0117
11339.mo	A	A	0.0030
11339.p1	A	A	0.0067
11339.s1	A	A	0.0000
11341.fa	A	G	0.4808
11341.mo	A	G	0.5731
11341.p1	A	A	0.0039
11341.s1	A	A	0.0000
11345.fa	A	A	0.0087
11345.mo	A	A	0.0000
11345.p1	A	A	0.0000
11345.s1	A	A	0.0102
11346.fa	A	A	0.0036
11346.mo	A	A	0.0000
11346.p1	A	A	0.0043
11346.s1	A	A	0.0009
11347.fa	A	G	0.4728
11347.mo	G	G	1.0000
11347.p1	A	G	0.5494
11347.s1	G	G	1.0000
11348.fa	A	G	0.4871
11348.mo	A	A	0.0043
11348.p1	A	G	0.4881
11348.s1	A	G	0.4988
11348.s2	A	A	0.0157
11349.fa	A	G	0.5530
11349.mo	A	G	0.4402
11349.p1	A	G	0.5677
11349.s1	G	G	0.9725
11350.fa	A	G	0.4979
11350.mo	A	G	0.4744
11350.p1	A	G	0.5211
11350.s1	A	G	0.5312
11352.fa	A	G	0.4739
11352.mo	A	G	0.4604
11352.p1	G	G	1.0000
11352.s1	A	G	0.4761
11353.fa	A	A	0.0001
11353.mo	A	A	0.0052
11353.p1	A	A	0.0015
11353.s1	A	A	0.0040
11355.fa	A	A	0.0085
11355.mo	A	G	0.5292
11355.p1	A	G	0.5731
11355.s1	A	G	0.5631
11356.fa	A	A	0.0008
11356.mo	A	G	0.4607
11356.p1	A	G	0.6003
11356.s1	A	G	0.5468
11357.fa	A	G	0.4983
11357.mo	A	G	0.4964
11357.p1	A	G	0.5503
11357.s1	A	A	0.0000
11359.fa	A	G	0.5441
11359.mo	A	A	0.0000
11359.p1	A	A	0.0017
11359.s1	A	G	0.5431
11360.fa	G	G	0.9791
11360.mo	A	A	0.0000
11360.p1	A	G	0.4815
11360.s1	A	G	0.5210
11364.fa	A	G	0.4980
11364.mo	A	A	0.0109
11364.p1	A	A	0.0022
11364.s1	A	A	0.0086
11365.fa	A	G	0.4761
11365.mo	A	A	0.0000
11365.p1	A	G	0.4721
11365.s1	A	G	0.5535
11366.fa	A	G	0.5730
11366.mo	A	G	0.5044
11366.p1	A	G	0.5168
11366.s1	G	G	1.0000
11368.fa	G	G	1.0000
11368.mo	G	G	0.9708
11368.p1	G	G	0.9982
11368.s1	G	G	1.0000
11369.fa	A	G	0.4551
11369.mo	A	G	0.6261
11369.p1	A	G	0.5378
11369.s1	A	A	0.0174
11370.fa	A	A	0.0000
11370.mo	A	A	0.0000
11370.p1	A	A	0.0000
11370.p2	A	A	0.0000
11371.fa	A	A	0.0062
11371.mo	A	G	0.4950
11371.p1	A	A	0.0000
11374.fa	A	A	0.0007
11374.mo	A	G	0.4760
11374.p1	A	G	0.4369
11374.s1	A	A	0.0000
11374.s2	A	A	0.0012
11375.fa	A	G	0.4914
11375.mo	A	G	0.4830
11375.p1	A	A	0.0000
11375.s1	G	G	1.0000
11376.fa	A	A	0.0013
11376.mo	A	G	0.5742
11376.p1	A	A	0.0111
11376.s1	A	A	0.0095
11377.fa	A	A	0.0000
11377.mo	A	A	0.0000
11377.p1	A	A	0.0062
11377.s1	A	A	0.0000
11378.fa	A	G	0.6254
11378.mo	A	A	0.0000
11378.p1	A	G	0.5170
11378.s1	A	A	0.0075
11379.fa	A	G	0.5185
11379.mo	G	G	1.0000
11379.p1	G	G	1.0000
11379.s1	A	G	0.4739
11381.fa	A	A	0.0037
11381.mo	A	G	0.4803
11381.p1	A	A	0.0024
11381.s1	A	G	0.4469
11382.fa	A	G	0.5386
11382.mo	A	G	0.4990
11382.p1	A	A	0.0001
11383.fa	A	A	0.0033
11383.mo	A	G	0.5674
11383.p1	A	A	0.0021
11383.s1	A	A	0.0035
11388.fa	A	G	0.4877
11388.mo	A	A	0.0103
11388.p1	A	A	0.0000
11388.s1	A	G	0.5468
11390.fa	A	A	0.0000
11390.mo	A	A	0.0000
11390.p1	A	A	0.0109
11390.s1	A	A	0.0000
11391.fa	G	G	1.0000
11391.mo	A	A	0.0049
11391.p1	A	G	0.4792
11391.s1	A	G	0.5123
11396.fa	A	G	0.5376
11396.mo	A	G	0.4964
11396.p1	G	G	0.9875
11396.s1	A	G	0.4971
11397.fa	A	G	0.5617
11397.mo	A	A	0.0000
11397.p1	A	G	0.6216
11397.s1	A	G	0.5715
11397.s2	A	A	0.0000
11398.fa	A	A	0.0000
11398.mo	A	G	0.4885
11398.p1	A	G	0.4598
11398.s1	A	G	0.4634
11399.fa	A	A	0.0075
11399.mo	A	A	0.0054
11399.p1	A	A	0.0025
11399.s1	A	A	0.0060
11401.fa	G	G	0.9755
11401.mo	A	A	0.0000
11401.p1	A	G	0.4880
11401.s1	A	G	0.5049
11404.fa	-	-	0.3289
11404.mo	A	A	0.0105
11404.p1	A	A	0.0000
11404.s1	A	A	0.0000
11409.fa	A	G	0.4825
11409.mo	A	A	0.0000
11409.p1	A	A	0.0022
11410.fa	A	A	0.0000
11410.mo	G	G	1.0000
11410.p1	A	G	0.5385
11410.s1	A	G	0.4934
11412.fa	A	A	0.0000
11412.mo	A	A	0.0000
11412.p1	A	A	0.0000
11412.s1	A	A	0.0000
11413.fa	A	A	0.0113
11413.mo	A	G	0.4815
11413.p1	A	A	0.0100
11413.s1	-	-	0.3510
11414.fa	G	G	0.9916
11414.mo	A	A	0.0000
11414.p1	A	G	0.5436
11414.s1	A	G	0.4772
11415.fa	A	G	0.5661
11415.mo	G	G	1.0000
11415.p1	A	G	0.5052
11415.s1	G	G	1.0000
11420.fa	G	G	0.9899
11420.mo	A	G	0.4838
11420.p1	A	G	0.6105
11420.s1	G	G	0.9989
11421.fa	A	A	0.0000
11421.mo	A	G	0.4911
11421.p1	A	G	0.4958
11421.s1	A	A	0.0016
11421.s2	A	G	0.4958
11422.fa	A	G	0.4859
11422.mo	G	G	0.9906
11422.p1	A	G	0.4727
11422.s1	A	G	0.4969
11424.fa	G	G	1.0000
11424.mo	A	G	0.4692
11424.p1	G	G	1.0000
11424.s1	G	G	0.9900
11425.fa	A	A	0.0000
11425.mo	A	G	0.5051
11425.p1	A	G	0.5217
11425.s1	A	G	0.5258
11428.fa	A	A	0.0000
11428.mo	A	A	0.0000
11428.p1	A	A	0.0000
11428.s1	A	A	0.0000
11429.fa	A	G	0.5343
11429.mo	A	A	0.0131
11429.p1	A	G	0.4780
11429.s1	A	A	0.0000
11429.s2	A	A	0.0000
11432.fa	A	G	0.4987
11432.mo	A	A	0.0052
11432.p1	A	A	0.0106
11432.s1	A	A	0.0000
11432.s2	A	G	0.5285
11435.fa	A	A	0.0042
11435.mo	A	A	0.0000
11435.p1	A	A	0.0047
11435.s1	A	A	0.0023
11436.fa	A	A	0.0000
11436.mo	A	A	0.0000
11436.p1	A	A	0.0000
11436.s1	A	A	0.0000
11437.fa	A	G	0.5239
11437.mo	A	G	0.4901
11437.p1	A	G	0.4909
11437.s1	A	G	0.4894
11437.s2	A	G	0.5364
11437.s3	G	G	1.0000
11437.s4	G	G	0.9541
11440.fa	A	G	0.4851
11440.mo	A	A	0.0000
11440.p1	A	A	0.0000
11440.s1	A	A	0.0000
11441.fa	G	G	0.9997
11441.mo	A	A	0.0108
11441.p1	A	G	0.5149
11441.s1	A	G	0.4892
11444.fa	A	A	0.0000
11444.mo	A	G	0.4934
11444.p1	A	G	0.5216
11444.s1	A	A	0.0000
11445.fa	A	A	0.0000
11445.mo	A	A	0.0028
11445.p1	A	A	0.0000
11445.s1	A	A	0.0000
11447.fa	A	A	0.0042
11447.mo	A	A	0.0000
11447.p1	A	A	0.0000
11447.s1	A	A	0.0081
11450.fa	A	G	0.5266
11450.mo	A	A	0.0000
11450.p1	A	G	0.5213
11450.s1	A	G	0.5202
11452.fa	A	A	0.0035
11452.mo	A	G	0.4925
11452.p1	A	G	0.5056
11452.s1	A	G	0.5295
11455.fa	A	A	0.0000
11455.mo	A	G	0.5227
11455.p1	A	G	0.4644
11455.s1	A	G	0.5431
11458.fa	A	G	0.4902
11458.mo	A	G	0.5236
11458.p1	A	G	0.5193
11458.s1	A	G	0.5250
11459.fa	A	A	0.0101
11459.mo	A	G	0.5706
11459.p1	A	G	0.5458
11459.s1	A	A	0.0003
11462.fa	A	A	0.0035
11462.mo	A	A	0.0061
11462.p1	A	A	0.0166
11462.s1	A	A	0.0000
11463.fa	A	A	0.0000
11463.mo	A	A	0.0000
11463.p1	A	A	0.0000
11463.s1	A	A	0.0002
11466.fa	A	A	0.0000
11466.mo	A	G	0.5688
11466.p1	A	G	0.4990
11466.s1	A	A	0.0000
11468.fa	A	G	0.5841
11468.mo	G	G	1.0000
11468.p1	G	G	1.0000
11469.fa	A	G	0.4870
11469.mo	A	A	0.0089
11469.p1	A	A	0.0000
11469.s1	A	A	0.0000
11471.fa	A	A	0.0069
11471.mo	A	A	0.0006
11471.p1	A	A	0.0143
11471.s1	A	A	0.0018
11471.s2	A	A	0.0008
11473.fa	A	G	0.4954
11473.mo	A	G	0.4875
11473.p1	G	G	0.9940
11473.s1	G	G	1.0000
11474.fa	A	A	0.0000
11474.mo	G	G	1.0000
11474.p1	A	G	0.5748
11474.s1	A	G	0.5186
11476.fa	A	G	0.4727
11476.mo	A	G	0.4888
11476.p1	A	A	0.0025
11476.s1	A	G	0.5277
11479.fa	A	A	0.0000
11479.mo	G	G	0.9498
11479.p1	A	G	0.4819
11479.s1	A	G	0.5133
11483.fa	A	A	0.0011
11483.mo	G	G	0.9710
11483.p1	A	G	0.5297
11483.s1	A	G	0.4958
11484.fa	A	G	0.5822
11484.mo	A	G	0.5351
11484.p1	G	G	1.0000
11484.s1	A	G	0.5273
11485.fa	A	A	0.0000
11485.mo	A	G	0.4698
11485.p1	A	A	0.0000
11485.s1	A	A	0.0000
11488.fa	A	G	0.5299
11488.mo	A	G	0.5181
11488.p1	A	A	0.0018
11488.s1	A	G	0.4927
11489.fa	A	G	0.4576
11489.mo	A	G	0.4828
11489.p1	A	A	0.0000
11489.s1	G	G	1.0000
11490.fa	A	A	0.0071
11490.mo	A	A	0.0000
11490.p1	A	A	0.0000
11490.s1	A	A	0.0000
11490.s2	A	A	0.0035
11490.s3	A	A	0.0068
11492.fa	A	G	0.4883
11492.mo	A	G	0.4853
11492.p1	G	G	1.0000
11492.s1	A	G	0.5068
11495.fa	A	G	0.4424
11495.mo	G	G	0.9960
11495.p1	A	G	0.5352
11495.s1	A	G	0.4835
11497.fa	A	G	0.5223
11497.mo	A	G	0.4908
11497.p1	A	G	0.4651
11498.fa	A	A	0.0024
11498.mo	A	G	0.4814
11498.p1	A	A	0.0047
11498.s1	A	G	0.5597
11499.fa	G	G	0.9931
11499.mo	G	G	0.9864
11499.p1	G	G	1.0000
11499.s1	G	G	1.0000
11501.fa	A	A	0.0000
11501.mo	A	G	0.4971
11501.p1	A	A	0.0000
11501.s1	A	A	0.0006
11501.s2	A	A	0.0024
11502.fa	A	A	0.0042
11502.mo	A	A	0.0279
11502.p1	A	A	0.0026
11502.s1	A	A	0.0056
11504.fa	A	A	0.0113
11504.mo	A	A	0.0000
11504.p1	A	A	0.0048
11504.s1	A	A	0.0090
11505.fa	A	A	0.0002
11505.mo	A	A	0.0000
11505.p1	A	A	0.0078
11505.s1	A	A	0.0000
11508.fa	A	G	0.5677
11508.mo	A	G	0.5655
11508.p1	G	G	0.9992
11509.fa	G	G	1.0000
11509.mo	A	A	0.0029
11509.p1	A	G	0.5399
11509.s1	A	G	0.4681
11510.fa	A	G	0.4561
11510.mo	A	A	0.0000
11510.p1	A	A	0.0000
11510.s1	A	G	0.5165
11511.fa	A	A	0.0026
11511.mo	A	G	0.5389
11511.p1	A	G	0.5525
11511.s1	A	G	0.5647
11512.fa	A	G	0.5036
11512.mo	A	G	0.5265
11512.p1	A	A	0.0000
11517.fa	A	G	0.4909
11517.mo	A	A	0.0000
11517.p1	A	A	0.0056
11519.fa	G	G	0.9844
11519.mo	A	A	0.0008
11519.p1	A	G	0.5394
11519.s1	A	G	0.4865
11520.fa	A	G	0.4641
11520.mo	A	A	0.0008
11520.p1	A	A	0.0000
11520.s1	A	G	0.4709
11521.fa	A	A	0.0119
11521.mo	A	G	0.5038
11521.p1	A	G	0.4667
11521.s1	A	A	0.0000
11522.fa	A	A	0.0000
11522.mo	A	G	0.5700
11522.p1	A	G	0.4643
11522.s1	A	A	0.0069
11522.s2	A	A	0.0000
11523.fa	A	A	0.0191
11523.mo	A	G	0.4917
11523.p1	A	G	0.5203
11523.s1	A	G	0.6257
11524.fa	A	A	0.0021
11524.mo	G	G	1.0000
11524.p1	A	G	0.5071
11524.s1	A	G	0.4947
11526.fa	A	A	0.0018
11526.mo	A	A	0.0000
11526.p1	A	A	0.0000
11526.s1	A	A	0.0013
11530.fa	A	A	0.0020
11530.mo	A	G	0.4911
11530.p1	A	G	0.4968
11530.s1	A	A	0.0000
11530.s2	A	A	0.0000
11536.fa	G	G	1.0000
11536.mo	A	A	0.0066
11536.p1	A	G	0.5333
11536.s1	A	G	0.5257
11537.fa	A	G	0.5084
11537.mo	A	G	0.4941
11537.p1	A	A	0.0036
11537.s1	G	G	0.9975
11540.fa	A	G	0.5560
11540.mo	A	A	0.0000
11540.p1	A	A	0.0000
11540.s1	A	A	0.0054
11542.fa	A	G	0.5051
11542.mo	A	A	0.0000
11542.p1	A	G	0.5078
11542.s1	A	G	0.5270
11544.fa	A	A	0.0037
11544.mo	A	A	0.0062
11544.p1	A	A	0.0000
11544.s1	A	A	0.0029
11545.fa	A	G	0.4770
11545.mo	A	G	0.4859
11545.p1	G	G	1.0000
11545.s1	G	G	1.0000
11546.fa	A	A	0.0000
11546.mo	A	G	0.4967
11546.p1	A	A	0.0000
11546.s1	A	G	0.4875
11547.fa	A	A	0.0002
11547.mo	A	G	0.5209
11547.p1	A	G	0.5032
11549.fa	A	A	0.0000
11549.mo	A	A	0.0015
11549.p1	A	A	0.0000
11549.s1	A	A	0.0012
11550.fa	A	A	0.0011
11550.mo	A	A	0.0071
11550.p1	A	A	0.0060
11550.s1	A	A	0.0006
11550.s2	A	A	0.0000
11551.fa	G	G	0.9772
11551.mo	A	G	0.4792
11551.p1	G	G	1.0000
11551.s1	A	G	0.4968
11551.s2	A	G	0.5313
11552.fa	A	A	0.0080
11552.mo	A	A	0.0082
11552.p1	A	A	0.0000
11552.s1	A	A	0.0000
11554.fa	A	A	0.0000
11554.mo	A	A	0.0084
11554.p1	A	A	0.0000
11554.s1	A	A	0.0000
11555.fa	A	G	0.4889
11555.mo	A	G	0.5190
11555.p1	A	G	0.5181
11556.fa	A	A	0.0000
11556.mo	A	A	0.0000
11556.p1	A	A	0.0000
11556.s1	A	A	0.0000
11557.fa	-	-	0.1269
11557.mo	A	G	0.6122
11557.p1	G	G	1.0000
11557.s1	-	-	0.1543
11557.s2	-	-	0.1420
11557.s3	A	G	0.5256
11558.fa	A	G	0.5816
11558.mo	G	G	0.9966
11558.p1	A	G	0.4605
11561.fa	A	A	0.0000
11561.mo	G	G	1.0000
11561.p1	A	G	0.4801
11561.s1	A	G	0.5477
11563.fa	A	G	0.4998
11563.mo	A	A	0.0000
11563.p1	A	G	0.5185
11563.s1	A	A	0.0000
11564.fa	A	A	0.0033
11564.mo	A	A	0.0000
11564.p1	A	A	0.0000
11564.s1	A	A	0.0000
11565.fa	A	A	0.0000
11565.mo	A	A	0.0000
11565.p1	A	A	0.0028
11565.s1	A	A	0.0000
11566.fa	A	A	0.0006
11566.mo	A	G	0.5878
11566.p1	A	A	0.0000
11568.fa	A	A	0.0045
11568.mo	A	A	0.0025
11568.p1	A	A	0.0023
11568.s1	A	A	0.0056
11569.fa	A	A	0.0000
11569.mo	A	A	0.0000
11569.p1	A	A	0.0092
11569.s1	A	A	0.0003
11575.fa	A	A	0.0000
11575.mo	A	A	0.0043
11575.p1	A	A	0.0016
11575.s1	A	A	0.0010
11577.fa	A	G	0.4938
11577.mo	A	G	0.4400
11577.p1	A	G	0.5430
11578.fa	A	G	0.5036
11578.mo	A	G	0.5432
11578.p1	A	A	0.0000
11578.s1	A	A	0.0034
11580.fa	A	G	0.5197
11580.mo	A	A	0.0000
11580.p1	A	A	0.0000
11580.s1	A	A	0.0000
11580.s2	A	G	0.4939
11581.fa	A	G	0.5594
11581.mo	A	A	0.0066
11581.p1	A	G	0.5187
11581.s1	A	A	0.0000
11583.fa	A	G	0.4846
11583.mo	A	G	0.5310
11583.p1	A	A	0.0000
11584.fa	A	A	0.0077
11584.mo	A	A	0.0000
11584.p1	A	A	0.0000
11584.s1	A	A	0.0154
11587.fa	A	A	0.0161
11587.mo	G	G	1.0000
11587.p1	A	G	0.5127
11587.s1	A	G	0.6234
11590.fa	G	G	1.0000
11590.mo	A	G	0.5213
11590.p1	G	G	1.0000
11590.s1	A	G	0.5479
11597.fa	A	G	0.6006
11597.mo	A	G	0.5654
11597.p1	A	G	0.5656
11597.s1	A	G	0.5305
11597.s2	A	G	0.5373
11598.fa	A	A	0.0088
11598.mo	A	A	0.0200
11598.p1	A	A	0.0209
11599.fa	A	G	0.4989
11599.mo	A	A	0.0000
11599.p1	A	G	0.5380
11599.s1	A	G	0.4980
11611.fa	A	A	0.0000
11611.mo	A	G	0.5030
11611.p1	A	A	0.0021
11641.fa	A	G	0.5270
11641.mo	A	G	0.4691
11641.p1	A	G	0.5191
11641.s1	A	A	0.0000
11676.fa	A	G	0.5751
11676.mo	G	G	1.0000
11676.p1	A	G	0.4927
11676.s1	G	G	1.0000
11696.fa	A	A	0.0021
11696.mo	A	G	0.5331
11696.p1	A	G	0.4811
11696.s1	A	G	0.4949
11698.fa	A	G	0.5078
11698.mo	A	A	0.0012
11698.p1	A	A	0.0000
12062.fa	A	G	0.4831
12062.mo	A	G	0.4557
12062.p1	G	G	0.9973
12062.s1	A	G	0.4913
12068.fa	A	G	0.4770
12068.mo	A	G	0.4831
12068.p1	A	G	0.5397
12068.s1	A	G	0.5034
12071.fa	A	G	0.4779
12071.mo	A	A	0.0041
12071.p1	A	A	0.0042
12071.s1	A	G	0.5049
11001.fa	A	A	0.0127
11001.mo	A	A	0.0016
11001.p1	A	A	0.0130
11018.fa	A	G	0.4462
11018.mo	G	G	0.9786
11018.p1	A	G	0.5687
11018.s1	G	G	0.9888
11025.fa	A	A	0.0000
11025.mo	A	A	0.0000
11025.p1	A	A	0.0183
11040.fa	A	G	0.4773
11040.mo	G	G	1.0000
11040.p1	G	G	1.0000
11040.s1	A	G	0.4831
11055.fa	A	G	0.4799
11055.mo	A	A	0.0060
11055.p1	A	A	0.0003
11055.s1	A	G	0.5089
11078.fa	A	A	0.0000
11078.mo	A	A	0.0000
11078.p1	A	A	0.0000
11078.s1	A	A	0.0030
11080.fa	A	A	0.0183
11080.mo	G	G	0.9839
11080.p1	A	G	0.5605
11087.fa	A	G	0.5161
11087.mo	A	G	0.4675
11087.p1	A	G	0.4958
11090.fa	A	G	0.5128
11090.mo	A	A	0.0000
11090.p1	A	A	0.0071
11090.s1	A	G	0.5269
11110.fa	A	G	0.5114
11110.mo	A	A	0.0005
11110.p1	A	A	0.0008
11110.s1	A	G	0.4921
11117.fa	A	G	0.4856
11117.mo	G	G	0.9897
11117.p1	G	G	1.0000
11117.s1	A	G	0.5243
11117.s2	A	G	0.5048
11117.s3	G	G	0.9907
11129.fa	A	A	0.0087
11129.mo	G	G	0.9774
11129.p1	A	G	0.5117
11133.fa	A	A	0.0406
11133.mo	G	G	0.9740
11133.p1	A	G	0.4799
11134.fa	A	A	0.0048
11134.mo	A	G	0.5137
11134.p1	A	G	0.4544
11145.fa	G	G	0.9421
11145.mo	A	A	0.0000
11145.p1	A	A	0.1054
11158.fa	A	A	0.0282
11158.mo	A	A	0.0000
11158.p1	A	A	0.0167
11158.s1	A	A	0.0094
11158.s2	A	A	0.0090
11161.fa	G	G	1.0000
11161.mo	A	G	0.5478
11161.p1	G	G	0.9991
11161.s1	G	G	1.0000
11165.fa	A	G	0.4892
11165.mo	A	G	0.5492
11165.p1	A	G	0.4876
11167.fa	G	G	0.9977
11167.mo	A	A	0.0031
11167.p1	A	G	0.5390
11167.s1	A	G	0.4802
11188.fa	A	G	0.4820
11188.mo	A	G	0.4808
11188.p1	A	A	0.0000
11202.fa	A	A	0.0000
11202.mo	A	G	0.4941
11202.p1	A	G	0.5036
11241.fa	A	A	0.0006
11241.mo	A	A	0.0000
11241.p1	A	A	0.0124
11241.s1	A	A	0.0000
11241.s2	A	A	0.0000
11249.fa	A	A	0.0128
11249.mo	G	G	0.9883
11249.p1	A	G	0.5059
11266.fa	A	A	0.0000
11266.mo	A	G	0.5054
11266.p1	A	A	0.0000
11266.s1	A	G	0.5060
11266.s2	A	A	0.0000
11270.fa	A	G	0.5063
11270.mo	A	G	0.5245
11270.p1	G	G	0.9867
11270.s1	A	G	0.5617
11276.fa	A	G	0.4655
11276.mo	G	G	1.0000
11276.p1	A	G	0.4637
11276.s1	A	G	0.4731
11277.fa	A	A	0.0000
11277.mo	A	G	0.5448
11277.p1	A	G	0.4861
11277.s1	A	G	0.5145
11283.fa	A	G	0.5082
11283.mo	A	G	0.4878
11283.p1	G	G	0.9857
11290.fa	A	A	0.0005
11290.mo	G	G	0.9944
11290.p1	A	G	0.4931
11290.s1	A	G	0.4793
11290.s2	A	G	0.5552
11290.s3	A	G	0.4777
11294.fa	A	A	0.0079
11294.mo	A	G	0.4723
11294.p1	A	A	0.0203
11297.fa	A	A	0.0197
11297.mo	A	G	0.4660
11297.p1	A	A	0.0158
11308.fa	A	A	0.0000
11308.mo	G	G	0.9969
11308.p1	A	G	0.4662
11321.fa	A	A	0.0013
11321.mo	A	A	0.0000
11321.p1	A	A	0.0000
11321.s1	A	A	0.0088
11330.fa	A	G	0.4540
11330.mo	A	G	0.4960
11330.p1	A	G	0.4982
11330.s1	A	G	0.5417
11330.s2	G	G	0.9601
11333.fa	G	G	0.9565
11333.mo	A	G	0.4668
11333.p1	A	G	0.5152
11333.s1	A	G	0.4880
11343.fa	A	A	0.0075
11343.mo	A	G	0.5722
11343.p1	A	G	0.4770
11367.fa	A	A	0.0000
11367.mo	A	G	0.5057
11367.p1	A	G	0.5149
11367.s1	A	G	0.4816
11372.fa	A	A	0.0000
11372.mo	A	A	0.0081
11372.p1	A	A	0.0299
11372.s1	A	A	0.0163
11387.fa	A	G	0.5603
11387.mo	A	A	0.0267
11387.p1	A	G	0.4921
11393.fa	A	G	0.4969
11393.mo	A	G	0.4802
11393.p1	A	A	0.0016
11393.s1	A	G	0.4836
11393.s2	G	G	0.9978
11394.fa	G	G	0.9654
11394.mo	G	G	0.9648
11394.p1	G	G	0.9848
11400.fa	A	G	0.4815
11400.mo	G	G	1.0000
11400.p1	G	G	1.0000
11400.s1	G	G	1.0000
11407.fa	A	A	0.0059
11407.mo	A	A	0.0000
11407.p1	A	A	0.0000
11407.s1	A	A	0.0000
11433.fa	A	G	0.5130
11433.mo	A	A	0.1333
11433.p1	A	A	0.1189
11433.s1	G	G	1.0000
11439.fa	A	G	0.5215
11439.mo	A	G	0.5206
11439.p1	A	G	0.5164
11439.s1	G	G	0.9981
11446.fa	A	G	0.5847
11446.mo	A	A	0.0000
11446.p1	A	G	0.5300
11446.s1	A	G	0.5742
11453.fa	A	G	0.5440
11453.mo	A	A	0.0064
11453.p1	A	G	0.5241
11453.s1	A	A	0.0000
11456.fa	A	G	0.4998
11456.mo	A	A	0.0000
11456.p1	A	A	0.0022
11456.s1	A	A	0.0173
11464.fa	A	G	0.4767
11464.mo	G	G	0.9866
11464.p1	G	G	0.9722
11465.fa	G	G	0.9870
11465.mo	A	G	0.4764
11465.p1	G	G	0.9617
11470.fa	A	A	0.0151
11470.mo	A	G	0.4830
11470.p1	A	A	0.0173
11470.s1	A	A	0.0076
11470.s3	A	A	0.0054
11472.fa	A	G	0.5814
11472.mo	G	G	0.9971
11472.p1	A	G	0.5444
11472.s1	A	G	0.5139
11480.fa	A	G	0.5564
11480.mo	A	A	0.0062
11480.p1	A	G	0.5062
11480.s1	A	G	0.5131
11491.fa	A	A	0.0094
11491.mo	A	G	0.5114
11491.p1	A	A	0.0049
11491.s1	A	A	0.0068
11494.fa	A	A	0.0102
11494.mo	G	G	0.9939
11494.p1	A	G	0.5440
11494.s1	A	G	0.5822
11516.fa	A	A	0.0205
11516.mo	A	A	0.0074
11516.p1	A	A	0.0125
11516.s1	A	A	0.0000
11518.fa	A	G	0.5096
11518.mo	A	G	0.4993
11518.p1	A	G	0.5129
11518.s1	A	A	0.0000
11532.fa	A	G	0.5274
11532.mo	A	G	0.5209
11532.p1	A	G	0.5577
11532.s1	G	G	0.9953
11538.fa	A	A	0.0000
11538.mo	A	A	0.0000
11538.p1	A	A	0.0000
11538.s1	A	A	0.0000
11543.fa	A	G	0.5446
11543.mo	A	G	0.5622
11543.p1	A	A	0.0000
11543.s1	A	A	0.0070
11567.fa	A	A	0.0000
11567.mo	A	A	0.0079
11567.p1	A	A	0.0000
11567.s1	A	A	0.0000
11571.fa	G	G	1.0000
11571.mo	A	G	0.5200
11571.p1	A	G	0.5158
11571.s1	G	G	0.9976
11573.fa	A	G	0.5237
11573.mo	A	G	0.5230
11573.p1	A	A	0.0071
11573.s1	A	G	0.5646
11592.fa	A	A	0.0000
11592.mo	A	A	0.0000
11592.p1	A	A	0.0024
11592.s1	A	A	0.0222
11600.fa	A	G	0.5899
11600.mo	A	G	0.5506
11600.p1	A	G	0.5761
11600.s1	G	G	1.0000
11601.fa	A	A	0.0231
11601.mo	G	G	0.9798
11601.p1	A	G	0.4997
11601.s1	A	G	0.4860
11601.s3	A	G	0.4900
11604.fa	A	G	0.4982
11604.mo	A	G	0.5130
11604.p1	A	A	0.0321
11608.fa	A	G	0.4841
11608.mo	A	A	0.0000
11608.p1	A	A	0.0000
11608.s1	A	G	0.5295
11609.fa	A	A	0.1336
11609.mo	A	G	0.4813
11609.p1	A	A	0.0039
11610.fa	A	G	0.5311
11610.mo	A	A	0.0000
11610.p1	A	A	0.0081
11610.s1	A	G	0.6039
11612.fa	G	G	0.9818
11612.mo	A	G	0.4928
11612.p1	G	G	0.9595
11615.fa	A	G	0.5297
11615.mo	A	A	0.0000
11615.p1	A	A	0.0048
11615.s1	A	G	0.5034
11616.fa	A	G	0.4852
11616.mo	A	A	0.0000
11616.p1	A	G	0.5047
11616.s1	A	G	0.5018
11617.fa	A	G	0.5041
11617.mo	A	A	0.0262
11617.p1	A	A	0.0000
11619.fa	A	G	0.4851
11619.mo	A	G	0.4926
11619.p1	A	A	0.0000
11620.fa	A	G	0.5424
11620.mo	A	A	0.0000
11620.p1	A	G	0.5481
11620.s1	A	A	0.0000
11621.fa	A	A	0.0113
11621.mo	A	A	0.0000
11621.p1	A	A	0.0000
11622.fa	A	G	0.5616
11622.mo	A	G	0.5656
11622.p1	A	G	0.5422
11622.s1	G	G	1.0000
11625.fa	A	G	0.6132
11625.mo	A	A	0.0000
11625.p1	A	G	0.5928
11625.s1	A	G	0.5840
11627.fa	G	G	1.0000
11627.mo	A	A	0.0011
11627.p1	A	G	0.5526
11627.s1	A	G	0.5837
11629.fa	A	G	0.5230
11629.mo	G	G	0.9873
11629.p1	G	G	0.9969
11629.s1	G	G	0.9980
11630.fa	A	G	0.5332
11630.mo	A	G	0.5089
11630.p1	A	G	0.4583
11630.s1	A	G	0.4953
11630.s2	A	G	0.4711
11630.s3	A	A	0.0294
11634.fa	A	G	0.5468
11634.mo	A	G	0.5874
11634.p1	G	G	0.9867
11634.s1	G	G	1.0000
11638.fa	A	A	0.0021
11638.mo	G	G	0.9930
11638.p1	A	G	0.5355
11638.s1	A	G	0.5188
11642.fa	A	G	0.4875
11642.mo	A	A	0.0000
11642.p1	A	A	0.0030
11642.s1	A	A	0.0020
11644.fa	A	G	0.5463
11644.mo	A	G	0.5134
11644.p1	G	G	1.0000
11644.s1	A	G	0.5588
11645.fa	A	G	0.4664
11645.mo	A	G	0.5289
11645.p1	A	G	0.5846
11645.s1	A	A	0.0011
11651.fa	A	A	0.0084
11651.mo	A	G	0.5500
11651.p1	A	A	0.0000
11651.s1	A	A	0.0000
11653.fa	A	G	0.4997
11653.mo	A	A	0.0000
11653.p1	A	G	0.5334
11653.s1	A	A	0.0062
11654.fa	G	G	0.9990
11654.mo	G	G	1.0000
11654.p1	G	G	1.0000
11654.s1	G	G	1.0000
11657.fa	A	G	0.5662
11657.mo	A	A	0.0072
11657.p1	A	A	0.0000
11657.s1	A	G	0.5665
11659.fa	A	A	0.0011
11659.mo	A	G	0.5211
11659.p1	A	G	0.5313
11659.s1	A	G	0.5493
11660.fa	A	A	0.0047
11660.mo	A	A	0.0000
11660.p1	A	A	0.0270
11664.fa	A	G	0.5489
11664.mo	A	G	0.4769
11664.p1	A	G	0.4931
11664.p2	A	G	0.4782
11664.s2	A	G	0.4864
11665.fa	A	G	0.5050
11665.mo	A	A	0.0000
11665.p1	A	G	0.5608
11665.s1	A	A	0.0051
11666.fa	G	G	0.9905
11666.mo	G	G	0.9883
11666.p1	G	G	0.9936
11666.s1	G	G	0.9841
11667.fa	A	A	0.0070
11667.mo	A	G	0.5535
11667.p1	A	G	0.5590
11667.s1	A	G	0.5176
11673.fa	A	A	0.0211
11673.mo	A	G	0.5759
11673.p1	A	A	0.0000
11673.s1	A	G	0.5699
11677.fa	A	G	0.5478
11677.mo	A	A	0.0053
11677.p1	A	G	0.5823
11677.s1	A	A	0.0000
11679.fa	A	G	0.5430
11679.mo	A	G	0.5110
11679.p1	G	G	1.0000
11679.s1	A	A	0.0016
11680.fa	A	G	0.5606
11680.mo	A	A	0.0356
11680.p1	A	G	0.4964
11681.fa	A	A	0.0003
11681.mo	A	G	0.5407
11681.p1	A	G	0.5187
11685.fa	A	A	0.0160
11685.mo	A	G	0.5382
11685.p1	A	G	0.5527
11685.s1	A	G	0.5338
11689.fa	A	G	0.5003
11689.mo	A	A	0.0000
11689.p1	A	G	0.4778
11689.s2	A	G	0.4757
11691.fa	G	G	0.9874
11691.mo	A	A	0.0110
11691.p1	A	G	0.4953
11691.s1	A	G	0.5336
11693.fa	A	G	0.4779
11693.mo	A	A	0.0020
11693.p1	A	A	0.0079
11694.fa	A	G	0.5406
11694.mo	A	A	0.0000
11694.p1	A	A	0.0274
11694.s1	A	A	0.0012
11700.fa	A	A	0.0048
11700.mo	A	A	0.0126
11700.p1	A	A	0.0101
11700.s1	A	A	0.0132
11700.s2	A	A	0.0066
11704.fa	A	A	0.0004
11704.mo	A	G	0.4790
11704.p1	A	G	0.5058
11707.fa	A	G	0.5309
11707.mo	A	G	0.4785
11707.p1	A	A	0.0000
11707.s1	A	A	0.0066
11709.fa	A	A	0.0164
11709.mo	A	A	0.0025
11709.p1	A	A	0.0003
11710.fa	A	A	0.0213
11710.mo	A	A	0.0201
11710.p1	A	A	0.0446
11711.fa	A	G	0.5256
11711.mo	G	G	0.9961
11711.p1	A	G	0.5267
11711.s1	G	G	1.0000
11712.fa	A	G	0.4866
11712.mo	A	A	0.0088
11712.p1	A	G	0.4757
11712.s1	A	A	0.0000
11712.s2	A	A	0.0000
11714.fa	A	G	0.5204
11714.mo	A	G	0.5163
11714.p1	A	A	0.0030
11714.s1	A	G	0.5601
11715.fa	G	G	1.0000
11715.mo	A	G	0.5163
11715.p1	A	G	0.5571
11715.s1	G	G	1.0000
11716.fa	A	A	0.0000
11716.mo	G	G	1.0000
11716.p1	A	G	0.5563
11716.s1	A	G	0.5108
11718.fa	A	A	0.0000
11718.mo	A	G	0.5309
11718.p1	A	G	0.5311
11718.s1	A	A	0.0000
11720.fa	A	A	0.0082
11720.mo	A	G	0.4838
11720.p1	A	A	0.0000
11720.s1	A	A	0.0096
11720.s2	A	G	0.4962
11721.fa	A	G	0.4913
11721.mo	A	G	0.4985
11721.p1	A	G	0.5410
11721.s1	A	G	0.5559
11722.fa	A	A	0.0000
11722.mo	A	G	0.5188
11722.p1	A	G	0.5006
11722.s1	A	G	0.4920
11723.fa	A	A	0.0027
11723.mo	G	G	1.0000
11723.p1	A	G	0.5773
11723.s1	A	G	0.5487
11724.fa	A	A	0.0050
11724.mo	A	G	0.4983
11724.p1	A	G	0.4981
11724.s1	A	A	0.0092
11729.fa	A	G	0.4786
11729.mo	A	A	0.0073
11729.p1	A	G	0.4778
11729.s1	A	A	0.0000
11729.s2	A	G	0.5023
11730.fa	A	A	0.0000
11730.mo	A	A	0.0139
11730.p1	A	A	0.0000
11730.s1	A	A	0.0058
11731.fa	A	G	0.4704
11731.mo	A	A	0.0000
11731.p1	A	A	0.0000
11731.s1	A	G	0.4975
11733.fa	A	G	0.4914
11733.mo	G	G	0.9464
11733.p1	A	G	0.5159
11740.fa	A	G	0.4717
11740.mo	A	A	0.0000
11740.p1	A	A	0.0084
11740.s1	A	A	0.0000
11740.s2	A	G	0.4547
11753.fa	A	G	0.4990
11753.mo	A	A	0.0054
11753.p1	A	A	0.0022
11753.s1	A	A	0.0000
11765.fa	A	G	0.5044
11765.mo	A	G	0.4838
11765.p1	A	A	0.0000
11765.s1	G	G	0.9862
11766.fa	A	G	0.4775
11766.mo	A	A	0.0026
11766.p1	A	G	0.5381
11766.s1	A	A	0.0129
11768.fa	A	A	0.0000
11768.mo	A	G	0.5367
11768.p1	A	G	0.5680
11768.s1	A	G	0.5515
11773.fa	A	A	0.0000
11773.mo	A	A	0.0000
11773.p1	A	A	0.0089
11773.s1	A	A	0.0032
11775.fa	A	G	0.4714
11775.mo	A	G	0.5070
11775.p1	A	G	0.5136
11775.s1	A	A	0.0000
11776.fa	G	G	0.9861
11776.mo	A	A	0.0152
11776.p1	A	G	0.5442
11780.fa	A	A	0.0000
11780.mo	A	A	0.0000
11780.p1	A	A	0.0000
11781.fa	A	G	0.4820
11781.mo	G	G	0.9799
11781.p1	G	G	0.9912
11781.s2	G	G	0.9769
11782.fa	A	G	0.4348
11782.mo	A	G	0.4310
11782.p1	A	G	0.4765
11788.fa	A	G	0.4864
11788.mo	G	G	0.9858
11788.p1	G	G	0.9777
11788.s1	A	G	0.4794
11792.fa	A	G	0.5220
11792.mo	A	G	0.5202
11792.p1	A	G	0.5129
11792.s1	A	A	0.0112
11793.fa	G	G	0.9940
11793.mo	G	G	1.0000
11793.p1	G	G	1.0000
11793.s1	G	G	1.0000
11794.fa	A	G	0.4989
11794.mo	A	G	0.5057
11794.p1	G	G	0.9983
11794.s1	G	G	0.9803
11797.fa	A	G	0.4723
11797.mo	A	A	0.0000
11797.p1	A	A	0.0000
11797.s1	A	A	0.0019
11798.fa	A	A	0.0066
11798.mo	A	G	0.5399
11798.p1	A	G	0.4885
11798.s1	A	A	0.0003
11800.fa	A	G	0.5352
11800.mo	A	G	0.4840
11800.p1	A	G	0.5118
11804.fa	A	G	0.4920
11804.mo	A	A	0.0018
11804.p1	A	G	0.4927
11804.s1	A	A	0.0030
11806.fa	A	G	0.4430
11806.mo	A	A	0.0000
11806.p1	A	G	0.4782
11808.fa	G	G	1.0000
11808.mo	G	G	1.0000
11808.p1	G	G	1.0000
11808.s1	G	G	1.0000
11809.fa	A	G	0.5501
11809.mo	A	A	0.0045
11809.p1	A	G	0.5137
11809.s1	A	A	0.0000
11810.fa	A	G	0.5433
11810.mo	A	A	0.0000
11810.p1	A	A	0.0000
11810.s1	A	G	0.4678
11810.s2	A	A	0.0000
11811.fa	A	A	0.0130
11811.mo	A	A	0.0075
11811.p1	A	A	0.0055
11812.fa	A	G	0.4636
11812.mo	A	A	0.0058
11812.p1	A	A	0.0041
11812.s1	A	G	0.5335
11818.fa	A	A	0.0000
11818.mo	A	A	0.0000
11818.p1	A	A	0.0000
11818.s1	A	A	0.0000
11824.fa	A	A	0.0000
11824.mo	A	G	0.4771
11824.p1	A	A	0.0000
11824.s1	A	G	0.4721
11824.s2	A	G	0.4984
11824.s3	A	G	0.4666
11824.s4	A	G	0.4965
11825.fa	A	G	0.4881
11825.mo	G	G	0.9757
11825.p1	A	G	0.4817
11827.fa	A	A	0.0011
11827.mo	A	G	0.5342
11827.p1	A	A	0.0000
11827.s1	A	A	0.0000
11828.fa	G	G	1.0000
11828.mo	A	G	0.4915
11828.p1	A	G	0.5205
11828.s1	G	G	0.9977
11831.fa	A	A	0.0000
11831.mo	A	A	0.0000
11831.p1	A	A	0.0005
11831.s1	A	A	0.0058
11834.fa	G	G	0.9965
11834.mo	A	G	0.5146
11834.p1	G	G	0.9913
11834.s1	A	G	0.5492
11835.fa	A	A	0.0025
11835.mo	A	A	0.0111
11835.p1	A	A	0.0000
11835.s1	A	A	0.0136
11838.fa	A	G	0.4468
11838.mo	A	G	0.4710
11838.p1	A	G	0.4668
11838.s1	A	G	0.4752
11838.s2	A	A	0.0028
11839.fa	A	A	0.0000
11839.mo	A	G	0.5419
11839.p1	A	A	0.0002
11839.s1	A	A	0.0000
11841.fa	A	A	0.0000
11841.mo	G	G	0.9843
11841.p1	A	G	0.4968
11843.fa	A	A	0.0086
11843.mo	A	G	0.5146
11843.p1	A	G	0.5081
11843.s1	A	G	0.5297
11845.fa	G	G	0.9966
11845.mo	A	A	0.0000
11845.p1	A	G	0.4908
11845.s1	A	G	0.5013
11846.fa	A	A	0.0041
11846.mo	A	G	0.4958
11846.p1	A	G	0.4826
11851.fa	A	G	0.5446
11851.mo	A	A	0.0000
11851.p1	A	A	0.0000
11855.fa	A	G	0.4499
11855.mo	A	G	0.4633
11855.p1	G	G	1.0000
11855.s1	A	G	0.4911
11857.fa	A	G	0.5210
11857.mo	A	G	0.5113
11857.p1	A	G	0.5613
11857.s1	A	A	0.0115
11859.fa	A	G	0.4711
11859.mo	A	A	0.0000
11859.p1	A	A	0.0000
11860.fa	A	G	0.4883
11860.mo	A	G	0.5330
11860.p1	A	A	0.0000
11860.s1	G	G	1.0000
11863.fa	A	G	0.5047
11863.mo	A	A	0.0000
11863.p1	A	A	0.0108
11863.s1	A	G	0.5727
11868.fa	A	A	0.0095
11868.mo	A	A	0.0000
11868.p1	A	A	0.0056
11868.s1	A	A	0.0162
11869.fa	A	A	0.0000
11869.mo	A	G	0.5187
11869.p1	A	G	0.5145
11869.s1	A	G	0.4923
11872.fa	A	A	0.0000
11872.mo	A	A	0.0016
11872.p1	A	A	0.0000
11872.s1	A	A	0.0000
11878.fa	A	G	0.4738
11878.mo	A	A	0.0000
11878.p1	A	A	0.0000
11879.fa	A	A	0.0017
11879.mo	A	G	0.4752
11879.p1	A	A	0.0084
11879.s1	A	G	0.5514
11881.fa	G	G	1.0000
11881.mo	A	G	0.4745
11881.p1	G	G	1.0000
11881.s1	G	G	1.0000
11883.fa	A	G	0.4976
11883.mo	A	G	0.5942
11883.p1	A	A	0.0170
11883.s1	A	G	0.5200
11888.fa	A	G	0.4961
11888.mo	A	A	0.0000
11888.p1	A	G	0.5286
11888.s1	A	A	0.0000
11892.fa	G	G	0.9742
11892.mo	A	G	0.4852
11892.p1	G	G	0.9645
11892.s1	A	G	0.4875
11892.s2	G	G	0.9744
11893.fa	A	G	0.5178
11893.mo	A	A	0.0178
11893.p1	A	G	0.4726
11894.fa	A	G	0.5233
11894.mo	A	G	0.6900
11894.p1	A	G	0.5070
11894.s1	A	G	0.5128
11895.fa	G	G	0.9965
11895.mo	A	G	0.4798
11895.p1	G	G	0.9905
11895.s1	A	G	0.5177
11897.fa	A	A	0.0168
11897.mo	A	G	0.5119
11897.p1	A	G	0.4834
11897.s1	A	G	0.4845
11901.fa	A	G	0.4686
11901.mo	A	A	0.0000
11901.p1	A	A	0.0018
11901.s1	A	A	0.0011
11905.fa	A	G	0.4820
11905.mo	A	G	0.5250
11905.p1	A	G	0.5504
11905.s1	A	G	0.4705
11905.s3	G	G	0.9809
11905.s5	G	G	0.9594
11909.fa	A	A	0.0000
11909.mo	A	G	0.4797
11909.p1	A	A	0.0000
11909.s1	A	A	0.0000
11910.fa	A	A	0.0072
11910.mo	A	A	0.0000
11910.p1	A	A	0.0000
11913.fa	A	G	0.5026
11913.mo	A	A	0.0000
11913.p1	A	G	0.5048
11913.s1	A	A	0.0261
11914.fa	A	G	0.4885
11914.mo	A	G	0.5208
11914.p1	A	G	0.4988
11916.fa	G	G	1.0000
11916.mo	A	A	0.0000
11916.p1	A	G	0.5000
11916.s1	A	G	0.4900
11917.fa	A	G	0.4862
11917.mo	A	A	0.0000
11917.p1	A	A	0.0000
11917.s1	A	A	0.0104
11918.fa	A	A	0.0000
11918.mo	A	A	0.0018
11918.p1	A	A	0.0000
11918.s1	A	A	0.0082
11919.fa	A	G	0.4372
11919.mo	A	G	0.4942
11919.p1	A	G	0.5224
11919.s1	G	G	0.9776
11920.fa	A	G	0.5712
11920.mo	A	A	0.0000
11920.p1	A	G	0.4985
11920.s1	A	A	0.0093
11922.fa	G	G	0.9923
11922.mo	A	A	0.0082
11922.p1	A	G	0.5011
11922.s1	A	G	0.5296
11924.fa	G	G	0.9898
11924.mo	A	A	0.0000
11924.p1	A	G	0.5255
11924.s1	A	G	0.5044
11924.s2	A	G	0.4894
11928.fa	A	A	0.0000
11928.mo	A	A	0.0040
11928.p1	A	A	0.0000
11928.s1	A	A	0.0000
11928.s2	A	A	0.0044
11931.fa	A	G	0.5083
11931.mo	A	A	0.0000
11931.p1	A	G	0.4831
11931.s2	A	G	0.4629
11933.fa	A	A	0.0040
11933.mo	A	G	0.4962
11933.p1	A	A	0.0078
11933.s1	A	G	0.5124
11935.fa	A	A	0.0047
11935.mo	A	G	0.5352
11935.p1	A	A	0.0199
11935.s1	A	G	0.5575
11938.fa	A	A	0.0000
11938.mo	G	G	1.0000
11938.p1	A	G	0.4854
11939.fa	G	G	1.0000
11939.mo	A	G	0.5226
11939.p1	A	G	0.4968
11939.s1	A	G	0.4876
11940.fa	A	G	0.5240
11940.mo	A	A	0.0024
11940.p1	A	G	0.5239
11940.s1	A	G	0.4953
11941.fa	A	A	0.0111
11941.mo	A	G	0.5134
11941.p1	A	A	0.0223
11941.s1	A	G	0.5591
11942.fa	G	G	0.9792
11942.mo	A	A	0.0000
11942.p1	A	G	0.5027
11942.s1	A	G	0.5168
11942.s2	A	G	0.5089
11944.fa	A	A	0.0000
11944.mo	A	A	0.0000
11944.p1	A	A	0.0001
11944.s1	A	A	0.0000
11944.s2	A	A	0.0190
11946.fa	A	G	0.4866
11946.mo	G	G	1.0000
11946.p1	A	G	0.5301
11946.s1	A	G	0.5098
11947.fa	A	G	0.5059
11947.mo	A	G	0.5643
11947.p1	A	A	0.0093
11947.s1	A	A	0.0165
11948.fa	A	G	0.4741
11948.mo	A	G	0.4771
11948.p1	A	A	0.0130
11948.s1	G	G	0.9922
11954.fa	A	A	0.0134
11954.mo	A	G	0.5334
11954.p1	A	A	0.0305
11954.s1	A	A	0.0086
11957.fa	A	A	0.0100
11957.mo	A	A	0.0084
11957.p1	A	A	0.0122
11957.s1	A	A	0.0012
11959.fa	A	A	0.0060
11959.mo	A	G	0.4949
11959.p1	A	A	0.0000
11959.s1	A	G	0.4895
11962.fa	A	G	0.4903
11962.mo	A	G	0.5090
11962.p1	A	G	0.4970
11962.s1	G	G	1.0000
11963.fa	A	A	0.0000
11963.mo	G	G	1.0000
11963.p1	A	G	0.4647
11963.s1	A	G	0.5363
11964.fa	A	A	0.0000
11964.mo	A	G	0.4732
11964.p1	A	G	0.5104
11964.s1	A	A	0.0000
11966.fa	A	A	0.0064
11966.mo	A	A	0.0000
11966.p1	A	A	0.0068
11966.s1	A	A	0.0000
11969.fa	A	G	0.4718
11969.mo	A	G	0.4801
11969.p1	A	G	0.5104
11969.s1	A	G	0.5267
11970.fa	A	A	0.0787
11970.mo	A	G	0.4640
11970.p1	G	G	0.9800
11972.fa	A	A	0.0082
11972.mo	A	G	0.4740
11972.p1	A	A	0.0000
11972.s1	A	A	0.0000
11975.fa	A	G	0.4949
11975.mo	A	A	0.0000
11975.p1	A	A	0.0000
11978.fa	A	A	0.0024
11978.mo	A	G	0.4772
11978.p1	A	G	0.4671
11979.fa	A	A	0.0124
11979.mo	A	G	0.4908
11979.p1	A	G	0.4834
11979.s1	A	G	0.4799
11981.fa	A	G	0.4699
11981.mo	A	A	0.0000
11981.p1	A	G	0.5218
11981.s1	A	G	0.4727
11982.fa	A	A	0.0000
11982.mo	A	A	0.0000
11982.p1	A	A	0.0120
11982.s1	A	A	0.0000
11984.fa	G	G	0.9964
11984.mo	A	A	0.0052
11984.p1	A	G	0.5235
11984.s1	A	G	0.5376
11986.fa	G	G	0.9866
11986.mo	A	A	0.0145
11986.p1	A	G	0.5331
11986.s1	A	G	0.5676
11989.fa	G	G	1.0000
11989.mo	A	G	0.5088
11989.p1	A	G	0.4988
11989.s1	G	G	0.9859
11990.fa	A	G	0.4941
11990.mo	A	A	0.0017
11990.p1	A	G	0.5075
11990.s1	A	G	0.5093
11993.fa	A	A	0.0000
11993.mo	A	G	0.4822
11993.p1	A	G	0.4691
11993.s1	A	G	0.4836
11995.fa	A	G	0.5000
11995.mo	A	G	0.4686
11995.p1	A	A	0.0076
11996.fa	A	A	0.0000
11996.mo	A	G	0.5396
11996.p1	A	A	0.0000
11998.fa	A	G	0.4815
11998.mo	A	G	0.5035
11998.p1	G	G	1.0000
11998.s1	A	G	0.4890
12001.fa	A	A	0.0000
12001.mo	A	A	0.0040
12001.p1	A	A	0.0058
12001.s1	A	A	0.0000
12003.fa	A	G	0.4954
12003.mo	A	A	0.0000
12003.p1	A	G	0.4681
12006.fa	A	A	0.0004
12006.mo	A	A	0.0000
12006.p1	A	A	0.0038
12006.s1	A	A	0.0000
12007.fa	A	G	0.5052
12007.mo	A	G	0.4970
12007.p1	A	G	0.4996
12007.s1	A	A	0.0062
12008.fa	A	G	0.4915
12008.mo	A	A	0.0290
12008.p1	A	A	0.0000
12009.fa	A	A	0.0000
12009.mo	A	G	0.5688
12009.p1	A	A	0.0000
12010.fa	A	A	0.0000
12010.mo	A	G	0.5236
12010.p1	A	G	0.4988
12010.s1	A	A	0.0000
12011.fa	A	A	0.0045
12011.mo	G	G	0.9878
12011.p1	A	G	0.5213
12011.s1	A	G	0.5038
12014.fa	A	A	0.0005
12014.mo	A	A	0.0000
12014.p1	A	A	0.0095
12014.s1	A	A	0.0000
12015.fa	A	G	0.5064
12015.mo	A	G	0.5561
12015.p1	A	G	0.5000
12015.s1	A	G	0.5363
12019.fa	A	G	0.4833
12019.mo	A	G	0.4847
12019.p1	A	G	0.4948
12020.fa	A	A	0.0035
12020.mo	A	A	0.0000
12020.p1	A	A	0.0000
12020.s1	A	A	0.0115
12020.s2	A	A	0.0000
12025.fa	A	A	0.0094
12025.mo	A	A	0.0000
12025.p1	A	A	0.0000
12026.fa	A	G	0.5557
12026.mo	A	A	0.0000
12026.p1	A	G	0.4800
12028.fa	A	G	0.5249
12028.mo	A	A	0.0000
12028.p1	A	G	0.4926
12029.fa	A	G	0.4626
12029.mo	A	G	0.4922
12029.p1	A	G	0.5343
12029.s1	A	A	0.0000
12030.fa	G	G	0.9936
12030.mo	A	G	0.4945
12030.p1	A	G	0.4588
12030.s1	A	G	0.5122
12031.fa	A	G	0.4906
12031.mo	G	G	0.9985
12031.p1	A	G	0.4630
12032.fa	A	G	0.5379
12032.mo	A	G	0.4951
12032.p1	G	G	1.0000
12032.s1	A	A	0.0088
12033.fa	G	G	1.0000
12033.mo	A	G	0.5626
12033.p1	A	G	0.5219
12033.s1	A	G	0.5305
12036.fa	A	G	0.5244
12036.mo	A	G	0.5089
12036.p1	G	G	0.9635
12036.s1	A	G	0.4698
12037.fa	A	A	0.0021
12037.mo	A	G	0.4983
12037.p1	A	G	0.5489
12037.s1	A	A	0.0050
12038.fa	A	A	0.0040
12038.mo	A	A	0.0148
12038.p1	A	A	0.0001
12041.fa	A	A	0.0028
12041.mo	A	A	0.0007
12041.p1	A	A	0.0000
12041.s1	A	A	0.0000
12044.fa	A	A	0.0000
12044.mo	A	A	0.0000
12044.p1	A	A	0.0072
12044.s1	A	A	0.0024
12046.fa	A	A	0.0000
12046.mo	A	A	0.0000
12046.p1	A	A	0.0000
12048.fa	A	A	0.0087
12048.mo	A	A	0.0177
12048.p1	A	A	0.0058
12048.s1	A	A	0.0000
12050.fa	A	G	0.5396
12050.mo	A	G	0.5356
12050.p1	G	G	0.9663
12052.fa	A	A	0.0286
12052.mo	A	G	0.4825
12052.p1	A	G	0.4580
12052.s1	A	G	0.4973
12053.fa	A	A	0.0224
12053.mo	A	A	0.0047
12053.p1	A	A	0.0000
12053.s1	A	A	0.0155
12055.fa	A	G	0.5688
12055.mo	A	G	0.5420
12055.p1	A	A	0.0064
12055.s1	G	G	0.9910
12056.fa	G	G	0.9906
12056.mo	A	A	0.0000
12056.p1	A	G	0.4949
12056.s1	A	G	0.4769
12057.fa	A	A	0.0000
12057.mo	A	A	0.0000
12057.p1	A	A	0.0000
12057.s1	A	A	0.0043
12058.fa	G	G	0.9760
12058.mo	A	G	0.4892
12058.p1	G	G	0.9854
12060.fa	A	A	0.0194
12060.mo	A	A	0.0075
12060.p1	A	A	0.0036
12060.s1	A	A	0.0631
12061.fa	A	G	0.5359
12061.mo	G	G	0.9965
12061.p1	A	G	0.5101
12061.s1	A	G	0.4922
12063.fa	A	A	0.0000
12063.mo	A	A	0.0000
12063.p1	A	A	0.0065
12063.s1	A	A	0.0197
12065.fa	A	A	0.0000
12065.mo	A	G	0.4454
12065.p1	A	G	0.4532
12065.s1	A	A	0.0000
12065.s2	A	A	0.0000
12066.fa	G	G	0.9711
12066.mo	A	A	0.0159
12066.p1	A	G	0.5243
12070.fa	A	A	0.0000
12070.mo	A	G	0.5091
12070.p1	A	A	0.0030
12072.fa	G	G	1.0000
12072.mo	A	G	0.5176
12072.p1	G	G	1.0000
12072.s1	G	G	1.0000
12073.fa	A	A	0.0014
12073.mo	A	G	0.4655
12073.p1	A	G	0.4641
12073.s1	A	G	0.4734
12073.s2	A	A	0.0000
12074.fa	A	A	0.0000
12074.mo	G	G	0.9934
12074.p1	A	G	0.4936
12076.fa	A	A	0.0000
12076.mo	A	A	0.0000
12076.p1	A	A	0.0000
12076.s1	A	A	0.0000
12077.fa	A	A	0.0000
12077.mo	A	G	0.4980
12077.p1	A	G	0.4678
12078.fa	A	G	0.4923
12078.mo	A	G	0.4991
12078.p1	A	G	0.5142
12078.s1	A	G	0.5118
12081.fa	A	A	0.0107
12081.mo	G	G	0.9942
12081.p1	A	G	0.5216
12083.fa	A	A	0.0156
12083.mo	G	G	0.9954
12083.p1	A	G	0.5249
12083.s1	A	G	0.5178
12086.fa	A	G	0.4917
12086.mo	A	G	0.4528
12086.p1	G	G	0.9685
12086.s1	G	G	0.9488
12087.fa	A	A	0.0000
12087.mo	A	A	0.0176
12087.p1	A	A	0.0127
12091.fa	A	G	0.5574
12091.mo	G	G	0.9918
12091.p1	A	G	0.4596
12091.s1	A	G	0.5203
12093.fa	G	G	0.9749
12093.mo	A	A	0.0000
12093.p1	A	G	0.4982
12096.fa	A	A	0.0000
12096.mo	A	G	0.4685
12096.p1	A	G	0.4883
12096.s1	A	G	0.4864
12096.s2	A	A	0.0000
12097.fa	A	A	0.0157
12097.mo	A	G	0.5049
12097.p1	A	A	0.0199
12099.fa	A	G	0.5519
12099.mo	A	A	0.0000
12099.p1	A	A	0.0000
12099.s1	A	G	0.5049
12100.fa	A	A	0.0000
12100.mo	G	G	1.0000
12100.p1	A	G	0.4806
12100.s1	A	G	0.4839
12101.fa	A	G	0.4935
12101.mo	A	G	0.4878
12101.p1	A	G	0.5262
12101.s1	A	G	0.4924
12102.fa	A	A	0.0173
12102.mo	A	A	0.0044
12102.p1	A	A	0.0086
12103.fa	G	G	0.9910
12103.mo	A	A	0.0146
12103.p1	A	G	0.4759
12108.fa	G	G	0.9910
12108.mo	A	G	0.5396
12108.p1	A	G	0.5379
12108.s1	G	G	0.9893
12113.fa	A	A	0.0000
12113.mo	A	A	0.0000
12113.p1	A	A	0.0000
12113.s1	A	A	0.0000
12114.fa	A	G	0.5064
12114.mo	A	G	0.4940
12114.p1	A	A	0.0000
12115.fa	A	G	0.4862
12115.mo	A	G	0.5120
12115.p1	A	G	0.5322
12115.s1	G	G	0.9792
12117.fa	A	A	0.0000
12117.mo	A	A	0.0000
12117.p1	A	A	0.0021
12117.s1	A	A	0.0209
12118.fa	G	G	1.0000
12118.mo	A	G	0.4849
12118.p1	G	G	1.0000
12118.s1	A	G	0.4878
12119.fa	A	G	0.4792
12119.mo	A	A	0.0064
12119.p1	A	A	0.0298
12120.fa	A	G	0.5041
12120.mo	A	G	0.4989
12120.p1	A	G	0.4802
12120.s1	A	G	0.5283
12120.s2	A	A	0.0018
12121.fa	A	G	0.5126
12121.mo	A	A	0.0000
12121.p1	A	G	0.5276
12121.s1	A	G	0.4765
12130.fa	G	G	1.0000
12130.mo	A	A	0.0157
12130.p1	A	G	0.5135
12130.s1	A	G	0.4639
12132.fa	A	A	0.0000
12132.mo	A	G	0.4757
12132.p1	A	G	0.4870
12132.s1	A	G	0.4992
12132.s2	A	A	0.0000
12132.s3	A	A	0.0032
12137.fa	A	A	0.0056
12137.mo	A	A	0.0000
12137.p1	A	A	0.0030
12139.fa	A	G	0.5448
12139.mo	G	G	0.9896
12139.p1	G	G	0.9823
12149.fa	G	G	0.9992
12149.mo	A	A	0.0000
12149.p1	A	G	0.4985
12150.fa	A	A	0.0000
12150.mo	A	A	0.0028
12150.p1	A	A	0.0000
12150.s1	A	A	0.0043
12152.fa	A	G	0.5201
12152.mo	A	A	0.0000
12152.p1	A	A	0.0000
12152.s1	A	A	0.0000
12152.s2	A	A	0.0000
12153.fa	A	G	0.4923
12153.mo	A	G	0.4917
12153.p1	A	G	0.5044
12153.s1	A	G	0.5021
12154.fa	A	A	0.0000
12154.mo	A	G	0.5333
12154.p1	A	G	0.4936
12154.s1	A	A	0.0000
12157.fa	A	G	0.4654
12157.mo	A	G	0.4976
12157.p1	A	G	0.5040
12157.s1	A	A	0.0000
12157.s2	A	A	0.0016
12158.fa	A	G	0.5470
12158.mo	A	A	0.0000
12158.p1	A	G	0.4969
12159.fa	A	A	0.0354
12159.mo	A	G	0.5041
12159.p1	A	G	0.5021
12159.s1	A	G	0.5148
12160.fa	A	A	0.0000
12160.mo	G	G	1.0000
12160.p1	A	G	0.5156
12160.s1	A	G	0.4761
12161.fa	A	A	0.0000
12161.mo	G	G	1.0000
12161.p1	A	G	0.4820
12161.s1	A	G	0.4528
12162.fa	A	A	0.0000
12162.mo	A	G	0.4464
12162.p1	A	G	0.5240
12162.s1	A	A	0.0000
12164.fa	A	A	0.0000
12164.mo	A	G	0.4871
12164.p1	A	G	0.5047
12170.fa	A	A	0.0000
12170.mo	A	A	0.0008
12170.p1	A	A	0.0111
12170.s1	A	A	0.0000
12173.fa	A	G	0.5232
12173.mo	G	G	1.0000
12173.p1	G	G	1.0000
12173.s1	G	G	0.9961
12175.fa	G	G	0.9745
12175.mo	A	G	0.5015
12175.p1	G	G	0.9843
12175.s1	G	G	0.9881
12180.fa	A	G	0.4743
12180.mo	G	G	0.8777
12180.p1	G	G	0.9939
12180.s1	-	-	0.8591
12184.fa	A	A	0.0000
12184.mo	A	A	0.0000
12184.p1	A	A	0.0000
12184.s1	A	A	0.0000
12185.fa	A	A	0.0000
12185.mo	A	G	0.4792
12185.p1	A	A	0.0000
12185.s1	A	G	0.5026
12187.fa	G	G	1.0000
12187.mo	G	G	1.0000
12187.p1	G	G	1.0000
12187.s1	G	G	0.9995
12189.fa	A	A	0.0000
12189.mo	A	G	0.4882
12189.p1	A	G	0.4747
12189.s1	A	A	0.0077
12192.fa	A	A	0.0000
12192.mo	A	G	0.5433
12192.p1	A	A	0.0021
12194.fa	A	G	0.4916
12194.mo	A	A	0.0000
12194.p1	A	G	0.5313
12197.fa	A	A	0.0000
12197.mo	A	G	0.5511
12197.p1	A	G	0.5008
12197.s1	A	G	0.5061
12198.fa	A	G	0.4967
12198.mo	A	G	0.5010
12198.p1	A	G	0.4719
12198.s1	A	A	0.0000
12201.fa	A	A	0.0000
12201.mo	A	A	0.0000
12201.p1	A	A	0.0000
12201.s1	A	A	0.0000
12201.s2	A	A	0.0039
12202.fa	A	G	0.4902
12202.mo	A	G	0.4733
12202.p1	A	G	0.4687
12202.s1	A	G	0.4726
12204.fa	A	A	0.0000
12204.mo	A	A	0.0088
12204.p1	A	A	0.0013
12204.s2	A	A	0.0000
12206.fa	G	G	0.9927
12206.mo	A	G	0.5050
12206.p1	A	G	0.5042
12206.s1	G	G	1.0000
12208.fa	G	G	0.9935
12208.mo	A	A	0.0000
12208.p1	A	A	0.1198
12210.fa	A	G	0.4780
12210.mo	G	G	1.0000
12210.p1	G	G	1.0000
12210.s1	A	G	0.4690
12211.fa	A	G	0.4711
12211.mo	A	G	0.4821
12211.p1	A	G	0.4993
12211.s1	A	A	0.0077
12212.fa	A	A	0.0000
12212.mo	A	G	0.4872
12212.p1	A	A	0.0000
12212.s1	A	A	0.0000
12215.fa	A	G	0.5592
12215.mo	G	G	0.9840
12215.p1	G	G	1.0000
12217.fa	A	A	0.0080
12217.mo	A	G	0.4883
12217.p1	A	A	0.0000
12219.fa	A	A	0.0000
12219.mo	A	G	0.5135
12219.p1	A	A	0.0000
12219.s1	A	A	0.0000
12219.s2	A	G	0.5370
12220.fa	A	A	0.0105
12220.mo	A	A	0.0096
12220.p1	A	A	0.0000
12220.s1	A	A	0.0000
12223.fa	A	A	0.0067
12223.mo	A	A	0.0000
12223.p1	A	A	0.0071
12223.s1	A	A	0.0053
12224.fa	A	A	0.0000
12224.mo	A	G	0.4635
12224.p1	A	G	0.4788
12224.s1	A	G	0.4542
12225.fa	A	G	0.4701
12225.mo	A	G	0.4865
12225.p1	A	A	0.0000
12225.s1	G	G	0.9868
12225.s2	A	A	0.0000
12227.fa	A	A	0.0000
12227.mo	A	G	0.5084
12227.p1	A	A	0.0000
12227.s1	A	A	0.0000
12227.s2	A	G	0.4866
12228.fa	A	G	0.5204
12228.mo	A	A	0.0000
12228.p1	A	A	0.0000
12228.s1	A	A	0.0000
12229.fa	A	A	0.0000
12229.mo	A	A	0.0000
12229.p1	A	A	0.0000
12229.s1	A	A	0.0000
12229.s2	A	A	0.0000
12231.fa	A	A	0.0011
12231.mo	A	G	0.4545
12231.p1	A	A	0.0330
12231.s1	A	G	0.5104
12231.s2	A	A	0.0034
12232.fa	A	A	0.0081
12232.mo	A	A	0.0107
12232.p1	A	A	0.0000
12233.fa	A	A	0.0000
12233.mo	A	G	0.5658
12233.p1	A	A	0.0000
12233.s1	A	G	0.4629
12235.fa	A	G	0.4815
12235.mo	A	A	0.0000
12235.p1	A	G	0.5031
12235.s1	A	A	0.0000
12237.fa	A	G	0.4706
12237.mo	A	A	0.0043
12237.p1	A	G	0.4894
12237.s1	A	G	0.5245
12238.fa	A	G	0.5485
12238.mo	A	A	0.0000
12238.p1	A	A	0.0027
12238.s1	A	A	0.0000
12241.fa	A	A	0.0000
12241.mo	A	G	0.5415
12241.p1	A	A	0.0000
12241.s1	A	G	0.4753
12243.fa	G	G	1.0000
12243.mo	G	G	1.0000
12243.p1	G	G	1.0000
12243.s1	G	G	1.0000
12247.fa	A	A	0.0000
12247.mo	G	G	0.9758
12247.p1	A	G	0.5305
12247.s1	A	G	0.5903
12249.fa	A	A	0.0000
12249.mo	A	G	0.4350
12249.p1	A	G	0.4398
12250.fa	A	A	0.0000
12250.mo	A	G	0.4734
12250.p1	A	A	0.0141
12250.s1	A	A	0.0016
12252.fa	A	A	0.0000
12252.mo	A	G	0.4993
12252.p1	A	A	0.0000
12252.s1	A	G	0.4978
12255.fa	G	G	0.9926
12255.mo	A	A	0.0000
12255.p1	A	G	0.4827
12255.s1	A	G	0.4957
12257.fa	G	G	1.0000
12257.mo	A	G	0.5219
12257.p1	G	G	0.9954
12257.s1	G	G	0.9941
12257.s2	G	G	1.0000
12260.fa	A	G	0.5050
12260.mo	A	A	0.0000
12260.p1	A	A	0.0089
12261.fa	A	G	0.4938
12261.mo	A	A	0.0000
12261.p1	A	A	0.0000
12261.s1	A	A	0.0000
12264.fa	A	G	0.4901
12264.mo	A	G	0.5644
12264.p1	A	G	0.5353
12265.fa	A	A	0.0091
12265.mo	G	G	0.9852
12265.p1	A	G	0.5053
12266.fa	A	A	0.0000
12266.mo	A	A	0.0000
12266.p1	A	A	0.0006
12271.fa	A	G	0.5132
12271.mo	A	G	0.5198
12271.p1	A	G	0.5367
12271.s1	A	G	0.5593
12272.fa	A	G	0.5799
12272.mo	A	G	0.5693
12272.p1	G	G	0.9946
12272.s1	A	G	0.5516
12274.fa	A	G	0.5314
12274.mo	A	G	0.5576
12274.p1	A	A	0.0064
12274.s1	A	G	0.5631
12275.fa	A	G	0.5192
12275.mo	G	G	0.9798
12275.p1	G	G	0.9876
12275.s1	A	G	0.4792
12281.fa	A	G	0.4871
12281.mo	A	G	0.4848
12281.p1	A	G	0.4751
12281.s1	A	G	0.5099
12284.fa	A	G	0.5517
12284.mo	A	G	0.5394
12284.p1	A	A	0.0012
12284.s1	A	G	0.5603
12285.fa	A	A	0.0068
12285.mo	G	G	0.9982
12285.p1	A	G	0.5149
12285.s1	A	G	0.4571
12286.fa	A	G	0.5297
12286.mo	G	G	0.9716
12286.p1	G	G	0.9671
12287.fa	A	A	0.0000
12287.mo	A	A	0.0000
12287.p1	A	A	0.0000
12289.fa	A	A	0.0004
12289.mo	A	G	0.5617
12289.p1	A	A	0.0000
12289.s1	A	G	0.5398
12295.fa	A	A	0.0000
12295.mo	G	G	1.0000
12295.p1	A	G	0.5172
12295.s1	A	G	0.4626
12295.s2	A	G	0.5334
12296.fa	A	G	0.4994
12296.mo	A	G	0.4916
12296.p1	A	A	0.0000
12296.s1	G	G	1.0000
12296.s2	G	G	1.0000
12297.fa	A	A	0.0000
12297.mo	G	G	0.9898
12297.p1	A	G	0.5387
12297.s1	A	G	0.5521
12299.fa	A	G	0.4910
12299.mo	A	G	0.4890
12299.p1	A	G	0.4917
12299.s1	A	G	0.5029
12300.fa	G	G	1.0000
12300.mo	A	G	0.5746
12300.p1	G	G	0.9772
12300.s1	G	G	0.9962
12301.fa	A	A	0.0000
12301.mo	A	G	0.5014
12301.p1	A	G	0.5329
12301.s1	A	A	0.0000
12302.fa	G	G	0.9777
12302.mo	A	A	0.0000
12302.p1	A	G	0.5701
12302.s1	A	G	0.5629
12303.fa	A	G	0.5341
12303.mo	A	G	0.5313
12303.p1	A	G	0.5328
12303.s1	G	G	0.9743
12304.fa	A	A	0.0000
12304.mo	A	G	0.5394
12304.p1	A	G	0.5007
12304.s1	A	G	0.5334
12306.fa	G	G	0.9849
12306.mo	A	G	0.5301
12306.p1	A	G	0.5383
12308.fa	A	A	0.0000
12308.mo	A	G	0.5328
12308.p1	A	G	0.5553
12308.s1	A	A	0.0000
12310.fa	A	G	0.4885
12310.mo	A	G	0.4881
12310.p1	A	G	0.4816
12310.p2	A	G	0.4936
12311.fa	A	A	0.0000
12311.mo	A	G	0.4305
12311.p1	A	A	0.0000
12312.fa	A	A	0.0000
12312.mo	A	A	0.0000
12312.p1	A	A	0.0102
12313.fa	A	G	0.5413
12313.mo	G	G	0.9908
12313.p1	A	G	0.4967
12313.s1	A	G	0.5439
12314.fa	A	G	0.5236
12314.mo	A	G	0.4990
12314.p1	A	A	0.0000
12314.s1	G	G	1.0000
12315.fa	A	A	0.0000
12315.mo	A	A	0.0000
12315.p1	A	A	0.0000
12316.fa	A	G	0.5062
12316.mo	A	G	0.5368
12316.p1	G	G	0.9739
12316.s1	A	G	0.5289
12317.fa	G	G	0.9919
12317.mo	A	A	0.0076
12317.p1	A	G	0.4599
12317.s1	A	G	0.4869
12320.fa	G	G	0.9891
12320.mo	A	G	0.5658
12320.p1	G	G	0.9934
12320.s1	G	G	0.9836
12321.fa	A	A	0.0000
12321.mo	A	G	0.4982
12321.p1	A	G	0.4942
12321.s1	A	G	0.4868
12323.fa	G	G	0.9723
12323.mo	A	A	0.0000
12323.p1	A	G	0.5265
12323.s1	A	G	0.5041
12324.fa	A	A	0.0000
12324.mo	A	G	0.5370
12324.p1	A	A	0.0336
12324.s1	A	A	0.0000
12325.fa	A	G	0.5181
12325.mo	A	A	0.0000
12325.p1	A	G	0.4732
12325.s1	A	A	0.0000
12325.s2	A	G	0.4819
12325.s3	A	A	0.0000
12329.fa	A	G	0.5465
12329.mo	A	G	0.5614
12329.p1	A	G	0.5811
12329.s1	A	G	0.5487
12330.fa	A	G	0.5081
12330.mo	A	A	0.0000
12330.p1	A	A	0.0000
12331.fa	A	G	0.4965
12331.mo	A	A	0.0000
12331.p1	A	G	0.5196
12331.s1	A	A	0.0043
12334.fa	A	G	0.4994
12334.mo	A	G	0.5158
12334.p1	A	G	0.4797
12334.s1	G	G	1.0000
12335.fa	A	A	0.0022
12335.mo	G	G	1.0000
12335.p1	A	G	0.5165
12335.s1	A	G	0.5189
12336.fa	A	A	0.0000
12336.mo	A	A	0.0000
12336.p1	A	A	0.0109
12337.fa	A	A	0.0000
12337.mo	A	A	0.0000
12337.p1	A	A	0.0046
12337.s1	A	A	0.0000
12339.fa	A	A	0.0000
12339.mo	A	A	0.0119
12339.p1	A	A	0.0110
12339.s1	A	A	0.0087
12340.fa	G	G	0.9984
12340.mo	G	G	1.0000
12340.p1	G	G	0.9979
12340.s1	G	G	1.0000
12341.fa	A	A	0.0000
12341.mo	A	A	0.0014
12341.p1	A	A	0.0000
12341.s1	A	A	0.0140
12343.fa	A	G	0.5021
12343.mo	A	A	0.0000
12343.p1	A	G	0.4988
12343.s1	A	G	0.4785
12345.fa	A	G	0.4864
12345.mo	A	A	0.0075
12345.p1	A	G	0.5014
12345.s1	A	A	0.0000
12346.fa	A	A	0.1065
12346.mo	A	A	0.0000
12346.p1	A	A	0.0932
12346.s1	A	A	0.0017
12347.fa	A	G	0.4871
12347.mo	A	G	0.4894
12347.p1	A	G	0.4591
12347.s1	G	G	0.9826
12349.fa	G	G	0.9897
12349.mo	A	A	0.0000
12349.p1	A	G	0.5224
12350.fa	A	G	0.5405
12350.mo	G	G	0.9788
12350.p1	G	G	0.9863
12351.fa	A	G	0.5014
12351.mo	G	G	1.0000
12351.p1	A	G	0.5124
12351.s1	A	G	0.4845
12351.s2	G	G	0.9982
12354.fa	A	G	0.4987
12354.mo	A	G	0.4988
12354.p1	A	A	0.0028
12355.fa	A	G	0.4962
12355.mo	A	A	0.0000
12355.p1	A	A	0.0000
12356.fa	A	A	0.0000
12356.mo	A	A	0.0000
12356.p1	A	A	0.0004
12356.s1	A	A	0.0033
12358.fa	A	A	0.0000
12358.mo	A	G	0.4738
12358.p1	A	A	0.0028
12358.s1	A	A	0.0115
12359.fa	A	A	0.0000
12359.mo	A	A	0.0265
12359.p1	A	A	0.0022
12359.s1	A	A	0.0190
12360.fa	A	G	0.5250
12360.mo	A	G	0.5154
12360.p1	A	A	0.0018
12360.s1	A	G	0.5026
12361.fa	A	A	0.0000
12361.mo	A	G	0.4535
12361.p1	A	A	0.0011
12361.s1	A	A	0.0000
12362.fa	A	A	0.0033
12362.mo	A	G	0.5517
12362.p1	A	A	0.0000
12363.fa	A	A	0.0000
12363.mo	A	A	0.0000
12363.p1	A	A	0.0000
12363.s1	A	A	0.0000
12366.fa	G	G	1.0000
12366.mo	G	G	1.0000
12366.p1	G	G	1.0000
12366.s1	G	G	0.9978
12366.s2	G	G	1.0000
12367.fa	A	G	0.4982
12367.mo	A	G	0.4648
12367.p1	A	G	0.4973
12367.s1	A	G	0.4778
12368.fa	A	G	0.4971
12368.mo	A	G	0.5173
12368.p1	A	G	0.5540
12368.s1	G	G	1.0000
12369.fa	A	A	0.0000
12369.mo	A	G	0.4909
12369.p1	A	A	0.0054
12369.s1	A	A	0.0000
12370.fa	A	G	0.5033
12370.mo	A	A	0.0023
12370.p1	A	G	0.4974
12370.s1	A	A	0.0129
12372.fa	A	A	0.0751
12372.mo	A	G	0.5373
12372.p1	G	G	0.9584
12372.s1	A	A	0.0030
12373.fa	A	A	0.0000
12373.mo	A	G	0.5061
12373.p1	A	G	0.4736
12373.s1	A	G	0.5014
12375.fa	A	A	0.0000
12375.mo	A	A	0.0028
12375.p1	A	A	0.0000
12375.s1	A	A	0.0000
12376.fa	A	G	0.4969
12376.mo	A	A	0.0000
12376.p1	A	G	0.5027
12376.s1	A	G	0.5032
12377.fa	A	A	0.0000
12377.mo	A	A	0.0166
12377.p1	A	A	0.0000
12377.s1	A	A	0.0000
12378.fa	A	G	0.4759
12378.mo	A	A	0.0170
12378.p1	A	G	0.5212
12378.s1	A	G	0.4614
12379.fa	A	A	0.0000
12379.mo	A	A	0.0000
12379.p1	A	A	0.0059
12380.fa	A	A	0.0069
12380.mo	A	A	0.0172
12380.p1	A	A	0.0019
12380.s1	A	A	0.0000
12381.fa	A	A	0.0074
12381.mo	A	A	0.0000
12381.p1	A	A	0.0000
12381.s1	A	A	0.0000
12382.fa	A	A	0.0000
12382.mo	G	G	0.9786
12382.p1	A	G	0.4872
12382.s1	A	G	0.4837
12383.fa	A	G	0.5047
12383.mo	A	A	0.0000
12383.p1	A	A	0.0041
12383.s1	A	A	0.0021
12385.fa	A	G	0.5150
12385.mo	A	A	0.0000
12385.p1	A	A	0.0000
12385.s1	A	A	0.0056
12389.fa	A	G	0.4446
12389.mo	A	A	0.0000
12389.p1	A	A	0.0000
12390.fa	A	G	0.4902
12390.mo	G	G	0.9801
12390.p1	G	G	0.9918
12390.s1	G	G	0.9851
12390.s2	G	G	0.9818
12392.fa	G	G	0.9865
12392.mo	A	A	0.0006
12392.p1	A	G	0.4816
12394.fa	G	G	0.9777
12394.mo	A	G	0.5662
12394.p1	A	G	0.5279
12394.s1	G	G	1.0000
12395.fa	A	G	0.4824
12395.mo	G	G	0.9905
12395.p1	G	G	0.9927
12396.fa	A	G	0.5202
12396.mo	A	G	0.5618
12396.p1	A	G	0.5233
12396.s1	A	G	0.5608
12399.fa	A	A	0.0195
12399.mo	A	A	0.0272
12399.p1	A	A	0.0067
12399.s1	A	A	0.0290
12403.fa	A	G	0.5020
12403.mo	A	A	0.0000
12403.p1	A	A	0.0000
12403.s1	A	A	0.0007
12404.fa	A	A	0.0000
12404.mo	A	A	0.0151
12404.p1	A	A	0.0088
12405.fa	A	A	0.0000
12405.mo	A	A	0.0000
12405.p1	A	A	0.0005
12405.s1	A	A	0.0000
12407.fa	A	A	0.0011
12407.mo	A	G	0.4578
12407.p1	A	A	0.0000
12407.s1	A	G	0.4740
12409.fa	A	G	0.4739
12409.mo	G	G	0.9932
12409.p1	A	G	0.4675
12409.s1	A	G	0.4818
12412.fa	A	G	0.5275
12412.mo	A	A	0.0047
12412.p1	A	G	0.5358
12412.s1	A	G	0.5050
12414.fa	A	G	0.5035
12414.mo	A	G	0.5242
12414.p1	G	G	0.9969
12415.fa	A	A	0.0000
12415.mo	A	G	0.5119
12415.p1	A	G	0.5361
12415.s1	A	A	0.0000
12415.s2	A	G	0.5523
12417.fa	A	G	0.5295
12417.mo	A	G	0.5416
12417.p1	A	G	0.5415
12418.fa	A	A	0.0086
12418.mo	G	G	1.0000
12418.p1	A	G	0.5029
12418.s1	A	G	0.5361
12418.s2	A	G	0.5649
12420.fa	G	G	0.9897
12420.mo	A	A	0.0000
12420.p1	A	G	0.5137
12420.s1	A	G	0.5204
12424.fa	A	A	0.0000
12424.mo	A	A	0.0015
12424.p1	A	A	0.0012
12424.s1	A	A	0.0000
12426.fa	A	A	0.0000
12426.mo	G	G	0.9799
12426.p1	A	G	0.5256
12426.s1	A	G	0.5202
12429.fa	G	G	1.0000
12429.mo	A	G	0.5528
12429.p1	G	G	0.9853
12430.fa	A	G	0.4659
12430.mo	A	G	0.4564
12430.p1	A	G	0.4277
12430.s1	A	G	0.4796
12434.fa	A	A	0.0000
12434.mo	A	G	0.4753
12434.p1	A	G	0.4677
12434.s1	A	G	0.4813
12435.fa	A	A	0.0128
12435.mo	A	G	0.5337
12435.p1	A	A	0.0004
12435.s1	A	A	0.0000
12437.fa	A	G	0.4737
12437.mo	A	A	0.0023
12437.p1	A	A	0.0177
12437.s1	A	A	0.0036
12438.fa	G	G	0.9953
12438.mo	A	G	0.5614
12438.p1	G	G	0.9963
12438.s1	A	G	0.5351
12439.fa	A	G	0.4749
12439.mo	A	G	0.4707
12439.p1	A	G	0.4840
12440.fa	A	G	0.4517
12440.mo	A	A	0.0086
12440.p1	A	A	0.0620
12440.s1	A	G	0.4900
12441.fa	A	G	0.5006
12441.mo	A	G	0.4879
12441.p1	G	G	0.9816
12441.s1	A	G	0.5018
12444.fa	A	G	0.4897
12444.mo	A	G	0.5272
12444.p1	A	G	0.4996
12444.s1	A	G	0.5553
12444.s2	A	A	0.0045
12445.fa	A	A	0.0048
12445.mo	A	A	0.0000
12445.p1	A	A	0.0035
12445.s1	A	A	0.0016
12447.fa	G	G	1.0000
12447.mo	A	A	0.0000
12447.p1	A	G	0.5034
12447.s1	A	G	0.4916
12448.fa	A	A	0.0000
12448.mo	A	G	0.5007
12448.p1	A	G	0.5170
12449.fa	G	G	0.9794
12449.mo	A	A	0.0000
12449.p1	A	G	0.4249
12449.s1	A	G	0.4748
12451.fa	A	G	0.5273
12451.mo	A	G	0.4755
12451.p1	A	A	0.0000
12451.s1	A	G	0.4876
12454.fa	A	A	0.0000
12454.mo	A	A	0.0000
12454.p1	A	A	0.0000
12456.fa	A	G	0.5561
12456.mo	A	G	0.5235
12456.p1	G	G	0.9968
12456.s1	A	G	0.5458
12457.fa	A	G	0.4886
12457.mo	A	G	0.5011
12457.p1	G	G	0.9739
12457.s1	A	G	0.5103
12459.fa	A	G	0.4863
12459.mo	A	G	0.4655
12459.p1	A	A	0.0000
12460.fa	A	G	0.5334
12460.mo	A	A	0.0137
12460.p1	A	G	0.5286
12460.s1	A	G	0.5123
12461.fa	A	A	0.0000
12461.mo	A	G	0.4736
12461.p1	A	A	0.0000
12462.fa	A	G	0.5022
12462.mo	A	A	0.0000
12462.p1	A	A	0.0353
12462.s1	A	A	0.0000
12463.fa	A	A	0.0000
12463.mo	A	G	0.5094
12463.p1	A	G	0.4788
12463.s1	A	G	0.4877
12465.fa	A	A	0.0000
12465.mo	A	A	0.0000
12465.p1	A	A	0.0000
12467.fa	A	A	0.0000
12467.mo	G	G	1.0000
12467.p1	A	G	0.4599
12467.s1	A	G	0.4831
12469.fa	A	G	0.5291
12469.mo	A	A	0.0094
12469.p1	A	A	0.0012
12469.p2	A	A	0.0095
12469.s1	A	A	0.0000
12472.fa	A	A	0.0000
12472.mo	A	G	0.5287
12472.p1	A	G	0.5578
12473.fa	A	A	0.0000
12473.mo	G	G	0.9968
12473.p1	A	G	0.6030
12473.s1	A	G	0.5966
12476.fa	A	A	0.0000
12476.mo	G	G	1.0000
12476.p1	A	G	0.5258
12477.fa	A	A	0.0051
12477.mo	A	G	0.5065
12477.p1	A	A	0.0128
12478.fa	A	A	0.0000
12478.mo	A	G	0.4588
12478.p1	A	A	0.0000
12478.s1	A	G	0.4964
12479.fa	A	G	0.4596
12479.mo	A	A	0.0000
12479.p1	A	G	0.4726
12479.s1	A	G	0.4779
12480.fa	A	G	0.4834
12480.mo	A	A	0.0000
12480.p1	A	G	0.4725
12480.s1	A	A	0.0000
12481.fa	A	A	0.0000
12481.mo	A	G	0.4726
12481.p1	A	A	0.0000
12481.s1	A	A	0.0008
12482.fa	G	G	0.9709
12482.mo	A	G	0.4594
12482.p1	G	G	0.9558
12483.fa	A	A	0.0092
12483.mo	G	G	0.9926
12483.p1	A	G	0.4906
12483.s1	A	G	0.5069
12484.fa	A	G	0.4537
12484.mo	A	G	0.4428
12484.p1	A	G	0.4734
12484.s2	G	G	0.9835
12484.s3	A	A	0.0000
12485.fa	A	G	0.4940
12485.mo	G	G	0.9884
12485.p1	A	G	0.5284
12492.fa	G	G	0.9968
12492.mo	A	A	0.0000
12492.p1	A	G	0.4859
12492.s1	A	G	0.5208
12493.fa	A	A	0.0000
12493.mo	A	G	0.4902
12493.p1	A	A	0.0000
12493.s1	A	G	0.5482
12494.fa	A	A	0.0000
12494.mo	A	A	0.0000
12494.p1	A	A	0.0000
12494.s1	A	A	0.0000
12497.fa	A	A	0.0000
12497.mo	A	A	0.0041
12497.p1	A	A	0.0035
12497.s1	A	A	0.0000
12498.fa	A	G	0.5044
12498.mo	A	G	0.5232
12498.p1	A	G	0.5267
12498.s1	A	G	0.5456
12499.fa	A	G	0.5758
12499.mo	A	G	0.5348
12499.p1	G	G	0.9828
12499.s1	A	G	0.5590
12501.fa	A	A	0.0000
12501.mo	A	A	0.0000
12501.p1	A	A	0.0000
12501.s1	A	A	0.0070
12504.fa	A	A	0.0000
12504.mo	A	A	0.0000
12504.p1	A	A	0.0000
12505.fa	A	G	0.4753
12505.mo	G	G	1.0000
12505.p1	A	G	0.5012
12507.fa	A	A	0.0005
12507.mo	A	G	0.5187
12507.p1	A	A	0.0000
12507.s1	A	G	0.4838
12510.fa	A	G	0.5396
12510.mo	A	A	0.0106
12510.p1	A	A	0.0000
12510.s1	A	A	0.0000
12512.fa	A	A	0.0000
12512.mo	A	G	0.5287
12512.p1	A	A	0.0000
12512.s1	A	G	0.5214
12512.s2	A	G	0.4606
12515.fa	G	G	0.9817
12515.mo	A	G	0.5101
12515.p1	G	G	0.9956
12515.s1	A	G	0.5001
12517.fa	A	A	0.0082
12517.mo	A	A	0.0000
12517.p1	A	A	0.0000
12517.s1	A	A	0.0000
12518.fa	A	A	0.0037
12518.mo	A	A	0.0000
12518.p1	A	A	0.0039
12518.s1	A	A	0.0000
12521.fa	A	G	0.5017
12521.mo	A	A	0.0000
12521.p1	A	A	0.0000
12521.s1	A	G	0.5249
12523.fa	G	G	0.9848
12523.mo	A	G	0.4791
12523.p1	G	G	0.9720
12523.s1	A	G	0.4831
12524.fa	A	A	0.0000
12524.mo	A	G	0.4906
12524.p1	A	A	0.0000
12524.s1	A	A	0.0010
12526.fa	A	G	0.4853
12526.mo	G	G	1.0000
12526.p1	G	G	0.9892
12526.s1	A	G	0.4523
12529.fa	A	A	0.0000
12529.mo	A	G	0.5192
12529.p1	A	A	0.0000
12529.s1	A	G	0.4799
12532.fa	G	G	0.9853
12532.mo	G	G	0.9841
12532.p1	G	G	0.9854
12532.s1	G	G	0.9771
12534.fa	A	A	0.0000
12534.mo	A	A	0.0053
12534.p1	A	A	0.0000
12534.s1	A	A	0.0000
12536.fa	A	A	0.0000
12536.mo	A	A	0.0000
12536.p1	A	A	0.0000
12536.s1	A	A	0.0000
12539.fa	A	G	0.4925
12539.mo	A	A	0.0000
12539.p1	A	G	0.5119
12540.fa	A	A	0.0086
12540.mo	A	A	0.0000
12540.p1	A	A	0.0111
12540.s1	A	A	0.0000
12541.fa	A	A	0.0000
12541.mo	A	G	0.4796
12541.p1	A	G	0.5238
12541.s1	A	G	0.5009
12543.fa	A	A	0.0043
12543.mo	A	A	0.0000
12543.p1	A	A	0.0000
12547.fa	A	G	0.5016
12547.mo	A	A	0.0000
12547.p1	A	G	0.4567
12548.fa	A	A	0.0000
12548.mo	A	G	0.4511
12548.p1	A	G	0.4603
12548.s1	A	A	0.0000
12548.s2	A	A	0.0000
12550.fa	A	G	0.4558
12550.mo	A	G	0.4492
12550.p1	G	G	0.9571
12550.s1	A	A	0.0000
12550.s2	G	G	0.9760
12552.fa	A	G	0.4898
12552.mo	A	A	0.0000
12552.p1	A	A	0.0088
12552.s1	A	A	0.0045
12558.fa	A	A	0.0115
12558.mo	A	A	0.0000
12558.p1	A	A	0.0004
12561.fa	A	G	0.5264
12561.mo	A	G	0.5726
12561.p1	A	A	0.0000
12561.s1	A	G	0.4887
12565.fa	A	G	0.4485
12565.mo	A	G	0.4829
12565.p1	A	A	0.0000
12565.s1	A	A	0.0000
12566.fa	A	A	0.0044
12566.mo	G	G	1.0000
12566.p1	A	G	0.5337
12568.fa	A	G	0.4842
12568.mo	A	A	0.0009
12568.p1	A	G	0.5078
12568.s1	A	A	0.0000
12572.fa	A	G	0.4836
12572.mo	A	G	0.5159
12572.p1	G	G	0.9887
12572.s1	A	G	0.4918
12572.s2	A	G	0.5042
12573.fa	G	G	0.9964
12573.mo	A	A	0.0000
12573.p1	A	G	0.5804
12573.s1	A	G	0.5556
12574.fa	A	G	0.5096
12574.mo	A	G	0.5418
12574.p1	A	G	0.5359
12574.s1	A	G	0.5255
12575.fa	A	G	0.4640
12575.mo	A	G	0.4765
12575.p1	A	A	0.0000
12575.s1	A	G	0.4569
12575.s2	A	A	0.0000
12578.fa	A	G	0.5569
12578.mo	A	A	0.0059
12578.p1	A	A	0.0000
12578.s1	A	A	0.0000
12579.fa	G	G	0.9993
12579.mo	A	G	0.5278
12579.p1	G	G	0.9945
12579.s1	G	G	1.0000
12581.fa	A	G	0.4916
12581.mo	A	A	0.0000
12581.p1	A	G	0.4881
12581.s1	A	A	0.0000
12582.fa	A	G	0.5665
12582.mo	A	A	0.0000
12582.p1	A	G	0.5755
12582.s1	A	A	0.0010
12585.fa	A	A	0.0000
12585.mo	G	G	0.9850
12585.p1	A	G	0.4727
12585.s1	A	G	0.4826
12587.fa	A	A	0.0000
12587.mo	A	G	0.4772
12587.p1	A	A	0.0000
12588.fa	A	A	0.0000
12588.mo	A	G	0.4674
12588.p1	A	A	0.0000
12588.s1	A	A	0.0000
12590.fa	A	G	0.4942
12590.mo	A	A	0.0015
12590.p1	A	G	0.4598
12590.s1	A	A	0.0000
12590.s2	A	G	0.4433
12591.fa	A	A	0.0000
12591.mo	A	G	0.5099
12591.p1	A	G	0.4999
12592.fa	A	A	0.0000
12592.mo	A	A	0.0000
12592.p1	A	A	0.0000
12592.s1	A	A	0.0000
12592.s2	A	A	0.0000
12594.fa	A	A	0.0000
12594.mo	G	G	0.9932
12594.p1	A	G	0.4677
12595.fa	A	G	0.4610
12595.mo	A	A	0.0040
12595.p1	A	A	0.0021
12595.s1	A	G	0.4971
12596.fa	A	A	0.0000
12596.mo	A	G	0.4945
12596.p1	A	G	0.5366
12596.s1	A	A	0.0000
12597.fa	A	A	0.0000
12597.mo	A	A	0.0035
12597.p1	A	A	0.0000
12597.s1	A	A	0.0010
12598.fa	A	G	0.4690
12598.mo	G	G	0.9789
12598.p1	G	G	0.9938
12598.s1	G	G	0.9858
12600.fa	A	A	0.0000
12600.mo	A	A	0.0000
12600.p1	A	A	0.0000
12602.fa	A	A	0.0000
12602.mo	A	A	0.0000
12602.p1	A	A	0.0000
12602.s1	A	A	0.0000
12603.fa	A	G	0.4908
12603.mo	A	G	0.4555
12603.p1	A	A	0.0053
12603.s1	A	G	0.4620
12604.fa	G	G	0.9751
12604.mo	A	G	0.4865
12604.p1	A	G	0.5153
12605.fa	A	A	0.0000
12605.mo	A	A	0.0000
12605.p1	A	A	0.0017
12605.s1	A	A	0.0000
12606.fa	A	G	0.4976
12606.mo	A	A	0.0042
12606.p1	A	G	0.5072
12607.fa	A	G	0.4876
12607.mo	A	G	0.4619
12607.p1	A	G	0.4436
12608.fa	A	G	0.4609
12608.mo	A	G	0.4798
12608.p1	G	G	0.9821
12610.fa	A	A	0.0098
12610.mo	A	A	0.0000
12610.p1	A	A	0.0000
12610.s1	A	A	0.0000
12611.fa	A	A	0.0000
12611.mo	A	G	0.4716
12611.p1	A	G	0.4563
12613.fa	G	G	0.9892
12613.mo	A	A	0.0000
12613.p1	A	G	0.4789
12613.s1	A	G	0.4840
12613.s2	A	G	0.4672
12614.fa	A	A	0.0000
12614.mo	A	G	0.4592
12614.p1	A	G	0.4533
12617.fa	A	A	0.0000
12617.mo	A	G	0.5014
12617.p1	A	A	0.0000
12617.s1	A	A	0.0000
12618.fa	A	A	0.0000
12618.mo	A	G	0.4494
12618.p1	A	G	0.4367
12618.s1	A	A	0.0000
12619.fa	A	A	0.0127
12619.mo	A	A	0.0000
12619.p1	A	A	0.0003
12619.s1	A	A	0.0090
12620.fa	A	G	0.5530
12620.mo	G	G	0.9958
12620.p1	A	G	0.6085
12620.s1	G	G	0.9835
12621.fa	A	G	0.5056
12621.mo	A	G	0.5071
12621.p1	A	G	0.5561
12621.s1	A	G	0.5101
12622.fa	A	G	0.4500
12622.mo	A	G	0.4805
12622.p1	A	A	0.0000
12622.s1	A	G	0.5154
12622.s2	A	G	0.4546
12622.s3	A	G	0.5178
12623.fa	A	G	0.4849
12623.mo	A	G	0.5376
12623.p1	G	G	0.9733
12623.s1	A	G	0.5252
12624.fa	A	G	0.4613
12624.mo	A	A	0.0000
12624.p1	A	G	0.4716
12624.s1	A	G	0.4684
12626.fa	A	A	0.0000
12626.mo	A	A	0.0000
12626.p1	A	A	0.0000
12626.s1	A	A	0.0000
12628.fa	A	A	0.0000
12628.mo	G	G	0.9841
12628.p1	A	G	0.4657
12628.s1	A	G	0.4862
12629.fa	A	A	0.0000
12629.mo	A	A	0.0000
12629.p1	A	A	0.0000
12630.fa	A	A	0.0020
12630.mo	A	G	0.4976
12630.p1	A	G	0.4908
12630.s1	A	G	0.5325
12631.fa	A	G	0.4711
12631.mo	G	G	0.9682
12631.p1	A	G	0.4917
12631.s1	A	G	0.4506
12633.fa	A	G	0.5539
12633.mo	A	G	0.5306
12633.p1	A	G	0.5374
12633.s1	G	G	0.9546
12634.fa	A	G	0.4608
12634.mo	A	G	0.4914
12634.p1	A	G	0.5106
12636.fa	A	G	0.4567
12636.mo	A	G	0.5069
12636.p1	A	G	0.5265
12636.s1	A	A	0.0073
12637.fa	A	G	0.4713
12637.mo	A	G	0.4483
12637.p1	A	G	0.4453
12637.s1	G	G	0.9404
12638.fa	A	A	0.0000
12638.mo	A	A	0.0000
12638.p1	A	A	0.0000
12638.s1	A	A	0.0000
12640.fa	A	G	0.4498
12640.mo	A	A	0.0000
12640.p1	A	G	0.4337
12641.fa	A	G	0.4747
12641.mo	A	G	0.4512
12641.p1	A	G	0.4497
12641.s1	A	A	0.0000
12642.fa	A	A	0.0000
12642.mo	G	G	0.9845
12642.p1	A	G	0.4694
12642.s1	A	G	0.4540
12643.fa	A	G	0.4435
12643.mo	A	A	0.0000
12643.p1	A	A	0.0080
12645.fa	A	G	0.4989
12645.mo	A	A	0.0000
12645.p1	A	G	0.5219
12645.s1	A	G	0.5396
12646.fa	A	A	0.0294
12646.mo	A	G	0.5111
12646.p1	A	G	0.4853
12646.s1	A	A	0.0090
12646.s2	A	A	0.0028
12647.fa	A	G	0.6134
12647.mo	G	G	0.9958
12647.p1	A	G	0.4876
12647.s1	G	G	1.0000
12647.s2	A	G	0.4817
12647.s3	G	G	1.0000
12648.fa	A	G	0.5349
12648.mo	A	G	0.5191
12648.p1	A	G	0.5229
12648.s1	A	G	0.5112
12650.fa	A	G	0.5218
12650.mo	A	G	0.5418
12650.p1	A	G	0.4814
12650.s1	A	G	0.5052
12651.fa	A	A	0.0000
12651.mo	A	G	0.4512
12651.p1	A	G	0.4357
12651.s1	A	A	0.0000
12652.fa	A	G	0.4610
12652.mo	A	G	0.5039
12652.p1	A	A	0.0000
12652.s1	A	A	0.0003
12653.fa	A	G	0.4740
12653.mo	A	A	0.0000
12653.p1	A	G	0.4530
12653.s1	A	A	0.0000
12655.fa	A	A	0.0000
12655.mo	A	A	0.0001
12655.p1	A	A	0.0000
12655.s1	A	A	0.0000
12656.fa	A	G	0.5149
12656.mo	A	G	0.4908
12656.p1	G	G	0.9909
12656.s1	A	G	0.5133
12657.fa	A	A	0.0000
12657.mo	A	A	0.0000
12657.p1	A	A	0.0012
12657.s1	A	A	0.0042
12657.s2	A	A	0.0000
12657.s3	A	A	0.0000
12661.fa	A	A	0.0043
12661.mo	A	A	0.0000
12661.p1	A	A	0.0000
12661.s1	A	A	0.0000
12662.fa	G	G	0.9894
12662.mo	G	G	1.0000
12662.p1	G	G	0.9899
12662.s1	G	G	0.9912
12664.fa	A	A	0.0000
12664.mo	A	G	0.4774
12664.p1	A	G	0.4774
12664.s1	A	G	0.5102
12665.fa	A	G	0.5112
12665.mo	A	A	0.0104
12665.p1	A	G	0.4478
12667.fa	A	G	0.5181
12667.mo	A	G	0.4685
12667.p1	A	G	0.4932
12667.s1	G	G	0.9795
12669.fa	A	G	0.4499
12669.mo	A	A	0.0024
12669.p1	A	G	0.4699
12669.s1	A	A	0.0000
12670.fa	A	A	0.0000
12670.mo	A	A	0.0049
12670.p1	A	A	0.0000
12671.fa	G	G	1.0000
12671.mo	A	A	0.0061
12671.p1	A	G	0.4791
12671.s1	A	G	0.5132
12673.fa	A	A	0.0000
12673.mo	G	G	0.9640
12673.p1	A	G	0.5501
12673.s1	A	G	0.5214
12673.s2	A	G	0.5631
12674.fa	A	A	0.0018
12674.mo	G	G	0.9887
12674.p1	A	G	0.5376
12674.s1	A	G	0.5336
12676.fa	A	G	0.4824
12676.mo	A	G	0.4736
12676.p1	G	G	0.9872
12676.s1	A	A	0.0000
12679.fa	A	A	0.0045
12679.mo	G	G	0.9973
12679.p1	A	G	0.4650
12679.s1	A	G	0.4565
12680.fa	A	A	0.0028
12680.mo	A	G	0.5358
12680.p1	A	G	0.5047
12680.s1	A	G	0.5309
12680.s2	A	A	0.0070
12680.s3	A	G	0.5432
12681.fa	A	G	0.5110
12681.mo	A	A	0.0000
12681.p1	A	G	0.4853
12681.s1	A	A	0.0000
12681.s2	A	G	0.5175
12682.fa	A	G	0.5067
12682.mo	A	G	0.5033
12682.p1	A	G	0.5159
12682.s1	A	G	0.4962
12683.fa	G	G	0.9849
12683.mo	A	A	0.0000
12683.p1	A	G	0.5634
12683.s1	A	G	0.5248
12685.fa	G	G	0.9801
12685.mo	A	A	0.0000
12685.p1	A	G	0.5013
12685.s1	A	G	0.4936
12686.fa	G	G	1.0000
12686.mo	A	A	0.0029
12686.p1	A	G	0.5853
12686.s1	A	G	0.5953
12687.fa	A	G	0.4754
12687.mo	A	G	0.4540
12687.p1	G	G	0.9314
12687.s1	A	A	0.0000
12688.fa	A	G	0.5280
12688.mo	A	G	0.4976
12688.p1	A	G	0.4958
12688.s1	A	A	0.0000
12689.fa	A	A	0.0000
12689.mo	A	G	0.5857
12689.p1	A	A	0.0010
12689.s1	A	A	0.0000
12690.fa	A	G	0.5090
12690.mo	A	G	0.5062
12690.p1	A	G	0.5103
12690.s1	G	G	0.9872
12691.fa	A	A	0.0000
12691.mo	A	A	0.0015
12691.p1	A	A	0.0000
12691.s1	A	A	0.0000
12692.fa	A	A	0.0000
12692.mo	A	A	0.0000
12692.p1	A	A	0.0092
12692.s1	A	A	0.0069
12693.fa	A	G	0.5493
12693.mo	A	G	0.5083
12693.p1	A	G	0.5513
12693.s1	A	A	0.0046
12693.s2	A	G	0.5446
12694.fa	G	G	0.9942
12694.mo	A	G	0.5545
12694.p1	G	G	0.9995
12694.s1	A	G	0.5222
12694.s2	A	G	0.5433
12695.fa	A	A	0.0000
12695.mo	A	A	0.0000
12695.p1	A	A	0.0011
12695.s1	A	A	0.0000
12697.fa	A	A	0.0044
12697.mo	A	A	0.0000
12697.p1	A	A	0.0000
12697.s1	A	A	0.0002
12698.fa	A	G	0.4836
12698.mo	A	G	0.4595
12698.p1	A	G	0.4516
12700.fa	A	A	0.0009
12700.mo	A	G	0.4558
12700.p1	A	A	0.0000
12700.s1	A	G	0.5159
12701.fa	A	G	0.4771
12701.mo	A	A	0.0000
12701.p1	A	A	0.0000
12701.s1	A	A	0.0000
12703.fa	G	G	0.9706
12703.mo	A	G	0.5348
12703.p1	A	G	0.5424
12703.s1	A	G	0.5275
12704.fa	A	A	0.0000
12704.mo	A	G	0.4713
12704.p1	A	G	0.4651
12704.s1	A	A	0.0000
12704.s2	A	A	0.0000
12706.fa	G	G	0.9643
12706.mo	A	A	0.0000
12706.p1	A	G	0.4727
12706.s1	A	G	0.4401
12707.fa	A	A	0.0000
12707.mo	A	G	0.4735
12707.p1	A	A	0.0081
12707.s2	A	G	0.5054
12708.fa	A	G	0.4748
12708.mo	A	G	0.4656
12708.p1	G	G	0.9916
12708.s1	A	G	0.4891
12710.fa	A	A	0.0000
12710.mo	A	G	0.5002
12710.p1	A	A	0.0000
12714.fa	A	G	0.4480
12714.mo	A	A	0.0055
12714.p1	A	G	0.4563
12715.fa	A	A	0.0058
12715.mo	A	A	0.0000
12715.p1	A	A	0.0000
12715.s1	A	A	0.0000
12716.fa	A	G	0.4917
12716.mo	A	A	0.0000
12716.p1	A	G	0.5618
12716.s1	A	G	0.5065
12717.fa	A	A	0.0000
12717.mo	A	A	0.0014
12717.p1	A	A	0.0000
12719.fa	A	G	0.5636
12719.mo	A	G	0.4904
12719.p1	G	G	0.9841
12719.s1	A	A	0.0011
12720.fa	A	G	0.5253
12720.mo	A	G	0.5281
12720.p1	A	G	0.5607
12720.s1	A	A	0.0155
12722.fa	A	A	0.0113
12722.mo	A	G	0.5828
12722.p1	A	G	0.5541
12722.s1	A	G	0.5326
12723.fa	A	A	0.0052
12723.mo	A	A	0.0059
12723.p1	A	A	0.0032
12723.s1	A	A	0.0000
12724.fa	A	G	0.5578
12724.mo	A	A	0.0000
12724.p1	A	A	0.0038
12724.s1	A	G	0.5470
12727.fa	A	A	0.0000
12727.mo	G	G	0.9914
12727.p1	A	G	0.5743
12727.s1	A	G	0.5489
12729.fa	A	G	0.4787
12729.mo	A	A	0.0072
12729.p1	A	A	0.0178
12729.s1	A	G	0.5154
12731.fa	A	G	0.5349
12731.mo	A	G	0.5401
12731.p1	G	G	0.9770
12731.s1	A	A	0.0078
12732.fa	A	G	0.4826
12732.mo	A	G	0.4626
12732.p1	A	A	0.0000
12732.s1	A	G	0.4647
12733.fa	A	A	0.0139
12733.mo	A	G	0.5403
12733.p1	A	G	0.5699
12733.s1	A	A	0.0000
12735.fa	A	G	0.5551
12735.mo	A	G	0.5248
12735.p1	A	G	0.5446
12735.s1	A	G	0.4920
12737.fa	A	G	0.4401
12737.mo	G	G	0.9246
12737.p1	A	G	0.5202
12737.s1	G	G	0.9846
12738.fa	A	G	0.4958
12738.mo	A	A	0.0002
12738.p1	A	G	0.4982
12738.s1	A	G	0.5136
12739.fa	A	G	0.5219
12739.mo	A	A	0.0000
12739.p1	A	G	0.5463
12739.s1	A	G	0.5054
12740.fa	A	G	0.4955
12740.mo	A	A	0.0000
12740.p1	A	G	0.4817
12741.fa	A	G	0.4320
12741.mo	A	G	0.4999
12741.p1	G	G	0.9913
12741.s1	A	G	0.5006
12742.fa	G	G	0.9766
12742.mo	A	G	0.5069
12742.p1	G	G	1.0000
12743.fa	A	A	0.0097
12743.mo	A	G	0.5331
12743.p1	A	G	0.4972
12743.s1	A	A	0.0000
12744.fa	A	G	0.4324
12744.mo	A	A	0.0011
12744.p1	A	A	0.0000
12748.fa	G	G	0.9909
12748.mo	G	G	0.9822
12748.p1	G	G	0.9951
12748.s1	G	G	0.9827
12749.fa	A	G	0.4922
12749.mo	A	A	0.0184
12749.p1	A	A	0.0070
12749.s1	A	A	0.0000
12750.fa	A	A	0.0000
12750.mo	A	G	0.4635
12750.p1	A	A	0.0027
12752.fa	A	A	0.0000
12752.mo	A	A	0.0000
12752.p1	A	A	0.0028
12754.fa	A	G	0.4654
12754.mo	A	A	0.0000
12754.p1	A	A	0.0000
12757.fa	A	A	0.0000
12757.mo	A	A	0.0000
12757.p1	A	A	0.0000
12758.fa	A	A	0.0039
12758.mo	A	A	0.0000
12758.p1	A	A	0.0000
12758.s1	A	A	0.0000
12759.fa	A	G	0.5496
12759.mo	A	G	0.5065
12759.p1	A	G	0.4988
12759.s1	G	G	0.9862
12761.fa	A	A	0.0000
12761.mo	A	A	0.0134
12761.p1	A	A	0.0000
12763.fa	A	G	0.5651
12763.mo	A	A	0.0035
12763.p1	A	A	0.0000
12763.s1	A	A	0.0083
12764.fa	A	A	0.0260
12764.mo	A	G	0.5505
12764.p1	A	A	0.0037
12764.s1	A	A	0.0157
12766.fa	A	G	0.5154
12766.mo	A	G	0.5078
12766.p1	G	G	0.9763
12766.s1	G	G	0.9900
12770.fa	A	A	0.0000
12770.mo	A	G	0.4928
12770.p1	A	A	0.0000
12770.s1	A	G	0.5257
12772.fa	A	A	0.0000
12772.mo	A	G	0.5234
12772.p1	A	A	0.0000
12772.s1	A	A	0.0000
12773.fa	A	A	0.0012
12773.mo	A	A	0.0023
12773.p1	A	A	0.0092
12773.s1	A	A	0.0000
12775.fa	G	G	0.9909
12775.mo	A	A	0.0066
12775.p1	A	G	0.4650
12775.s1	A	G	0.5434
12777.fa	A	G	0.5140
12777.mo	A	G	0.4815
12777.p1	A	G	0.5170
12778.fa	A	G	0.5163
12778.mo	A	G	0.5371
12778.p1	A	A	0.0000
12778.s1	A	G	0.4970
12779.fa	A	G	0.4226
12779.mo	A	A	0.0066
12779.p1	A	G	0.4351
12779.s1	A	G	0.4547
12780.fa	A	G	0.5401
12780.mo	A	G	0.5131
12780.p1	A	A	0.0000
12780.s1	A	A	0.0000
12781.fa	A	G	0.5656
12781.mo	A	A	0.0091
12781.p1	A	G	0.5219
12782.fa	G	G	1.0000
12782.mo	A	A	0.0117
12782.p1	A	G	0.5493
12782.s1	A	G	0.5298
12783.fa	A	A	0.0060
12783.mo	G	G	0.9942
12783.p1	A	G	0.4600
12784.fa	A	A	0.0000
12784.mo	A	G	0.4945
12784.p1	A	G	0.4261
12784.s1	A	G	0.4683
12785.fa	A	A	0.0063
12785.mo	A	A	0.0000
12785.p1	A	A	0.0000
12785.s1	A	A	0.0000
12786.fa	A	A	0.0000
12786.mo	A	A	0.0126
12786.p1	A	A	0.0097
12786.s1	A	A	0.0117
12787.fa	A	G	0.4641
12787.mo	A	G	0.4810
12787.p1	A	G	0.4895
12787.s1	A	A	0.0000
12788.fa	A	G	0.5012
12788.mo	A	A	0.0000
12788.p1	A	G	0.5050
12788.s1	A	G	0.5158
12790.fa	A	G	0.4696
12790.mo	A	A	0.0000
12790.p1	A	G	0.4667
12790.s1	A	A	0.0000
12791.fa	A	A	0.0000
12791.mo	G	G	0.9827
12791.p1	A	G	0.4685
12791.s1	A	G	0.4606
12792.fa	A	A	0.0000
12792.mo	A	G	0.5771
12792.p1	A	A	0.0142
12792.s1	A	G	0.5294
12793.fa	A	A	0.0000
12793.mo	A	G	0.4505
12793.p1	A	G	0.4744
12793.s1	A	A	0.0000
12794.fa	G	G	1.0000
12794.mo	A	A	0.0000
12794.p1	A	G	0.5512
12794.s1	A	G	0.4820
12796.fa	G	G	0.9910
12796.mo	A	A	0.0000
12796.p1	A	G	0.4553
12796.s1	A	G	0.4663
12797.fa	A	A	0.0000
12797.mo	A	G	0.4501
12797.p1	A	G	0.4586
12798.fa	A	G	0.5250
12798.mo	A	G	0.4744
12798.p1	A	A	0.0000
12798.s1	A	G	0.4856
12798.s2	A	G	0.4764
12799.fa	A	G	0.5181
12799.mo	A	A	0.0000
12799.p1	A	A	0.0000
12799.s1	A	A	0.0017
12801.fa	A	A	0.0000
12801.mo	A	G	0.4992
12801.p1	A	A	0.0000
12801.s1	A	A	0.0000
12803.fa	A	A	0.0038
12803.mo	A	G	0.4991
12803.p1	A	A	0.0000
12803.s1	A	A	0.0000
12805.fa	G	G	0.9962
12805.mo	A	A	0.0000
12805.p1	A	G	0.4821
12809.fa	A	A	0.0000
12809.mo	A	A	0.0000
12809.p1	A	A	0.0042
12810.fa	A	G	0.5631
12810.mo	A	G	0.5746
12810.p1	A	G	0.5391
12810.s1	A	G	0.5153
12817.fa	A	G	0.4675
12817.mo	G	G	1.0000
12817.p1	G	G	0.9866
12817.s1	G	G	0.9994
12819.fa	A	G	0.4665
12819.mo	A	A	0.0000
12819.p1	A	G	0.4389
12819.s1	A	G	0.4549
12820.fa	A	A	0.0077
12820.mo	A	G	0.5333
12820.p1	A	G	0.5344
12821.fa	A	A	0.0000
12821.mo	A	G	0.4728
12821.p1	A	A	0.0000
12821.s1	A	G	0.4851
12821.s2	A	A	0.0000
12824.fa	A	G	0.4262
12824.mo	A	G	0.4548
12824.p1	A	G	0.4350
12824.s1	G	G	0.9968
12826.fa	A	A	0.0000
12826.mo	A	G	0.4447
12826.p1	A	G	0.4298
12826.s1	A	A	0.0000
12827.fa	A	G	0.5244
12827.mo	A	G	0.5821
12827.p1	A	G	0.4942
12828.fa	A	G	0.4940
12828.mo	A	A	0.0006
12828.p1	A	A	0.0050
12829.fa	A	G	0.4689
12829.mo	A	G	0.4699
12829.p1	A	G	0.5016
12829.s1	A	A	0.0000
12831.fa	A	A	0.0018
12831.mo	G	G	0.9908
12831.p1	A	G	0.5238
12832.fa	G	G	0.9851
12832.mo	A	G	0.4681
12832.p1	A	G	0.5022
12832.s1	G	G	0.9825
12832.s2	A	G	0.4514
12833.fa	A	G	0.4486
12833.mo	G	G	1.0000
12833.p1	A	G	0.4049
12833.s1	A	G	0.4632
12836.fa	A	A	0.0000
12836.mo	A	A	0.0000
12836.p1	A	A	0.0000
12836.s1	A	A	0.0057
12837.fa	A	G	0.4768
12837.mo	A	G	0.4682
12837.p1	A	G	0.4973
12837.s1	A	A	0.0000
12838.fa	A	A	0.0000
12838.mo	A	A	0.0000
12838.p1	A	A	0.0000
12838.s1	A	A	0.0000
12840.fa	A	A	0.0000
12840.mo	A	G	0.4377
12840.p1	A	A	0.0000
12840.s1	A	A	0.0000
12842.fa	A	G	0.5423
12842.mo	A	A	0.0057
12842.p1	A	G	0.5478
12843.fa	A	A	0.0000
12843.mo	A	A	0.0000
12843.p1	A	A	0.0115
12843.s1	A	A	0.0000
12845.fa	G	G	0.9946
12845.mo	A	G	0.5811
12845.p1	A	G	0.5471
12845.s1	G	G	0.9836
12845.s2	G	G	0.9862
12849.fa	A	G	0.4591
12849.mo	A	G	0.4329
12849.p1	G	G	0.9681
12849.s1	A	G	0.4626
12850.fa	A	A	0.0000
12850.mo	A	A	0.0005
12850.p1	A	A	0.0000
12850.s1	A	A	0.0000
12850.s2	A	A	0.0000
12850.s3	A	A	0.0000
12851.fa	A	A	0.0000
12851.mo	A	G	0.4899
12851.p1	A	G	0.4719
12851.s1	A	A	0.0000
12852.fa	A	A	0.0000
12852.mo	A	G	0.4545
12852.p1	A	A	0.0000
12852.s1	A	A	0.0006
12853.fa	A	A	0.0000
12853.mo	A	G	0.4670
12853.p1	A	A	0.0000
12853.s1	A	G	0.4803
12854.fa	G	G	0.9597
12854.mo	A	A	0.0000
12854.p1	A	G	0.5239
12854.s1	A	G	0.4977
12857.fa	A	A	0.0000
12857.mo	A	A	0.0000
12857.p1	A	A	0.0000
12857.s1	A	A	0.0000
12858.fa	A	A	0.0026
12858.mo	A	G	0.4752
12858.p1	A	G	0.4731
12858.s1	A	A	0.0000
12859.fa	A	G	0.4732
12859.mo	A	A	0.0000
12859.p1	A	G	0.4837
12859.s1	A	G	0.4743
12860.fa	A	G	0.5184
12860.mo	A	A	0.0000
12860.p1	A	G	0.4721
12860.s1	A	G	0.4738
12861.fa	A	G	0.5705
12861.mo	A	G	0.5349
12861.p1	G	G	1.0000
12861.s1	A	A	0.0057
12864.fa	A	A	0.0000
12864.mo	A	A	0.0000
12864.p1	A	A	0.0000
12864.s1	A	A	0.0000
12867.fa	A	A	0.0000
12867.mo	A	G	0.4843
12867.p1	A	G	0.4498
12867.s1	A	G	0.5013
12869.fa	A	A	0.0000
12869.mo	A	G	0.4930
12869.p1	A	G	0.5209
12869.s1	A	G	0.4553
12871.fa	A	A	0.0027
12871.mo	G	G	0.9953
12871.p1	A	G	0.4843
12871.s1	A	G	0.5297
12875.fa	A	A	0.0101
12875.mo	A	A	0.0000
12875.p1	A	A	0.0000
12875.s1	A	A	0.0000
12878.fa	A	G	0.5587
12878.mo	A	A	0.0000
12878.p1	A	A	0.0000
12879.fa	A	A	0.0000
12879.mo	A	G	0.4706
12879.p1	A	G	0.4937
12879.s1	A	A	0.0000
12885.fa	A	A	0.0000
12885.mo	A	G	0.4563
12885.p1	A	A	0.0000
12891.fa	A	A	0.0000
12891.mo	A	A	0.0000
12891.p1	A	A	0.0000
12891.s1	A	A	0.0000
12892.fa	A	G	0.4626
12892.mo	A	A	0.0000
12892.p1	A	G	0.4795
12892.s1	A	A	0.0000
12894.fa	G	G	0.9958
12894.mo	G	G	0.9785
12894.p1	G	G	0.9771
12894.s1	G	G	0.9866
12899.fa	G	G	1.0000
12899.mo	A	A	0.0024
12899.p1	A	G	0.5320
12899.s1	A	G	0.5690
12900.fa	A	G	0.4867
12900.mo	A	G	0.4113
12900.p1	A	G	0.5286
12901.fa	A	A	0.0185
12901.mo	A	A	0.0233
12901.p1	A	A	0.0000
12901.s1	A	A	0.0000
12902.fa	A	G	0.4905
12902.mo	A	A	0.1275
12902.p1	A	A	0.0012
12902.s1	G	G	1.0000
12905.fa	A	G	0.5755
12905.mo	G	G	0.9968
12905.p1	G	G	0.9899
12905.s1	A	G	0.5730
12906.fa	G	G	0.9821
12906.mo	A	G	0.4692
12906.p1	G	G	1.0000
12906.s1	G	G	1.0000
12907.fa	A	A	0.0025
12907.mo	A	A	0.0113
12907.p1	A	A	0.0098
12907.s1	A	A	0.0000
12908.fa	A	G	0.6207
12908.mo	A	G	0.6092
12908.p1	G	G	0.9739
12908.s1	A	G	0.5653
12910.fa	A	A	0.0150
12910.mo	A	G	0.5197
12910.p1	A	A	0.0059
12912.fa	A	A	0.0008
12912.mo	G	G	0.9861
12912.p1	A	G	0.5359
12913.fa	A	A	0.0000
12913.mo	A	G	0.4408
12913.p1	A	A	0.0000
12916.fa	A	A	0.0000
12916.mo	A	G	0.5339
12916.p1	A	G	0.5896
12916.s1	A	G	0.6335
12920.fa	A	G	0.5180
12920.mo	A	G	0.4226
12920.p1	A	A	0.0000
12920.s1	G	G	0.9588
12921.fa	A	G	0.5501
12921.mo	A	A	0.0282
12921.p1	A	G	0.6005
12921.s1	A	G	0.5718
12922.fa	A	A	0.0000
12922.mo	A	G	0.4088
12922.p1	A	G	0.4432
12922.s1	A	A	0.0000
12923.fa	A	G	0.5422
12923.mo	A	A	0.0000
12923.p1	A	G	0.5222
12923.s1	A	A	0.0000
12924.fa	A	G	0.6076
12924.mo	A	A	0.0116
12924.p1	A	A	0.0052
12924.s1	A	G	0.5452
12925.fa	A	A	0.0000
12925.mo	A	A	0.0000
12925.p1	A	A	0.0000
12925.s1	A	A	0.0000
12925.s2	A	A	0.0000
12930.fa	A	G	0.5387
12930.mo	A	A	0.0000
12930.p1	A	A	0.0000
12930.s1	A	A	0.0000
12931.fa	A	A	0.0046
12931.mo	A	G	0.5894
12931.p1	A	G	0.5103
12931.s1	A	G	0.6217
12932.fa	A	G	0.6510
12932.mo	A	G	0.6187
12932.p1	A	A	0.0000
12932.s1	G	G	0.9648
12934.fa	A	A	0.0000
12934.mo	A	A	0.0000
12934.p1	A	A	0.0000
12937.fa	G	G	0.9938
12937.mo	A	G	0.6756
12937.p1	A	G	0.6099
12937.s1	G	G	0.9816
12938.fa	A	G	0.5727
12938.mo	A	A	0.0105
12938.p1	A	G	0.5688
12938.s1	A	A	0.0000
12939.fa	A	G	0.4675
12939.mo	A	A	0.0000
12939.p1	A	G	0.4684
12939.s1	A	A	0.0000
12940.fa	A	A	0.0000
12940.mo	A	G	0.6480
12940.p1	A	G	0.5915
12940.s1	A	G	0.6802
12941.fa	A	A	0.0000
12941.mo	A	A	0.0091
12941.p1	A	A	0.0174
12942.fa	G	G	0.9880
12942.mo	A	A	0.0000
12942.p1	A	G	0.5552
12942.s1	A	G	0.5888
12944.fa	A	A	0.0000
12944.mo	A	G	0.4699
12944.p1	A	A	0.0018
12944.s1	A	G	0.4803
12946.fa	A	A	0.0000
12946.mo	G	G	1.0000
12946.p1	A	G	0.5473
12946.s1	A	G	0.4625
12948.fa	A	G	0.4972
12948.mo	A	G	0.4889
12948.p1	A	G	0.4299
12950.fa	A	A	0.0000
12950.mo	A	A	0.0000
12950.p1	A	A	0.0000
12950.s1	A	A	0.0000
12951.fa	A	G	0.5616
12951.mo	A	G	0.6745
12951.p1	A	G	0.5601
12951.s1	A	G	0.5619
12952.fa	A	G	0.5672
12952.mo	A	G	0.5592
12952.p1	G	G	0.9842
12952.s1	A	A	0.0000
12953.fa	G	G	0.9933
12953.mo	A	G	0.5933
12953.p1	G	G	0.9643
12953.s1	A	G	0.4380
12955.fa	A	G	0.5398
12955.mo	A	G	0.5001
12955.p1	A	A	0.0000
12955.s1	A	G	0.5416
12956.fa	A	A	0.0000
12956.mo	A	G	0.5425
12956.p1	A	A	0.0000
12956.s1	A	A	0.0000
12957.fa	A	A	0.0000
12957.mo	G	G	0.9819
12957.p1	A	G	0.5213
12957.s1	A	G	0.5215
12958.fa	G	G	0.9809
12958.mo	A	A	0.0000
12958.p1	A	G	0.4400
12958.s1	A	G	0.4495
12958.s2	A	G	0.4000
12959.fa	A	A	0.0048
12959.mo	A	G	0.4557
12959.p1	A	G	0.4165
12960.fa	A	A	0.0109
12960.mo	A	G	0.5030
12960.p1	A	G	0.5349
12961.fa	A	A	0.0005
12961.mo	A	G	0.5268
12961.p1	A	A	0.0095
12962.fa	A	A	0.0017
12962.mo	A	G	0.5334
12962.p1	A	A	0.0052
12962.s1	A	A	0.0000
12964.fa	A	G	0.5312
12964.mo	A	A	0.0000
12964.p1	A	G	0.4438
12964.s1	A	G	0.5296
12967.fa	A	A	0.0000
12967.mo	A	A	0.0000
12967.p1	A	A	0.0000
12967.s1	A	A	0.0000
12969.fa	A	G	0.4888
12969.mo	A	G	0.5084
12969.p1	A	G	0.5591
12969.s1	A	G	0.5436
12971.fa	A	G	0.5495
12971.mo	A	A	0.0000
12971.p1	A	G	0.5408
12972.fa	A	A	0.0064
12972.mo	A	A	0.0000
12972.p1	A	A	0.0008
12972.s1	A	A	0.0075
12974.fa	A	A	0.0000
12974.mo	A	G	0.4675
12974.p1	A	A	0.0000
12974.s1	A	A	0.0006
12974.s2	A	A	0.0000
12975.fa	A	G	0.5587
12975.mo	A	G	0.5810
12975.p1	A	G	0.5818
12975.s1	A	G	0.5723
12976.fa	A	A	0.1155
12976.mo	A	G	0.4749
12976.p1	A	A	0.0000
12976.s1	A	G	0.5360
12977.fa	A	A	0.0044
12977.mo	A	G	0.4898
12977.p1	A	G	0.5104
12977.s1	A	A	0.0058
12979.fa	A	G	0.5114
12979.mo	A	G	0.5013
12979.p1	A	G	0.4992
12984.fa	A	A	0.0019
12984.mo	A	G	0.4812
12984.p1	A	A	0.0028
12984.s1	A	A	0.0000
12985.fa	A	G	0.5465
12985.mo	A	G	0.5619
12985.p1	A	G	0.4765
12986.fa	A	G	0.4129
12986.mo	A	A	0.0020
12986.p1	A	A	0.0074
12989.fa	A	G	0.5420
12989.mo	A	A	0.0000
12989.p1	A	A	0.0005
12989.s1	A	A	0.0060
12991.fa	A	G	0.4216
12991.mo	G	G	0.9837
12991.p1	A	G	0.5368
12994.fa	A	G	0.5234
12994.mo	G	G	0.9921
12994.p1	G	G	0.9913
12994.s1	A	G	0.5652
12996.fa	A	A	0.0000
12996.mo	A	G	0.5476
12996.p1	A	G	0.5263
12996.s1	A	A	0.0029
12996.s2	A	G	0.6010
12997.fa	A	G	0.4959
12997.mo	A	G	0.4618
12997.p1	A	G	0.4803
12997.s1	A	G	0.4972
12998.fa	A	A	0.0000
12998.mo	A	A	0.0000
12998.p1	A	A	0.0024
13001.fa	G	G	0.9618
13001.mo	A	G	0.4878
13001.p1	A	G	0.4810
13001.s1	A	G	0.4612
13005.fa	G	G	0.9712
13005.mo	A	G	0.5389
13005.p1	A	G	0.5369
13005.s1	A	G	0.5448
13006.fa	A	A	0.0197
13006.mo	A	A	0.0168
13006.p1	A	A	0.0043
13006.s1	A	A	0.0000
13007.fa	A	A	0.0011
13007.mo	G	G	0.9989
13007.p1	A	G	0.5389
13007.s1	A	G	0.5313
13008.fa	G	G	0.9889
13008.mo	A	G	0.5625
13008.p1	A	G	0.5632
13008.s1	A	G	0.5797
13009.fa	A	A	0.0000
13009.mo	A	G	0.4337
13009.p1	A	G	0.4698
13010.fa	A	G	0.5734
13010.mo	A	A	0.0000
13010.p1	A	G	0.5806
13010.s1	A	G	0.5714
13012.fa	A	A	0.0069
13012.mo	A	G	0.5689
13012.p1	A	G	0.5474
13012.s1	A	G	0.5846
13013.fa	A	A	0.0000
13013.mo	A	A	0.0000
13013.p1	A	A	0.0000
13014.fa	A	G	0.5331
13014.mo	A	G	0.5075
13014.p1	G	G	0.9885
13015.fa	A	A	0.0000
13015.mo	A	A	0.0074
13015.p1	A	A	0.0114
13015.s1	A	A	0.0100
13016.fa	A	G	0.5745
13016.mo	A	G	0.5325
13016.p1	A	G	0.4863
13016.s1	A	G	0.5242
13017.fa	G	G	0.9954
13017.mo	A	A	0.0000
13017.p1	A	G	0.4577
13017.s1	A	G	0.4564
13017.s2	A	G	0.4356
13018.fa	A	G	0.4945
13018.mo	A	G	0.5548
13018.p1	A	A	0.0002
13018.s1	A	G	0.5248
13019.fa	A	A	0.0009
13019.mo	A	A	0.0000
13019.p1	A	A	0.0000
13021.fa	A	A	0.0000
13021.mo	G	G	0.9856
13021.p1	A	G	0.5128
13021.s1	A	G	0.5408
13023.fa	A	G	0.5255
13023.mo	A	A	0.1040
13023.p1	A	A	0.0130
13023.s1	A	A	0.1157
13026.fa	G	G	0.9863
13026.mo	A	G	0.5495
13026.p1	G	G	0.9995
13026.s1	A	G	0.5506
13027.fa	A	G	0.4644
13027.mo	A	G	0.4674
13027.p1	G	G	0.9535
13028.fa	A	G	0.5660
13028.mo	A	G	0.6169
13028.p1	A	A	0.0000
13028.s1	A	A	0.0150
13031.fa	A	G	0.5455
13031.mo	G	G	0.9819
13031.p1	A	G	0.5130
13033.fa	A	A	0.0000
13033.mo	A	G	0.5526
13033.p1	A	A	0.0000
13034.fa	A	G	0.4315
13034.mo	A	A	0.0000
13034.p1	A	A	0.0000
13034.s1	A	G	0.4502
13034.s2	A	A	0.0000
13035.fa	A	A	0.0047
13035.mo	A	A	0.0128
13035.p1	A	A	0.0000
13035.s1	A	A	0.0008
13036.fa	A	A	0.0000
13036.mo	A	G	0.4927
13036.p1	A	G	0.4798
13036.s1	A	G	0.4772
13037.fa	A	G	0.4622
13037.mo	A	G	0.4359
13037.p1	G	G	0.9948
13037.s1	A	G	0.4757
13037.s2	A	G	0.4359
13038.fa	A	G	0.4743
13038.mo	A	G	0.4845
13038.p1	A	A	0.0000
13038.s1	A	G	0.5351
13039.fa	A	G	0.4744
13039.mo	A	A	0.0000
13039.p1	A	G	0.4886
13039.s1	A	A	0.0000
13041.fa	A	G	0.4749
13041.mo	A	G	0.4911
13041.p1	A	A	0.0004
13041.s1	A	G	0.4771
13042.fa	A	G	0.5137
13042.mo	A	G	0.5429
13042.p1	A	G	0.4962
13042.s1	G	G	0.9939
13043.fa	A	A	0.0000
13043.mo	A	A	0.0000
13043.p1	A	A	0.0000
13043.s1	A	A	0.0010
13044.fa	A	A	0.0000
13044.mo	A	A	0.0000
13044.p1	A	A	0.0000
13044.s1	A	A	0.0240
13045.fa	A	A	0.0000
13045.mo	A	G	0.5147
13045.p1	A	A	0.0005
13048.fa	A	A	0.0000
13048.mo	A	G	0.4845
13048.p1	A	A	0.0000
13048.s1	A	G	0.4833
13050.fa	A	G	0.4795
13050.mo	A	A	0.0056
13050.p1	A	G	0.4825
13050.s1	A	G	0.4534
13051.fa	A	G	0.4561
13051.mo	A	A	0.0000
13051.p1	A	A	0.0011
13051.s1	A	G	0.4597
13053.fa	G	G	0.9858
13053.mo	A	G	0.5290
13053.p1	G	G	0.9986
13053.s1	A	G	0.5503
13054.fa	A	A	0.0000
13054.mo	A	A	0.0000
13054.p1	A	A	0.0000
13054.s1	A	A	0.0000
13056.fa	A	A	0.0000
13056.mo	A	A	0.0029
13056.p1	A	A	0.0000
13057.fa	A	A	0.0000
13057.mo	A	G	0.5271
13057.p1	A	A	0.0000
13057.s1	A	G	0.5315
13059.fa	A	A	0.0000
13059.mo	A	A	0.0020
13059.p1	A	A	0.0140
13060.fa	A	A	0.0000
13060.mo	A	G	0.5107
13060.p1	A	G	0.4927
13061.fa	A	G	0.4241
13061.mo	A	A	0.0000
13061.p1	A	G	0.4580
13061.s1	A	A	0.0000
13061.s2	A	G	0.4592
13063.fa	A	G	0.5037
13063.mo	G	G	0.9954
13063.p1	A	G	0.4954
13063.s1	G	G	0.9922
13064.fa	G	G	0.9785
13064.mo	A	A	0.0076
13064.p1	A	G	0.5830
13064.s1	A	G	0.5739
13065.fa	A	A	0.0130
13065.mo	A	G	0.5511
13065.p1	A	G	0.5483
13067.fa	A	A	0.0000
13067.mo	A	G	0.5311
13067.p1	A	A	0.0000
13069.fa	A	G	0.5091
13069.mo	A	A	0.0000
13069.p1	A	A	0.0147
13069.s1	A	A	0.0000
13070.fa	A	G	0.4711
13070.mo	A	A	0.0000
13070.p1	A	G	0.5288
13070.s1	A	A	0.0125
13071.fa	A	G	0.5517
13071.mo	A	G	0.5518
13071.p1	A	G	0.5563
13071.s1	A	G	0.5572
13072.fa	A	A	0.0000
13072.mo	A	A	0.0044
13072.p1	A	A	0.0000
13072.s1	A	A	0.0000
13073.fa	A	A	0.0000
13073.mo	A	A	0.0074
13073.p1	A	A	0.0000
13073.s1	A	A	0.0017
13076.fa	A	A	0.0000
13076.mo	A	G	0.4500
13076.p1	A	A	0.0000
13076.s1	A	A	0.0017
13077.fa	A	A	0.0000
13077.mo	A	A	0.0000
13077.p1	A	A	0.0005
13077.s1	A	A	0.0050
13079.fa	A	G	0.5028
13079.mo	G	G	1.0000
13079.p1	A	G	0.5484
13080.fa	A	G	0.5094
13080.mo	A	G	0.4764
13080.p1	A	G	0.5273
13080.s1	A	G	0.5037
13082.fa	G	G	0.9754
13082.mo	A	G	0.5278
13082.p1	A	A	0.1041
13082.s1	G	G	1.0000
13083.fa	A	A	0.0000
13083.mo	A	A	0.0000
13083.p1	A	A	0.0000
13083.s1	A	A	0.0000
13085.fa	G	G	0.9922
13085.mo	G	G	0.9845
13085.p1	G	G	0.9667
13088.fa	A	A	0.0000
13088.mo	A	A	0.0000
13088.p1	A	A	0.0088
13088.s1	A	A	0.0000
13089.fa	A	G	0.4861
13089.mo	A	G	0.4679
13089.p1	A	A	0.0000
13089.s1	A	G	0.4663
13093.fa	A	G	0.5664
13093.mo	A	A	0.0014
13093.p1	A	A	0.0132
13093.s1	A	A	0.0017
13094.fa	A	A	0.0000
13094.mo	A	A	0.0074
13094.p1	A	A	0.0117
13094.s1	A	A	0.0000
13095.fa	A	A	0.0000
13095.mo	A	A	0.0000
13095.p1	A	A	0.0088
13095.s1	A	A	0.0123
13095.s2	A	A	0.0000
13096.fa	A	A	0.0000
13096.mo	A	G	0.5660
13096.p1	A	A	0.0000
13096.s1	A	A	0.0000
13097.fa	A	A	0.0000
13097.mo	A	A	0.0071
13097.p1	A	A	0.0000
13097.s1	A	A	0.0000
13099.fa	A	G	0.4599
13099.mo	A	G	0.4767
13099.p1	A	G	0.5517
13099.s1	A	G	0.4989
13101.fa	A	A	0.0000
13101.mo	A	A	0.0000
13101.p1	A	A	0.0050
13101.s1	A	A	0.0078
13102.fa	A	A	0.0257
13102.mo	A	A	0.0000
13102.p1	A	A	0.0000
13102.s1	A	A	0.0000
13104.fa	A	A	0.0006
13104.mo	A	G	0.4916
13104.p1	A	A	0.0288
13104.s1	A	A	0.0216
13106.fa	A	A	0.0160
13106.mo	A	G	0.5562
13106.p1	A	G	0.6005
13106.s1	A	G	0.5416
13107.fa	A	G	0.5401
13107.mo	A	G	0.5560
13107.p1	G	G	0.9911
13107.s1	G	G	1.0000
13111.fa	A	A	0.0000
13111.mo	A	G	0.5537
13111.p1	A	A	0.0069
13111.s1	A	G	0.4971
13115.fa	A	A	0.0119
13115.mo	A	G	0.5725
13115.p1	A	G	0.5374
13115.s1	A	G	0.5704
13116.fa	A	A	0.0008
13116.mo	A	A	0.0000
13116.p1	A	A	0.0000
13116.s1	A	A	0.0000
13118.fa	A	G	0.4502
13118.mo	G	G	0.9782
13118.p1	A	G	0.4579
13118.s1	G	G	0.9684
13119.fa	A	A	0.0000
13119.mo	A	A	0.0000
13119.p1	A	A	0.0000
13120.fa	A	A	0.0000
13120.mo	A	G	0.4814
13120.p1	A	G	0.5372
13120.s1	A	G	0.5093
13123.fa	A	A	0.0000
13123.mo	A	G	0.4302
13123.p1	A	A	0.0000
13123.s1	A	A	0.0000
13128.fa	A	G	0.5599
13128.mo	A	A	0.1170
13128.p1	A	A	0.1046
13128.s1	A	G	0.5350
13129.fa	A	G	0.4788
13129.mo	A	G	0.4448
13129.p1	A	G	0.4498
13129.s1	A	G	0.4476
13130.fa	A	G	0.4679
13130.mo	A	G	0.4630
13130.p1	A	G	0.4400
13130.s1	A	G	0.4780
13131.fa	G	G	0.9851
13131.mo	A	G	0.4583
13131.p1	A	G	0.4503
13131.s1	A	G	0.4105
13133.fa	A	G	0.4434
13133.mo	A	G	0.4521
13133.p1	A	G	0.4860
13133.s1	A	G	0.4057
13134.fa	A	A	0.0000
13134.mo	A	A	0.0000
13134.p1	A	A	0.0000
13135.fa	A	A	0.0000
13135.mo	A	A	0.0193
13135.p1	A	A	0.0000
13135.s1	A	A	0.0121
13136.fa	A	G	0.4731
13136.mo	A	A	0.0007
13136.p1	A	A	0.0000
13136.s1	A	A	0.0000
13139.fa	A	G	0.4953
13139.mo	A	A	0.0000
13139.p1	A	A	0.0000
13139.s1	A	G	0.4863
13144.fa	A	G	0.5086
13144.mo	A	G	0.5169
13144.p1	A	G	0.4880
13144.s1	A	G	0.4993
13146.fa	A	A	0.0000
13146.mo	A	G	0.5189
13146.p1	A	A	0.0013
13146.s1	A	G	0.4860
13147.fa	A	A	0.0028
13147.mo	A	G	0.4528
13147.p1	A	G	0.4601
13147.s1	A	G	0.4791
13148.fa	A	A	0.0000
13148.mo	A	A	0.0000
13148.p1	A	A	0.0000
13148.s1	A	A	0.0078
13150.fa	A	A	0.0000
13150.mo	A	G	0.5110
13150.p1	A	A	0.0000
13151.fa	A	G	0.4347
13151.mo	A	A	0.0000
13151.p1	A	G	0.4536
13151.s1	A	G	0.4219
13152.fa	A	G	0.4909
13152.mo	A	A	0.0000
13152.p1	A	G	0.4777
13152.s1	A	A	0.0013
13153.fa	A	A	0.1143
13153.mo	A	A	0.0000
13153.p1	A	A	0.0000
13153.s1	A	A	0.0005
13154.fa	A	A	0.0000
13154.mo	G	G	0.9908
13154.p1	A	G	0.4505
13154.s1	A	G	0.4457
13154.s2	A	G	0.4779
13159.fa	G	G	0.9864
13159.mo	A	G	0.4908
13159.p1	G	G	0.9820
13159.s1	G	G	0.9687
13160.fa	A	G	0.5330
13160.mo	A	A	0.0000
13160.p1	A	G	0.5899
13160.s1	A	A	0.0022
13162.fa	A	G	0.4850
13162.mo	A	A	0.0014
13162.p1	A	G	0.4823
13162.s1	A	A	0.0016
13163.fa	A	A	0.0000
13163.mo	A	G	0.5262
13163.p1	A	A	0.0000
13163.s1	A	G	0.4522
13163.s2	A	A	0.0000
13166.fa	A	A	0.0000
13166.mo	A	A	0.0000
13166.p1	A	A	0.0000
13166.s1	A	A	0.0000
13167.fa	A	A	0.0000
13167.mo	A	A	0.0000
13167.p1	A	A	0.0000
13167.s1	A	A	0.0000
13168.fa	A	G	0.4762
13168.mo	A	A	0.0000
13168.p1	A	G	0.4696
13168.s1	A	G	0.4751
13169.fa	G	G	0.9988
13169.mo	A	A	0.0057
13169.p1	A	G	0.4646
13169.s1	A	G	0.4821
13171.fa	A	A	0.0003
13171.mo	A	A	0.0000
13171.p1	A	A	0.0000
13171.s1	A	A	0.0000
13174.fa	A	G	0.4845
13174.mo	G	G	0.9993
13174.p1	G	G	0.9890
13174.s1	A	G	0.4637
13175.fa	A	A	0.0000
13175.mo	A	G	0.4755
13175.p1	A	A	0.0000
13175.s1	A	G	0.4815
13176.fa	A	G	0.4608
13176.mo	G	G	0.9681
13176.p1	G	G	0.9812
13176.s1	A	G	0.4845
13177.fa	A	A	0.0000
