11000.fa	A	A	0.0046
11000.mo	A	C	0.5221
11000.p1	A	A	0.0000
11000.s1	A	A	0.0164
11000.s2	A	A	0.0075
11000.s3	A	A	0.0000
11002.fa	A	C	0.5359
11002.mo	A	C	0.5243
11002.p1	A	C	0.5501
11002.s1	A	A	0.0006
11006.fa	A	A	0.0037
11006.mo	A	C	0.5042
11006.p1	A	A	0.0027
11006.s1	A	A	0.0000
11008.fa	C	C	0.9876
11008.mo	A	C	0.5408
11008.p1	C	C	1.0000
11008.s1	C	C	1.0000
11009.fa	A	C	0.4863
11009.mo	A	C	0.5159
11009.p1	A	C	0.5172
11009.s1	A	A	0.0012
11009.s2	A	C	0.5160
11010.fa	A	C	0.5092
11010.mo	A	C	0.5060
11010.p1	A	A	0.0019
11010.s1	C	C	1.0000
11011.fa	C	C	0.9802
11011.mo	A	A	0.0000
11011.p1	A	C	0.4502
11011.s1	A	C	0.4538
11011.s2	A	C	0.5247
11012.fa	C	C	1.0000
11012.mo	A	A	0.0000
11012.p1	A	C	0.4921
11012.s1	A	C	0.4664
11013.fa	A	C	0.4693
11013.mo	A	C	0.4962
11013.p1	A	C	0.4993
11013.s1	A	C	0.4767
11014.fa	A	C	0.5069
11014.mo	A	A	0.0000
11014.p1	A	A	0.0000
11014.s1	A	A	0.0000
11017.fa	A	C	0.4897
11017.mo	A	C	0.5134
11017.p1	C	C	0.9942
11017.s1	C	C	1.0000
11022.fa	C	C	0.9945
11022.mo	A	C	0.5088
11022.p1	C	C	1.0000
11022.s1	C	C	1.0000
11023.fa	C	C	0.9933
11023.mo	C	C	0.9897
11023.p1	C	C	0.9905
11023.s1	C	C	1.0000
11026.fa	A	C	0.4403
11026.mo	A	A	0.0041
11026.p1	A	C	0.4923
11026.s1	A	A	0.0000
11027.fa	C	C	0.9938
11027.mo	A	A	0.0017
11027.p1	A	C	0.5038
11027.s1	A	C	0.4877
11028.fa	C	C	0.9963
11028.mo	A	C	0.5165
11028.p1	C	C	1.0000
11028.s1	A	C	0.5117
11029.fa	C	C	0.9964
11029.mo	C	C	0.9982
11029.p1	C	C	1.0000
11029.s1	C	C	1.0000
11030.fa	C	C	0.9971
11030.mo	A	C	0.5395
11030.p1	C	C	1.0000
11030.s1	A	C	0.4815
11031.fa	C	C	1.0000
11031.mo	C	C	0.9950
11031.p1	C	C	1.0000
11031.s1	C	C	1.0000
11031.s2	C	C	0.9936
11031.s3	C	C	0.9872
11032.fa	C	C	0.9736
11032.mo	C	C	0.9998
11032.p1	C	C	1.0000
11032.s1	C	C	0.9962
11033.fa	C	C	0.9961
11033.mo	A	A	0.0000
11033.p1	A	C	0.5266
11033.s1	A	C	0.5303
11037.fa	A	C	0.4938
11037.mo	A	C	0.4961
11037.p1	A	C	0.4913
11037.s1	C	C	1.0000
11038.fa	A	A	0.0061
11038.mo	A	C	0.5308
11038.p1	A	A	0.0000
11038.s1	A	C	0.5170
11039.fa	A	C	0.5172
11039.mo	A	A	0.0000
11039.p1	A	A	0.0000
11041.fa	C	C	1.0000
11041.mo	C	C	1.0000
11041.p1	C	C	1.0000
11041.s1	C	C	1.0000
11043.fa	A	C	0.4997
11043.mo	C	C	1.0000
11043.p1	C	C	0.9968
11043.s1	A	C	0.5325
11044.fa	C	C	1.0000
11044.mo	A	C	0.5503
11044.p1	A	C	0.5238
11045.fa	A	C	0.4640
11045.mo	A	C	0.5195
11045.p1	C	C	1.0000
11045.s1	C	C	1.0000
11046.fa	A	C	0.4890
11046.mo	A	A	0.0019
11046.p1	A	A	0.0091
11046.s1	A	C	0.4967
11047.fa	C	C	1.0000
11047.mo	C	C	1.0000
11047.p1	C	C	1.0000
11047.s1	C	C	0.9965
11048.fa	A	A	0.0046
11048.mo	C	C	0.9655
11048.p1	A	C	0.4861
11048.s1	A	C	0.5094
11048.s2	A	C	0.5022
11050.fa	A	C	0.5108
11050.mo	A	A	0.0005
11050.p1	A	A	0.0027
11051.fa	C	C	0.9978
11051.mo	A	C	0.5178
11051.p1	A	C	0.5165
11051.s1	C	C	0.9887
11052.fa	C	C	1.0000
11052.mo	A	A	0.0059
11052.p1	A	C	0.4791
11052.s1	A	C	0.5232
11053.fa	A	C	0.4520
11053.mo	A	A	0.0088
11053.p1	A	A	0.0068
11053.s1	A	C	0.4917
11054.fa	A	C	0.5033
11054.mo	A	A	0.0000
11054.p1	A	C	0.5322
11054.s1	A	A	0.0010
11056.fa	C	C	0.9968
11056.mo	A	C	0.5123
11056.p1	C	C	0.9973
11056.s1	A	C	0.5309
11057.fa	A	A	0.0000
11057.mo	A	A	0.0000
11057.p1	A	A	0.0000
11057.s1	A	A	0.0000
11059.fa	A	C	0.5352
11059.mo	A	A	0.0128
11059.p1	A	C	0.5010
11060.fa	A	A	0.0000
11060.mo	A	C	0.5189
11060.p1	A	C	0.5164
11060.s1	A	A	0.0000
11062.fa	C	C	1.0000
11062.mo	A	C	0.5335
11062.p1	C	C	1.0000
11062.s1	C	C	1.0000
11063.fa	A	C	0.5137
11063.mo	C	C	1.0000
11063.p1	C	C	0.9974
11063.s1	C	C	1.0000
11066.fa	A	C	0.5384
11066.mo	A	A	0.0016
11066.p1	A	A	0.0000
11066.s1	A	A	0.0000
11066.s2	A	A	0.0000
11066.s3	A	A	0.0000
11067.fa	C	C	1.0000
11067.mo	A	A	0.0028
11067.p1	A	C	0.5151
11067.s1	A	C	0.5059
11069.fa	A	A	0.0013
11069.mo	A	A	0.0000
11069.p1	A	A	0.0000
11069.s1	A	A	0.0000
11071.fa	A	A	0.0024
11071.mo	A	C	0.5273
11071.p1	A	C	0.5162
11071.s1	A	C	0.4845
11073.fa	C	C	0.9883
11073.mo	C	C	1.0000
11073.p1	C	C	0.9834
11073.s1	C	C	0.9905
11074.fa	A	C	0.4910
11074.mo	A	C	0.5085
11074.p1	A	A	0.0000
11074.s1	C	C	0.9997
11075.fa	A	C	0.5393
11075.mo	A	C	0.5076
11075.p1	A	A	0.0004
11075.s1	C	C	1.0000
11077.fa	A	A	0.0000
11077.mo	A	C	0.5377
11077.p1	A	A	0.0000
11077.s1	A	A	0.0000
11079.fa	C	C	0.9980
11079.mo	A	A	0.0012
11079.p1	A	C	0.5255
11079.s1	A	C	0.4867
11079.s2	A	C	0.5190
11079.s3	A	C	0.4895
11083.fa	A	C	0.4974
11083.mo	A	C	0.5226
11083.p1	A	A	0.0002
11083.s1	C	C	1.0000
11085.fa	A	C	0.5206
11085.mo	A	C	0.5047
11085.p1	A	A	0.0168
11085.s1	A	C	0.5167
11085.s2	A	C	0.4906
11086.fa	C	C	1.0000
11086.mo	A	C	0.5154
11086.p1	C	C	1.0000
11086.s1	C	C	1.0000
11086.s2	A	C	0.4995
11088.fa	A	C	0.4891
11088.mo	C	C	0.9944
11088.p1	C	C	1.0000
11088.s1	C	C	0.9683
11089.fa	A	C	0.5142
11089.mo	A	C	0.5108
11089.p1	A	C	0.4928
11089.s1	C	C	1.0000
11089.s2	A	C	0.5266
11092.fa	A	C	0.4990
11092.mo	A	A	0.0000
11092.p1	A	C	0.4955
11092.s1	A	A	0.0025
11093.fa	A	A	0.0000
11093.mo	C	C	0.9861
11093.p1	A	C	0.5029
11093.s1	A	C	0.5186
11093.s2	A	C	0.5303
11094.fa	C	C	1.0000
11094.mo	A	A	0.0000
11094.p1	A	C	0.5328
11094.s1	A	C	0.5180
11096.fa	C	C	1.0000
11096.mo	A	C	0.5037
11096.p1	A	C	0.5294
11096.s1	C	C	1.0000
11097.fa	C	C	1.0000
11097.mo	C	C	1.0000
11097.p1	C	C	0.9997
11098.fa	A	C	0.5046
11098.mo	C	C	1.0000
11098.p1	A	C	0.5012
11098.s1	A	C	0.4959
11099.fa	A	C	0.5918
11099.mo	A	C	0.5200
11099.p1	A	A	0.0025
11099.s1	A	C	0.5481
11101.fa	A	C	0.5313
11101.mo	A	A	0.0000
11101.p1	A	C	0.5152
11101.s1	A	A	0.0000
11106.fa	C	C	1.0000
11106.mo	A	C	0.5542
11106.p1	A	C	0.5093
11106.s1	A	C	0.5118
11107.fa	A	A	0.0034
11107.mo	A	C	0.5288
11107.p1	A	A	0.0004
11107.s1	A	A	0.0000
11108.fa	A	C	0.4347
11108.mo	A	C	0.4684
11108.p1	C	C	0.9988
11108.s1	A	A	0.0032
11109.fa	C	C	1.0000
11109.mo	A	C	0.5257
11109.p1	A	C	0.5303
11109.s1	C	C	0.9907
11111.fa	C	C	1.0000
11111.mo	C	C	0.9817
11111.p1	C	C	1.0000
11114.fa	A	C	0.4994
11114.mo	A	A	0.0000
11114.p1	A	C	0.4833
11114.s1	A	A	0.0000
11115.fa	A	C	0.5058
11115.mo	A	A	0.0022
11115.p1	A	C	0.4846
11115.s1	A	A	0.0006
11115.s2	A	C	0.5036
11118.fa	A	C	0.5115
11118.mo	A	C	0.5193
11118.p1	A	C	0.5299
11118.s1	A	A	0.0000
11118.s2	A	C	0.5216
11120.fa	A	A	0.0000
11120.mo	C	C	1.0000
11120.p1	A	C	0.5074
11120.s1	A	C	0.5329
11121.fa	A	C	0.5098
11121.mo	A	C	0.5084
11121.p1	A	C	0.5000
11121.s1	A	C	0.5405
11122.fa	A	C	0.5111
11122.mo	A	A	0.0019
11122.p1	A	C	0.5667
11124.fa	A	A	0.0000
11124.mo	C	C	1.0000
11124.p1	A	C	0.5103
11124.s1	A	C	0.4727
11128.fa	A	A	0.0000
11128.mo	C	C	1.0000
11128.p1	A	C	0.5304
11131.fa	A	A	0.0007
11131.mo	A	A	0.0067
11131.p1	A	A	0.0020
11132.fa	A	C	0.5025
11132.mo	A	A	0.0004
11132.p1	A	A	0.0003
11132.s1	A	A	0.0011
11135.fa	A	C	0.5450
11135.mo	A	C	0.5591
11135.p1	A	C	0.5136
11135.s1	A	C	0.4996
11141.fa	A	C	0.4995
11141.mo	C	C	1.0000
11141.p1	A	C	0.5097
11141.s1	A	C	0.5528
11142.fa	A	C	0.4832
11142.mo	A	C	0.4676
11142.p1	C	C	0.9931
11142.s1	A	C	0.5196
11144.fa	C	C	1.0000
11144.mo	A	C	0.5324
11144.p1	C	C	1.0000
11144.s1	A	C	0.5310
11146.fa	C	C	0.9957
11146.mo	A	C	0.5564
11146.p1	A	C	0.5301
11146.s1	A	C	0.5104
11146.s2	C	C	0.9977
11148.fa	A	C	0.5227
11148.mo	C	C	1.0000
11148.p1	C	C	1.0000
11148.s1	C	C	1.0000
11148.s2	C	C	1.0000
11150.fa	C	C	0.9810
11150.mo	A	C	0.5307
11150.p1	C	C	0.9998
11150.s1	C	C	0.9913
11152.fa	A	C	0.4731
11152.mo	A	C	0.5238
11152.p1	A	C	0.4883
11152.s1	A	C	0.4869
11154.fa	A	C	0.5075
11154.mo	A	C	0.4982
11154.p1	A	C	0.5099
11154.s1	A	C	0.5093
11156.fa	A	C	0.5044
11156.mo	A	A	0.0024
11156.p1	A	A	0.0057
11156.s1	A	C	0.5117
11159.fa	C	C	1.0000
11159.mo	A	A	0.0000
11159.p1	A	C	0.5084
11159.s1	A	C	0.5109
11160.fa	C	C	1.0000
11160.mo	A	A	0.0000
11160.p1	A	C	0.4784
11160.s1	A	C	0.4807
11164.fa	A	C	0.4870
11164.mo	A	C	0.4944
11164.p1	A	C	0.4998
11164.s1	A	A	0.0011
11168.fa	A	A	0.0000
11168.mo	A	C	0.4979
11168.p1	A	C	0.5038
11168.s1	A	C	0.5427
11172.fa	A	C	0.4864
11172.mo	C	C	0.9827
11172.p1	C	C	0.9864
11172.s1	C	C	0.9948
11173.fa	A	A	0.0064
11173.mo	C	C	1.0000
11173.p1	A	C	0.5366
11176.fa	A	C	0.5149
11176.mo	C	C	1.0000
11176.p1	C	C	1.0000
11176.s1	C	C	1.0000
11178.fa	A	A	0.0000
11178.mo	C	C	1.0000
11178.p1	A	C	0.4477
11178.s1	A	C	0.4694
11179.fa	A	C	0.4763
11179.mo	A	C	0.4660
11179.p1	A	A	0.0000
11179.s1	C	C	1.0000
11180.fa	C	C	0.9968
11180.mo	C	C	0.9951
11180.p1	C	C	1.0000
11181.fa	A	C	0.4526
11181.mo	A	A	0.0000
11181.p1	A	A	0.0000
11181.s1	A	A	0.0000
11184.fa	A	C	0.4783
11184.mo	A	A	0.0000
11184.p1	A	A	0.0000
11184.s1	A	C	0.4730
11187.fa	A	C	0.4693
11187.mo	A	C	0.4859
11187.p1	C	C	0.9969
11187.s1	C	C	0.9917
11189.fa	C	C	1.0000
11189.mo	A	C	0.4698
11189.p1	A	C	0.4638
11189.s1	A	C	0.4605
11190.fa	C	C	1.0000
11190.mo	A	C	0.5232
11190.p1	A	C	0.4733
11190.s1	C	C	1.0000
11193.fa	C	C	1.0000
11193.mo	A	C	0.4984
11193.p1	C	C	1.0000
11193.s1	C	C	1.0000
11194.fa	A	A	0.0000
11194.mo	A	A	0.0000
11194.p1	A	A	0.0000
11194.s1	A	A	0.0000
11195.fa	A	A	0.0065
11195.mo	A	C	0.5102
11195.p1	A	C	0.5206
11195.s1	A	A	0.0005
11196.fa	C	C	0.9895
11196.mo	C	C	0.9977
11196.p1	C	C	1.0000
11196.s1	C	C	0.9964
11198.fa	C	C	0.9878
11198.mo	C	C	0.9985
11198.p1	C	C	1.0000
11198.s1	C	C	0.9978
11199.fa	A	C	0.4641
11199.mo	C	C	0.9990
11199.p1	C	C	0.9831
11199.s1	A	C	0.4747
11200.fa	C	C	0.9850
11200.mo	A	C	0.5239
11200.p1	A	C	0.5154
11200.s1	C	C	1.0000
11201.fa	A	C	0.5166
11201.mo	C	C	1.0000
11201.p1	A	C	0.5263
11201.s1	C	C	0.9966
11203.fa	A	A	0.0000
11203.mo	A	C	0.4979
11203.p1	A	A	0.0000
11203.s1	A	A	0.0000
11205.fa	A	C	0.5063
11205.mo	A	C	0.5357
11205.p1	A	A	0.0000
11205.s1	C	C	1.0000
11206.fa	A	C	0.5269
11206.mo	C	C	1.0000
11206.p1	C	C	1.0000
11206.s1	A	C	0.5050
11207.fa	A	A	0.0000
11207.mo	A	C	0.5135
11207.p1	A	C	0.4953
11207.s1	A	A	0.0027
11208.fa	C	C	1.0000
11208.mo	C	C	1.0000
11208.p1	C	C	1.0000
11208.s1	C	C	1.0000
11212.fa	A	C	0.5068
11212.mo	A	C	0.4941
11212.p1	A	C	0.5275
11212.s1	C	C	1.0000
11214.fa	A	A	0.0000
11214.mo	A	A	0.0018
11214.p1	A	A	0.0000
11214.s1	A	A	0.0000
11215.fa	C	C	1.0000
11215.mo	A	A	0.0031
11215.p1	A	C	0.5193
11215.s1	A	C	0.5307
11216.fa	A	C	0.4864
11216.mo	C	C	1.0000
11216.p1	C	C	1.0000
11216.s1	A	C	0.5106
11218.fa	A	C	0.5212
11218.mo	A	C	0.5309
11218.p1	A	C	0.5043
11218.s1	A	A	0.0008
11219.fa	C	C	0.9868
11219.mo	A	A	0.0021
11219.p1	A	C	0.5022
11219.s1	A	C	0.5166
11220.fa	A	C	0.5135
11220.mo	A	A	0.0071
11220.p1	A	A	0.0000
11220.s1	A	C	0.5022
11223.fa	C	C	0.9996
11223.mo	A	C	0.5003
11223.p1	A	C	0.5266
11224.fa	A	C	0.4832
11224.mo	A	A	0.0000
11224.p1	A	C	0.5010
11224.s1	A	C	0.4923
11225.fa	A	C	0.5111
11225.mo	A	A	0.0050
11225.p1	A	A	0.0000
11225.s1	A	C	0.5044
11227.fa	A	C	0.4970
11227.mo	A	C	0.5442
11227.p1	A	A	0.0000
11227.s1	A	C	0.5154
11227.s3	A	C	0.5039
11229.fa	A	A	0.0000
11229.mo	C	C	1.0000
11229.p1	A	C	0.4674
11229.s1	A	C	0.4738
11230.fa	A	C	0.5069
11230.mo	C	C	1.0000
11230.p1	A	C	0.4875
11230.s1	A	C	0.5054
11230.s2	C	C	1.0000
11232.fa	A	A	0.0084
11232.mo	C	C	0.9973
11232.p1	A	C	0.4845
11232.s1	A	C	0.5172
11233.fa	A	C	0.5062
11233.mo	A	C	0.5322
11233.p1	A	C	0.5152
11233.s1	A	C	0.4860
11234.fa	C	C	1.0000
11234.mo	A	A	0.0000
11234.p1	A	C	0.5239
11234.s1	A	C	0.4916
11234.s2	A	C	0.5161
11235.fa	C	C	1.0000
11235.mo	A	A	0.0021
11235.p1	A	C	0.5007
11235.s1	A	C	0.5033
11237.fa	A	A	0.0000
11237.mo	A	A	0.0000
11237.p1	A	A	0.0133
11237.s1	A	A	0.0000
11239.fa	C	C	0.9987
11239.mo	A	C	0.5232
11239.p1	A	C	0.5333
11239.s1	C	C	0.9955
11242.fa	C	C	1.0000
11242.mo	A	A	0.0003
11242.p1	A	C	0.5104
11242.s1	A	C	0.4808
11245.fa	C	C	1.0000
11245.mo	C	C	1.0000
11245.p1	C	C	0.9846
11245.s1	C	C	1.0000
11246.fa	A	A	0.0026
11246.mo	A	C	0.5048
11246.p1	A	A	0.0000
11246.s1	A	A	0.0000
11246.s2	A	A	0.0000
11247.fa	C	C	1.0000
11247.mo	A	C	0.4810
11247.p1	A	C	0.5025
11247.s1	C	C	0.9959
11250.fa	A	C	0.5186
11250.mo	A	A	0.0027
11250.p1	A	C	0.5371
11250.s1	A	C	0.5190
11251.fa	C	C	0.9985
11251.mo	A	C	0.5162
11251.p1	A	C	0.4769
11251.s1	C	C	1.0000
11252.fa	A	A	0.0000
11252.mo	A	C	0.5188
11252.p1	A	C	0.4752
11252.s1	A	C	0.4898
11252.s2	A	A	0.0182
11254.fa	C	C	1.0000
11254.mo	C	C	0.9951
11254.p1	C	C	0.9960
11254.s1	C	C	1.0000
11256.fa	C	C	1.0000
11256.mo	A	C	0.5006
11256.p1	A	C	0.5238
11256.s1	C	C	0.9999
11257.fa	C	C	0.9975
11257.mo	C	C	0.9869
11257.p1	C	C	0.9952
11257.s1	C	C	0.9994
11258.fa	A	C	0.5095
11258.mo	A	A	0.0066
11258.p1	A	A	0.0023
11258.s1	A	C	0.4904
11262.fa	A	C	0.5153
11262.mo	A	C	0.5039
11262.p1	C	C	1.0000
11262.s1	A	A	0.0000
11263.fa	C	C	1.0000
11263.mo	A	C	0.5049
11263.p1	C	C	1.0000
11263.s1	A	C	0.4765
11264.fa	A	C	0.5318
11264.mo	A	A	0.0000
11264.p1	A	A	0.0000
11264.s1	A	A	0.0080
11264.s2	A	A	0.0009
11265.fa	A	C	0.4818
11265.mo	A	C	0.5238
11265.p1	C	C	1.0000
11265.s1	C	C	0.9974
11265.s2	A	A	0.0024
11265.s3	A	A	0.0027
11267.fa	A	C	0.5128
11267.mo	A	A	0.0000
11267.p1	A	C	0.4964
11267.s1	A	C	0.5012
11274.fa	A	C	0.5075
11274.mo	A	C	0.5315
11274.p1	A	C	0.5202
11274.s1	A	C	0.5177
11275.fa	A	C	0.5015
11275.mo	A	C	0.5239
11275.p1	A	A	0.0005
11275.s1	C	C	1.0000
11280.fa	A	C	0.5085
11280.mo	A	A	0.0002
11280.p1	A	A	0.0041
11280.s1	A	C	0.5009
11280.s2	A	A	0.0000
11282.fa	A	C	0.5093
11282.mo	A	C	0.4955
11282.p1	C	C	1.0000
11282.s1	A	C	0.5395
11282.s2	A	C	0.5205
11282.s3	A	C	0.5396
11284.fa	A	A	0.0000
11284.mo	A	A	0.0000
11284.p1	A	A	0.0074
11284.s1	A	A	0.0008
11285.fa	A	C	0.5080
11285.mo	C	C	0.9892
11285.p1	C	C	1.0000
11285.s1	A	C	0.5194
11289.fa	A	C	0.4934
11289.mo	A	A	0.0000
11289.p1	A	A	0.0000
11289.s1	A	C	0.4643
11291.fa	A	C	0.5271
11291.mo	A	C	0.5143
11291.p1	A	C	0.5372
11291.s1	A	A	0.0024
11296.fa	A	C	0.5130
11296.mo	C	C	1.0000
11296.p1	A	C	0.5227
11296.s1	C	C	1.0000
11298.fa	C	C	1.0000
11298.mo	A	A	0.0043
11298.p1	A	C	0.5084
11298.s1	A	C	0.5464
11299.fa	A	C	0.5119
11299.mo	C	C	0.9954
11299.p1	A	C	0.5462
11299.s1	C	C	1.0000
11300.fa	A	C	0.4712
11300.mo	C	C	1.0000
11300.p1	A	C	0.4676
11300.s1	A	C	0.4778
11301.fa	A	C	0.4658
11301.mo	A	A	0.0000
11301.p1	A	C	0.4900
11301.s1	A	A	0.0000
11303.fa	A	C	0.4915
11303.mo	A	C	0.4871
11303.p1	A	C	0.4803
11303.s1	C	C	1.0000
11304.fa	C	C	1.0000
11304.mo	C	C	1.0000
11304.p1	C	C	1.0000
11304.s1	C	C	0.9866
11305.fa	A	C	0.5176
11305.mo	C	C	1.0000
11305.p1	A	C	0.5261
11305.s1	C	C	1.0000
11307.fa	A	C	0.4913
11307.mo	A	C	0.5094
11307.p1	A	C	0.4988
11307.s1	A	C	0.4903
11309.fa	A	C	0.5076
11309.mo	A	A	0.0082
11309.p1	A	C	0.4852
11309.s1	A	A	0.0000
11310.fa	A	A	0.0000
11310.mo	A	A	0.0000
11310.p1	A	A	0.0093
11310.s1	A	A	0.0000
11312.fa	A	C	0.5012
11312.mo	A	C	0.5087
11312.p1	A	C	0.5446
11312.s1	A	C	0.4913
11316.fa	C	C	0.9913
11316.mo	A	C	0.5205
11316.p1	C	C	1.0000
11316.s1	C	C	1.0000
11318.fa	A	C	0.5160
11318.mo	A	C	0.5047
11318.p1	A	C	0.5143
11318.s1	A	C	0.5032
11322.fa	A	C	0.5192
11322.mo	A	A	0.0034
11322.p1	A	C	0.4748
11323.fa	A	A	0.0070
11323.mo	A	C	0.5326
11323.p1	A	C	0.5520
11323.s1	A	C	0.5221
11323.s2	A	A	0.0053
11324.fa	A	A	0.0002
11324.mo	A	C	0.5181
11324.p1	A	C	0.5024
11324.p2	A	C	0.5154
11324.s1	A	A	0.0088
11325.fa	A	A	0.0047
11325.mo	A	C	0.5270
11325.p1	A	A	0.0000
11325.s1	A	A	0.0018
11327.fa	C	C	0.9981
11327.mo	A	C	0.5039
11327.p1	A	C	0.4874
11327.s1	A	C	0.4818
11328.fa	C	C	0.9968
11328.mo	A	C	0.5510
11328.p1	A	C	0.5114
11328.s1	A	C	0.5014
11329.fa	C	C	0.9986
11329.mo	A	A	0.0060
11329.p1	A	C	0.4750
11329.s1	A	C	0.5130
11331.fa	A	C	0.5071
11331.mo	A	A	0.0000
11331.p1	A	A	0.0000
11336.fa	C	C	0.9921
11336.mo	A	C	0.4896
11336.p1	C	C	1.0000
11336.s1	A	C	0.5111
11339.fa	A	C	0.5145
11339.mo	A	A	0.0000
11339.p1	A	A	0.0045
11339.s1	A	C	0.5230
11341.fa	C	C	1.0000
11341.mo	A	C	0.5013
11341.p1	C	C	0.9884
11341.s1	C	C	1.0000
11345.fa	C	C	1.0000
11345.mo	A	C	0.5181
11345.p1	A	C	0.4786
11345.s1	C	C	1.0000
11346.fa	A	C	0.4969
11346.mo	A	A	0.0000
11346.p1	A	C	0.4918
11346.s1	A	C	0.5135
11347.fa	A	C	0.4575
11347.mo	C	C	1.0000
11347.p1	C	C	1.0000
11347.s1	A	C	0.4929
11348.fa	C	C	0.9693
11348.mo	C	C	1.0000
11348.p1	C	C	1.0000
11348.s1	C	C	0.9904
11348.s2	C	C	1.0000
11349.fa	A	C	0.4841
11349.mo	A	A	0.0011
11349.p1	A	C	0.5306
11349.s1	A	A	0.0000
11350.fa	A	C	0.5112
11350.mo	A	A	0.0030
11350.p1	A	C	0.5169
11350.s1	A	C	0.5371
11352.fa	A	A	0.0088
11352.mo	A	C	0.5302
11352.p1	A	C	0.4934
11352.s1	A	A	0.0032
11353.fa	C	C	0.9912
11353.mo	A	C	0.4949
11353.p1	C	C	1.0000
11353.s1	C	C	1.0000
11355.fa	A	C	0.5050
11355.mo	A	C	0.5220
11355.p1	A	A	0.0000
11355.s1	A	C	0.4985
11356.fa	A	C	0.5201
11356.mo	C	C	1.0000
11356.p1	A	C	0.5168
11356.s1	A	C	0.5094
11357.fa	A	A	0.0019
11357.mo	A	A	0.0000
11357.p1	A	A	0.0032
11357.s1	A	A	0.0000
11359.fa	A	C	0.5554
11359.mo	A	C	0.4945
11359.p1	C	C	1.0000
11359.s1	A	C	0.5232
11360.fa	A	C	0.4791
11360.mo	A	C	0.5044
11360.p1	A	C	0.4947
11360.s1	A	A	0.0004
11364.fa	A	A	0.0007
11364.mo	A	A	0.0095
11364.p1	A	A	0.0002
11364.s1	A	A	0.0027
11365.fa	C	C	0.9897
11365.mo	A	A	0.0000
11365.p1	A	C	0.4732
11365.s1	A	C	0.4938
11366.fa	C	C	1.0000
11366.mo	A	C	0.5184
11366.p1	A	C	0.5135
11366.s1	C	C	0.9988
11368.fa	C	C	0.9999
11368.mo	A	A	0.0019
11368.p1	A	C	0.4806
11368.s1	A	C	0.5489
11369.fa	A	C	0.4510
11369.mo	A	C	0.4840
11369.p1	A	A	0.0113
11369.s1	C	C	0.9930
11370.fa	A	C	0.5192
11370.mo	A	A	0.0000
11370.p1	A	C	0.5024
11370.p2	A	C	0.5113
11371.fa	C	C	1.0000
11371.mo	A	C	0.4883
11371.p1	A	C	0.4714
11374.fa	C	C	1.0000
11374.mo	A	A	0.0000
11374.p1	A	C	0.5101
11374.s1	A	C	0.4336
11374.s2	A	C	0.5687
11375.fa	A	C	0.4963
11375.mo	A	C	0.5341
11375.p1	C	C	0.9998
11375.s1	A	C	0.4957
11376.fa	C	C	0.9996
11376.mo	A	C	0.5625
11376.p1	C	C	1.0000
11376.s1	A	C	0.4808
11377.fa	A	A	0.0013
11377.mo	A	C	0.5080
11377.p1	A	A	0.0005
11377.s1	A	A	0.0000
11378.fa	A	A	0.0018
11378.mo	A	A	0.0000
11378.p1	A	A	0.0036
11378.s1	A	A	0.0157
11379.fa	C	C	1.0000
11379.mo	C	C	1.0000
11379.p1	C	C	0.9959
11379.s1	C	C	0.9937
11381.fa	A	A	0.0011
11381.mo	A	C	0.5155
11381.p1	A	A	0.0080
11381.s1	A	A	0.0002
11382.fa	A	A	0.0000
11382.mo	A	C	0.4528
11382.p1	A	C	0.4438
11383.fa	C	C	0.9923
11383.mo	A	C	0.5173
11383.p1	A	C	0.5228
11383.s1	C	C	1.0000
11388.fa	A	C	0.5194
11388.mo	A	A	0.0000
11388.p1	A	A	0.0000
11388.s1	A	C	0.5367
11390.fa	A	A	0.0102
11390.mo	C	C	0.9992
11390.p1	A	C	0.5137
11390.s1	A	C	0.4900
11391.fa	A	C	0.4922
11391.mo	A	C	0.5015
11391.p1	A	C	0.5342
11391.s1	A	C	0.5338
11396.fa	A	A	0.0015
11396.mo	A	C	0.4782
11396.p1	A	C	0.5199
11396.s1	A	A	0.0038
11397.fa	A	A	0.0000
11397.mo	A	C	0.5635
11397.p1	A	C	0.5225
11397.s1	A	C	0.5142
11397.s2	A	C	0.5011
11398.fa	C	C	1.0000
11398.mo	C	C	1.0000
11398.p1	C	C	1.0000
11398.s1	C	C	0.9902
11399.fa	A	C	0.4980
11399.mo	C	C	0.9829
11399.p1	A	C	0.5056
11399.s1	C	C	0.9975
11401.fa	C	C	1.0000
11401.mo	A	C	0.4928
11401.p1	A	C	0.5118
11401.s1	C	C	1.0000
11404.fa	A	C	0.5033
11404.mo	A	C	0.5262
11404.p1	A	A	0.0000
11404.s1	A	C	0.5166
11409.fa	A	C	0.4841
11409.mo	C	C	1.0000
11409.p1	A	C	0.5242
11410.fa	A	C	0.5143
11410.mo	A	A	0.0340
11410.p1	A	A	0.0012
11410.s1	A	C	0.5016
11412.fa	A	A	0.0075
11412.mo	A	A	0.0000
11412.p1	A	A	0.0022
11412.s1	A	A	0.0000
11413.fa	A	A	0.0000
11413.mo	A	C	0.4992
11413.p1	A	A	0.0091
11413.s1	A	A	0.0000
11414.fa	A	A	0.0000
11414.mo	C	C	1.0000
11414.p1	A	C	0.4885
11414.s1	A	C	0.5236
11415.fa	A	A	0.0032
11415.mo	A	C	0.5148
11415.p1	A	C	0.5034
11415.s1	A	C	0.5055
11420.fa	A	A	0.0051
11420.mo	A	C	0.4977
11420.p1	A	A	0.0000
11420.s1	A	C	0.4876
11421.fa	A	C	0.4926
11421.mo	A	C	0.5042
11421.p1	A	C	0.4881
11421.s1	A	C	0.5142
11421.s2	A	A	0.0000
11422.fa	A	C	0.5126
11422.mo	C	C	0.9941
11422.p1	A	C	0.4861
11422.s1	A	C	0.4803
11424.fa	A	C	0.5105
11424.mo	A	C	0.4815
11424.p1	A	A	0.0017
11424.s1	A	A	0.0000
11425.fa	A	A	0.0001
11425.mo	C	C	1.0000
11425.p1	A	C	0.4987
11425.s1	A	C	0.5097
11428.fa	A	C	0.4937
11428.mo	A	C	0.4903
11428.p1	A	A	0.0000
11428.s1	A	C	0.5312
11429.fa	A	C	0.4851
11429.mo	C	C	1.0000
11429.p1	C	C	1.0000
11429.s1	A	C	0.5214
11429.s2	A	C	0.4937
11432.fa	A	C	0.4915
11432.mo	A	A	0.0000
11432.p1	A	C	0.5192
11432.s1	A	C	0.5233
11432.s2	A	C	0.5043
11435.fa	A	A	0.0001
11435.mo	C	C	1.0000
11435.p1	A	C	0.5190
11435.s1	A	C	0.5259
11436.fa	A	C	0.5061
11436.mo	A	C	0.4897
11436.p1	A	C	0.4985
11436.s1	A	A	0.0012
11437.fa	A	C	0.5141
11437.mo	A	A	0.0048
11437.p1	A	A	0.0021
11437.s1	A	C	0.5372
11437.s2	A	A	0.0000
11437.s3	A	C	0.5339
11437.s4	A	A	0.0123
11440.fa	C	C	1.0000
11440.mo	A	A	0.0000
11440.p1	A	C	0.5273
11440.s1	A	C	0.5048
11441.fa	A	C	0.5262
11441.mo	A	C	0.5194
11441.p1	C	C	0.9955
11441.s1	A	A	0.0090
11444.fa	C	C	1.0000
11444.mo	C	C	0.9998
11444.p1	C	C	1.0000
11444.s1	C	C	1.0000
11445.fa	C	C	1.0000
11445.mo	A	A	0.0068
11445.p1	A	C	0.5411
11445.s1	A	C	0.5072
11447.fa	C	C	0.9935
11447.mo	C	C	0.9787
11447.p1	C	C	1.0000
11447.s1	C	C	1.0000
11450.fa	A	C	0.4951
11450.mo	A	A	0.0000
11450.p1	A	C	0.5011
11450.s1	A	A	0.0000
11452.fa	A	C	0.4687
11452.mo	C	C	0.9948
11452.p1	A	C	0.4917
11452.s1	A	C	0.5319
11455.fa	C	C	0.9945
11455.mo	C	C	1.0000
11455.p1	C	C	1.0000
11455.s1	C	C	1.0000
11458.fa	C	C	0.9867
11458.mo	A	C	0.5021
11458.p1	C	C	1.0000
11458.s1	A	C	0.4522
11459.fa	A	C	0.5213
11459.mo	A	C	0.5217
11459.p1	C	C	1.0000
11459.s1	A	C	0.5104
11462.fa	A	C	0.4950
11462.mo	A	A	0.0020
11462.p1	A	A	0.0038
11462.s1	A	C	0.4734
11463.fa	C	C	1.0000
11463.mo	A	A	0.0043
11463.p1	A	C	0.5102
11463.s1	A	C	0.5494
11466.fa	A	A	0.0000
11466.mo	A	A	0.0000
11466.p1	A	A	0.0000
11466.s1	A	A	0.0000
11468.fa	A	C	0.4934
11468.mo	A	C	0.4970
11468.p1	C	C	1.0000
11469.fa	C	C	1.0000
11469.mo	A	A	0.0060
11469.p1	A	C	0.5067
11469.s1	A	C	0.5322
11471.fa	A	C	0.5463
11471.mo	C	C	0.9968
11471.p1	A	C	0.5239
11471.s1	A	C	0.5308
11471.s2	A	C	0.5431
11473.fa	A	C	0.4658
11473.mo	A	A	0.0004
11473.p1	A	A	0.0000
11473.s1	A	A	0.0000
11474.fa	A	C	0.4883
11474.mo	A	A	0.0044
11474.p1	A	A	0.0008
11474.s1	A	A	0.0026
11476.fa	C	C	1.0000
11476.mo	A	A	0.0037
11476.p1	A	C	0.5204
11476.s1	A	C	0.5006
11479.fa	C	C	1.0000
11479.mo	C	C	0.9871
11479.p1	C	C	1.0000
11479.s1	C	C	1.0000
11483.fa	C	C	0.9692
11483.mo	A	C	0.5212
11483.p1	A	C	0.5239
11483.s1	C	C	0.9888
11484.fa	A	A	0.0000
11484.mo	C	C	1.0000
11484.p1	A	C	0.5338
11484.s1	A	C	0.4937
11485.fa	A	C	0.4871
11485.mo	A	C	0.5159
11485.p1	A	A	0.0020
11485.s1	A	A	0.0086
11488.fa	A	C	0.4888
11488.mo	A	C	0.5064
11488.p1	A	C	0.4785
11488.s1	C	C	0.9964
11489.fa	C	C	1.0000
11489.mo	A	C	0.4996
11489.p1	A	C	0.4903
11489.s1	C	C	1.0000
11490.fa	A	C	0.5226
11490.mo	A	C	0.5276
11490.p1	C	C	1.0000
11490.s1	A	C	0.5074
11490.s2	A	A	0.0007
11490.s3	C	C	1.0000
11492.fa	A	C	0.4836
11492.mo	A	A	0.0087
11492.p1	A	A	0.0024
11492.s1	A	C	0.4534
11495.fa	A	C	0.4969
11495.mo	A	C	0.5176
11495.p1	C	C	1.0000
11495.s1	A	C	0.4842
11497.fa	A	A	0.0077
11497.mo	A	A	0.0013
11497.p1	A	A	0.0004
11498.fa	A	A	0.0000
11498.mo	A	C	0.5349
11498.p1	A	A	0.0000
11498.s1	A	C	0.5350
11499.fa	C	C	0.9993
11499.mo	A	A	0.0000
11499.p1	A	C	0.5230
11499.s1	A	C	0.5012
11501.fa	A	A	0.0000
11501.mo	C	C	1.0000
11501.p1	A	C	0.5137
11501.s1	A	C	0.5221
11501.s2	A	C	0.5275
11502.fa	A	A	0.0000
11502.mo	A	C	0.5155
11502.p1	A	A	0.0000
11502.s1	A	A	0.0000
11504.fa	A	C	0.4983
11504.mo	C	C	1.0000
11504.p1	C	C	1.0000
11504.s1	C	C	1.0000
11505.fa	A	C	0.4890
11505.mo	A	C	0.4905
11505.p1	A	C	0.4927
11505.s1	A	C	0.4810
11508.fa	A	C	0.5291
11508.mo	A	A	0.0025
11508.p1	A	A	0.0030
11509.fa	A	A	0.0046
11509.mo	C	C	1.0000
11509.p1	A	C	0.5125
11509.s1	A	C	0.5291
11510.fa	A	C	0.4520
11510.mo	A	C	0.5033
11510.p1	A	C	0.5236
11510.s1	A	A	0.0007
11511.fa	A	A	0.0052
11511.mo	C	C	0.9920
11511.p1	A	C	0.4796
11511.s1	A	C	0.5274
11512.fa	A	C	0.4507
11512.mo	C	C	1.0000
11512.p1	A	C	0.4934
11517.fa	C	C	0.9869
11517.mo	A	A	0.0067
11517.p1	A	C	0.5347
11519.fa	C	C	1.0000
11519.mo	C	C	0.9885
11519.p1	C	C	1.0000
11519.s1	C	C	0.9900
11520.fa	C	C	0.9949
11520.mo	A	A	0.0135
11520.p1	A	C	0.4869
11520.s1	A	C	0.5181
11521.fa	A	C	0.5176
11521.mo	A	C	0.4996
11521.p1	C	C	0.9988
11521.s1	A	C	0.5333
11522.fa	C	C	0.9964
11522.mo	A	C	0.5300
11522.p1	C	C	0.9889
11522.s1	C	C	1.0000
11522.s2	A	C	0.5193
11523.fa	A	C	0.4886
11523.mo	A	A	0.0000
11523.p1	A	A	0.0000
11523.s1	A	A	0.0000
11524.fa	A	C	0.4693
11524.mo	A	A	0.0034
11524.p1	A	A	0.0070
11524.s1	A	A	0.0000
11526.fa	A	A	0.0000
11526.mo	C	C	0.9992
11526.p1	A	C	0.4769
11526.s1	A	C	0.4702
11530.fa	A	C	0.4864
11530.mo	A	A	0.0000
11530.p1	A	A	0.0008
11530.s1	A	C	0.5198
11530.s2	A	C	0.5083
11536.fa	A	C	0.4886
11536.mo	A	C	0.5169
11536.p1	A	C	0.4841
11536.s1	A	C	0.5699
11537.fa	C	C	0.9986
11537.mo	A	C	0.4818
11537.p1	C	C	0.9988
11537.s1	C	C	0.9912
11540.fa	C	C	1.0000
11540.mo	A	C	0.5140
11540.p1	C	C	1.0000
11540.s1	A	C	0.5071
11542.fa	A	C	0.5125
11542.mo	A	C	0.4798
11542.p1	C	C	1.0000
11542.s1	A	A	0.0015
11544.fa	A	C	0.5103
11544.mo	C	C	0.9918
11544.p1	A	C	0.5267
11544.s1	A	C	0.5080
11545.fa	A	C	0.5125
11545.mo	A	C	0.5002
11545.p1	A	A	0.0018
11545.s1	A	A	0.0013
11546.fa	A	C	0.5440
11546.mo	A	A	0.0064
11546.p1	A	C	0.5230
11546.s1	A	A	0.0000
11547.fa	A	C	0.4790
11547.mo	C	C	1.0000
11547.p1	A	C	0.4906
11549.fa	C	C	0.9914
11549.mo	A	A	0.0053
11549.p1	A	C	0.4871
11549.s1	A	C	0.4875
11550.fa	A	C	0.4939
11550.mo	C	C	0.9945
11550.p1	C	C	1.0000
11550.s1	A	C	0.5435
11550.s2	C	C	1.0000
11551.fa	C	C	0.9932
11551.mo	A	A	0.0001
11551.p1	A	C	0.5206
11551.s1	A	C	0.5284
11551.s2	A	C	0.5017
11552.fa	A	C	0.5255
11552.mo	A	C	0.5499
11552.p1	C	C	1.0000
11552.s1	A	A	0.0134
11554.fa	C	C	0.9922
11554.mo	A	C	0.5042
11554.p1	A	C	0.4975
11554.s1	A	C	0.4977
11555.fa	A	A	0.0048
11555.mo	A	A	0.0042
11555.p1	A	A	0.0000
11556.fa	C	C	1.0000
11556.mo	A	A	0.0000
11556.p1	A	C	0.5036
11556.s1	A	C	0.5099
11557.fa	A	C	0.5064
11557.mo	A	C	0.5292
11557.p1	A	C	0.5010
11557.s1	A	C	0.4962
11557.s2	A	C	0.4981
11557.s3	A	C	0.5103
11558.fa	A	A	0.0017
11558.mo	A	C	0.4748
11558.p1	A	A	0.0043
11561.fa	A	C	0.4903
11561.mo	C	C	0.9933
11561.p1	C	C	0.9978
11561.s1	C	C	1.0000
11563.fa	A	C	0.5077
11563.mo	A	A	0.0005
11563.p1	A	A	0.0000
11563.s1	A	A	0.0029
11564.fa	C	C	1.0000
11564.mo	A	C	0.5355
11564.p1	C	C	1.0000
11564.s1	C	C	1.0000
11565.fa	C	C	0.9955
11565.mo	A	A	0.0055
11565.p1	A	C	0.4667
11565.s1	A	C	0.4864
11566.fa	A	C	0.4601
11566.mo	A	A	0.0000
11566.p1	A	C	0.5355
11568.fa	C	C	1.0000
11568.mo	C	C	0.9868
11568.p1	C	C	1.0000
11568.s1	C	C	0.9938
11569.fa	A	C	0.5138
11569.mo	A	C	0.5179
11569.p1	A	C	0.4986
11569.s1	C	C	0.9998
11575.fa	A	C	0.5026
11575.mo	C	C	0.9964
11575.p1	A	C	0.5165
11575.s1	A	C	0.5222
11577.fa	C	C	1.0000
11577.mo	A	C	0.5039
11577.p1	A	C	0.4936
11578.fa	A	A	0.0000
11578.mo	A	C	0.5226
11578.p1	A	C	0.5192
11578.s1	A	C	0.5044
11580.fa	A	C	0.5574
11580.mo	A	C	0.5273
11580.p1	A	C	0.5362
11580.s1	A	A	0.0000
11580.s2	C	C	1.0000
11581.fa	A	A	0.0000
11581.mo	A	C	0.5216
11581.p1	A	A	0.0000
11581.s1	A	A	0.0000
11583.fa	A	C	0.5086
11583.mo	A	C	0.5080
11583.p1	C	C	0.9868
11584.fa	C	C	1.0000
11584.mo	A	C	0.5431
11584.p1	C	C	1.0000
11584.s1	A	C	0.4873
11587.fa	A	C	0.5186
11587.mo	A	C	0.5221
11587.p1	A	C	0.5230
11587.s1	A	C	0.5226
11590.fa	C	C	0.9954
11590.mo	A	C	0.5002
11590.p1	A	C	0.4867
11590.s1	A	C	0.5129
11597.fa	C	C	0.9943
11597.mo	A	A	0.0000
11597.p1	A	C	0.5196
11597.s1	A	C	0.4933
11597.s2	A	C	0.5136
11598.fa	A	C	0.4658
11598.mo	A	C	0.5126
11598.p1	C	C	0.9973
11599.fa	A	C	0.5480
11599.mo	A	C	0.5085
11599.p1	A	C	0.5252
11599.s1	A	C	0.5047
11611.fa	C	C	0.9983
11611.mo	A	C	0.5050
11611.p1	A	C	0.5259
11641.fa	A	A	0.0033
11641.mo	A	C	0.5458
11641.p1	A	A	0.0000
11641.s1	A	A	0.0033
11676.fa	C	C	0.9947
11676.mo	C	C	1.0000
11676.p1	C	C	0.9966
11676.s1	C	C	1.0000
11696.fa	A	C	0.5141
11696.mo	A	C	0.5545
11696.p1	A	C	0.5053
11696.s1	A	A	0.0017
11698.fa	A	C	0.5284
11698.mo	A	C	0.5328
11698.p1	A	C	0.5098
12062.fa	A	C	0.5087
12062.mo	A	C	0.5277
12062.p1	A	C	0.5057
12062.s1	C	C	1.0000
12068.fa	A	C	0.5135
12068.mo	A	C	0.5232
12068.p1	A	C	0.4988
12068.s1	A	C	0.5220
12071.fa	A	C	0.4546
12071.mo	A	A	0.0000
12071.p1	A	A	0.0007
12071.s1	A	A	0.0004
11001.fa	A	A	0.0000
11001.mo	C	C	0.9925
11001.p1	A	C	0.4586
11018.fa	C	C	0.9994
11018.mo	A	C	0.4944
11018.p1	A	C	0.5060
11018.s1	C	C	0.9969
11025.fa	A	C	0.5321
11025.mo	A	C	0.5035
11025.p1	A	C	0.5005
11040.fa	C	C	1.0000
11040.mo	A	C	0.5112
11040.p1	C	C	1.0000
11040.s1	A	C	0.5129
11055.fa	C	C	1.0000
11055.mo	C	C	1.0000
11055.p1	C	C	1.0000
11055.s1	C	C	1.0000
11078.fa	C	C	1.0000
11078.mo	A	C	0.4870
11078.p1	C	C	1.0000
11078.s1	C	C	1.0000
11080.fa	A	C	0.5058
11080.mo	A	C	0.5081
11080.p1	A	C	0.4635
11087.fa	C	C	0.9892
11087.mo	A	C	0.5028
11087.p1	A	C	0.4765
11090.fa	A	C	0.5151
11090.mo	A	C	0.5240
11090.p1	C	C	1.0000
11090.s1	A	C	0.5322
11110.fa	A	C	0.4737
11110.mo	A	A	0.0000
11110.p1	A	A	0.0006
11110.s1	A	C	0.5115
11117.fa	A	C	0.4799
11117.mo	A	C	0.4849
11117.p1	A	C	0.5002
11117.s1	A	A	0.0221
11117.s2	A	C	0.4927
11117.s3	A	A	0.0056
11129.fa	C	C	0.9863
11129.mo	C	C	0.9804
11129.p1	C	C	0.9840
11133.fa	A	A	0.0166
11133.mo	C	C	0.9925
11133.p1	A	C	0.5217
11134.fa	A	C	0.5020
11134.mo	A	C	0.4981
11134.p1	A	A	0.0000
11145.fa	A	C	0.4887
11145.mo	A	C	0.5036
11145.p1	A	C	0.4611
11158.fa	C	C	0.9772
11158.mo	A	A	0.0041
11158.p1	A	C	0.4596
11158.s1	A	C	0.4612
11158.s2	A	C	0.4402
11161.fa	A	C	0.5229
11161.mo	A	C	0.5232
11161.p1	C	C	0.9985
11161.s1	A	C	0.5036
11165.fa	C	C	1.0000
11165.mo	A	A	0.0000
11165.p1	A	C	0.4774
11167.fa	C	C	0.9987
11167.mo	C	C	1.0000
11167.p1	C	C	1.0000
11167.s1	C	C	0.9939
11188.fa	A	A	0.0100
11188.mo	A	C	0.4965
11188.p1	A	A	0.0000
11202.fa	C	C	0.9994
11202.mo	A	A	0.0000
11202.p1	A	C	0.5029
11241.fa	A	C	0.4901
11241.mo	A	C	0.4873
11241.p1	A	C	0.4941
11241.s1	A	C	0.5117
11241.s2	A	C	0.4682
11249.fa	A	C	0.5174
11249.mo	A	C	0.4898
11249.p1	A	A	0.0000
11266.fa	C	C	0.9974
11266.mo	A	C	0.5077
11266.p1	A	C	0.4931
11266.s1	A	C	0.5044
11266.s2	A	C	0.4716
11270.fa	A	C	0.5139
11270.mo	A	A	0.0000
11270.p1	A	A	0.0000
11270.s1	A	C	0.5040
11276.fa	A	A	0.0000
11276.mo	C	C	1.0000
11276.p1	A	C	0.5085
11276.s1	A	C	0.4877
11277.fa	C	C	1.0000
11277.mo	A	A	0.0000
11277.p1	A	C	0.5172
11277.s1	A	C	0.5132
11283.fa	A	A	0.0021
11283.mo	C	C	0.9862
11283.p1	A	C	0.5081
11290.fa	C	C	0.9829
11290.mo	C	C	0.9995
11290.p1	C	C	0.9934
11290.s1	C	C	1.0000
11290.s2	C	C	0.9968
11290.s3	C	C	0.9900
11294.fa	C	C	0.9875
11294.mo	A	C	0.4860
11294.p1	C	C	0.9999
11297.fa	C	C	1.0000
11297.mo	C	C	1.0000
11297.p1	C	C	1.0000
11308.fa	A	A	0.0000
11308.mo	A	C	0.5164
11308.p1	A	A	0.0000
11321.fa	A	C	0.4888
11321.mo	A	A	0.0000
11321.p1	A	A	0.0000
11321.s1	A	C	0.5038
11330.fa	A	C	0.4757
11330.mo	A	C	0.4995
11330.p1	A	A	0.0000
11330.s1	A	C	0.4665
11330.s2	C	C	0.9847
11333.fa	A	C	0.4896
11333.mo	A	C	0.4931
11333.p1	C	C	0.9808
11333.s1	C	C	0.9824
11343.fa	A	C	0.4965
11343.mo	C	C	0.9904
11343.p1	C	C	0.9852
11367.fa	A	C	0.5147
11367.mo	C	C	0.9866
11367.p1	C	C	0.9882
11367.s1	A	C	0.5057
11372.fa	C	C	1.0000
11372.mo	A	A	0.0000
11372.p1	A	C	0.5028
11372.s1	A	C	0.5149
11387.fa	A	A	0.0000
11387.mo	A	C	0.4685
11387.p1	A	C	0.4710
11393.fa	C	C	0.9875
11393.mo	A	C	0.4984
11393.p1	C	C	0.9949
11393.s1	C	C	1.0000
11393.s2	C	C	1.0000
11394.fa	C	C	0.9784
11394.mo	C	C	0.9760
11394.p1	C	C	0.9709
11400.fa	C	C	0.9948
11400.mo	A	A	0.0023
11400.p1	A	C	0.5210
11400.s1	A	C	0.5421
11407.fa	A	A	0.0071
11407.mo	A	C	0.5306
11407.p1	A	C	0.5199
11407.s1	A	C	0.5223
11433.fa	A	C	0.5056
11433.mo	A	C	0.5155
11433.p1	A	C	0.5222
11433.s1	A	C	0.5091
11439.fa	A	C	0.4909
11439.mo	A	C	0.5106
11439.p1	C	C	0.9875
11439.s1	A	C	0.4842
11446.fa	A	A	0.0000
11446.mo	A	A	0.0000
11446.p1	A	A	0.0000
11446.s1	A	A	0.0000
11453.fa	A	C	0.5047
11453.mo	A	A	0.0000
11453.p1	A	C	0.5133
11453.s1	A	C	0.4892
11456.fa	C	C	0.9975
11456.mo	C	C	0.9986
11456.p1	C	C	1.0000
11456.s1	C	C	1.0000
11464.fa	A	C	0.4964
11464.mo	A	A	0.0000
11464.p1	A	C	0.5132
11465.fa	A	C	0.4742
11465.mo	A	A	0.0000
11465.p1	A	A	0.0029
11470.fa	A	C	0.4781
11470.mo	A	A	0.0000
11470.p1	A	A	0.0000
11470.s1	A	C	0.5020
11470.s3	A	C	0.4826
11472.fa	A	C	0.5176
11472.mo	A	C	0.5097
11472.p1	A	C	0.5045
11472.s1	A	A	0.0035
11480.fa	C	C	0.9882
11480.mo	C	C	0.9968
11480.p1	C	C	0.9970
11480.s1	C	C	0.9960
11491.fa	A	A	0.0028
11491.mo	C	C	0.9946
11491.p1	A	C	0.4908
11491.s1	A	C	0.5154
11494.fa	A	C	0.4795
11494.mo	A	C	0.5010
11494.p1	A	C	0.4862
11494.s1	A	A	0.0000
11516.fa	A	A	0.0000
11516.mo	A	C	0.5033
11516.p1	A	A	0.0000
11516.s1	A	A	0.0000
11518.fa	A	A	0.0034
11518.mo	A	A	0.0059
11518.p1	A	A	0.0000
11518.s1	A	A	0.0011
11532.fa	C	C	1.0000
11532.mo	A	C	0.4763
11532.p1	A	C	0.5024
11532.s1	A	C	0.4904
11538.fa	A	C	0.4748
11538.mo	A	C	0.5115
11538.p1	A	C	0.4989
11538.s1	A	C	0.5075
11543.fa	A	C	0.4450
11543.mo	C	C	1.0000
11543.p1	C	C	0.9998
11543.s1	C	C	1.0000
11567.fa	A	A	0.0000
11567.mo	A	C	0.4557
11567.p1	A	A	0.0005
11567.s1	A	A	0.0050
11571.fa	A	C	0.4737
11571.mo	C	C	0.9995
11571.p1	A	C	0.5073
11571.s1	A	C	0.4930
11573.fa	A	C	0.4625
11573.mo	A	C	0.5114
11573.p1	A	A	0.0000
11573.s1	A	C	0.4962
11592.fa	A	C	0.4760
11592.mo	C	C	0.9874
11592.p1	A	C	0.4777
11592.s1	C	C	0.9973
11600.fa	A	C	0.5045
11600.mo	A	A	0.0000
11600.p1	A	A	0.0000
11600.s1	A	A	0.0000
11601.fa	A	C	0.4808
11601.mo	A	A	0.0069
11601.p1	A	A	0.0000
11601.s1	A	A	0.0000
11601.s3	A	C	0.4875
11604.fa	C	C	1.0000
11604.mo	A	C	0.5059
11604.p1	A	C	0.4721
11608.fa	C	C	1.0000
11608.mo	C	C	0.9870
11608.p1	C	C	1.0000
11608.s1	C	C	1.0000
11609.fa	A	C	0.4622
11609.mo	C	C	1.0000
11609.p1	C	C	0.9934
11610.fa	C	C	1.0000
11610.mo	C	C	0.9961
11610.p1	C	C	1.0000
11610.s1	C	C	0.9982
11612.fa	A	A	0.0080
11612.mo	C	C	0.9954
11612.p1	A	C	0.4961
11615.fa	A	C	0.5101
11615.mo	A	C	0.4892
11615.p1	C	C	1.0000
11615.s1	A	C	0.4848
11616.fa	A	C	0.5120
11616.mo	C	C	1.0000
11616.p1	A	C	0.5119
11616.s1	A	C	0.4777
11617.fa	A	A	0.0054
11617.mo	C	C	0.9928
11617.p1	A	C	0.4696
11619.fa	A	C	0.4861
11619.mo	A	C	0.4903
11619.p1	A	C	0.4735
11620.fa	A	C	0.5078
11620.mo	A	A	0.0000
11620.p1	A	C	0.5110
11620.s1	A	C	0.5012
11621.fa	A	C	0.4990
11621.mo	C	C	0.9800
11621.p1	C	C	0.9904
11622.fa	A	C	0.5163
11622.mo	A	A	0.0000
11622.p1	A	A	0.0000
11622.s1	A	A	0.0000
11625.fa	A	C	0.4986
11625.mo	C	C	1.0000
11625.p1	A	C	0.4974
11625.s1	A	C	0.5161
11627.fa	A	A	0.0075
11627.mo	A	C	0.4768
11627.p1	A	A	0.0000
11627.s1	A	C	0.5277
11629.fa	A	A	0.0000
11629.mo	A	C	0.4821
11629.p1	A	C	0.5044
11629.s1	A	A	0.0000
11630.fa	A	A	0.0073
11630.mo	A	A	0.0016
11630.p1	A	A	0.0000
11630.s1	A	A	0.0000
11630.s2	A	A	0.0000
11630.s3	A	A	0.0000
11634.fa	A	C	0.4684
11634.mo	A	C	0.4812
11634.p1	C	C	0.9855
11634.s1	A	A	0.0000
11638.fa	A	C	0.5051
11638.mo	A	C	0.5109
11638.p1	A	C	0.5111
11638.s1	A	C	0.4564
11642.fa	A	A	0.0000
11642.mo	A	C	0.4994
11642.p1	A	A	0.0000
11642.s1	A	C	0.5150
11644.fa	C	C	0.9731
11644.mo	A	C	0.5233
11644.p1	A	C	0.5224
11644.s1	C	C	0.9807
11645.fa	A	C	0.5052
11645.mo	A	C	0.4781
11645.p1	A	A	0.0000
11645.s1	A	C	0.4942
11651.fa	C	C	0.9965
11651.mo	A	C	0.5078
11651.p1	C	C	0.9811
11651.s1	C	C	1.0000
11653.fa	C	C	1.0000
11653.mo	A	A	0.0000
11653.p1	A	C	0.4923
11653.s1	A	C	0.5135
11654.fa	A	A	0.0000
11654.mo	A	A	0.0040
11654.p1	A	A	0.0000
11654.s1	A	A	0.0000
11657.fa	A	C	0.5079
11657.mo	A	C	0.5035
11657.p1	C	C	0.9862
11657.s1	A	A	0.0010
11659.fa	C	C	0.9900
11659.mo	A	A	0.0000
11659.p1	A	C	0.5023
11659.s1	A	C	0.5278
11660.fa	A	A	0.0000
11660.mo	A	A	0.0000
11660.p1	A	A	0.0037
11664.fa	A	C	0.4881
11664.mo	A	A	0.0000
11664.p1	A	A	0.0000
11664.p2	A	A	0.0000
11664.s2	A	C	0.4929
11665.fa	C	C	0.9972
11665.mo	C	C	1.0000
11665.p1	C	C	1.0000
11665.s1	C	C	1.0000
11666.fa	A	C	0.4909
11666.mo	C	C	1.0000
11666.p1	A	C	0.4683
11666.s1	C	C	0.9923
11667.fa	C	C	0.9882
11667.mo	C	C	0.9720
11667.p1	C	C	0.9826
11667.s1	C	C	0.9899
11673.fa	A	C	0.5264
11673.mo	C	C	0.9998
11673.p1	C	C	0.9943
11673.s1	A	C	0.5066
11677.fa	C	C	1.0000
11677.mo	A	A	0.0004
11677.p1	A	C	0.5191
11677.s1	A	C	0.5337
11679.fa	A	C	0.4971
11679.mo	A	C	0.5166
11679.p1	A	A	0.0000
11679.s1	A	C	0.4943
11680.fa	A	C	0.4771
11680.mo	A	C	0.4823
11680.p1	C	C	0.9541
11681.fa	A	C	0.4662
11681.mo	A	A	0.0000
11681.p1	A	A	0.0018
11685.fa	A	C	0.4888
11685.mo	A	C	0.4814
11685.p1	C	C	0.9896
11685.s1	A	C	0.5039
11689.fa	A	C	0.5109
11689.mo	A	C	0.4882
11689.p1	A	C	0.5009
11689.s2	A	C	0.4899
11691.fa	A	C	0.4836
11691.mo	C	C	0.9866
11691.p1	C	C	0.9826
11691.s1	A	C	0.4960
11693.fa	A	C	0.4691
11693.mo	A	C	0.4950
11693.p1	A	C	0.5106
11694.fa	A	C	0.5063
11694.mo	A	C	0.5007
11694.p1	A	C	0.4916
11694.s1	A	C	0.5013
11700.fa	C	C	0.9955
11700.mo	C	C	0.9916
11700.p1	C	C	0.9879
11700.s1	C	C	0.9929
11700.s2	C	C	0.9953
11704.fa	C	C	0.9886
11704.mo	A	C	0.4674
11704.p1	C	C	0.9955
11707.fa	A	C	0.5281
11707.mo	A	A	0.0000
11707.p1	A	A	0.0000
11707.s1	A	C	0.5065
11709.fa	A	C	0.4895
11709.mo	A	A	0.0000
11709.p1	A	A	0.0036
11710.fa	A	A	0.0017
11710.mo	A	C	0.4727
11710.p1	A	C	0.4901
11711.fa	A	C	0.4872
11711.mo	A	A	0.0032
11711.p1	A	C	0.4857
11711.s1	A	A	0.0000
11712.fa	A	C	0.4831
11712.mo	C	C	0.9857
11712.p1	A	C	0.4933
11712.s1	C	C	0.9979
11712.s2	C	C	0.9864
11714.fa	A	C	0.4911
11714.mo	C	C	0.9973
11714.p1	A	C	0.5038
11714.s1	A	C	0.5011
11715.fa	C	C	0.9972
11715.mo	A	C	0.5186
11715.p1	C	C	1.0000
11715.s1	C	C	1.0000
11716.fa	C	C	1.0000
11716.mo	A	C	0.5220
11716.p1	A	C	0.4927
11716.s1	C	C	1.0000
11718.fa	C	C	1.0000
11718.mo	A	A	0.0023
11718.p1	A	C	0.5096
11718.s1	A	C	0.5081
11720.fa	A	C	0.4633
11720.mo	C	C	0.9953
11720.p1	A	C	0.5023
11720.s1	A	C	0.4981
11720.s2	A	C	0.4771
11721.fa	A	C	0.5122
11721.mo	A	A	0.0000
11721.p1	A	A	0.0000
11721.s1	A	C	0.4999
11722.fa	A	A	0.0000
11722.mo	C	C	0.9881
11722.p1	A	C	0.5172
11722.s1	A	C	0.4876
11723.fa	A	C	0.5152
11723.mo	A	A	0.0000
11723.p1	A	A	0.0000
11723.s1	A	C	0.5056
11724.fa	C	C	1.0000
11724.mo	A	C	0.5197
11724.p1	A	C	0.5011
11724.s1	C	C	1.0000
11729.fa	C	C	1.0000
11729.mo	C	C	0.9827
11729.p1	C	C	1.0000
11729.s1	C	C	0.9957
11729.s2	C	C	1.0000
11730.fa	C	C	0.9822
11730.mo	A	C	0.5132
11730.p1	C	C	0.9947
11730.s1	C	C	0.9920
11731.fa	A	C	0.5095
11731.mo	A	C	0.5183
11731.p1	A	C	0.5176
11731.s1	C	C	1.0000
11733.fa	A	C	0.4754
11733.mo	C	C	0.9724
11733.p1	A	C	0.4966
11740.fa	C	C	0.9939
11740.mo	A	A	0.0000
11740.p1	A	C	0.4838
11740.s1	A	C	0.4857
11740.s2	A	C	0.4965
11753.fa	A	A	0.0000
11753.mo	A	C	0.5009
11753.p1	A	A	0.0089
11753.s1	A	C	0.5227
11765.fa	A	C	0.5095
11765.mo	A	C	0.5102
11765.p1	A	A	0.0000
11765.s1	A	A	0.0034
11766.fa	A	C	0.5138
11766.mo	A	C	0.5511
11766.p1	C	C	1.0000
11766.s1	A	C	0.5136
11768.fa	A	A	0.0040
11768.mo	A	C	0.5020
11768.p1	A	C	0.5129
11768.s1	A	C	0.4978
11773.fa	A	A	0.0000
11773.mo	A	C	0.5155
11773.p1	A	A	0.0000
11773.s1	A	C	0.5110
11775.fa	A	C	0.5173
11775.mo	A	A	0.0033
11775.p1	A	C	0.5176
11775.s1	A	A	0.0072
11776.fa	A	C	0.4808
11776.mo	A	C	0.4931
11776.p1	A	C	0.4999
11780.fa	A	C	0.4899
11780.mo	A	C	0.4641
11780.p1	C	C	1.0000
11781.fa	A	C	0.4947
11781.mo	A	C	0.4841
11781.p1	A	C	0.4559
11781.s2	A	C	0.4547
11782.fa	A	C	0.4479
11782.mo	A	C	0.4981
11782.p1	A	A	0.0000
11788.fa	C	C	0.9942
11788.mo	C	C	1.0000
11788.p1	C	C	0.9918
11788.s1	C	C	0.9920
11792.fa	A	A	0.0018
11792.mo	A	C	0.5148
11792.p1	A	A	0.0090
11792.s1	A	C	0.5214
11793.fa	A	C	0.5140
11793.mo	A	A	0.0000
11793.p1	A	A	0.0034
11793.s1	A	A	0.0000
11794.fa	C	C	0.9682
11794.mo	C	C	0.9870
11794.p1	C	C	1.0000
11794.s1	C	C	0.9896
11797.fa	A	A	0.0060
11797.mo	C	C	1.0000
11797.p1	A	C	0.4794
11797.s1	A	C	0.5140
11798.fa	A	C	0.5486
11798.mo	C	C	1.0000
11798.p1	A	C	0.5009
11798.s1	A	C	0.5305
11800.fa	A	C	0.5370
11800.mo	C	C	0.9995
11800.p1	C	C	1.0000
11804.fa	C	C	0.9975
11804.mo	C	C	0.9900
11804.p1	C	C	0.9909
11804.s1	C	C	1.0000
11806.fa	A	C	0.4804
11806.mo	C	C	0.9952
11806.p1	A	C	0.4906
11808.fa	C	C	1.0000
11808.mo	A	C	0.4956
11808.p1	A	C	0.5151
11808.s1	A	C	0.5123
11809.fa	C	C	1.0000
11809.mo	A	A	0.0000
11809.p1	A	C	0.5030
11809.s1	A	C	0.5154
11810.fa	A	C	0.4912
11810.mo	A	C	0.4818
11810.p1	A	A	0.0002
11810.s1	A	C	0.5155
11810.s2	A	A	0.0000
11811.fa	A	A	0.0000
11811.mo	A	A	0.0000
11811.p1	A	A	0.0000
11812.fa	A	C	0.4513
11812.mo	A	A	0.0017
11812.p1	A	A	0.0010
11812.s1	A	A	0.0091
11818.fa	C	C	0.9979
11818.mo	C	C	0.9992
11818.p1	C	C	1.0000
11818.s1	C	C	0.9974
11824.fa	C	C	0.9909
11824.mo	A	C	0.5088
11824.p1	C	C	0.9912
11824.s1	A	C	0.4714
11824.s2	C	C	0.9985
11824.s3	C	C	0.9816
11824.s4	C	C	0.9887
11825.fa	C	C	0.9962
11825.mo	C	C	0.9970
11825.p1	C	C	0.9866
11827.fa	A	A	0.0000
11827.mo	A	C	0.5117
11827.p1	A	C	0.4981
11827.s1	A	A	0.0028
11828.fa	C	C	0.9989
11828.mo	A	A	0.0008
11828.p1	A	C	0.5139
11828.s1	A	C	0.5255
11831.fa	A	A	0.0007
11831.mo	A	A	0.0000
11831.p1	A	A	0.0022
11831.s1	A	A	0.0101
11834.fa	A	A	0.0000
11834.mo	A	A	0.0028
11834.p1	A	A	0.0003
11834.s1	A	A	0.0070
11835.fa	A	C	0.4850
11835.mo	A	C	0.4810
11835.p1	A	C	0.5045
11835.s1	A	C	0.4837
11838.fa	A	A	0.0033
11838.mo	A	A	0.0000
11838.p1	A	A	0.0000
11838.s1	A	A	0.0079
11838.s2	A	A	0.0000
11839.fa	A	C	0.4851
11839.mo	C	C	1.0000
11839.p1	C	C	1.0000
11839.s1	C	C	0.9976
11841.fa	A	C	0.5136
11841.mo	A	C	0.4945
11841.p1	A	A	0.0000
11843.fa	A	C	0.5102
11843.mo	C	C	0.9995
11843.p1	A	C	0.5155
11843.s1	C	C	1.0000
11845.fa	A	C	0.5200
11845.mo	A	C	0.4948
11845.p1	A	A	0.0000
11845.s1	C	C	0.9938
11846.fa	A	C	0.4770
11846.mo	A	C	0.4896
11846.p1	A	C	0.5062
11851.fa	A	A	0.0000
11851.mo	C	C	0.9822
11851.p1	A	C	0.4726
11855.fa	A	A	0.0070
11855.mo	A	C	0.4804
11855.p1	A	C	0.5106
11855.s1	A	C	0.5159
11857.fa	A	A	0.0000
11857.mo	C	C	0.9956
11857.p1	A	C	0.5273
11857.s1	A	C	0.5016
11859.fa	A	C	0.5046
11859.mo	C	C	1.0000
11859.p1	C	C	1.0000
11860.fa	A	A	0.0024
11860.mo	C	C	0.9983
11860.p1	A	C	0.5177
11860.s1	A	C	0.5039
11863.fa	A	C	0.5288
11863.mo	C	C	1.0000
11863.p1	C	C	0.9905
11863.s1	C	C	0.9912
11868.fa	A	C	0.4882
11868.mo	A	C	0.4777
11868.p1	A	C	0.4638
11868.s1	A	C	0.4855
11869.fa	A	C	0.5130
11869.mo	A	A	0.0033
11869.p1	A	A	0.0000
11869.s1	A	A	0.0000
11872.fa	C	C	1.0000
11872.mo	A	C	0.5342
11872.p1	A	C	0.5219
11872.s1	A	C	0.5136
11878.fa	A	C	0.5143
11878.mo	C	C	1.0000
11878.p1	C	C	0.9985
11879.fa	C	C	0.9960
11879.mo	C	C	1.0000
11879.p1	C	C	1.0000
11879.s1	C	C	1.0000
11881.fa	C	C	1.0000
11881.mo	C	C	0.9986
11881.p1	C	C	0.9979
11881.s1	C	C	0.9989
11883.fa	A	C	0.5212
11883.mo	A	C	0.5402
11883.p1	A	C	0.5347
11883.s1	A	C	0.5039
11888.fa	C	C	1.0000
11888.mo	C	C	0.9966
11888.p1	C	C	0.9967
11888.s1	C	C	0.9908
11892.fa	A	C	0.4918
11892.mo	A	A	0.0000
11892.p1	A	A	0.0064
11892.s1	A	C	0.5043
11892.s2	A	A	0.0000
11893.fa	A	A	0.0020
11893.mo	A	A	0.0000
11893.p1	A	A	0.0000
11894.fa	A	C	0.4782
11894.mo	C	C	1.0000
11894.p1	A	C	0.5025
11894.s1	C	C	0.9939
11895.fa	A	C	0.5285
11895.mo	A	C	0.5450
11895.p1	A	A	0.0020
11895.s1	A	A	0.0060
11897.fa	A	C	0.5103
11897.mo	C	C	1.0000
11897.p1	C	C	0.9888
11897.s1	A	C	0.5168
11901.fa	C	C	1.0000
11901.mo	A	C	0.4940
11901.p1	A	C	0.5257
11901.s1	A	C	0.5128
11905.fa	A	C	0.4814
11905.mo	C	C	0.9907
11905.p1	C	C	0.9981
11905.s1	A	C	0.4740
11905.s3	C	C	1.0000
11905.s5	C	C	0.9950
11909.fa	C	C	1.0000
11909.mo	A	A	0.0049
11909.p1	A	C	0.5181
11909.s1	A	C	0.5217
11910.fa	C	C	0.9981
11910.mo	C	C	1.0000
11910.p1	C	C	0.9963
11913.fa	A	C	0.4949
11913.mo	C	C	0.9883
11913.p1	A	C	0.5035
11913.s1	A	C	0.4777
11914.fa	A	A	0.0000
11914.mo	A	A	0.0000
11914.p1	A	A	0.0000
11916.fa	A	C	0.5211
11916.mo	A	C	0.5111
11916.p1	A	C	0.5041
11916.s1	C	C	1.0000
11917.fa	C	C	0.9984
11917.mo	A	A	0.0070
11917.p1	A	C	0.4830
11917.s1	A	C	0.4737
11918.fa	A	C	0.4957
11918.mo	C	C	1.0000
11918.p1	C	C	1.0000
11918.s1	C	C	0.9869
11919.fa	A	A	0.0000
11919.mo	C	C	0.9799
11919.p1	A	C	0.5050
11919.s1	A	C	0.4527
11920.fa	A	C	0.4870
11920.mo	C	C	1.0000
11920.p1	C	C	1.0000
11920.s1	A	C	0.4852
11922.fa	A	C	0.4771
11922.mo	A	C	0.5078
11922.p1	A	C	0.4948
11922.s1	C	C	0.9993
11924.fa	A	A	0.0000
11924.mo	A	A	0.0000
11924.p1	A	A	0.0000
11924.s1	A	A	0.0000
11924.s2	A	A	0.0000
11928.fa	A	A	0.0000
11928.mo	A	C	0.5214
11928.p1	A	C	0.4905
11928.s1	A	C	0.4785
11928.s2	A	A	0.0017
11931.fa	C	C	0.9845
11931.mo	A	C	0.4999
11931.p1	A	C	0.4983
11931.s2	A	C	0.4976
11933.fa	A	C	0.5082
11933.mo	A	A	0.0000
11933.p1	A	C	0.4909
11933.s1	A	A	0.0020
11935.fa	C	C	1.0000
11935.mo	A	C	0.4785
11935.p1	C	C	1.0000
11935.s1	A	C	0.5138
11938.fa	A	C	0.5151
11938.mo	A	C	0.5094
11938.p1	A	A	0.0000
11939.fa	C	C	1.0000
11939.mo	A	A	0.0191
11939.p1	A	C	0.5060
11939.s1	A	C	0.5181
11940.fa	A	A	0.0039
11940.mo	C	C	0.9929
11940.p1	A	C	0.5103
11940.s1	A	C	0.5045
11941.fa	C	C	0.9806
11941.mo	A	C	0.4861
11941.p1	A	C	0.4841
11941.s1	A	C	0.5125
11942.fa	C	C	0.9913
11942.mo	C	C	0.9748
11942.p1	C	C	0.9909
11942.s1	C	C	0.9820
11942.s2	C	C	0.9854
11944.fa	C	C	0.9924
11944.mo	A	C	0.5096
11944.p1	C	C	0.9909
11944.s1	C	C	0.9891
11944.s2	C	C	0.9853
11946.fa	C	C	0.9980
11946.mo	A	A	0.0064
11946.p1	A	C	0.5320
11946.s1	A	C	0.5195
11947.fa	A	A	0.0034
11947.mo	A	A	0.0000
11947.p1	A	A	0.0029
11947.s1	A	A	0.0000
11948.fa	C	C	1.0000
11948.mo	C	C	1.0000
11948.p1	C	C	0.9965
11948.s1	C	C	1.0000
11954.fa	A	C	0.5188
11954.mo	A	C	0.4382
11954.p1	A	A	0.0032
11954.s1	A	A	0.0105
11957.fa	A	C	0.4736
11957.mo	A	C	0.5089
11957.p1	A	A	0.0000
11957.s1	A	A	0.0000
11959.fa	C	C	1.0000
11959.mo	A	C	0.4930
11959.p1	A	C	0.5061
11959.s1	A	C	0.5239
11962.fa	A	C	0.4863
11962.mo	C	C	1.0000
11962.p1	A	C	0.5127
11962.s1	A	C	0.5190
11963.fa	A	C	0.4862
11963.mo	A	C	0.4819
11963.p1	A	A	0.0000
11963.s1	A	C	0.5126
11964.fa	C	C	1.0000
11964.mo	A	C	0.5201
11964.p1	A	C	0.5142
11964.s1	C	C	1.0000
11966.fa	C	C	0.9877
11966.mo	A	C	0.5193
11966.p1	C	C	1.0000
11966.s1	A	C	0.5257
11969.fa	C	C	1.0000
11969.mo	A	A	0.0121
11969.p1	A	C	0.5132
11969.s1	A	C	0.5051
11970.fa	A	C	0.4657
11970.mo	A	C	0.4921
11970.p1	A	C	0.4855
11972.fa	A	C	0.4910
11972.mo	A	C	0.4853
11972.p1	A	A	0.0038
11972.s1	A	C	0.5195
11975.fa	A	C	0.5149
11975.mo	A	C	0.5206
11975.p1	A	C	0.5187
11978.fa	A	C	0.4670
11978.mo	A	A	0.0015
11978.p1	A	A	0.0000
11979.fa	A	C	0.4944
11979.mo	A	C	0.5321
11979.p1	A	A	0.0000
11979.s1	C	C	0.9837
11981.fa	A	C	0.5066
11981.mo	A	C	0.4859
11981.p1	A	A	0.0014
11981.s1	C	C	0.9934
11982.fa	A	C	0.4774
11982.mo	C	C	1.0000
11982.p1	C	C	0.9956
11982.s1	A	C	0.5323
11984.fa	A	C	0.4593
11984.mo	A	C	0.4839
11984.p1	A	C	0.4831
11984.s1	A	A	0.0097
11986.fa	A	C	0.4750
11986.mo	A	C	0.4990
11986.p1	A	A	0.0015
11986.s1	A	A	0.0000
11989.fa	A	C	0.4896
11989.mo	C	C	0.9953
11989.p1	A	C	0.4961
11989.s1	A	C	0.5127
11990.fa	A	C	0.4683
11990.mo	A	C	0.5104
11990.p1	A	C	0.5007
11990.s1	C	C	0.9941
11993.fa	A	A	0.0029
11993.mo	A	C	0.5031
11993.p1	A	A	0.0000
11993.s1	A	C	0.5108
11995.fa	A	C	0.4605
11995.mo	C	C	0.9834
11995.p1	A	C	0.5126
11996.fa	A	C	0.4996
11996.mo	C	C	0.9941
11996.p1	A	C	0.4903
11998.fa	A	A	0.0080
11998.mo	C	C	1.0000
11998.p1	A	C	0.5042
11998.s1	A	C	0.5261
12001.fa	A	C	0.4996
12001.mo	A	C	0.5195
12001.p1	A	C	0.5121
12001.s1	A	C	0.5105
12003.fa	C	C	0.9845
12003.mo	A	C	0.5151
12003.p1	C	C	0.9921
12006.fa	A	C	0.5249
12006.mo	A	C	0.5185
12006.p1	A	A	0.0000
12006.s1	A	C	0.5388
12007.fa	A	A	0.0000
12007.mo	A	C	0.5084
12007.p1	A	A	0.0000
12007.s1	A	C	0.4666
12008.fa	A	C	0.4972
12008.mo	C	C	0.9962
12008.p1	C	C	0.9968
12009.fa	C	C	1.0000
12009.mo	C	C	0.9966
12009.p1	C	C	0.9674
12010.fa	A	C	0.4778
12010.mo	C	C	0.9851
12010.p1	A	C	0.5030
12010.s1	A	C	0.5102
12011.fa	A	A	0.0000
12011.mo	A	A	0.0091
12011.p1	A	A	0.0090
12011.s1	A	A	0.0001
12014.fa	A	A	0.0000
12014.mo	A	A	0.0000
12014.p1	A	A	0.0018
12014.s1	A	A	0.0009
12015.fa	A	C	0.4749
12015.mo	A	C	0.5161
12015.p1	C	C	0.9972
12015.s1	C	C	0.9952
12019.fa	A	C	0.4966
12019.mo	A	C	0.5027
12019.p1	A	A	0.0112
12020.fa	C	C	0.9742
12020.mo	A	C	0.4980
12020.p1	A	C	0.4574
12020.s1	A	C	0.4902
12020.s2	A	C	0.5007
12025.fa	A	A	0.0030
12025.mo	A	C	0.4821
12025.p1	A	C	0.4802
12026.fa	A	C	0.4793
12026.mo	A	A	0.0000
12026.p1	A	C	0.4586
12028.fa	A	C	0.4704
12028.mo	C	C	0.9959
12028.p1	A	C	0.4798
12029.fa	C	C	1.0000
12029.mo	A	C	0.5052
12029.p1	C	C	1.0000
12029.s1	C	C	1.0000
12030.fa	A	C	0.5219
12030.mo	A	A	0.0050
12030.p1	A	A	0.0000
12030.s1	A	C	0.5155
12031.fa	A	C	0.5036
12031.mo	A	A	0.0000
12031.p1	A	A	0.0000
12032.fa	A	A	0.0001
12032.mo	A	C	0.4907
12032.p1	A	A	0.0023
12032.s1	A	C	0.5199
12033.fa	C	C	1.0000
12033.mo	A	A	0.0030
12033.p1	A	C	0.4824
12033.s1	A	C	0.5321
12036.fa	A	C	0.5030
12036.mo	A	C	0.5018
12036.p1	C	C	0.9688
12036.s1	A	C	0.5036
12037.fa	A	A	0.0000
12037.mo	A	C	0.4997
12037.p1	A	A	0.0000
12037.s1	A	A	0.0070
12038.fa	A	C	0.4882
12038.mo	A	C	0.4357
12038.p1	A	C	0.4906
12041.fa	A	C	0.4887
12041.mo	C	C	0.9663
12041.p1	C	C	0.9800
12041.s1	A	C	0.5157
12044.fa	A	A	0.0000
12044.mo	A	C	0.4969
12044.p1	A	A	0.0000
12044.s1	A	C	0.5038
12046.fa	C	C	1.0000
12046.mo	A	C	0.4736
12046.p1	C	C	0.9943
12048.fa	C	C	1.0000
12048.mo	A	C	0.5213
12048.p1	A	C	0.4826
12048.s1	C	C	0.9954
12050.fa	A	C	0.4949
12050.mo	A	C	0.5151
12050.p1	A	C	0.5046
12052.fa	A	C	0.4813
12052.mo	A	C	0.4989
12052.p1	A	C	0.4895
12052.s1	C	C	1.0000
12053.fa	A	A	0.0124
12053.mo	A	A	0.0000
12053.p1	A	A	0.0021
12053.s1	A	A	0.0028
12055.fa	A	C	0.5178
12055.mo	A	A	0.0000
12055.p1	A	A	0.0074
12055.s1	A	A	0.0025
12056.fa	A	C	0.5129
12056.mo	C	C	0.9900
12056.p1	C	C	0.9738
12056.s1	C	C	0.9838
12057.fa	A	A	0.0009
12057.mo	A	A	0.0012
12057.p1	A	A	0.0000
12057.s1	A	A	0.0000
12058.fa	A	C	0.4806
12058.mo	A	C	0.4759
12058.p1	A	A	0.0000
12060.fa	A	C	0.5066
12060.mo	C	C	1.0000
12060.p1	A	C	0.4904
12060.s1	C	C	1.0000
12061.fa	A	C	0.4903
12061.mo	A	C	0.5028
12061.p1	A	A	0.0000
12061.s1	C	C	0.9928
12063.fa	A	C	0.4877
12063.mo	C	C	0.9910
12063.p1	C	C	0.9904
12063.s1	A	C	0.5138
12065.fa	A	C	0.4945
12065.mo	A	C	0.5156
12065.p1	C	C	0.9960
12065.s1	A	C	0.4664
12065.s2	A	C	0.5035
12066.fa	A	C	0.5158
12066.mo	A	C	0.4925
12066.p1	A	A	0.0000
12070.fa	A	C	0.5118
12070.mo	C	C	1.0000
12070.p1	C	C	0.9972
12072.fa	C	C	0.9978
12072.mo	C	C	0.9935
12072.p1	C	C	1.0000
12072.s1	C	C	1.0000
12073.fa	A	A	0.0094
12073.mo	A	C	0.5193
12073.p1	A	A	0.0000
12073.s1	A	C	0.4817
12073.s2	A	C	0.4873
12074.fa	C	C	1.0000
12074.mo	A	C	0.4663
12074.p1	A	C	0.5125
12076.fa	A	A	0.0003
12076.mo	A	A	0.0001
12076.p1	A	A	0.0000
12076.s1	A	A	0.0000
12077.fa	A	C	0.4929
12077.mo	A	A	0.0000
12077.p1	A	A	0.0000
12078.fa	A	C	0.5077
12078.mo	A	A	0.0077
12078.p1	A	A	0.0072
12078.s1	A	C	0.5020
12081.fa	A	C	0.4670
12081.mo	A	C	0.4563
12081.p1	A	C	0.4934
12083.fa	A	C	0.5085
12083.mo	A	C	0.4963
12083.p1	C	C	0.9994
12083.s1	A	A	0.0011
12086.fa	A	C	0.5105
12086.mo	C	C	1.0000
12086.p1	A	C	0.4722
12086.s1	A	C	0.4346
12087.fa	C	C	0.9955
12087.mo	C	C	0.9774
12087.p1	C	C	1.0000
12091.fa	A	C	0.4937
12091.mo	C	C	1.0000
12091.p1	C	C	1.0000
12091.s1	A	C	0.5053
12093.fa	A	C	0.4719
12093.mo	A	C	0.5034
12093.p1	A	A	0.0089
12096.fa	A	C	0.5131
12096.mo	C	C	0.9982
12096.p1	C	C	0.9952
12096.s1	A	C	0.5077
12096.s2	A	C	0.4860
12097.fa	C	C	0.9974
12097.mo	C	C	0.9995
12097.p1	C	C	0.9843
12099.fa	A	A	0.0039
12099.mo	A	C	0.4899
12099.p1	A	A	0.0079
12099.s1	A	C	0.5031
12100.fa	C	C	1.0000
12100.mo	A	C	0.5085
12100.p1	A	C	0.4909
12100.s1	C	C	0.9725
12101.fa	A	C	0.5075
12101.mo	A	A	0.0086
12101.p1	A	A	0.0036
12101.s1	A	C	0.5264
12102.fa	C	C	0.9532
12102.mo	A	C	0.4623
12102.p1	A	C	0.4411
12103.fa	C	C	0.9813
12103.mo	A	C	0.5061
12103.p1	C	C	0.9621
12108.fa	A	A	0.0000
12108.mo	A	A	0.0000
12108.p1	A	A	0.0000
12108.s1	A	A	0.0013
12113.fa	A	C	0.4738
12113.mo	A	C	0.5056
12113.p1	C	C	1.0000
12113.s1	A	C	0.4817
12114.fa	A	C	0.5312
12114.mo	C	C	0.9694
12114.p1	A	C	0.4930
12115.fa	C	C	0.9917
12115.mo	C	C	0.9929
12115.p1	C	C	0.9653
12115.s1	C	C	0.9746
12117.fa	A	A	0.0029
12117.mo	C	C	0.9869
12117.p1	A	C	0.5087
12117.s1	A	C	0.5116
12118.fa	A	C	0.5114
12118.mo	A	C	0.5240
12118.p1	A	C	0.5274
12118.s1	C	C	1.0000
12119.fa	A	A	0.0076
12119.mo	A	C	0.4969
12119.p1	A	A	0.0043
12120.fa	A	C	0.4558
12120.mo	A	C	0.4710
12120.p1	A	C	0.4667
12120.s1	A	C	0.4818
12120.s2	A	C	0.4396
12121.fa	C	C	1.0000
12121.mo	C	C	0.9982
12121.p1	C	C	1.0000
12121.s1	C	C	1.0000
12130.fa	A	C	0.5325
12130.mo	A	C	0.5220
12130.p1	C	C	1.0000
12130.s1	A	A	0.0000
12132.fa	A	C	0.4724
12132.mo	A	C	0.4685
12132.p1	A	C	0.4748
12132.s1	A	A	0.0000
12132.s2	A	C	0.4608
12132.s3	C	C	1.0000
12137.fa	C	C	1.0000
12137.mo	A	C	0.4770
12137.p1	A	C	0.4785
12139.fa	A	C	0.5256
12139.mo	A	A	0.0063
12139.p1	A	C	0.5100
12149.fa	A	C	0.4684
12149.mo	A	C	0.5023
12149.p1	C	C	0.9897
12150.fa	C	C	0.9984
12150.mo	C	C	0.9888
12150.p1	C	C	0.9990
12150.s1	C	C	0.9915
12152.fa	A	C	0.4947
12152.mo	A	A	0.0000
12152.p1	A	C	0.4708
12152.s1	A	C	0.4502
12152.s2	A	C	0.4776
12153.fa	A	A	0.0000
12153.mo	A	C	0.4811
12153.p1	A	A	0.0000
12153.s1	A	A	0.0000
12154.fa	C	C	0.9999
12154.mo	A	A	0.0048
12154.p1	A	C	0.5178
12154.s1	A	C	0.5137
12157.fa	C	C	1.0000
12157.mo	C	C	1.0000
12157.p1	C	C	0.9989
12157.s1	C	C	0.9990
12157.s2	C	C	1.0000
12158.fa	A	C	0.5062
12158.mo	C	C	0.9916
12158.p1	A	C	0.5204
12159.fa	A	C	0.5082
12159.mo	A	C	0.5278
12159.p1	A	C	0.5110
12159.s1	A	C	0.5112
12160.fa	A	C	0.4726
12160.mo	A	C	0.4894
12160.p1	A	C	0.4907
12160.s1	A	A	0.0000
12161.fa	A	C	0.5160
12161.mo	C	C	0.9975
12161.p1	A	C	0.5155
12161.s1	A	C	0.5364
12162.fa	A	C	0.4937
12162.mo	A	C	0.5153
12162.p1	A	C	0.4875
12162.s1	A	C	0.4957
12164.fa	A	A	0.0003
12164.mo	C	C	0.9975
12164.p1	A	C	0.5202
12170.fa	A	C	0.5251
12170.mo	A	A	0.0000
12170.p1	A	C	0.5114
12170.s1	A	A	0.0058
12173.fa	A	A	0.0000
12173.mo	C	C	1.0000
12173.p1	A	C	0.5048
12173.s1	A	C	0.5197
12175.fa	A	C	0.4768
12175.mo	C	C	0.9948
12175.p1	A	C	0.4990
12175.s1	A	C	0.4772
12180.fa	A	C	0.5079
12180.mo	A	C	0.4786
12180.p1	A	A	0.0000
12180.s1	A	C	0.5131
12184.fa	A	C	0.5185
12184.mo	C	C	1.0000
12184.p1	C	C	1.0000
12184.s1	C	C	1.0000
12185.fa	A	C	0.4881
12185.mo	A	A	0.0000
12185.p1	A	A	0.0000
12185.s1	A	A	0.0000
12187.fa	A	C	0.5076
12187.mo	C	C	0.9969
12187.p1	A	C	0.5033
12187.s1	A	C	0.5070
12189.fa	C	C	1.0000
12189.mo	A	C	0.5006
12189.p1	C	C	0.9986
12189.s1	A	C	0.5104
12192.fa	A	A	0.0000
12192.mo	A	A	0.0000
12192.p1	A	A	0.0000
12194.fa	C	C	1.0000
12194.mo	A	A	0.0030
12194.p1	A	C	0.5033
12197.fa	A	C	0.5019
12197.mo	A	C	0.5211
12197.p1	A	C	0.5023
12197.s1	C	C	1.0000
12198.fa	A	C	0.4767
12198.mo	C	C	0.9908
12198.p1	C	C	0.9956
12198.s1	C	C	0.9972
12201.fa	A	C	0.4803
12201.mo	C	C	1.0000
12201.p1	C	C	1.0000
12201.s1	C	C	1.0000
12201.s2	A	C	0.5040
12202.fa	A	C	0.5232
12202.mo	C	C	1.0000
12202.p1	A	C	0.5014
12202.s1	A	C	0.5035
12204.fa	A	C	0.5283
12204.mo	C	C	1.0000
12204.p1	C	C	0.9932
12204.s2	C	C	0.9957
12206.fa	A	A	0.0000
12206.mo	A	A	0.0031
12206.p1	A	A	0.0111
12206.s1	A	A	0.0075
12208.fa	A	C	0.4729
12208.mo	A	C	0.4685
12208.p1	A	C	0.4888
12210.fa	C	C	1.0000
12210.mo	A	C	0.5074
12210.p1	C	C	1.0000
12210.s1	A	C	0.5291
12211.fa	A	C	0.4378
12211.mo	C	C	0.9670
12211.p1	A	C	0.4764
12211.s1	A	C	0.4927
12212.fa	C	C	1.0000
12212.mo	A	C	0.4928
12212.p1	A	C	0.4980
12212.s1	A	C	0.5127
12215.fa	A	C	0.5035
12215.mo	A	A	0.0013
12215.p1	A	A	0.0049
12217.fa	A	C	0.5201
12217.mo	C	C	0.9960
12217.p1	A	C	0.4923
12219.fa	C	C	1.0000
12219.mo	C	C	1.0000
12219.p1	C	C	0.9981
12219.s1	C	C	1.0000
12219.s2	C	C	0.9997
12220.fa	A	C	0.4795
12220.mo	C	C	1.0000
12220.p1	A	C	0.4965
12220.s1	C	C	0.9977
12223.fa	A	C	0.5020
12223.mo	C	C	1.0000
12223.p1	A	C	0.5026
12223.s1	A	C	0.5057
12224.fa	A	C	0.5068
12224.mo	A	C	0.4969
12224.p1	A	C	0.5285
12224.s1	C	C	1.0000
12225.fa	A	A	0.0000
12225.mo	A	C	0.4962
12225.p1	A	C	0.4705
12225.s1	A	A	0.0005
12225.s2	A	C	0.4568
12227.fa	A	C	0.4736
12227.mo	C	C	1.0000
12227.p1	C	C	1.0000
12227.s1	C	C	1.0000
12227.s2	A	C	0.4924
12228.fa	A	A	0.0011
12228.mo	A	C	0.5117
12228.p1	A	C	0.4914
12228.s1	A	A	0.0032
12229.fa	A	C	0.4812
12229.mo	A	C	0.4852
12229.p1	A	A	0.0023
12229.s1	C	C	1.0000
12229.s2	C	C	1.0000
12231.fa	C	C	0.9731
12231.mo	A	C	0.4924
12231.p1	C	C	0.9753
12231.s1	A	C	0.4500
12231.s2	A	C	0.4927
12232.fa	A	C	0.5011
12232.mo	A	C	0.5034
12232.p1	A	C	0.4568
12233.fa	C	C	0.9943
12233.mo	A	C	0.5144
12233.p1	C	C	1.0000
12233.s1	C	C	1.0000
12235.fa	A	A	0.0071
12235.mo	A	C	0.5171
12235.p1	A	C	0.5133
12235.s1	A	C	0.5077
12237.fa	C	C	1.0000
12237.mo	A	A	0.0000
12237.p1	A	C	0.4779
12237.s1	A	C	0.4844
12238.fa	A	C	0.4761
12238.mo	A	C	0.4953
12238.p1	C	C	0.9965
12238.s1	A	A	0.0000
12241.fa	A	C	0.4681
12241.mo	A	A	0.0000
12241.p1	A	A	0.0000
12241.s1	A	A	0.0000
12243.fa	A	C	0.5160
12243.mo	C	C	1.0000
12243.p1	A	C	0.5074
12243.s1	C	C	0.9970
12247.fa	C	C	0.9974
12247.mo	A	A	0.0000
12247.p1	A	C	0.4478
12247.s1	A	C	0.4879
12249.fa	A	A	0.0000
12249.mo	A	C	0.5103
12249.p1	A	A	0.0151
12250.fa	A	C	0.4580
12250.mo	A	A	0.0000
12250.p1	A	C	0.4774
12250.s1	A	A	0.0003
12252.fa	A	C	0.5045
12252.mo	A	C	0.5152
12252.p1	A	C	0.5085
12252.s1	C	C	1.0000
12255.fa	A	C	0.4831
12255.mo	A	A	0.0000
12255.p1	A	A	0.0000
12255.s1	A	C	0.4997
12257.fa	A	C	0.4993
12257.mo	A	C	0.4712
12257.p1	A	C	0.4942
12257.s1	C	C	1.0000
12257.s2	A	C	0.4483
12260.fa	C	C	0.9917
12260.mo	A	C	0.4907
12260.p1	C	C	0.9920
12261.fa	A	A	0.0000
12261.mo	A	C	0.4887
12261.p1	A	A	0.0000
12261.s1	A	C	0.4519
12264.fa	A	A	0.0048
12264.mo	A	C	0.4857
12264.p1	A	A	0.0000
12265.fa	A	C	0.4983
12265.mo	A	C	0.5319
12265.p1	A	C	0.5015
12266.fa	C	C	0.9835
12266.mo	A	C	0.4986
12266.p1	C	C	0.9918
12271.fa	C	C	1.0000
12271.mo	A	C	0.4956
12271.p1	A	C	0.4844
12271.s1	C	C	1.0000
12272.fa	A	C	0.4636
12272.mo	C	C	0.9909
12272.p1	A	C	0.4947
12272.s1	A	C	0.4901
12274.fa	A	C	0.4494
12274.mo	C	C	1.0000
12274.p1	A	C	0.5009
12274.s1	C	C	0.9962
12275.fa	C	C	0.9851
12275.mo	A	C	0.4630
12275.p1	A	C	0.4666
12275.s1	A	C	0.5016
12281.fa	C	C	0.9958
12281.mo	A	C	0.4887
12281.p1	A	C	0.4959
12281.s1	A	C	0.4419
12284.fa	A	A	0.0000
12284.mo	A	C	0.4964
12284.p1	A	C	0.4702
12284.s1	A	A	0.0000
12285.fa	C	C	0.9697
12285.mo	A	C	0.5049
12285.p1	C	C	1.0000
12285.s1	A	C	0.4615
12286.fa	A	C	0.4926
12286.mo	C	C	0.9738
12286.p1	C	C	0.9533
12287.fa	A	C	0.4798
12287.mo	A	C	0.4950
12287.p1	C	C	1.0000
12289.fa	A	C	0.4906
12289.mo	A	C	0.4618
12289.p1	A	A	0.0000
12289.s1	A	C	0.4531
12295.fa	A	C	0.4905
12295.mo	C	C	1.0000
12295.p1	C	C	1.0000
12295.s1	C	C	0.9969
12295.s2	A	C	0.4652
12296.fa	C	C	1.0000
12296.mo	A	A	0.0014
12296.p1	A	C	0.4611
12296.s1	A	C	0.4685
12296.s2	A	C	0.4804
12297.fa	A	C	0.5032
12297.mo	A	C	0.4787
12297.p1	A	C	0.4865
12297.s1	A	C	0.4769
12299.fa	A	A	0.0000
12299.mo	A	C	0.4655
12299.p1	A	A	0.0000
12299.s1	A	A	0.0000
12300.fa	A	C	0.4582
12300.mo	A	C	0.4658
12300.p1	A	C	0.4685
12300.s1	A	C	0.4790
12301.fa	A	C	0.5064
12301.mo	A	C	0.5121
12301.p1	C	C	0.9883
12301.s1	C	C	0.9949
12302.fa	A	C	0.4413
12302.mo	A	C	0.4936
12302.p1	A	C	0.4933
12302.s1	A	C	0.4604
12303.fa	A	C	0.4675
12303.mo	A	C	0.4741
12303.p1	A	A	0.0000
12303.s1	A	C	0.4621
12304.fa	A	C	0.4442
12304.mo	C	C	0.9862
12304.p1	A	C	0.4672
12304.s1	C	C	1.0000
12306.fa	A	C	0.4970
12306.mo	A	C	0.5003
12306.p1	A	A	0.0000
12308.fa	C	C	1.0000
12308.mo	C	C	0.9998
12308.p1	C	C	1.0000
12308.s1	C	C	1.0000
12310.fa	C	C	0.9929
12310.mo	A	C	0.4810
12310.p1	C	C	1.0000
12310.p2	C	C	1.0000
12311.fa	A	C	0.4877
12311.mo	A	A	0.0000
12311.p1	A	C	0.5374
12312.fa	C	C	0.9994
12312.mo	C	C	0.9908
12312.p1	C	C	1.0000
12313.fa	C	C	1.0000
12313.mo	A	A	0.0000
12313.p1	A	C	0.4904
12313.s1	A	C	0.4980
12314.fa	A	C	0.4756
12314.mo	A	A	0.0017
12314.p1	A	C	0.4897
12314.s1	A	A	0.0000
12315.fa	C	C	0.9848
12315.mo	A	C	0.5265
12315.p1	C	C	0.9973
12316.fa	A	C	0.4780
12316.mo	C	C	0.9968
12316.p1	C	C	0.9969
12316.s1	A	C	0.4690
12317.fa	C	C	0.9904
12317.mo	A	A	0.0000
12317.p1	A	C	0.4486
12317.s1	A	C	0.5021
12320.fa	C	C	0.9909
12320.mo	A	C	0.4669
12320.p1	C	C	0.9927
12320.s1	A	C	0.5043
12321.fa	A	A	0.0011
12321.mo	C	C	1.0000
12321.p1	A	C	0.4883
12321.s1	A	C	0.5173
12323.fa	C	C	1.0000
12323.mo	C	C	0.9892
12323.p1	C	C	0.9862
12323.s1	C	C	0.9946
12324.fa	A	C	0.4820
12324.mo	A	C	0.4597
12324.p1	A	A	0.0000
12324.s1	A	C	0.4596
12325.fa	A	C	0.4677
12325.mo	A	C	0.4772
12325.p1	A	C	0.4832
12325.s1	C	C	1.0000
12325.s2	A	C	0.4871
12325.s3	A	A	0.0000
12329.fa	A	A	0.0000
12329.mo	A	A	0.0006
12329.p1	A	A	0.0000
12329.s1	A	A	0.0000
12330.fa	A	C	0.4735
12330.mo	A	C	0.5017
12330.p1	A	C	0.4998
12331.fa	A	A	0.0000
12331.mo	A	C	0.4797
12331.p1	A	A	0.0000
12331.s1	A	C	0.4759
12334.fa	C	C	1.0000
12334.mo	A	C	0.5079
12334.p1	A	C	0.5170
12334.s1	A	C	0.5101
12335.fa	C	C	0.9982
12335.mo	A	A	0.0000
12335.p1	A	C	0.5223
12335.s1	A	C	0.4888
12336.fa	C	C	0.9563
12336.mo	C	C	0.9745
12336.p1	C	C	0.9892
12337.fa	A	A	0.0000
12337.mo	C	C	0.9889
12337.p1	A	C	0.4893
12337.s1	A	C	0.5138
12339.fa	A	C	0.4796
12339.mo	C	C	1.0000
12339.p1	A	C	0.4876
12339.s1	A	C	0.5011
12340.fa	A	C	0.4621
12340.mo	C	C	1.0000
12340.p1	A	C	0.4662
12340.s1	C	C	1.0000
12341.fa	C	C	1.0000
12341.mo	A	C	0.4939
12341.p1	A	C	0.5051
12341.s1	C	C	1.0000
12343.fa	C	C	0.9858
12343.mo	A	A	0.0000
12343.p1	A	C	0.4883
12343.s1	A	C	0.4988
12345.fa	A	C	0.4597
12345.mo	A	C	0.4943
12345.p1	A	C	0.4843
12345.s1	C	C	1.0000
12346.fa	A	C	0.4591
12346.mo	A	C	0.4742
12346.p1	A	C	0.4709
12346.s1	A	A	0.0000
12347.fa	C	C	0.9985
12347.mo	A	C	0.5231
12347.p1	A	C	0.5216
12347.s1	A	C	0.5165
12349.fa	A	C	0.5093
12349.mo	C	C	0.9878
12349.p1	A	C	0.5052
12350.fa	A	C	0.4945
12350.mo	C	C	0.9493
12350.p1	A	C	0.5059
12351.fa	A	A	0.0000
12351.mo	A	C	0.4781
12351.p1	A	C	0.4633
12351.s1	A	A	0.0000
12351.s2	A	A	0.0000
12354.fa	A	C	0.4875
12354.mo	C	C	0.9899
12354.p1	C	C	0.9844
12355.fa	A	C	0.5052
12355.mo	A	A	0.0011
12355.p1	A	A	0.0014
12356.fa	A	C	0.4850
12356.mo	A	C	0.4754
12356.p1	A	A	0.0060
12356.s1	A	A	0.0058
12358.fa	A	C	0.4860
12358.mo	A	A	0.0000
12358.p1	A	A	0.0000
12358.s1	A	A	0.0037
12359.fa	C	C	1.0000
12359.mo	A	C	0.5078
12359.p1	C	C	0.9997
12359.s1	C	C	1.0000
12360.fa	A	C	0.4730
12360.mo	A	A	0.0000
12360.p1	A	A	0.0000
12360.s1	A	A	0.0000
12361.fa	A	C	0.4628
12361.mo	A	C	0.4647
12361.p1	A	A	0.0000
12361.s1	A	C	0.4762
12362.fa	A	C	0.5097
12362.mo	A	C	0.5026
12362.p1	A	C	0.4864
12363.fa	A	C	0.4701
12363.mo	A	C	0.4936
12363.p1	C	C	1.0000
12363.s1	C	C	1.0000
12366.fa	A	C	0.4820
12366.mo	C	C	1.0000
12366.p1	C	C	1.0000
12366.s1	C	C	0.9913
12366.s2	C	C	1.0000
12367.fa	A	C	0.4632
12367.mo	A	A	0.0031
12367.p1	A	A	0.0000
12367.s1	A	C	0.5026
12368.fa	A	C	0.4347
12368.mo	C	C	0.9984
12368.p1	A	C	0.4488
12368.s1	C	C	0.9981
12369.fa	C	C	1.0000
12369.mo	C	C	0.9981
12369.p1	C	C	1.0000
12369.s1	C	C	1.0000
12370.fa	A	C	0.4500
12370.mo	A	C	0.4489
12370.p1	A	C	0.4317
12370.s1	A	C	0.4398
12372.fa	A	C	0.4411
12372.mo	C	C	1.0000
12372.p1	C	C	0.9988
12372.s1	A	C	0.4555
12373.fa	A	A	0.0000
12373.mo	A	A	0.0006
12373.p1	A	A	0.0000
12373.s1	A	A	0.0000
12375.fa	C	C	0.9998
12375.mo	A	C	0.5008
12375.p1	C	C	0.9974
12375.s1	C	C	0.9813
12376.fa	C	C	1.0000
12376.mo	A	C	0.4490
12376.p1	A	C	0.4089
12376.s1	C	C	0.9951
12377.fa	C	C	1.0000
12377.mo	C	C	1.0000
12377.p1	C	C	1.0000
12377.s1	C	C	0.9972
12378.fa	A	A	0.0000
12378.mo	A	C	0.4461
12378.p1	A	C	0.4318
12378.s1	A	C	0.4286
12379.fa	C	C	0.9895
12379.mo	A	A	0.0000
12379.p1	A	C	0.4997
12380.fa	A	C	0.4457
12380.mo	A	C	0.4250
12380.p1	A	A	0.0000
12380.s1	C	C	1.0000
12381.fa	C	C	1.0000
12381.mo	C	C	1.0000
12381.p1	C	C	1.0000
12381.s1	C	C	1.0000
12382.fa	C	C	1.0000
12382.mo	A	C	0.4358
12382.p1	C	C	1.0000
12382.s1	C	C	0.9925
12383.fa	C	C	1.0000
12383.mo	A	A	0.0010
12383.p1	A	C	0.4455
12383.s1	A	C	0.4813
12385.fa	A	C	0.5057
12385.mo	A	C	0.5010
12385.p1	A	C	0.5169
12385.s1	A	A	0.0043
12389.fa	A	C	0.5268
12389.mo	A	C	0.4970
12389.p1	A	A	0.0032
12390.fa	C	C	0.9916
12390.mo	A	C	0.5024
12390.p1	C	C	1.0000
12390.s1	C	C	0.9965
12390.s2	C	C	0.9802
12392.fa	A	C	0.4946
12392.mo	A	A	0.0066
12392.p1	A	C	0.4938
12394.fa	A	C	0.4537
12394.mo	A	A	0.0000
12394.p1	A	A	0.0000
12394.s1	A	C	0.4806
12395.fa	A	C	0.5106
12395.mo	A	C	0.5042
12395.p1	A	C	0.4991
12396.fa	A	A	0.0021
12396.mo	A	C	0.4754
12396.p1	A	A	0.0000
12396.s1	A	A	0.0000
12399.fa	A	C	0.4906
12399.mo	A	C	0.5053
12399.p1	A	C	0.5239
12399.s1	A	A	0.0000
12403.fa	A	C	0.4681
12403.mo	C	C	0.9962
12403.p1	C	C	0.9998
12403.s1	C	C	0.9953
12404.fa	C	C	0.9945
12404.mo	A	A	0.0049
12404.p1	A	C	0.5028
12405.fa	C	C	0.9995
12405.mo	C	C	0.9900
12405.p1	C	C	0.9981
12405.s1	C	C	1.0000
12407.fa	A	C	0.5104
12407.mo	A	A	0.0000
12407.p1	A	C	0.5153
12407.s1	A	C	0.4992
12409.fa	C	C	0.9886
12409.mo	C	C	0.9993
12409.p1	C	C	1.0000
12409.s1	C	C	0.9996
12412.fa	A	A	0.0000
12412.mo	A	C	0.4792
12412.p1	A	C	0.4926
12412.s1	A	C	0.5018
12414.fa	A	C	0.4699
12414.mo	A	C	0.5065
12414.p1	A	C	0.5014
12415.fa	C	C	1.0000
12415.mo	A	A	0.0000
12415.p1	A	C	0.5023
12415.s1	A	C	0.4975
12415.s2	A	C	0.4846
12417.fa	C	C	0.9977
12417.mo	C	C	1.0000
12417.p1	C	C	1.0000
12418.fa	A	C	0.4875
12418.mo	A	C	0.4935
12418.p1	A	A	0.0042
12418.s1	A	C	0.5039
12418.s2	C	C	0.9778
12420.fa	A	A	0.0000
12420.mo	A	C	0.5095
12420.p1	A	A	0.0000
12420.s1	A	C	0.4778
12424.fa	C	C	1.0000
12424.mo	A	A	0.0041
12424.p1	A	C	0.4555
12424.s1	A	C	0.4425
12426.fa	C	C	1.0000
12426.mo	A	C	0.4859
12426.p1	A	C	0.4926
12426.s1	C	C	1.0000
12429.fa	A	A	0.0000
12429.mo	C	C	0.9912
12429.p1	A	C	0.4866
12430.fa	A	C	0.4955
12430.mo	A	C	0.4906
12430.p1	A	A	0.0002
12430.s1	A	C	0.4916
12434.fa	C	C	0.9973
12434.mo	A	C	0.4899
12434.p1	C	C	1.0000
12434.s1	A	C	0.4575
12435.fa	A	C	0.5016
12435.mo	A	C	0.5168
12435.p1	C	C	0.9798
12435.s1	C	C	0.9793
12437.fa	A	A	0.0098
12437.mo	A	C	0.4827
12437.p1	A	C	0.4813
12437.s1	A	A	0.0007
12438.fa	A	A	0.0000
12438.mo	A	C	0.4754
12438.p1	A	C	0.4755
12438.s1	A	C	0.4811
12439.fa	C	C	1.0000
12439.mo	A	C	0.4502
12439.p1	C	C	0.9987
12440.fa	A	C	0.4561
12440.mo	A	C	0.4762
12440.p1	C	C	0.9826
12440.s1	A	A	0.0009
12441.fa	A	C	0.4663
12441.mo	C	C	1.0000
12441.p1	C	C	1.0000
12441.s1	A	C	0.4810
12444.fa	C	C	0.9820
12444.mo	A	C	0.5005
12444.p1	C	C	0.9953
12444.s1	A	C	0.5067
12444.s2	C	C	0.9877
12445.fa	C	C	0.9964
12445.mo	A	C	0.4801
12445.p1	C	C	1.0000
12445.s1	C	C	0.9909
12447.fa	A	C	0.5050
12447.mo	A	C	0.4790
12447.p1	C	C	0.9956
12447.s1	A	C	0.4940
12448.fa	A	C	0.4990
12448.mo	C	C	0.9957
12448.p1	C	C	0.9941
12449.fa	C	C	0.9939
12449.mo	C	C	1.0000
12449.p1	C	C	1.0000
12449.s1	C	C	0.9996
12451.fa	A	C	0.5050
12451.mo	A	C	0.5142
12451.p1	A	C	0.4985
12451.s1	A	C	0.5125
12454.fa	C	C	1.0000
12454.mo	A	C	0.4627
12454.p1	C	C	0.9967
12456.fa	C	C	0.9922
12456.mo	A	A	0.0000
12456.p1	A	C	0.4697
12456.s1	A	C	0.5224
12457.fa	A	C	0.5056
12457.mo	C	C	1.0000
12457.p1	C	C	0.9987
12457.s1	C	C	0.9933
12459.fa	A	A	0.0008
12459.mo	A	A	0.0000
12459.p1	A	A	0.0000
12460.fa	A	A	0.0000
12460.mo	C	C	1.0000
12460.p1	A	C	0.4859
12460.s1	A	C	0.5149
12461.fa	A	A	0.0000
12461.mo	C	C	0.9800
12461.p1	A	C	0.5188
12462.fa	A	A	0.0000
12462.mo	A	A	0.0000
12462.p1	A	A	0.0000
12462.s1	A	A	0.0000
12463.fa	C	C	0.9968
12463.mo	C	C	0.9944
12463.p1	C	C	0.9867
12463.s1	C	C	0.9926
12465.fa	A	C	0.4749
12465.mo	A	A	0.0000
12465.p1	A	C	0.5006
12467.fa	A	C	0.4419
12467.mo	A	C	0.4678
12467.p1	A	A	0.0000
12467.s1	A	A	0.0000
12469.fa	A	C	0.4777
12469.mo	A	C	0.5057
12469.p1	A	C	0.4942
12469.p2	A	C	0.4901
12469.s1	A	C	0.4976
12472.fa	C	C	1.0000
12472.mo	C	C	0.9997
12472.p1	C	C	1.0000
12473.fa	A	C	0.5104
12473.mo	A	A	0.0000
12473.p1	A	C	0.4733
12473.s1	A	C	0.4869
12476.fa	A	C	0.5095
12476.mo	A	C	0.4712
12476.p1	A	C	0.5073
12477.fa	C	C	0.9898
12477.mo	C	C	0.9854
12477.p1	C	C	0.9866
12478.fa	C	C	0.9954
12478.mo	A	C	0.4820
12478.p1	C	C	0.9946
12478.s1	A	C	0.4782
12479.fa	A	C	0.5112
12479.mo	C	C	0.9991
12479.p1	A	C	0.4796
12479.s1	A	C	0.5179
12480.fa	C	C	0.9907
12480.mo	A	A	0.0000
12480.p1	A	C	0.4653
12480.s1	A	C	0.4759
12481.fa	C	C	0.9875
12481.mo	A	C	0.5029
12481.p1	A	C	0.4463
12481.s1	C	C	1.0000
12482.fa	C	C	0.9788
12482.mo	C	C	1.0000
12482.p1	C	C	0.9833
12483.fa	A	C	0.4921
12483.mo	C	C	0.9793
12483.p1	C	C	1.0000
12483.s1	C	C	0.9862
12484.fa	A	A	0.0000
12484.mo	C	C	1.0000
12484.p1	A	C	0.4771
12484.s2	A	C	0.4568
12484.s3	A	C	0.4533
12485.fa	A	C	0.4911
12485.mo	A	C	0.5039
12485.p1	A	A	0.0000
12492.fa	A	C	0.4603
12492.mo	A	C	0.5006
12492.p1	A	A	0.0000
12492.s1	A	A	0.0000
12493.fa	A	C	0.4819
12493.mo	A	A	0.0000
12493.p1	A	C	0.5042
12493.s1	A	C	0.4752
12494.fa	C	C	1.0000
12494.mo	A	C	0.5086
12494.p1	C	C	0.9911
12494.s1	A	C	0.4973
12497.fa	C	C	0.9993
12497.mo	A	C	0.5026
12497.p1	C	C	0.9996
12497.s1	A	C	0.4845
12498.fa	A	C	0.4840
12498.mo	A	A	0.0013
12498.p1	A	A	0.0000
12498.s1	A	A	0.0000
12499.fa	A	A	0.0000
12499.mo	A	A	0.0000
12499.p1	A	A	0.0027
12499.s1	A	A	0.0000
12501.fa	A	C	0.4744
12501.mo	A	C	0.4892
12501.p1	A	A	0.0000
12501.s1	A	A	0.0000
12504.fa	A	A	0.0000
12504.mo	A	C	0.5080
12504.p1	A	C	0.5097
12505.fa	A	C	0.4945
12505.mo	A	C	0.5216
12505.p1	C	C	1.0000
12507.fa	A	C	0.4809
12507.mo	A	A	0.0084
12507.p1	A	A	0.0000
12507.s1	A	A	0.0000
12510.fa	A	A	0.0000
12510.mo	C	C	1.0000
12510.p1	A	C	0.5127
12510.s1	A	C	0.4560
12512.fa	C	C	0.9972
12512.mo	C	C	0.9988
12512.p1	C	C	0.9982
12512.s1	C	C	0.9903
12512.s2	C	C	0.9844
12515.fa	A	C	0.5050
12515.mo	A	C	0.4849
12515.p1	A	C	0.5093
12515.s1	A	C	0.5049
12517.fa	C	C	1.0000
12517.mo	A	C	0.4897
12517.p1	C	C	0.9990
12517.s1	C	C	0.9945
12518.fa	A	C	0.4678
12518.mo	C	C	0.9989
12518.p1	C	C	0.9855
12518.s1	C	C	0.9933
12521.fa	A	C	0.4955
12521.mo	A	C	0.5025
12521.p1	A	C	0.4901
12521.s1	A	A	0.0000
12523.fa	A	C	0.4762
12523.mo	A	C	0.4552
12523.p1	C	C	0.9839
12523.s1	C	C	0.9993
12524.fa	A	C	0.4788
12524.mo	C	C	0.9986
12524.p1	C	C	0.9946
12524.s1	A	C	0.5071
12526.fa	A	C	0.5239
12526.mo	A	C	0.5185
12526.p1	A	C	0.5304
12526.s1	A	C	0.5053
12529.fa	A	A	0.0006
12529.mo	C	C	0.9972
12529.p1	A	C	0.5176
12529.s1	A	C	0.4857
12532.fa	A	C	0.4796
12532.mo	A	A	0.0000
12532.p1	A	A	0.0000
12532.s1	A	A	0.0000
12534.fa	A	C	0.4868
12534.mo	C	C	0.9841
12534.p1	A	C	0.4765
12534.s1	A	C	0.4985
12536.fa	A	C	0.4886
12536.mo	A	C	0.4896
12536.p1	A	C	0.4982
12536.s1	C	C	0.9933
12539.fa	A	C	0.4609
12539.mo	C	C	0.9962
12539.p1	C	C	1.0000
12540.fa	A	C	0.5059
12540.mo	C	C	1.0000
12540.p1	A	C	0.5046
12540.s1	C	C	0.9885
12541.fa	A	C	0.4957
12541.mo	A	C	0.4948
12541.p1	C	C	0.9818
12541.s1	A	C	0.5031
12543.fa	C	C	0.9940
12543.mo	C	C	0.9897
12543.p1	C	C	0.9883
12547.fa	C	C	0.9873
12547.mo	C	C	0.9914
12547.p1	C	C	0.9989
12548.fa	A	A	0.0000
12548.mo	C	C	1.0000
12548.p1	A	C	0.4762
12548.s1	A	C	0.4878
12548.s2	A	C	0.4682
12550.fa	A	C	0.5062
12550.mo	A	C	0.5240
12550.p1	A	C	0.5154
12550.s1	A	C	0.5253
12550.s2	A	C	0.5103
12552.fa	A	C	0.4653
12552.mo	A	C	0.4869
12552.p1	C	C	0.9850
12552.s1	A	C	0.5008
12558.fa	A	C	0.5025
12558.mo	A	A	0.0000
12558.p1	A	A	0.0000
12561.fa	A	C	0.4949
12561.mo	A	A	0.0034
12561.p1	A	C	0.5014
12561.s1	A	A	0.0000
12565.fa	A	C	0.4540
12565.mo	C	C	0.9932
12565.p1	C	C	0.9888
12565.s1	A	C	0.4644
12566.fa	A	C	0.4935
12566.mo	A	C	0.4763
12566.p1	C	C	1.0000
12568.fa	C	C	0.9936
12568.mo	C	C	0.9888
12568.p1	C	C	0.9992
12568.s1	C	C	1.0000
12572.fa	C	C	1.0000
12572.mo	A	C	0.5219
12572.p1	A	C	0.5136
12572.s1	A	C	0.4969
12572.s2	A	C	0.4906
12573.fa	C	C	1.0000
12573.mo	A	C	0.4936
12573.p1	C	C	0.9948
12573.s1	A	C	0.4970
12574.fa	A	A	0.0009
12574.mo	C	C	0.9944
12574.p1	A	C	0.5007
12574.s1	A	C	0.4994
12575.fa	A	C	0.4628
12575.mo	A	C	0.4693
12575.p1	A	C	0.4857
12575.s1	A	C	0.4695
12575.s2	A	C	0.4620
12578.fa	C	C	0.9907
12578.mo	A	A	0.0009
12578.p1	A	C	0.4707
12578.s1	A	C	0.5017
12579.fa	A	C	0.5147
12579.mo	C	C	1.0000
12579.p1	A	C	0.4977
12579.s1	A	C	0.4741
12581.fa	C	C	1.0000
12581.mo	A	C	0.4841
12581.p1	A	C	0.5092
12581.s1	C	C	0.9929
12582.fa	A	C	0.5126
12582.mo	A	C	0.4959
12582.p1	A	C	0.5060
12582.s1	C	C	1.0000
12585.fa	C	C	0.9913
12585.mo	A	C	0.4962
12585.p1	C	C	1.0000
12585.s1	A	C	0.5084
12587.fa	A	C	0.4543
12587.mo	A	C	0.4434
12587.p1	A	C	0.4639
12588.fa	A	C	0.4547
12588.mo	A	C	0.4936
12588.p1	A	C	0.4538
12588.s1	A	C	0.4583
12590.fa	A	C	0.4596
12590.mo	A	C	0.4776
12590.p1	A	C	0.4708
12590.s1	A	C	0.4748
12590.s2	C	C	0.9955
12591.fa	A	C	0.5024
12591.mo	C	C	1.0000
12591.p1	A	C	0.4768
12592.fa	C	C	0.9999
12592.mo	A	C	0.4635
12592.p1	C	C	0.9988
12592.s1	C	C	0.9918
12592.s2	C	C	0.9985
12594.fa	A	C	0.4309
12594.mo	A	C	0.4723
12594.p1	A	A	0.0000
12595.fa	A	C	0.5070
12595.mo	A	C	0.5086
12595.p1	A	C	0.4576
12595.s1	A	A	0.0000
12596.fa	A	C	0.5109
12596.mo	C	C	0.9897
12596.p1	A	C	0.4946
12596.s1	C	C	1.0000
12597.fa	C	C	1.0000
12597.mo	A	C	0.4946
12597.p1	A	C	0.5064
12597.s1	A	C	0.4954
12598.fa	A	C	0.4996
12598.mo	A	C	0.5081
12598.p1	A	C	0.4970
12598.s1	A	C	0.5129
12600.fa	A	A	0.0006
12600.mo	C	C	1.0000
12600.p1	A	C	0.5250
12602.fa	C	C	0.9923
12602.mo	A	C	0.5097
12602.p1	A	C	0.5036
12602.s1	C	C	1.0000
12603.fa	C	C	1.0000
12603.mo	A	C	0.4817
12603.p1	C	C	1.0000
12603.s1	C	C	0.9995
12604.fa	A	C	0.5414
12604.mo	A	C	0.5193
12604.p1	C	C	0.9894
12605.fa	A	C	0.5131
12605.mo	C	C	0.9947
12605.p1	C	C	0.9960
12605.s1	A	C	0.4870
12606.fa	A	C	0.4968
12606.mo	C	C	0.9886
12606.p1	C	C	1.0000
12607.fa	C	C	0.9959
12607.mo	A	C	0.4799
12607.p1	A	C	0.4573
12608.fa	A	C	0.4697
12608.mo	A	A	0.0000
12608.p1	A	C	0.4721
12610.fa	A	C	0.4846
12610.mo	A	C	0.4892
12610.p1	A	C	0.4955
12610.s1	A	A	0.0042
12611.fa	C	C	0.9784
12611.mo	A	C	0.5241
12611.p1	A	C	0.5000
12613.fa	A	A	0.0000
12613.mo	A	A	0.0004
12613.p1	A	A	0.0000
12613.s1	A	A	0.0000
12613.s2	A	A	0.0000
12614.fa	A	A	0.0000
12614.mo	A	C	0.4704
12614.p1	A	C	0.4353
12617.fa	C	C	0.9862
12617.mo	A	C	0.5076
12617.p1	A	C	0.4985
12617.s1	A	C	0.4436
12618.fa	A	A	0.0000
12618.mo	A	A	0.0000
12618.p1	A	A	0.0000
12618.s1	A	A	0.0000
12619.fa	C	C	0.9940
12619.mo	A	C	0.4845
12619.p1	A	C	0.5136
12619.s1	A	C	0.4666
12620.fa	A	C	0.4939
12620.mo	C	C	1.0000
12620.p1	C	C	1.0000
12620.s1	C	C	0.9999
12621.fa	A	C	0.4645
12621.mo	A	A	0.0002
12621.p1	A	C	0.4771
12621.s1	A	A	0.0000
12622.fa	C	C	0.9943
12622.mo	A	A	0.0000
12622.p1	A	C	0.4730
12622.s1	A	C	0.4881
12622.s2	A	C	0.4694
12622.s3	A	C	0.4721
12623.fa	A	C	0.4968
12623.mo	A	C	0.4796
12623.p1	C	C	0.9844
12623.s1	A	C	0.5032
12624.fa	A	A	0.0010
12624.mo	A	C	0.4399
12624.p1	A	C	0.4858
12624.s1	A	A	0.0000
12626.fa	A	C	0.4430
12626.mo	A	A	0.0000
12626.p1	A	C	0.4555
12626.s1	A	C	0.4656
12628.fa	A	A	0.0000
12628.mo	A	C	0.4460
12628.p1	A	A	0.0000
12628.s1	A	A	0.0000
12629.fa	C	C	0.9917
12629.mo	A	C	0.4745
12629.p1	C	C	0.9964
12630.fa	C	C	0.9905
12630.mo	A	C	0.5294
12630.p1	A	C	0.4923
12630.s1	C	C	0.9846
12631.fa	C	C	0.9918
12631.mo	C	C	0.9922
12631.p1	C	C	0.9946
12631.s1	C	C	0.9900
12633.fa	A	A	0.0150
12633.mo	A	A	0.0031
12633.p1	A	A	0.0000
12633.s1	A	A	0.0000
12634.fa	A	C	0.5152
12634.mo	A	C	0.5126
12634.p1	A	C	0.4932
12636.fa	C	C	0.9958
12636.mo	A	C	0.5029
12636.p1	C	C	0.9884
12636.s1	A	C	0.5186
12637.fa	C	C	0.9977
12637.mo	A	C	0.4991
12637.p1	C	C	0.9901
12637.s1	A	C	0.4697
12638.fa	A	C	0.4609
12638.mo	A	A	0.0000
12638.p1	A	C	0.4703
12638.s1	A	A	0.0000
12640.fa	A	A	0.0000
12640.mo	A	C	0.4511
12640.p1	A	C	0.4953
12641.fa	A	C	0.4609
12641.mo	A	C	0.4538
12641.p1	A	A	0.0000
12641.s1	A	C	0.4579
12642.fa	A	C	0.4899
12642.mo	A	C	0.4592
12642.p1	A	C	0.4477
12642.s1	A	C	0.4705
12643.fa	A	A	0.0004
12643.mo	C	C	0.9884
12643.p1	A	C	0.4455
12645.fa	C	C	0.9910
12645.mo	A	C	0.4717
12645.p1	C	C	0.9963
12645.s1	A	C	0.4680
12646.fa	C	C	0.9863
12646.mo	A	A	0.0000
12646.p1	A	C	0.5169
12646.s1	A	C	0.5182
12646.s2	A	C	0.5001
12647.fa	A	C	0.4906
12647.mo	A	A	0.0012
12647.p1	A	C	0.5089
12647.s1	A	A	0.0000
12647.s2	A	C	0.5005
12647.s3	A	A	0.0016
12648.fa	A	A	0.0054
12648.mo	A	C	0.5016
12648.p1	A	C	0.4800
12648.s1	A	A	0.0032
12650.fa	C	C	0.9922
12650.mo	A	C	0.4859
12650.p1	C	C	0.9829
12650.s1	C	C	0.9697
12651.fa	C	C	0.9923
12651.mo	A	A	0.0005
12651.p1	A	C	0.4877
12651.s1	A	C	0.5186
12652.fa	C	C	0.9971
12652.mo	C	C	0.9963
12652.p1	C	C	0.9936
12652.s1	C	C	0.9889
12653.fa	C	C	0.9995
12653.mo	C	C	1.0000
12653.p1	C	C	1.0000
12653.s1	C	C	0.9987
12655.fa	A	A	0.0000
12655.mo	C	C	0.9909
12655.p1	A	C	0.4440
12655.s1	A	C	0.4388
12656.fa	C	C	0.9850
12656.mo	A	C	0.4509
12656.p1	A	C	0.4882
12656.s1	C	C	0.9904
12657.fa	A	C	0.4782
12657.mo	A	C	0.4583
12657.p1	A	C	0.4507
12657.s1	A	C	0.4733
12657.s2	A	C	0.4069
12657.s3	A	C	0.4724
12661.fa	A	C	0.4410
12661.mo	A	A	0.0000
12661.p1	A	A	0.0000
12661.s1	A	C	0.4549
12662.fa	C	C	0.9899
12662.mo	A	C	0.4841
12662.p1	C	C	0.9866
12662.s1	A	C	0.5167
12664.fa	A	C	0.4665
12664.mo	A	A	0.0000
12664.p1	A	C	0.4782
12664.s1	A	A	0.0030
12665.fa	A	C	0.4275
12665.mo	A	C	0.4388
12665.p1	A	C	0.4515
12667.fa	A	C	0.4853
12667.mo	A	C	0.4892
12667.p1	A	A	0.0062
12667.s1	A	C	0.4445
12669.fa	A	A	0.0000
12669.mo	C	C	0.9932
12669.p1	A	C	0.4575
12669.s1	A	C	0.4610
12670.fa	C	C	0.9914
12670.mo	C	C	1.0000
12670.p1	C	C	0.9865
12671.fa	C	C	0.9987
12671.mo	A	C	0.4628
12671.p1	A	C	0.4678
12671.s1	C	C	1.0000
12673.fa	A	C	0.5007
12673.mo	A	C	0.4983
12673.p1	A	C	0.4728
12673.s1	C	C	0.9993
12673.s2	A	C	0.4873
12674.fa	A	C	0.4922
12674.mo	C	C	0.9951
12674.p1	A	C	0.5150
12674.s1	A	C	0.5146
12676.fa	A	C	0.4760
12676.mo	C	C	0.9863
12676.p1	A	C	0.5077
12676.s1	C	C	0.9975
12679.fa	A	C	0.4326
12679.mo	A	C	0.4576
12679.p1	C	C	0.9925
12679.s1	A	A	0.0000
12680.fa	C	C	0.9884
12680.mo	A	A	0.0000
12680.p1	A	C	0.4792
12680.s1	A	C	0.5166
12680.s2	A	C	0.5122
12680.s3	A	C	0.4986
12681.fa	A	A	0.0112
12681.mo	A	C	0.5014
12681.p1	A	A	0.0000
12681.s1	A	A	0.0000
12681.s2	A	A	0.0037
12682.fa	A	A	0.0000
12682.mo	A	C	0.5067
12682.p1	A	C	0.4870
12682.s1	A	C	0.4668
12683.fa	A	C	0.4940
12683.mo	A	C	0.5075
12683.p1	A	C	0.4793
12683.s1	A	C	0.4879
12685.fa	A	C	0.4795
12685.mo	A	C	0.4998
12685.p1	A	C	0.4871
12685.s1	A	C	0.5249
12686.fa	A	C	0.5102
12686.mo	A	A	0.0000
12686.p1	A	A	0.0000
12686.s1	A	A	0.0000
12687.fa	A	C	0.4723
12687.mo	C	C	0.9846
12687.p1	C	C	0.9712
12687.s1	A	C	0.4583
12688.fa	C	C	0.9910
12688.mo	C	C	1.0000
12688.p1	C	C	1.0000
12688.s1	C	C	0.9860
12689.fa	A	C	0.5048
12689.mo	A	A	0.0015
12689.p1	A	A	0.0026
12689.s1	A	C	0.5037
12690.fa	A	C	0.4896
12690.mo	C	C	0.9760
12690.p1	C	C	0.9804
12690.s1	A	C	0.4941
12691.fa	C	C	1.0000
12691.mo	A	C	0.5074
12691.p1	C	C	1.0000
12691.s1	A	C	0.5174
12692.fa	A	A	0.0000
12692.mo	C	C	1.0000
12692.p1	A	C	0.4771
12692.s1	A	C	0.5055
12693.fa	C	C	0.9888
12693.mo	C	C	1.0000
12693.p1	C	C	0.9937
12693.s1	C	C	0.9863
12693.s2	C	C	0.9931
12694.fa	A	C	0.4959
12694.mo	C	C	1.0000
12694.p1	C	C	1.0000
12694.s1	C	C	1.0000
12694.s2	C	C	0.9951
12695.fa	C	C	0.9825
12695.mo	A	C	0.5027
12695.p1	A	C	0.4781
12695.s1	A	C	0.5131
12697.fa	C	C	0.9875
12697.mo	A	C	0.4832
12697.p1	A	C	0.5069
12697.s1	A	C	0.4867
12698.fa	A	C	0.4925
12698.mo	C	C	0.9987
12698.p1	C	C	0.9912
12700.fa	A	C	0.4427
12700.mo	C	C	0.9917
12700.p1	A	C	0.4568
12700.s1	A	C	0.4689
12701.fa	A	C	0.5206
12701.mo	A	C	0.4905
12701.p1	A	A	0.0105
12701.s1	A	A	0.0000
12703.fa	A	C	0.5025
12703.mo	A	C	0.4943
12703.p1	A	C	0.4984
12703.s1	A	C	0.5117
12704.fa	A	C	0.4985
12704.mo	A	C	0.4699
12704.p1	A	A	0.0000
12704.s1	A	C	0.4920
12704.s2	A	C	0.4582
12706.fa	A	C	0.4925
12706.mo	A	C	0.4650
12706.p1	A	C	0.4914
12706.s1	A	A	0.0020
12707.fa	C	C	0.9885
12707.mo	A	C	0.4866
12707.p1	A	C	0.4810
12707.s2	A	C	0.5106
12708.fa	A	C	0.4693
12708.mo	A	A	0.0062
12708.p1	A	C	0.4849
12708.s1	A	A	0.0028
12710.fa	A	C	0.4866
12710.mo	A	A	0.0000
12710.p1	A	A	0.0031
12714.fa	A	A	0.0000
12714.mo	A	A	0.0000
12714.p1	A	A	0.0025
12715.fa	A	C	0.5019
12715.mo	A	C	0.4935
12715.p1	A	A	0.0094
12715.s1	A	C	0.4924
12716.fa	C	C	0.9884
12716.mo	C	C	0.9867
12716.p1	C	C	0.9901
12716.s1	C	C	0.9851
12717.fa	A	A	0.0022
12717.mo	A	A	0.0000
12717.p1	A	A	0.0037
12719.fa	A	A	0.0012
12719.mo	A	C	0.4984
12719.p1	A	A	0.0000
12719.s1	A	C	0.5006
12720.fa	A	A	0.0000
12720.mo	C	C	0.9974
12720.p1	A	C	0.4940
12720.s1	A	C	0.4994
12722.fa	A	A	0.0000
12722.mo	A	C	0.4961
12722.p1	A	C	0.5033
12722.s1	A	A	0.0000
12723.fa	C	C	1.0000
12723.mo	A	A	0.0000
12723.p1	A	C	0.4740
12723.s1	A	C	0.4900
12724.fa	C	C	0.9990
12724.mo	A	A	0.0037
12724.p1	A	C	0.4964
12724.s1	A	C	0.4685
12727.fa	C	C	0.9965
12727.mo	A	C	0.4909
12727.p1	A	C	0.4966
12727.s1	A	C	0.4998
12729.fa	A	C	0.4933
12729.mo	C	C	1.0000
12729.p1	C	C	0.9910
12729.s1	C	C	0.9993
12731.fa	A	C	0.5210
12731.mo	C	C	0.9932
12731.p1	C	C	0.9826
12731.s1	A	C	0.4826
12732.fa	A	C	0.4689
12732.mo	A	A	0.0000
12732.p1	A	C	0.4762
12732.s1	A	C	0.4429
12733.fa	C	C	0.9940
12733.mo	C	C	1.0000
12733.p1	C	C	0.9907
12733.s1	C	C	0.9953
12735.fa	C	C	0.9971
12735.mo	A	C	0.4817
12735.p1	A	C	0.4944
12735.s1	C	C	1.0000
12737.fa	C	C	0.9837
12737.mo	C	C	0.9672
12737.p1	C	C	1.0000
12737.s1	C	C	0.9902
12738.fa	A	C	0.4943
12738.mo	A	C	0.5212
12738.p1	A	C	0.4806
12738.s1	A	C	0.5031
12739.fa	C	C	0.9923
12739.mo	A	C	0.4769
12739.p1	C	C	0.9842
12739.s1	A	C	0.4945
12740.fa	A	C	0.4830
12740.mo	A	C	0.4627
12740.p1	A	C	0.4685
12741.fa	A	A	0.0035
12741.mo	A	C	0.4994
12741.p1	A	C	0.4800
12741.s1	A	A	0.0000
12742.fa	A	A	0.0036
12742.mo	C	C	1.0000
12742.p1	A	C	0.5030
12743.fa	A	C	0.4764
12743.mo	A	C	0.4682
12743.p1	C	C	1.0000
12743.s1	A	A	0.0000
12744.fa	A	A	0.0000
12744.mo	A	C	0.4826
12744.p1	A	C	0.4932
12748.fa	A	C	0.5086
12748.mo	A	A	0.0000
12748.p1	A	C	0.4608
12748.s1	A	A	0.0017
12749.fa	C	C	0.9855
12749.mo	C	C	0.9716
12749.p1	C	C	0.9880
12749.s1	C	C	0.9956
12750.fa	A	A	0.0021
12750.mo	A	A	0.0018
12750.p1	A	A	0.0000
12752.fa	C	C	1.0000
12752.mo	A	C	0.4950
12752.p1	A	C	0.4696
12754.fa	C	C	0.9962
12754.mo	A	C	0.5154
12754.p1	A	C	0.4943
12757.fa	A	C	0.5169
12757.mo	A	A	0.0077
12757.p1	A	A	0.0000
12758.fa	A	C	0.5003
12758.mo	A	C	0.4797
12758.p1	A	A	0.0000
12758.s1	C	C	0.9956
12759.fa	C	C	1.0000
12759.mo	A	C	0.4774
12759.p1	A	C	0.4885
12759.s1	C	C	0.9954
12761.fa	A	A	0.0001
12761.mo	A	A	0.0088
12761.p1	A	A	0.0000
12763.fa	A	A	0.0005
12763.mo	A	A	0.0000
12763.p1	A	A	0.0095
12763.s1	A	A	0.0000
12764.fa	A	C	0.4972
12764.mo	A	A	0.0000
12764.p1	A	C	0.4815
12764.s1	A	A	0.0000
12766.fa	C	C	0.9957
12766.mo	A	C	0.5000
12766.p1	C	C	0.9837
12766.s1	C	C	0.9932
12770.fa	A	C	0.4546
12770.mo	A	A	0.0000
12770.p1	A	A	0.0000
12770.s1	A	C	0.4718
12772.fa	A	C	0.4711
12772.mo	A	A	0.0000
12772.p1	A	C	0.4633
12772.s1	A	A	0.0000
12773.fa	C	C	0.9933
12773.mo	A	C	0.4950
12773.p1	A	C	0.4949
12773.s1	A	C	0.4738
12775.fa	A	C	0.4881
12775.mo	A	C	0.4971
12775.p1	A	C	0.5133
12775.s1	A	A	0.0000
12777.fa	C	C	0.9864
12777.mo	A	C	0.5234
12777.p1	A	C	0.4825
12778.fa	A	C	0.4524
12778.mo	C	C	0.9950
12778.p1	C	C	1.0000
12778.s1	C	C	0.9981
12779.fa	C	C	0.9786
12779.mo	A	C	0.4787
12779.p1	C	C	0.9847
12779.s1	C	C	0.9867
12780.fa	C	C	1.0000
12780.mo	A	C	0.4765
12780.p1	A	C	0.5249
12780.s1	C	C	0.9824
12781.fa	A	C	0.5232
12781.mo	A	C	0.4946
12781.p1	A	A	0.0000
12782.fa	A	C	0.4749
12782.mo	A	C	0.4762
12782.p1	A	C	0.4624
12782.s1	A	C	0.4671
12783.fa	A	A	0.0028
12783.mo	C	C	0.9967
12783.p1	A	C	0.5128
12784.fa	A	A	0.0000
12784.mo	C	C	0.9969
12784.p1	A	C	0.4731
12784.s1	A	C	0.4954
12785.fa	C	C	0.9916
12785.mo	A	C	0.4779
12785.p1	C	C	0.9956
12785.s1	C	C	0.9881
12786.fa	A	C	0.4816
12786.mo	A	A	0.0000
12786.p1	A	A	0.0000
12786.s1	A	A	0.0000
12787.fa	C	C	0.9896
12787.mo	A	A	0.0000
12787.p1	A	C	0.5017
12787.s1	A	C	0.5087
12788.fa	A	C	0.5182
12788.mo	A	C	0.4793
12788.p1	A	C	0.5080
12788.s1	A	C	0.5006
12790.fa	A	A	0.0014
12790.mo	A	A	0.0000
12790.p1	A	A	0.0018
12790.s1	A	A	0.0000
12791.fa	A	C	0.5146
12791.mo	A	C	0.5193
12791.p1	A	C	0.5037
12791.s1	A	C	0.5161
12792.fa	A	A	0.0000
12792.mo	A	C	0.4899
12792.p1	A	A	0.0000
12792.s1	A	A	0.0000
12793.fa	A	A	0.0014
12793.mo	C	C	0.9880
12793.p1	A	C	0.4737
12793.s1	A	C	0.4758
12794.fa	C	C	1.0000
12794.mo	C	C	1.0000
12794.p1	C	C	1.0000
12794.s1	C	C	0.9943
12796.fa	A	C	0.4826
12796.mo	C	C	0.9927
12796.p1	C	C	1.0000
12796.s1	A	C	0.4967
12797.fa	A	C	0.4895
12797.mo	A	C	0.4962
12797.p1	C	C	0.9960
12798.fa	A	C	0.4873
12798.mo	A	C	0.4715
12798.p1	A	C	0.4936
12798.s1	A	A	0.0003
12798.s2	A	C	0.4966
12799.fa	C	C	0.9905
12799.mo	C	C	0.9952
12799.p1	C	C	0.9886
12799.s1	C	C	1.0000
12801.fa	A	C	0.4751
12801.mo	A	C	0.4976
12801.p1	A	A	0.0000
12801.s1	A	C	0.5221
12803.fa	C	C	0.9890
12803.mo	C	C	0.9961
12803.p1	C	C	0.9861
12803.s1	C	C	0.9912
12805.fa	A	C	0.4863
12805.mo	A	C	0.4639
12805.p1	A	A	0.0000
12809.fa	A	C	0.4844
12809.mo	A	C	0.4643
12809.p1	A	A	0.0000
12810.fa	A	C	0.4854
12810.mo	A	C	0.4829
12810.p1	C	C	1.0000
12810.s1	A	C	0.4667
12817.fa	A	A	0.0024
12817.mo	A	C	0.4778
12817.p1	A	A	0.0000
12817.s1	A	A	0.0000
12819.fa	A	C	0.5117
12819.mo	C	C	0.9928
12819.p1	A	C	0.5202
12819.s1	C	C	0.9991
12820.fa	A	A	0.0000
12820.mo	A	C	0.4913
12820.p1	A	C	0.4912
12821.fa	A	A	0.0000
12821.mo	A	C	0.4799
12821.p1	A	A	0.0023
12821.s1	A	A	0.0000
12821.s2	A	A	0.0048
12824.fa	C	C	0.9880
12824.mo	C	C	1.0000
12824.p1	C	C	0.9899
12824.s1	C	C	1.0000
12826.fa	A	A	0.0009
12826.mo	A	C	0.4965
12826.p1	A	C	0.4981
12826.s1	A	C	0.4867
12827.fa	A	A	0.0000
12827.mo	C	C	0.9896
12827.p1	A	C	0.4962
12828.fa	A	C	0.4836
12828.mo	C	C	0.9952
12828.p1	C	C	0.9956
12829.fa	C	C	0.9961
12829.mo	A	C	0.5043
12829.p1	C	C	0.9991
12829.s1	A	C	0.5117
12831.fa	C	C	0.9958
12831.mo	A	C	0.4959
12831.p1	A	C	0.4713
12832.fa	A	A	0.0000
12832.mo	C	C	1.0000
12832.p1	A	C	0.4966
12832.s1	A	C	0.4903
12832.s2	A	C	0.4947
12833.fa	A	C	0.4899
12833.mo	A	C	0.4842
12833.p1	C	C	0.9896
12833.s1	A	C	0.5002
12836.fa	A	C	0.4947
12836.mo	A	A	0.0000
12836.p1	A	C	0.4997
12836.s1	A	A	0.0000
12837.fa	C	C	1.0000
12837.mo	A	C	0.4656
12837.p1	A	C	0.4887
12837.s1	C	C	0.9969
12838.fa	A	C	0.4619
12838.mo	C	C	0.9957
12838.p1	C	C	0.9974
12838.s1	A	C	0.5316
12840.fa	A	C	0.4914
12840.mo	A	C	0.5168
12840.p1	A	C	0.4849
12840.s1	C	C	0.9996
12842.fa	A	A	0.0073
12842.mo	A	C	0.5108
12842.p1	A	C	0.5257
12843.fa	C	C	0.9964
12843.mo	C	C	1.0000
12843.p1	C	C	0.9884
12843.s1	C	C	0.9918
12845.fa	A	C	0.4785
12845.mo	A	C	0.5046
12845.p1	A	C	0.4781
12845.s1	C	C	0.9995
12845.s2	C	C	0.9945
12849.fa	A	C	0.5424
12849.mo	A	A	0.0067
12849.p1	A	A	0.0000
12849.s1	A	A	0.0000
12850.fa	A	C	0.5040
12850.mo	C	C	0.9865
12850.p1	C	C	0.9804
12850.s1	C	C	0.9924
12850.s2	A	C	0.5272
12850.s3	C	C	0.9850
12851.fa	A	C	0.4686
12851.mo	A	C	0.4720
12851.p1	C	C	1.0000
12851.s1	A	C	0.4854
12852.fa	A	C	0.4831
12852.mo	A	A	0.0002
12852.p1	A	C	0.4759
12852.s1	A	C	0.4824
12853.fa	A	A	0.0000
12853.mo	A	C	0.4744
12853.p1	A	C	0.4964
12853.s1	A	C	0.4785
12854.fa	A	C	0.5184
12854.mo	C	C	0.9747
12854.p1	A	C	0.5210
12854.s1	A	C	0.5121
12857.fa	A	C	0.4951
12857.mo	A	A	0.0000
12857.p1	A	C	0.4970
12857.s1	A	A	0.0000
12858.fa	A	A	0.0000
12858.mo	A	C	0.4597
12858.p1	A	A	0.0053
12858.s1	A	C	0.4770
12859.fa	C	C	0.9985
12859.mo	C	C	0.9902
12859.p1	C	C	0.9860
12859.s1	C	C	0.9889
12860.fa	A	C	0.4579
12860.mo	A	A	0.0000
12860.p1	A	C	0.4949
12860.s1	A	C	0.4781
12861.fa	A	C	0.4755
12861.mo	A	A	0.0000
12861.p1	A	A	0.0000
12861.s1	A	A	0.0000
12864.fa	A	C	0.4877
12864.mo	A	C	0.4694
12864.p1	A	C	0.4961
12864.s1	A	C	0.4742
12867.fa	A	C	0.4913
12867.mo	A	C	0.4922
12867.p1	A	C	0.4942
12867.s1	A	C	0.4684
12869.fa	A	C	0.5120
12869.mo	C	C	0.9922
12869.p1	C	C	0.9839
12869.s1	A	C	0.5124
12871.fa	A	C	0.4698
12871.mo	A	A	0.0029
12871.p1	A	A	0.0023
12871.s1	A	C	0.4882
12875.fa	A	C	0.5205
12875.mo	C	C	0.9958
12875.p1	C	C	0.9935
12875.s1	C	C	0.9916
12878.fa	A	C	0.4710
12878.mo	A	C	0.4789
12878.p1	A	A	0.0000
12879.fa	C	C	0.9893
12879.mo	A	C	0.4970
12879.p1	C	C	0.9977
12879.s1	C	C	0.9829
12885.fa	C	C	0.9989
12885.mo	C	C	0.9939
12885.p1	C	C	0.9700
12891.fa	A	C	0.4815
12891.mo	A	A	0.0000
12891.p1	A	A	0.0022
12891.s1	A	A	0.0005
12892.fa	A	A	0.0000
12892.mo	C	C	0.9919
12892.p1	A	C	0.4841
12892.s1	A	C	0.4714
12894.fa	A	C	0.5136
12894.mo	A	C	0.4996
12894.p1	A	C	0.5051
12894.s1	A	C	0.5079
12899.fa	A	A	0.0000
12899.mo	A	C	0.4975
12899.p1	A	A	0.0000
12899.s1	A	A	0.0000
12900.fa	C	C	0.9868
12900.mo	A	C	0.4940
12900.p1	A	C	0.4673
12901.fa	A	A	0.0000
12901.mo	A	C	0.4738
12901.p1	A	A	0.0000
12901.s1	A	C	0.4698
12902.fa	A	C	0.4742
12902.mo	A	C	0.4610
12902.p1	A	A	0.0000
12902.s1	A	C	0.4836
12905.fa	C	C	1.0000
12905.mo	A	C	0.5149
12905.p1	C	C	0.9959
12905.s1	C	C	1.0000
12906.fa	C	C	1.0000
12906.mo	A	C	0.4332
12906.p1	A	C	0.5010
12906.s1	A	C	0.5147
12907.fa	A	C	0.4244
12907.mo	A	A	0.0000
12907.p1	A	C	0.4573
12907.s1	A	C	0.4509
12908.fa	A	C	0.4520
12908.mo	A	C	0.4450
12908.p1	A	C	0.4428
12908.s1	C	C	1.0000
12910.fa	A	A	0.0000
12910.mo	C	C	0.9942
12910.p1	A	C	0.5059
12912.fa	A	C	0.4803
12912.mo	A	C	0.5010
12912.p1	A	A	0.0000
12913.fa	C	C	0.9984
12913.mo	A	A	0.0009
12913.p1	A	C	0.4714
12916.fa	A	A	0.0000
12916.mo	C	C	1.0000
12916.p1	A	C	0.5136
12916.s1	A	C	0.4819
12920.fa	A	C	0.5086
12920.mo	A	A	0.0000
12920.p1	A	A	0.0068
12920.s1	A	C	0.5066
12921.fa	A	A	0.0019
12921.mo	A	A	0.0000
12921.p1	A	A	0.0008
12921.s1	A	A	0.0000
12922.fa	A	C	0.4675
12922.mo	A	A	0.0000
12922.p1	A	C	0.4686
12922.s1	A	C	0.5022
12923.fa	C	C	0.9919
12923.mo	A	C	0.5043
12923.p1	A	C	0.5045
12923.s1	C	C	1.0000
12924.fa	C	C	0.9894
12924.mo	A	C	0.5095
12924.p1	A	C	0.4963
12924.s1	C	C	1.0000
12925.fa	A	A	0.0001
12925.mo	A	C	0.5148
12925.p1	A	A	0.0036
12925.s1	A	A	0.0143
12925.s2	A	C	0.4990
12930.fa	A	C	0.4941
12930.mo	A	C	0.4940
12930.p1	A	C	0.4868
12930.s1	A	A	0.0072
12931.fa	A	C	0.4874
12931.mo	A	C	0.5031
12931.p1	C	C	0.9958
12931.s1	C	C	1.0000
12932.fa	A	C	0.5057
12932.mo	C	C	1.0000
12932.p1	C	C	1.0000
12932.s1	A	C	0.4498
12934.fa	A	A	0.0000
12934.mo	C	C	1.0000
12934.p1	A	C	0.5220
12937.fa	A	C	0.4741
12937.mo	C	C	1.0000
12937.p1	A	C	0.4821
12937.s1	C	C	0.9952
12938.fa	A	A	0.0000
12938.mo	A	A	0.0004
12938.p1	A	A	0.0000
12938.s1	A	A	0.0000
12939.fa	C	C	0.9859
12939.mo	A	C	0.4896
12939.p1	A	C	0.4968
12939.s1	A	C	0.4881
12940.fa	C	C	0.9989
12940.mo	C	C	1.0000
12940.p1	C	C	0.9944
12940.s1	C	C	1.0000
12941.fa	A	C	0.4545
12941.mo	C	C	0.9909
12941.p1	A	C	0.5018
12942.fa	A	C	0.5169
12942.mo	A	A	0.0000
12942.p1	A	A	0.0000
12942.s1	A	C	0.5076
12944.fa	C	C	0.9857
12944.mo	C	C	0.9910
12944.p1	C	C	1.0000
12944.s1	C	C	0.9959
12946.fa	A	C	0.4794
12946.mo	A	C	0.4244
12946.p1	C	C	0.9982
12946.s1	A	C	0.4456
12948.fa	A	C	0.5122
12948.mo	A	C	0.4764
12948.p1	C	C	0.9890
12950.fa	C	C	0.9960
12950.mo	A	C	0.4450
12950.p1	A	C	0.4449
12950.s1	A	C	0.5034
12951.fa	A	C	0.4908
12951.mo	A	C	0.5088
12951.p1	A	C	0.5052
12951.s1	A	C	0.5114
12952.fa	A	C	0.4877
12952.mo	A	C	0.4487
12952.p1	A	C	0.4413
12952.s1	A	C	0.4297
12953.fa	A	C	0.4657
12953.mo	C	C	1.0000
12953.p1	A	C	0.4454
12953.s1	A	C	0.4330
12955.fa	A	A	0.0000
12955.mo	A	C	0.5039
12955.p1	A	A	0.0000
12955.s1	A	C	0.4949
12956.fa	A	C	0.4768
12956.mo	A	C	0.5026
12956.p1	C	C	0.9743
12956.s1	A	C	0.4770
12957.fa	A	C	0.5300
12957.mo	A	C	0.5124
12957.p1	A	C	0.5005
12957.s1	A	A	0.0034
12958.fa	A	C	0.5279
12958.mo	A	A	0.0136
12958.p1	A	C	0.5124
12958.s1	A	C	0.4960
12958.s2	A	C	0.5004
12959.fa	C	C	0.9819
12959.mo	C	C	0.9877
12959.p1	C	C	0.9748
12960.fa	A	A	0.0000
12960.mo	A	C	0.5004
12960.p1	A	A	0.0000
12961.fa	A	A	0.0000
12961.mo	A	C	0.4936
12961.p1	A	A	0.0040
12962.fa	C	C	0.9969
12962.mo	A	C	0.4810
12962.p1	A	C	0.5088
12962.s1	C	C	0.9931
12964.fa	A	A	0.0000
12964.mo	C	C	0.9919
12964.p1	A	C	0.4316
12964.s1	A	C	0.4752
12967.fa	C	C	0.9946
12967.mo	A	C	0.4772
12967.p1	A	C	0.4784
12967.s1	A	C	0.4823
12969.fa	A	C	0.5129
12969.mo	A	A	0.0000
12969.p1	A	A	0.0000
12969.s1	A	C	0.4755
12971.fa	A	C	0.5159
12971.mo	A	C	0.5169
12971.p1	A	C	0.4959
12972.fa	A	C	0.5058
12972.mo	C	C	0.9856
12972.p1	C	C	0.9870
12972.s1	A	C	0.4723
12974.fa	A	C	0.5005
12974.mo	A	A	0.0000
12974.p1	A	C	0.5109
12974.s1	A	A	0.0028
12974.s2	A	A	0.0079
12975.fa	A	C	0.4964
12975.mo	A	C	0.4960
12975.p1	A	C	0.4994
12975.s1	A	C	0.4557
12976.fa	A	C	0.4857
12976.mo	A	A	0.0006
12976.p1	A	A	0.0016
12976.s1	A	A	0.0000
12977.fa	A	A	0.0000
12977.mo	A	C	0.5178
12977.p1	A	C	0.4934
12977.s1	A	C	0.5124
12979.fa	A	C	0.4967
12979.mo	A	C	0.4823
12979.p1	A	C	0.4986
12984.fa	A	C	0.5005
12984.mo	A	C	0.5080
12984.p1	A	A	0.0000
12984.s1	A	A	0.0028
12985.fa	C	C	0.9851
12985.mo	A	A	0.0000
12985.p1	A	C	0.4130
12986.fa	A	C	0.4733
12986.mo	A	C	0.5096
12986.p1	A	C	0.4663
12989.fa	A	A	0.0064
12989.mo	C	C	1.0000
12989.p1	A	C	0.4753
12989.s1	A	C	0.4851
12991.fa	A	C	0.4492
12991.mo	A	A	0.0024
12991.p1	A	A	0.0000
12994.fa	A	C	0.4792
12994.mo	A	C	0.4823
12994.p1	A	C	0.4944
12994.s1	A	A	0.0004
12996.fa	A	C	0.4881
12996.mo	A	A	0.0003
12996.p1	A	A	0.0006
12996.s1	A	A	0.0007
12996.s2	A	A	0.0000
12997.fa	A	A	0.0000
12997.mo	A	C	0.5151
12997.p1	A	C	0.4725
12997.s1	A	C	0.5185
12998.fa	A	C	0.5051
12998.mo	A	C	0.4889
12998.p1	C	C	0.9878
13001.fa	A	C	0.4797
13001.mo	A	A	0.0068
13001.p1	A	A	0.0000
13001.s1	A	A	0.0035
13005.fa	A	A	0.0000
13005.mo	C	C	1.0000
13005.p1	A	C	0.4911
13005.s1	A	C	0.4669
13006.fa	A	A	0.0002
13006.mo	C	C	0.9810
13006.p1	A	C	0.4660
13006.s1	A	C	0.4511
13007.fa	A	C	0.5057
13007.mo	A	C	0.4884
13007.p1	A	C	0.4846
13007.s1	C	C	0.9920
13008.fa	A	C	0.5122
13008.mo	C	C	0.9990
13008.p1	C	C	1.0000
13008.s1	A	C	0.5039
13009.fa	C	C	0.9818
13009.mo	A	A	0.0025
13009.p1	A	C	0.5150
13010.fa	A	C	0.4658
13010.mo	C	C	0.9830
13010.p1	A	C	0.4719
13010.s1	A	C	0.4512
13012.fa	A	C	0.5245
13012.mo	A	C	0.4764
13012.p1	C	C	0.9781
13012.s1	A	C	0.5134
13013.fa	A	C	0.5246
13013.mo	A	C	0.5235
13013.p1	A	C	0.4921
13014.fa	C	C	0.9984
13014.mo	A	A	0.0019
13014.p1	A	C	0.5062
13015.fa	C	C	0.9909
13015.mo	C	C	0.9775
13015.p1	C	C	0.9735
13015.s1	C	C	0.9910
13016.fa	C	C	0.9928
13016.mo	A	C	0.5092
13016.p1	A	C	0.5043
13016.s1	C	C	0.9868
13017.fa	A	C	0.5065
13017.mo	C	C	0.9949
13017.p1	A	C	0.5421
13017.s1	A	C	0.5058
13017.s2	C	C	1.0000
13018.fa	C	C	0.9799
13018.mo	A	A	0.0000
13018.p1	A	C	0.5017
13018.s1	A	C	0.5029
13019.fa	C	C	0.9916
13019.mo	A	A	0.0000
13019.p1	A	C	0.5059
13021.fa	A	C	0.5172
13021.mo	A	A	0.0000
13021.p1	A	A	0.0000
13021.s1	A	A	0.0020
13023.fa	C	C	0.9723
13023.mo	A	C	0.4945
13023.p1	C	C	0.9904
13023.s1	C	C	0.9826
13026.fa	A	A	0.0000
13026.mo	A	C	0.4865
13026.p1	A	C	0.4935
13026.s1	A	A	0.0000
13027.fa	A	A	0.0128
13027.mo	C	C	0.9839
13027.p1	A	C	0.5100
13028.fa	A	C	0.4927
13028.mo	A	C	0.5143
13028.p1	C	C	1.0000
13028.s1	C	C	1.0000
13031.fa	A	A	0.0000
13031.mo	C	C	0.9955
13031.p1	A	C	0.4965
13033.fa	C	C	0.9976
13033.mo	A	C	0.5178
13033.p1	A	C	0.5159
13034.fa	A	A	0.0016
13034.mo	C	C	0.9972
13034.p1	A	C	0.5131
13034.s1	A	C	0.5357
13034.s2	A	C	0.5191
13035.fa	C	C	0.9869
13035.mo	A	A	0.0000
13035.p1	A	C	0.5083
13035.s1	A	C	0.4898
13036.fa	A	C	0.5026
13036.mo	C	C	0.9910
13036.p1	A	C	0.5030
13036.s1	C	C	0.9913
13037.fa	A	C	0.5335
13037.mo	C	C	0.9952
13037.p1	A	C	0.5182
13037.s1	A	C	0.5039
13037.s2	C	C	0.9948
13038.fa	A	A	0.0000
13038.mo	A	C	0.4788
13038.p1	A	C	0.4946
13038.s1	A	A	0.0000
13039.fa	A	C	0.5015
13039.mo	A	C	0.5127
13039.p1	C	C	0.9984
13039.s1	A	C	0.5144
13041.fa	A	C	0.5192
13041.mo	A	A	0.0023
13041.p1	A	C	0.4816
13041.s1	A	C	0.5065
13042.fa	A	C	0.4743
13042.mo	C	C	0.9982
13042.p1	A	C	0.4965
13042.s1	A	C	0.4880
13043.fa	C	C	1.0000
13043.mo	C	C	1.0000
13043.p1	C	C	0.9935
13043.s1	C	C	0.9808
13044.fa	A	A	0.0000
13044.mo	A	A	0.0000
13044.p1	A	A	0.0000
13044.s1	A	A	0.0000
13045.fa	A	A	0.0000
13045.mo	A	C	0.4925
13045.p1	A	C	0.5093
13048.fa	A	C	0.5072
13048.mo	A	A	0.0000
13048.p1	A	A	0.0000
13048.s1	A	C	0.5197
13050.fa	C	C	1.0000
13050.mo	A	C	0.4981
13050.p1	A	C	0.5028
13050.s1	A	C	0.5085
13051.fa	C	C	1.0000
13051.mo	A	A	0.0031
13051.p1	A	C	0.5150
13051.s1	A	C	0.5175
13053.fa	A	C	0.5041
13053.mo	A	A	0.0000
13053.p1	A	A	0.0000
13053.s1	A	C	0.4656
13054.fa	A	C	0.4572
13054.mo	A	C	0.5014
13054.p1	C	C	0.9939
13054.s1	A	C	0.5011
13056.fa	A	C	0.5162
13056.mo	C	C	0.9900
13056.p1	C	C	0.9895
13057.fa	C	C	0.9877
13057.mo	C	C	0.9853
13057.p1	C	C	0.9939
13057.s1	C	C	0.9808
13059.fa	A	C	0.4566
13059.mo	A	A	0.0000
13059.p1	A	A	0.0011
13060.fa	A	C	0.4901
13060.mo	A	A	0.0000
13060.p1	A	A	0.0000
13061.fa	A	C	0.5106
13061.mo	C	C	0.9892
13061.p1	C	C	0.9888
13061.s1	C	C	0.9857
13061.s2	A	C	0.5101
13063.fa	A	A	0.0000
13063.mo	A	C	0.5047
13063.p1	A	C	0.4885
13063.s1	A	C	0.4812
13064.fa	A	C	0.5175
13064.mo	C	C	1.0000
13064.p1	C	C	1.0000
13064.s1	A	C	0.4851
13065.fa	C	C	1.0000
13065.mo	C	C	1.0000
13065.p1	C	C	1.0000
13067.fa	C	C	0.9919
13067.mo	C	C	0.9945
13067.p1	C	C	1.0000
13069.fa	A	C	0.4647
13069.mo	A	C	0.4736
13069.p1	C	C	1.0000
13069.s1	C	C	0.9993
13070.fa	A	C	0.4895
13070.mo	A	C	0.4853
13070.p1	A	A	0.0000
13070.s1	A	A	0.0051
13071.fa	A	C	0.5016
13071.mo	A	C	0.4759
13071.p1	A	C	0.4870
13071.s1	A	A	0.0000
13072.fa	A	C	0.5183
13072.mo	C	C	0.9872
13072.p1	A	C	0.5156
13072.s1	C	C	0.9913
13073.fa	A	A	0.0029
13073.mo	A	C	0.5009
13073.p1	A	A	0.0007
13073.s1	A	C	0.4897
13076.fa	C	C	0.9878
13076.mo	C	C	0.9933
13076.p1	C	C	0.9938
13076.s1	C	C	0.9879
13077.fa	A	C	0.4937
13077.mo	A	C	0.5141
13077.p1	A	C	0.4985
13077.s1	A	C	0.4882
13079.fa	A	A	0.0000
13079.mo	A	C	0.4663
13079.p1	A	C	0.4593
13080.fa	A	A	0.0000
13080.mo	A	C	0.5006
13080.p1	A	C	0.5106
13080.s1	A	A	0.0000
13082.fa	C	C	0.9948
13082.mo	A	C	0.4713
13082.p1	A	C	0.5036
13082.s1	C	C	1.0000
13083.fa	A	C	0.4829
13083.mo	A	A	0.0001
13083.p1	A	A	0.0000
13083.s1	A	A	0.0000
13085.fa	A	C	0.5088
13085.mo	A	A	0.0000
13085.p1	A	A	0.0000
13088.fa	A	A	0.0000
13088.mo	A	C	0.4800
13088.p1	A	A	0.0000
13088.s1	A	C	0.4652
13089.fa	A	A	0.0000
13089.mo	A	C	0.4905
13089.p1	A	A	0.0058
13089.s1	A	A	0.0000
13093.fa	A	C	0.4618
13093.mo	A	C	0.5067
13093.p1	A	C	0.4840
13093.s1	A	C	0.4933
13094.fa	A	C	0.5037
13094.mo	A	C	0.4876
13094.p1	A	C	0.5022
13094.s1	A	C	0.5063
13095.fa	A	A	0.0010
13095.mo	C	C	0.9878
13095.p1	A	C	0.4818
13095.s1	A	C	0.5070
13095.s2	A	C	0.4758
13096.fa	C	C	0.9966
13096.mo	C	C	0.9903
13096.p1	C	C	0.9973
13096.s1	C	C	0.9940
13097.fa	C	C	0.9941
13097.mo	A	C	0.4393
13097.p1	C	C	0.9964
13097.s1	A	C	0.3858
13099.fa	A	C	0.4362
13099.mo	A	C	0.4364
13099.p1	A	C	0.4563
13099.s1	A	C	0.4319
13101.fa	A	A	0.0000
13101.mo	C	C	0.9995
13101.p1	A	C	0.4060
13101.s1	A	C	0.4386
13102.fa	A	C	0.4482
13102.mo	A	C	0.4449
13102.p1	A	C	0.3990
13102.s1	A	C	0.4518
13104.fa	A	A	0.0000
13104.mo	C	C	0.9768
13104.p1	A	C	0.4968
13104.s1	A	C	0.4681
13106.fa	C	C	1.0000
13106.mo	C	C	1.0000
13106.p1	C	C	0.9983
13106.s1	C	C	1.0000
13107.fa	A	C	0.5109
13107.mo	A	A	0.0000
13107.p1	A	A	0.0000
13107.s1	A	C	0.4858
13111.fa	C	C	1.0000
13111.mo	A	C	0.5001
13111.p1	A	C	0.4925
13111.s1	A	C	0.5053
13115.fa	A	A	0.0000
13115.mo	A	C	0.4748
13115.p1	A	C	0.4742
13115.s1	A	A	0.0000
13116.fa	C	C	1.0000
13116.mo	A	C	0.5015
13116.p1	C	C	1.0000
13116.s1	A	C	0.4928
13118.fa	A	C	0.5080
13118.mo	C	C	0.9907
13118.p1	C	C	0.9724
13118.s1	A	C	0.5052
13119.fa	A	C	0.5075
13119.mo	A	C	0.4985
13119.p1	A	C	0.4958
13120.fa	A	C	0.4834
13120.mo	A	C	0.4929
13120.p1	A	C	0.4656
13120.s1	C	C	0.9612
13123.fa	C	C	0.9830
13123.mo	C	C	0.9837
13123.p1	C	C	0.9785
13123.s1	C	C	0.9845
13128.fa	A	C	0.4525
13128.mo	A	A	0.0000
13128.p1	A	C	0.4326
13128.s1	A	C	0.4100
13129.fa	A	A	0.0000
13129.mo	A	C	0.5060
13129.p1	A	C	0.5229
13129.s1	A	A	0.0010
13130.fa	A	C	0.5190
13130.mo	A	C	0.5135
13130.p1	A	C	0.5143
13130.s1	A	C	0.4772
13131.fa	A	C	0.5026
13131.mo	A	A	0.0047
13131.p1	A	C	0.5178
13131.s1	A	A	0.0000
13133.fa	A	C	0.5222
13133.mo	A	C	0.5128
13133.p1	A	A	0.0000
13133.s1	C	C	0.9962
13134.fa	A	C	0.5016
13134.mo	A	A	0.0017
13134.p1	A	A	0.0000
13135.fa	A	A	0.0000
13135.mo	C	C	0.9869
13135.p1	A	C	0.3968
13135.s1	A	C	0.4196
13136.fa	A	C	0.5028
13136.mo	C	C	0.9674
13136.p1	A	C	0.4929
13136.s1	A	C	0.5138
13139.fa	A	C	0.4990
13139.mo	A	C	0.5049
13139.p1	C	C	0.9903
13139.s1	A	C	0.4633
13144.fa	A	C	0.4702
13144.mo	C	C	0.9992
13144.p1	C	C	0.9901
13144.s1	A	C	0.4741
13146.fa	A	C	0.5049
13146.mo	C	C	0.9935
13146.p1	A	C	0.4790
13146.s1	A	C	0.4586
13147.fa	C	C	0.9827
13147.mo	A	A	0.0000
13147.p1	A	C	0.5096
13147.s1	A	C	0.5023
13148.fa	C	C	0.9783
13148.mo	A	C	0.5095
13148.p1	C	C	0.9729
13148.s1	C	C	0.9707
13150.fa	C	C	1.0000
13150.mo	A	A	0.0000
13150.p1	A	C	0.4759
13151.fa	C	C	0.9828
13151.mo	C	C	0.9735
13151.p1	C	C	0.9876
13151.s1	C	C	0.9815
13152.fa	C	C	0.9958
13152.mo	A	C	0.4637
13152.p1	C	C	1.0000
13152.s1	A	C	0.4516
13153.fa	A	A	0.0110
13153.mo	C	C	0.9972
13153.p1	A	C	0.5025
13153.s1	A	C	0.5088
13154.fa	A	A	0.0072
13154.mo	A	A	0.0039
13154.p1	A	A	0.0000
13154.s1	A	A	0.0158
13154.s2	A	A	0.0104
13159.fa	A	C	0.4731
13159.mo	C	C	1.0000
13159.p1	A	C	0.4915
13159.s1	C	C	0.9915
13160.fa	A	A	0.0000
13160.mo	C	C	0.9868
13160.p1	A	C	0.4971
13160.s1	A	C	0.4739
13162.fa	C	C	0.9922
13162.mo	A	C	0.4827
13162.p1	A	C	0.4848
13162.s1	A	C	0.4809
13163.fa	C	C	0.9961
13163.mo	C	C	0.9921
13163.p1	C	C	0.9956
13163.s1	C	C	1.0000
13163.s2	C	C	0.9983
13166.fa	C	C	1.0000
13166.mo	A	C	0.4920
13166.p1	C	C	1.0000
13166.s1	A	C	0.4481
13167.fa	A	C	0.4984
13167.mo	A	C	0.5146
13167.p1	A	C	0.5110
13167.s1	A	C	0.5194
13168.fa	A	A	0.0000
13168.mo	A	C	0.4893
13168.p1	A	A	0.0000
13168.s1	A	C	0.4680
13169.fa	A	A	0.0000
13169.mo	A	A	0.0000
13169.p1	A	A	0.0018
13169.s1	A	A	0.0000
13171.fa	A	A	0.0019
13171.mo	C	C	0.9954
13171.p1	A	C	0.4770
13171.s1	A	C	0.4991
13174.fa	A	C	0.4988
13174.mo	C	C	1.0000
13174.p1	A	C	0.5220
13174.s1	C	C	0.9863
13175.fa	A	C	0.4913
13175.mo	C	C	1.0000
13175.p1	C	C	0.9885
13175.s1	A	C	0.4921
13176.fa	C	C	0.9626
13176.mo	A	C	0.5019
13176.p1	C	C	0.9796
13176.s1	A	C	0.5036
13177.fa	C	C	1.0000
