11001.fa	T	T	1.0000
11001.mo	A	A	0.0000
11001.p1	A	T	0.4543
11018.fa	A	A	0.0076
11018.mo	A	T	0.5152
11018.p1	A	T	0.4415
11018.s1	A	A	0.0000
11025.fa	T	T	0.9994
11025.mo	T	T	1.0000
11025.p1	T	T	0.9967
11040.fa	A	T	0.5348
11040.mo	A	A	0.0000
11040.p1	A	A	0.0198
11040.s1	A	T	0.3202
11055.fa	T	T	1.0000
11055.mo	A	A	0.0006
11055.p1	A	T	0.5179
11055.s1	A	T	0.5534
11078.fa	A	A	0.0008
11078.mo	A	T	0.5587
11078.p1	A	T	0.5305
11078.s1	A	T	0.5374
11080.fa	A	A	0.0000
11080.mo	A	T	0.4872
11080.p1	A	A	0.0040
11087.fa	A	T	0.5295
11087.mo	A	A	0.0131
11087.p1	A	A	0.0000
11090.fa	A	T	0.5363
11090.mo	T	T	1.0000
11090.p1	A	T	0.5275
11090.s1	T	T	1.0000
11110.fa	A	T	0.5954
11110.mo	A	A	0.0048
11110.p1	A	T	0.5147
11110.s1	A	A	0.0044
11117.fa	A	A	0.0323
11117.mo	A	A	0.0216
11117.p1	A	A	0.0000
11117.s1	A	A	0.0096
11117.s2	A	A	0.0000
11117.s3	A	A	0.0000
11129.fa	A	T	0.5271
11129.mo	A	T	0.5282
11129.p1	A	T	0.5180
11133.fa	A	A	0.0008
11133.mo	A	T	0.5286
11133.p1	A	T	0.5478
11134.fa	A	T	0.5210
11134.mo	A	T	0.5395
11134.p1	A	T	0.5374
11145.fa	A	A	0.0000
11145.mo	A	T	0.4277
11145.p1	A	A	0.0131
11158.fa	A	T	0.5286
11158.mo	T	T	1.0000
11158.p1	T	T	0.9831
11158.s1	A	T	0.5336
11158.s2	T	T	1.0000
11161.fa	A	A	0.0143
11161.mo	A	T	0.5500
11161.p1	A	A	0.0048
11161.s1	A	A	0.0000
11165.fa	A	T	0.4495
11165.mo	A	T	0.4766
11165.p1	A	T	0.4357
11167.fa	A	A	0.0000
11167.mo	A	T	0.5139
11167.p1	A	T	0.5059
11167.s1	A	T	0.5516
11188.fa	A	A	0.0000
11188.mo	A	A	0.0117
11188.p1	A	A	0.0000
11202.fa	A	A	0.0000
11202.mo	T	T	0.9985
11202.p1	A	T	0.4739
11241.fa	A	A	0.0152
11241.mo	A	A	0.0000
11241.p1	A	A	0.0004
11241.s1	A	A	0.0000
11241.s2	A	A	0.0000
11249.fa	A	T	0.5142
11249.mo	A	A	0.0000
11249.p1	A	T	0.4805
11266.fa	A	T	0.4736
11266.mo	T	T	1.0000
11266.p1	A	T	0.5539
11266.s1	T	T	0.9970
11266.s2	A	T	0.5301
11270.fa	A	A	0.0000
11270.mo	A	T	0.5421
11270.p1	A	T	0.5660
11270.s1	A	T	0.5042
11276.fa	A	A	0.0110
11276.mo	A	T	0.5071
11276.p1	A	T	0.5190
11276.s1	A	A	0.0029
11277.fa	A	T	0.4908
11277.mo	T	T	0.9994
11277.p1	A	T	0.5069
11277.s1	A	T	0.5443
11283.fa	A	T	0.4937
11283.mo	A	T	0.5192
11283.p1	T	T	1.0000
11290.fa	A	A	0.0000
11290.mo	A	A	0.0000
11290.p1	A	A	0.0000
11290.s1	A	A	0.0111
11290.s2	A	A	0.0096
11290.s3	A	A	0.0000
11294.fa	A	A	0.0094
11294.mo	A	T	0.5672
11294.p1	A	A	0.0004
11297.fa	A	A	0.0096
11297.mo	A	A	0.0000
11297.p1	A	A	0.0129
11308.fa	A	T	0.5183
11308.mo	A	T	0.4406
11308.p1	A	A	0.0000
11321.fa	A	A	0.0071
11321.mo	A	T	0.5483
11321.p1	A	T	0.5091
11321.s1	A	A	0.0029
11330.fa	A	T	0.5410
11330.mo	A	T	0.5087
11330.p1	A	T	0.5321
11330.s1	T	T	0.9888
11330.s2	A	T	0.4726
11333.fa	T	T	1.0000
11333.mo	A	T	0.5277
11333.p1	A	T	0.6099
11333.s1	A	T	0.5154
11343.fa	A	A	0.0000
11343.mo	T	T	0.9872
11343.p1	A	T	0.4970
11367.fa	T	T	1.0000
11367.mo	A	A	0.0000
11367.p1	A	T	0.5226
11367.s1	A	T	0.5495
11372.fa	A	T	0.5268
11372.mo	A	T	0.5595
11372.p1	A	T	0.4674
11372.s1	T	T	1.0000
11387.fa	A	A	0.0089
11387.mo	A	A	0.0000
11387.p1	A	A	0.0000
11393.fa	A	T	0.5327
11393.mo	T	T	1.0000
11393.p1	A	T	0.5124
11393.s1	A	T	0.5495
11393.s2	A	T	0.5733
11394.fa	A	A	0.0000
11394.mo	A	T	0.5338
11394.p1	A	A	0.0000
11400.fa	A	T	0.4351
11400.mo	A	A	0.0000
11400.p1	A	T	0.3894
11400.s1	A	A	0.0000
11407.fa	A	A	0.0000
11407.mo	A	A	0.0000
11407.p1	A	A	0.0000
11407.s1	A	A	0.0000
11433.fa	A	A	0.0034
11433.mo	A	A	0.0000
11433.p1	A	A	0.0000
11433.s1	A	A	0.0000
11439.fa	A	A	0.0000
11439.mo	A	T	0.3319
11439.p1	A	T	0.4847
11439.s1	A	A	0.0000
11446.fa	A	A	0.0000
11446.mo	A	A	0.0025
11446.p1	A	A	0.0086
11446.s1	A	A	0.0030
11453.fa	A	A	0.0053
11453.mo	A	A	0.0063
11453.p1	A	A	0.0000
11453.s1	A	A	0.0000
11456.fa	A	T	0.4992
11456.mo	A	A	0.0000
11456.p1	A	T	0.5161
11456.s1	A	A	0.0000
11464.fa	T	T	0.9886
11464.mo	T	T	0.9784
11464.p1	T	T	1.0000
11465.fa	A	T	0.5366
11465.mo	T	T	1.0000
11465.p1	T	T	1.0000
11470.fa	T	T	1.0000
11470.mo	A	T	0.5061
11470.p1	T	T	0.9991
11470.s1	A	T	0.4642
11470.s3	T	T	1.0000
11472.fa	A	A	0.0023
11472.mo	T	T	1.0000
11472.p1	A	T	0.5255
11472.s1	A	T	0.5022
11480.fa	A	T	0.5137
11480.mo	A	A	0.0000
11480.p1	A	T	0.5115
11480.s1	A	A	0.0047
11491.fa	A	T	0.5315
11491.mo	A	T	0.5159
11491.p1	A	A	0.0000
11491.s1	T	T	1.0000
11494.fa	A	A	0.0001
11494.mo	A	A	0.0075
11494.p1	A	A	0.0055
11494.s1	A	A	0.0100
11516.fa	A	T	0.5009
11516.mo	A	A	0.0075
11516.p1	A	A	0.0000
11516.s1	A	A	0.0000
11518.fa	A	T	0.5251
11518.mo	A	A	0.0000
11518.p1	A	T	0.5215
11518.s1	A	T	0.5364
11532.fa	A	A	0.0000
11532.mo	T	T	0.9936
11532.p1	A	T	0.5337
11532.s1	A	T	0.4980
11538.fa	A	A	0.0004
11538.mo	A	A	0.0085
11538.p1	A	A	0.0000
11538.s1	A	A	0.0000
11543.fa	A	T	0.4989
11543.mo	A	T	0.4764
11543.p1	T	T	1.0000
11543.s1	A	T	0.5003
11567.fa	T	T	1.0000
11567.mo	A	A	0.0100
11567.p1	A	T	0.5365
11567.s1	A	T	0.5209
11571.fa	A	T	0.5125
11571.mo	A	A	0.0216
11571.p1	A	A	0.0000
11571.s1	A	A	0.0086
11573.fa	T	T	1.0000
11573.mo	A	A	0.0000
11573.p1	A	T	0.4650
11573.s1	A	T	0.4981
11592.fa	A	A	0.0000
11592.mo	A	T	0.5562
11592.p1	A	T	0.5113
11592.s1	A	A	0.0000
11600.fa	A	A	0.0001
11600.mo	A	T	0.4758
11600.p1	A	T	0.5434
11600.s1	A	A	0.0000
11601.fa	A	A	0.0000
11601.mo	A	T	0.5193
11601.p1	A	T	0.5024
11601.s1	A	T	0.5409
11601.s3	A	A	0.0000
11604.fa	T	T	1.0000
11604.mo	A	T	0.5170
11604.p1	A	T	0.5363
11608.fa	A	T	0.5590
11608.mo	A	T	0.5220
11608.p1	A	A	0.0000
11608.s1	A	A	0.0039
11609.fa	A	A	0.0152
11609.mo	A	A	0.0000
11609.p1	A	A	0.0013
11610.fa	A	T	0.5042
11610.mo	A	T	0.5434
11610.p1	T	T	1.0000
11610.s1	A	T	0.5173
11612.fa	A	A	0.0000
11612.mo	A	T	0.4552
11612.p1	A	T	0.5394
11615.fa	A	A	0.0072
11615.mo	A	T	0.4814
11615.p1	A	T	0.5217
11615.s1	A	A	0.0057
11616.fa	A	A	0.0000
11616.mo	A	A	0.0000
11616.p1	A	A	0.0049
11616.s1	A	A	0.0000
11617.fa	A	T	0.5106
11617.mo	A	T	0.5437
11617.p1	T	T	1.0000
11619.fa	A	T	0.4387
11619.mo	T	T	0.9928
11619.p1	T	T	0.9852
11620.fa	A	T	0.4997
11620.mo	A	A	0.0000
11620.p1	A	A	0.0000
11620.s1	A	A	0.0000
11621.fa	T	T	0.9880
11621.mo	T	T	0.9977
11621.p1	T	T	1.0000
11622.fa	A	A	0.0088
11622.mo	T	T	1.0000
11622.p1	A	T	0.4590
11622.s1	A	T	0.5205
11625.fa	A	A	0.0000
11625.mo	A	A	0.0000
11625.p1	A	A	0.0000
11625.s1	A	A	0.0168
11627.fa	A	T	0.5114
11627.mo	A	A	0.0130
11627.p1	A	T	0.5455
11627.s1	A	T	0.5358
11629.fa	T	T	1.0000
11629.mo	A	A	0.0067
11629.p1	A	T	0.5178
11629.s1	A	T	0.5049
11630.fa	A	A	0.0000
11630.mo	A	A	0.0041
11630.p1	A	A	0.0000
11630.s1	A	A	0.0000
11630.s2	A	A	0.0000
11630.s3	A	A	0.0000
11634.fa	A	A	0.0072
11634.mo	A	A	0.0087
11634.p1	A	A	0.0006
11634.s1	A	A	0.0011
11638.fa	A	A	0.0000
11638.mo	A	T	0.5568
11638.p1	A	A	0.0265
11638.s1	A	A	0.0060
11642.fa	A	A	0.0141
11642.mo	A	A	0.0000
11642.p1	A	A	0.0048
11642.s1	A	A	0.0146
11644.fa	A	A	0.0000
11644.mo	A	A	0.0018
11644.p1	A	A	0.0044
11644.s1	A	A	0.0000
11645.fa	A	A	0.0000
11645.mo	A	T	0.5317
11645.p1	A	A	0.0011
11645.s1	A	A	0.0000
11651.fa	A	T	0.4943
11651.mo	A	T	0.5064
11651.p1	A	A	0.0000
11651.s1	A	A	0.0235
11653.fa	A	A	0.0000
11653.mo	A	T	0.4892
11653.p1	A	T	0.5260
11653.s1	A	T	0.5058
11654.fa	A	A	0.0000
11654.mo	A	T	0.5724
11654.p1	A	A	0.0000
11654.s1	A	T	0.5429
11657.fa	A	A	0.0014
11657.mo	A	T	0.4762
11657.p1	A	A	0.0000
11657.s1	A	T	0.5324
11659.fa	A	T	0.5468
11659.mo	A	A	0.0048
11659.p1	A	T	0.5480
11659.s1	A	A	0.0000
11660.fa	A	A	0.0000
11660.mo	A	T	0.5262
11660.p1	A	T	0.4481
11664.fa	A	A	0.0000
11664.mo	A	T	0.5260
11664.p1	A	A	0.0006
11664.p2	A	A	0.0000
11664.s2	A	T	0.5421
11665.fa	A	T	0.5550
11665.mo	A	A	0.0000
11665.p1	A	T	0.5372
11665.s1	A	T	0.5175
11666.fa	A	A	0.0000
11666.mo	A	A	0.0217
11666.p1	A	A	0.0006
11666.s1	A	A	0.0000
11667.fa	T	T	0.9999
11667.mo	A	A	0.0022
11667.p1	A	T	0.5843
11667.s1	A	T	0.4646
11673.fa	A	A	0.0000
11673.mo	A	T	0.4901
11673.p1	A	T	0.5138
11673.s1	A	A	0.0000
11677.fa	A	T	0.4738
11677.mo	A	T	0.5499
11677.p1	A	T	0.5411
11677.s1	T	T	1.0000
11679.fa	A	A	0.0000
11679.mo	A	A	0.0131
11679.p1	A	A	0.0000
11679.s1	A	A	0.0000
11680.fa	A	A	0.0000
11680.mo	A	T	0.5585
11680.p1	A	A	0.0072
11681.fa	A	T	0.4865
11681.mo	A	T	0.4255
11681.p1	T	T	1.0000
11685.fa	A	A	0.0000
11685.mo	A	A	0.0000
11685.p1	A	A	0.0000
11685.s1	A	A	0.0020
11689.fa	A	A	0.0166
11689.mo	A	T	0.4971
11689.p1	A	A	0.0075
11689.s2	A	T	0.5103
11691.fa	A	T	0.5100
11691.mo	A	T	0.5475
11691.p1	T	T	1.0000
11691.s1	A	T	0.5397
11693.fa	A	A	0.0126
11693.mo	A	T	0.5200
11693.p1	A	T	0.4808
11694.fa	A	T	0.5214
11694.mo	A	A	0.0000
11694.p1	A	T	0.5215
11694.s1	A	A	0.0103
11700.fa	A	A	0.0095
11700.mo	T	T	0.9931
11700.p1	A	T	0.5115
11700.s1	A	T	0.4276
11700.s2	A	T	0.4994
11704.fa	A	T	0.5096
11704.mo	T	T	1.0000
11704.p1	A	T	0.4267
11707.fa	T	T	1.0000
11707.mo	T	T	1.0000
11707.p1	T	T	0.9919
11707.s1	T	T	1.0000
11709.fa	A	T	0.5084
11709.mo	A	T	0.5367
11709.p1	T	T	0.9874
11710.fa	T	T	0.9839
11710.mo	T	T	0.9916
11710.p1	T	T	0.9930
11711.fa	A	A	0.0019
11711.mo	A	T	0.5529
11711.p1	A	A	0.0000
11711.s1	A	T	0.5221
11712.fa	A	T	0.5763
11712.mo	T	T	0.9987
11712.p1	A	T	0.4288
11712.s1	T	T	0.9934
11712.s2	T	T	0.9947
11714.fa	A	A	0.0131
11714.mo	A	T	0.5396
11714.p1	A	T	0.5317
11714.s1	A	T	0.5429
11715.fa	A	A	0.0000
11715.mo	A	T	0.5306
11715.p1	A	T	0.5425
11715.s1	A	T	0.5784
11716.fa	A	A	0.0000
11716.mo	T	T	1.0000
11716.p1	A	T	0.5225
11716.s1	A	T	0.5041
11718.fa	A	A	0.0165
11718.mo	A	A	0.0048
11718.p1	A	A	0.0101
11718.s1	A	A	0.0205
11720.fa	T	T	0.9929
11720.mo	T	T	1.0000
11720.p1	T	T	1.0000
11720.s1	T	T	1.0000
11720.s2	T	T	0.9951
11721.fa	A	T	0.5136
11721.mo	A	A	0.0000
11721.p1	A	T	0.5083
11721.s1	A	A	0.0000
11722.fa	A	T	0.5163
11722.mo	T	T	0.9970
11722.p1	A	T	0.5312
11722.s1	T	T	1.0000
11723.fa	A	A	0.0000
11723.mo	A	T	0.5506
11723.p1	A	A	0.0000
11723.s1	A	T	0.4818
11724.fa	A	T	0.4706
11724.mo	A	T	0.5424
11724.p1	A	T	0.4996
11724.s1	A	T	0.5167
11729.fa	A	A	0.0086
11729.mo	A	T	0.5228
11729.p1	A	A	0.0000
11729.s1	A	T	0.5352
11729.s2	A	A	0.0144
11730.fa	A	A	0.0137
11730.mo	A	T	0.5128
11730.p1	A	A	0.0068
11730.s1	A	A	0.0016
11731.fa	T	T	1.0000
11731.mo	T	T	0.9745
11731.p1	T	T	1.0000
11731.s1	T	T	1.0000
11733.fa	A	T	0.5135
11733.mo	A	A	0.0267
11733.p1	A	T	0.5256
11740.fa	A	T	0.5109
11740.mo	A	A	0.0191
11740.p1	A	T	0.5242
11740.s1	A	A	0.0123
11740.s2	A	T	0.5079
11753.fa	A	T	0.4682
11753.mo	A	T	0.4334
11753.p1	A	T	0.5150
11753.s1	A	T	0.5048
11765.fa	T	T	0.9956
11765.mo	A	A	0.0000
11765.p1	A	T	0.4574
11765.s1	A	T	0.5362
11766.fa	A	T	0.4852
11766.mo	A	T	0.5030
11766.p1	A	T	0.5391
11766.s1	A	A	0.0080
11768.fa	A	T	0.4875
11768.mo	T	T	0.9993
11768.p1	T	T	1.0000
11768.s1	A	T	0.5257
11773.fa	A	T	0.5660
11773.mo	A	T	0.5362
11773.p1	A	T	0.5294
11773.s1	A	A	0.0000
11775.fa	A	A	0.0019
11775.mo	A	A	0.0054
11775.p1	A	A	0.0000
11775.s1	A	A	0.0000
11776.fa	A	A	0.0000
11776.mo	T	T	1.0000
11776.p1	A	T	0.5530
11780.fa	A	T	0.5219
11780.mo	A	T	0.5444
11780.p1	A	T	0.5267
11781.fa	A	A	0.0000
11781.mo	A	A	0.0000
11781.p1	A	A	0.0005
11781.s2	A	A	0.0000
11782.fa	A	T	0.5184
11782.mo	A	T	0.5318
11782.p1	A	T	0.5132
11788.fa	A	T	0.4519
11788.mo	A	T	0.5201
11788.p1	A	A	0.0151
11788.s1	T	T	1.0000
11792.fa	A	A	0.0035
11792.mo	A	T	0.5405
11792.p1	A	T	0.4554
11792.s1	A	A	0.0064
11793.fa	A	T	0.5055
11793.mo	A	T	0.4612
11793.p1	A	T	0.4760
11793.s1	A	A	0.0000
11794.fa	T	T	1.0000
11794.mo	T	T	1.0000
11794.p1	T	T	1.0000
11794.s1	T	T	1.0000
11797.fa	A	A	0.0044
11797.mo	A	A	0.0000
11797.p1	A	A	0.0000
11797.s1	A	A	0.0000
11798.fa	A	A	0.0122
11798.mo	A	A	0.0000
11798.p1	A	A	0.0000
11798.s1	A	A	0.0000
11800.fa	A	T	0.5047
11800.mo	A	T	0.5378
11800.p1	A	T	0.5091
11804.fa	A	T	0.5143
11804.mo	A	T	0.5505
11804.p1	A	T	0.4574
11804.s1	A	T	0.5727
11806.fa	T	T	1.0000
11806.mo	T	T	0.9986
11806.p1	T	T	1.0000
11808.fa	T	T	1.0000
11808.mo	A	A	0.0000
11808.p1	A	T	0.5060
11808.s1	A	T	0.4744
11809.fa	A	A	0.0000
11809.mo	A	A	0.0000
11809.p1	A	A	0.0263
11809.s1	A	A	0.0071
11810.fa	A	T	0.5563
11810.mo	A	A	0.0000
11810.p1	A	T	0.5904
11810.s1	A	A	0.0059
11810.s2	A	T	0.5118
11811.fa	A	A	0.0000
11811.mo	T	T	0.9990
11811.p1	A	T	0.4647
11812.fa	A	A	0.0033
11812.mo	A	A	0.0000
11812.p1	A	A	0.0000
11812.s1	A	A	0.0000
11818.fa	A	T	0.4789
11818.mo	T	T	0.9996
11818.p1	A	T	0.4496
11818.s1	A	T	0.4467
11824.fa	A	A	0.0000
11824.mo	A	T	0.5414
11824.p1	A	A	0.0000
11824.s1	A	T	0.5527
11824.s2	A	A	0.0000
11824.s3	A	A	0.0180
11824.s4	A	A	0.0103
11825.fa	A	T	0.5369
11825.mo	A	A	0.0000
11825.p1	A	T	0.5264
11827.fa	A	A	0.0000
11827.mo	A	A	0.0000
11827.p1	A	A	0.0000
11827.s1	A	A	0.0000
11828.fa	A	A	0.0000
11828.mo	A	T	0.5105
11828.p1	A	A	0.0000
11828.s1	A	A	0.0000
11831.fa	A	A	0.0000
11831.mo	T	T	1.0000
11831.p1	A	T	0.5568
11831.s1	A	T	0.5220
11834.fa	A	A	0.0000
11834.mo	T	T	0.9850
11834.p1	A	T	0.5080
11834.s1	A	T	0.5349
11835.fa	A	A	0.0028
11835.mo	A	T	0.5579
11835.p1	A	A	0.0000
11835.s1	A	A	0.0000
11838.fa	A	T	0.5330
11838.mo	A	A	0.0005
11838.p1	A	T	0.5306
11838.s1	A	A	0.0000
11838.s2	A	A	0.0118
11839.fa	T	T	1.0000
11839.mo	A	T	0.5353
11839.p1	A	T	0.5038
11839.s1	A	T	0.5180
11841.fa	A	T	0.5098
11841.mo	A	T	0.4764
11841.p1	A	A	0.0000
11843.fa	A	T	0.5097
11843.mo	A	A	0.0000
11843.p1	A	A	0.0027
11843.s1	A	T	0.4710
11845.fa	A	T	0.4128
11845.mo	A	T	0.4120
11845.p1	A	T	0.4724
11845.s1	A	T	0.4365
11846.fa	A	T	0.4979
11846.mo	A	A	0.0000
11846.p1	A	T	0.5436
11851.fa	A	A	0.0000
11851.mo	T	T	1.0000
11851.p1	A	T	0.4575
11855.fa	A	T	0.4255
11855.mo	T	T	0.9995
11855.p1	A	T	0.5268
11855.s1	T	T	0.9901
11857.fa	A	T	0.4969
11857.mo	A	A	0.0009
11857.p1	A	A	0.0000
11857.s1	A	T	0.5364
11859.fa	A	T	0.5219
11859.mo	A	A	0.0000
11859.p1	A	T	0.4422
11860.fa	T	T	1.0000
11860.mo	T	T	1.0000
11860.p1	T	T	1.0000
11860.s1	T	T	1.0000
11863.fa	T	T	1.0000
11863.mo	T	T	0.9923
11863.p1	T	T	0.9876
11863.s1	T	T	1.0000
11868.fa	T	T	1.0000
11868.mo	A	T	0.5360
11868.p1	A	T	0.5531
11868.s1	A	T	0.5580
11869.fa	A	A	0.0000
11869.mo	A	A	0.0000
11869.p1	A	A	0.0022
11869.s1	A	A	0.0107
11872.fa	A	A	0.0000
11872.mo	A	A	0.0074
11872.p1	A	A	0.0050
11872.s1	A	A	0.0000
11878.fa	A	T	0.4651
11878.mo	A	A	0.0000
11878.p1	A	T	0.4911
11879.fa	A	T	0.5436
11879.mo	A	T	0.5217
11879.p1	A	A	0.0092
11879.s1	A	T	0.5376
11881.fa	A	T	0.4370
11881.mo	A	A	0.0000
11881.p1	A	T	0.5321
11881.s1	A	T	0.5418
11883.fa	A	A	0.0091
11883.mo	A	A	0.0078
11883.p1	A	A	0.0030
11883.s1	A	A	0.0038
11888.fa	T	T	1.0000
11888.mo	A	T	0.5176
11888.p1	A	T	0.5152
11888.s1	T	T	0.9389
11892.fa	A	A	0.0117
11892.mo	A	T	0.5405
11892.p1	A	A	0.0049
11892.s1	A	A	0.0000
11892.s2	A	A	0.0000
11893.fa	T	T	1.0000
11893.mo	A	T	0.5355
11893.p1	T	T	1.0000
11894.fa	A	T	0.4642
11894.mo	A	T	0.5260
11894.p1	A	A	0.0000
11894.s1	A	T	0.4341
11895.fa	A	T	0.4697
11895.mo	A	T	0.5136
11895.p1	A	A	0.0000
11895.s1	A	A	0.0000
11897.fa	A	T	0.5227
11897.mo	A	T	0.5081
11897.p1	A	T	0.5298
11897.s1	A	A	0.0000
11901.fa	A	A	0.0068
11901.mo	A	T	0.4801
11901.p1	A	A	0.0418
11901.s1	A	A	0.0218
11905.fa	A	A	0.0000
11905.mo	A	A	0.0049
11905.p1	A	A	0.0286
11905.s1	A	A	0.0000
11905.s3	A	A	0.0047
11905.s5	A	A	0.0000
11909.fa	A	T	0.4568
11909.mo	A	T	0.5093
11909.p1	A	T	0.4723
11909.s1	A	A	0.0000
11910.fa	A	T	0.5319
11910.mo	T	T	1.0000
11910.p1	T	T	0.9906
11913.fa	A	A	0.0200
11913.mo	A	T	0.5431
11913.p1	A	T	0.5313
11913.s1	A	A	0.0000
11914.fa	A	T	0.4780
11914.mo	A	A	0.0003
11914.p1	A	T	0.4637
11916.fa	A	T	0.4668
11916.mo	A	T	0.4819
11916.p1	A	T	0.5418
11916.s1	T	T	1.0000
11917.fa	A	T	0.4984
11917.mo	A	T	0.5061
11917.p1	A	A	0.0224
11917.s1	A	T	0.5393
11918.fa	T	T	0.9841
11918.mo	T	T	0.9928
11918.p1	T	T	0.9952
11918.s1	T	T	0.9875
11919.fa	A	T	0.4936
11919.mo	T	T	1.0000
11919.p1	T	T	1.0000
11919.s1	T	T	1.0000
11920.fa	A	A	0.0179
11920.mo	A	A	0.0000
11920.p1	A	A	0.0035
11920.s1	A	A	0.0000
11922.fa	A	A	0.0103
11922.mo	A	T	0.5545
11922.p1	A	T	0.5493
11922.s1	A	A	0.0029
11924.fa	A	T	0.4883
11924.mo	A	A	0.0130
11924.p1	A	A	0.0001
11924.s1	A	T	0.5386
11924.s2	A	A	0.0114
11928.fa	A	A	0.0163
11928.mo	T	T	0.9977
11928.p1	A	T	0.5129
11928.s1	A	T	0.5294
11928.s2	A	T	0.5308
11931.fa	A	T	0.5062
11931.mo	A	T	0.5259
11931.p1	A	T	0.5561
11931.s2	T	T	1.0000
11933.fa	A	A	0.0123
11933.mo	A	T	0.5572
11933.p1	A	A	0.0000
11933.s1	A	T	0.5648
11935.fa	A	A	0.0000
11935.mo	A	T	0.5520
11935.p1	A	T	0.3425
11935.s1	A	A	0.0298
11938.fa	A	A	0.0000
11938.mo	A	T	0.4606
11938.p1	A	A	0.0000
11939.fa	T	T	0.9920
11939.mo	A	T	0.5114
11939.p1	A	T	0.5147
11939.s1	A	T	0.5030
11940.fa	A	A	0.0117
11940.mo	A	A	0.0000
11940.p1	A	A	0.0034
11940.s1	A	A	0.0000
11941.fa	T	T	1.0000
11941.mo	A	T	0.5026
11941.p1	A	T	0.5520
11941.s1	A	T	0.5083
11942.fa	A	T	0.5387
11942.mo	T	T	1.0000
11942.p1	T	T	1.0000
11942.s1	T	T	1.0000
11942.s2	T	T	1.0000
11944.fa	A	A	0.0084
11944.mo	A	A	0.0059
11944.p1	A	A	0.0041
11944.s1	A	A	0.0085
11944.s2	A	A	0.0391
11946.fa	A	T	0.4754
11946.mo	A	T	0.5102
11946.p1	A	A	0.0000
11946.s1	T	T	0.9785
11947.fa	A	T	0.4974
11947.mo	A	A	0.0182
11947.p1	A	T	0.5832
11947.s1	A	T	0.5039
11948.fa	A	A	0.0000
11948.mo	A	A	0.0124
11948.p1	A	A	0.0079
11948.s1	A	A	0.0000
11954.fa	A	A	0.0000
11954.mo	T	T	0.9910
11954.p1	A	T	0.3679
11954.s1	A	T	0.5378
11957.fa	A	T	0.5200
11957.mo	A	A	0.0004
11957.p1	A	A	0.0037
11957.s1	A	A	0.0028
11959.fa	A	A	0.0283
11959.mo	A	A	0.0000
11959.p1	A	A	0.0000
11959.s1	A	A	0.0000
11962.fa	T	T	0.9856
11962.mo	A	T	0.3457
11962.p1	T	T	0.9928
11962.s1	T	T	0.9787
11963.fa	A	A	0.0024
11963.mo	A	T	0.3986
11963.p1	A	T	0.4026
11963.s1	A	T	0.4971
11964.fa	A	T	0.2973
11964.mo	A	A	0.0002
11964.p1	A	A	0.0107
11964.s1	A	T	0.4466
11966.fa	A	T	0.4932
11966.mo	A	A	0.0000
11966.p1	A	A	0.0062
11966.s1	A	T	0.4839
11969.fa	A	A	0.0000
11969.mo	A	T	0.4153
11969.p1	A	A	0.0000
11969.s1	A	T	0.3096
11970.fa	A	A	0.0000
11970.mo	A	A	0.0000
11970.p1	A	A	0.0000
11972.fa	A	A	0.0000
11972.mo	A	T	0.5143
11972.p1	A	A	0.0089
11972.s1	A	T	0.5530
11975.fa	A	T	0.4514
11975.mo	A	A	0.0022
11975.p1	A	A	0.0000
11978.fa	A	T	0.4908
11978.mo	A	A	0.0000
11978.p1	A	A	0.0000
11979.fa	A	A	0.0000
11979.mo	A	T	0.5156
11979.p1	A	A	0.0105
11979.s1	A	T	0.5733
11981.fa	A	A	0.0055
11981.mo	A	A	0.0000
11981.p1	A	A	0.0119
11981.s1	A	A	0.0046
11982.fa	A	T	0.3967
11982.mo	T	T	0.9982
11982.p1	A	T	0.4535
11982.s1	T	T	1.0000
11984.fa	A	A	0.0000
11984.mo	A	T	0.5596
11984.p1	A	A	0.0111
11984.s1	A	A	0.0000
11986.fa	A	A	0.0011
11986.mo	A	T	0.6175
11986.p1	A	T	0.5284
11986.s1	A	T	0.5488
11989.fa	T	T	1.0000
11989.mo	T	T	0.9817
11989.p1	T	T	0.9874
11989.s1	T	T	1.0000
11990.fa	T	T	1.0000
11990.mo	A	A	0.0134
11990.p1	A	T	0.5334
11990.s1	A	T	0.5336
11993.fa	A	T	0.4314
11993.mo	A	A	0.0019
11993.p1	A	T	0.4180
11993.s1	A	A	0.0000
11995.fa	A	T	0.3543
11995.mo	A	A	0.0017
11995.p1	A	T	0.4180
11996.fa	A	A	0.0000
11996.mo	A	T	0.5442
11996.p1	A	T	0.4653
11998.fa	A	T	0.4241
11998.mo	A	A	0.0000
11998.p1	A	A	0.0000
11998.s1	A	A	0.0000
12001.fa	T	T	1.0000
12001.mo	A	A	0.0000
12001.p1	A	T	0.3871
12001.s1	A	T	0.4226
12003.fa	A	T	0.5278
12003.mo	A	A	0.0090
12003.p1	A	T	0.4891
12006.fa	A	T	0.4938
12006.mo	A	T	0.5090
12006.p1	A	A	0.0000
12006.s1	A	T	0.4681
12007.fa	A	A	0.0012
12007.mo	A	A	0.0000
12007.p1	A	A	0.0000
12007.s1	A	A	0.0104
12008.fa	T	T	1.0000
12008.mo	A	A	0.0000
12008.p1	A	T	0.5167
12009.fa	T	T	1.0000
12009.mo	T	T	0.9945
12009.p1	T	T	0.9916
12010.fa	T	T	0.9981
12010.mo	T	T	1.0000
12010.p1	T	T	1.0000
12010.s1	T	T	1.0000
12011.fa	T	T	1.0000
12011.mo	A	A	0.0065
12011.p1	A	T	0.5776
12011.s1	A	T	0.5293
12014.fa	T	T	0.9859
12014.mo	A	A	0.0000
12014.p1	A	T	0.5328
12014.s1	A	T	0.5066
12015.fa	A	T	0.5067
12015.mo	A	T	0.4785
12015.p1	A	T	0.4737
12015.s1	A	T	0.4665
12019.fa	A	A	0.0050
12019.mo	A	T	0.5770
12019.p1	A	A	0.0217
12020.fa	A	T	0.5034
12020.mo	A	A	0.0000
12020.p1	A	A	0.0000
12020.s1	A	T	0.5363
12020.s2	A	T	0.5809
12025.fa	A	T	0.6140
12025.mo	A	A	0.0000
12025.p1	A	T	0.4489
12026.fa	A	T	0.5546
12026.mo	A	A	0.0001
12026.p1	A	T	0.4720
12028.fa	A	T	0.5453
12028.mo	T	T	0.9993
12028.p1	T	T	1.0000
12029.fa	A	T	0.4522
12029.mo	T	T	0.9922
12029.p1	T	T	1.0000
12029.s1	A	T	0.3963
12030.fa	A	T	0.4079
12030.mo	A	A	0.0000
12030.p1	A	A	0.0022
12030.s1	A	T	0.4201
12031.fa	A	T	0.5235
12031.mo	A	A	0.0026
12031.p1	A	T	0.5100
12032.fa	A	A	0.0000
12032.mo	A	T	0.5040
12032.p1	A	T	0.4663
12032.s1	A	A	0.0066
12033.fa	T	T	1.0000
12033.mo	A	A	0.0000
12033.p1	A	T	0.4854
12033.s1	A	T	0.4913
12036.fa	A	A	0.0150
12036.mo	T	T	1.0000
12036.p1	A	T	0.5541
12036.s1	A	T	0.5411
12037.fa	A	A	0.0123
12037.mo	A	T	0.5612
12037.p1	A	T	0.5266
12037.s1	A	T	0.5876
12038.fa	A	T	0.5686
12038.mo	A	T	0.5947
12038.p1	T	T	1.0000
12041.fa	T	T	1.0000
12041.mo	T	T	1.0000
12041.p1	T	T	1.0000
12041.s1	T	T	1.0000
12044.fa	A	T	0.5271
12044.mo	A	T	0.5448
12044.p1	A	T	0.4629
12044.s1	T	T	1.0000
12046.fa	A	A	0.0062
12046.mo	A	T	0.5322
12046.p1	A	T	0.4663
12048.fa	A	A	0.0198
12048.mo	A	A	0.0183
12048.p1	A	A	0.0181
12048.s1	A	A	0.0000
12050.fa	A	A	0.0000
12050.mo	A	T	0.5662
12050.p1	A	A	0.0000
12052.fa	A	A	0.0167
12052.mo	A	A	0.0000
12052.p1	A	A	0.0059
12052.s1	A	A	0.0000
12053.fa	A	A	0.0000
12053.mo	A	A	0.0186
12053.p1	A	A	0.0024
12053.s1	A	A	0.0000
12055.fa	A	T	0.5056
12055.mo	A	A	0.0000
12055.p1	A	A	0.0000
12055.s1	A	A	0.0199
12056.fa	A	T	0.4562
12056.mo	A	T	0.4943
12056.p1	A	T	0.5316
12056.s1	T	T	1.0000
12057.fa	A	A	0.0000
12057.mo	T	T	1.0000
12057.p1	A	T	0.3684
12057.s1	A	T	0.5110
12058.fa	A	T	0.4322
12058.mo	A	T	0.4685
12058.p1	T	T	0.9935
12060.fa	A	T	0.4720
12060.mo	A	A	0.0125
12060.p1	A	A	0.0365
12060.s1	A	T	0.5642
12061.fa	T	T	1.0000
12061.mo	T	T	1.0000
12061.p1	T	T	1.0000
12061.s1	T	T	1.0000
12063.fa	A	A	0.0126
12063.mo	A	A	0.0021
12063.p1	A	A	0.0000
12063.s1	A	A	0.0176
12065.fa	A	T	0.5269
12065.mo	A	A	0.0000
12065.p1	A	T	0.5049
12065.s1	A	A	0.0000
12065.s2	A	T	0.5357
12066.fa	A	T	0.5527
12066.mo	A	T	0.5271
12066.p1	A	T	0.5341
12070.fa	A	T	0.5001
12070.mo	A	A	0.0296
12070.p1	A	T	0.5187
12072.fa	A	A	0.0062
12072.mo	A	A	0.0000
12072.p1	A	A	0.0000
12072.s1	A	A	0.0006
12073.fa	T	T	0.9924
12073.mo	A	A	0.0041
12073.p1	A	T	0.5357
12073.s1	A	T	0.6050
12073.s2	A	T	0.5275
12074.fa	T	T	1.0000
12074.mo	T	T	1.0000
12074.p1	T	T	1.0000
12076.fa	A	A	0.0000
12076.mo	A	A	0.0000
12076.p1	A	A	0.0000
12076.s1	A	A	0.0002
12077.fa	A	A	0.0000
12077.mo	A	A	0.0061
12077.p1	A	A	0.0062
12078.fa	A	T	0.4703
12078.mo	T	T	0.9965
12078.p1	T	T	1.0000
12078.s1	A	T	0.5796
12081.fa	A	A	0.0000
12081.mo	A	T	0.5699
12081.p1	A	T	0.5119
12083.fa	A	A	0.0020
12083.mo	T	T	1.0000
12083.p1	A	T	0.5490
12083.s1	A	T	0.5177
12086.fa	A	A	0.0000
12086.mo	T	T	1.0000
12086.p1	A	T	0.5511
12086.s1	A	T	0.5232
12087.fa	A	T	0.5446
12087.mo	A	T	0.5214
12087.p1	A	T	0.5213
12091.fa	A	A	0.0000
12091.mo	A	T	0.3911
12091.p1	A	T	0.4467
12091.s1	A	T	0.4484
12093.fa	A	T	0.5617
12093.mo	A	T	0.5223
12093.p1	A	T	0.5242
12096.fa	A	T	0.5475
12096.mo	A	A	0.0000
12096.p1	A	A	0.0119
12096.s1	A	A	0.0000
12096.s2	A	A	0.0000
12097.fa	T	T	0.9977
12097.mo	A	A	0.0092
12097.p1	A	T	0.4661
12099.fa	A	T	0.4897
12099.mo	A	T	0.4969
12099.p1	A	A	0.0000
12099.s1	T	T	0.9918
12100.fa	A	T	0.5143
12100.mo	T	T	0.9940
12100.p1	T	T	0.9987
12100.s1	A	T	0.5096
12101.fa	A	A	0.0000
12101.mo	A	T	0.5124
12101.p1	A	T	0.4546
12101.s1	A	A	0.0000
12102.fa	T	T	0.9979
12102.mo	T	T	0.9990
12102.p1	T	T	1.0000
12103.fa	T	T	1.0000
12103.mo	T	T	1.0000
12103.p1	T	T	1.0000
12108.fa	A	T	0.4822
12108.mo	A	T	0.5226
12108.p1	T	T	1.0000
12108.s1	A	T	0.5121
12113.fa	A	T	0.4711
12113.mo	A	T	0.5051
12113.p1	A	T	0.5566
12113.s1	A	A	0.0008
12114.fa	A	T	0.5282
12114.mo	T	T	1.0000
12114.p1	A	T	0.5026
12115.fa	A	A	0.0319
12115.mo	T	T	1.0000
12115.p1	A	T	0.5364
12115.s1	A	T	0.5486
12117.fa	A	T	0.5158
12117.mo	A	T	0.5239
12117.p1	A	T	0.4446
12117.s1	A	A	0.0138
12118.fa	A	A	0.0000
12118.mo	A	T	0.5092
12118.p1	A	A	0.0072
12118.s1	A	T	0.4354
12119.fa	A	T	0.5203
12119.mo	A	A	0.0171
12119.p1	A	T	0.5535
12120.fa	A	A	0.0000
12120.mo	A	T	0.4959
12120.p1	A	T	0.5087
12120.s1	A	T	0.5230
12120.s2	A	A	0.0000
12121.fa	A	A	0.0000
12121.mo	A	T	0.5182
12121.p1	A	T	0.5193
12121.s1	A	T	0.4934
12130.fa	A	A	0.0077
12130.mo	A	T	0.5170
12130.p1	A	A	0.0000
12130.s1	A	T	0.4828
12132.fa	A	T	0.5290
12132.mo	A	T	0.4488
12132.p1	A	A	0.0000
12132.s1	A	T	0.4813
12132.s2	A	A	0.0000
12132.s3	A	T	0.4474
12137.fa	A	A	0.0006
12137.mo	T	T	0.9982
12137.p1	A	T	0.5509
12139.fa	A	T	0.5581
12139.mo	A	A	0.0184
12139.p1	A	T	0.5063
12149.fa	T	T	0.9991
12149.mo	A	A	0.0058
12149.p1	A	T	0.5331
12150.fa	A	T	0.4963
12150.mo	A	T	0.5078
12150.p1	A	T	0.5131
12150.s1	T	T	0.9997
12152.fa	A	T	0.4641
12152.mo	A	T	0.4174
12152.p1	T	T	1.0000
12152.s1	A	T	0.5077
12152.s2	T	T	1.0000
12153.fa	A	A	0.0000
12153.mo	A	A	0.0000
12153.p1	A	A	0.0000
12153.s1	A	A	0.0000
12154.fa	A	T	0.5056
12154.mo	A	T	0.4839
12154.p1	A	T	0.4518
12154.s1	A	T	0.4682
12157.fa	A	T	0.4760
12157.mo	A	T	0.5196
12157.p1	A	T	0.4761
12157.s1	A	T	0.5416
12157.s2	T	T	0.9980
12158.fa	A	A	0.0293
12158.mo	T	T	1.0000
12158.p1	A	T	0.4747
12159.fa	A	A	0.0076
12159.mo	A	A	0.0036
12159.p1	A	A	0.0019
12159.s1	A	A	0.0000
12160.fa	T	T	1.0000
12160.mo	A	A	0.0065
12160.p1	A	T	0.5405
12160.s1	A	T	0.4749
12161.fa	A	A	0.0000
12161.mo	A	T	0.4704
12161.p1	A	T	0.4571
12161.s1	A	T	0.4878
12162.fa	T	T	1.0000
12162.mo	T	T	1.0000
12162.p1	T	T	1.0000
12162.s1	T	T	1.0000
12164.fa	A	T	0.5044
12164.mo	A	T	0.4537
12164.p1	A	T	0.4817
12170.fa	A	T	0.4713
12170.mo	A	T	0.4866
12170.p1	A	T	0.5047
12170.s1	A	T	0.4309
12173.fa	A	A	0.0033
12173.mo	A	A	0.0000
12173.p1	A	A	0.0059
12173.s1	A	A	0.0000
12175.fa	A	T	0.5059
12175.mo	A	A	0.0150
12175.p1	A	A	0.0000
12175.s1	A	A	0.0008
12180.fa	A	T	0.5439
12180.mo	A	A	0.0049
12180.p1	A	A	0.0037
12180.s1	A	T	0.4457
12184.fa	T	T	1.0000
12184.mo	T	T	1.0000
12184.p1	T	T	1.0000
12184.s1	T	T	0.9947
12185.fa	A	A	0.0000
12185.mo	A	T	0.3417
12185.p1	A	A	0.0000
12185.s1	A	A	0.0000
12187.fa	A	A	0.0000
12187.mo	A	T	0.4701
12187.p1	A	T	0.4159
12187.s1	A	T	0.4202
12189.fa	A	T	0.4834
12189.mo	T	T	0.9934
12189.p1	T	T	1.0000
12189.s1	T	T	1.0000
12192.fa	A	T	0.5473
12192.mo	A	T	0.4703
12192.p1	A	T	0.5348
12194.fa	A	T	0.5343
12194.mo	A	T	0.5578
12194.p1	A	T	0.5657
12197.fa	A	T	0.5241
12197.mo	A	A	0.0032
12197.p1	A	A	0.0011
12197.s1	A	T	0.5084
12198.fa	A	T	0.5245
12198.mo	A	T	0.3978
12198.p1	T	T	1.0000
12198.s1	T	T	1.0000
12201.fa	A	A	0.0000
12201.mo	A	T	0.4964
12201.p1	A	T	0.4888
12201.s1	A	A	0.0000
12201.s2	A	A	0.0045
12202.fa	A	T	0.4134
12202.mo	A	A	0.0002
12202.p1	A	T	0.4172
12202.s1	A	T	0.3940
12204.fa	A	T	0.5560
12204.mo	A	A	0.0024
12204.p1	A	A	0.0000
12204.s2	A	A	0.0090
12206.fa	A	T	0.5252
12206.mo	T	T	1.0000
12206.p1	T	T	1.0000
12206.s1	T	T	1.0000
12208.fa	A	A	0.0000
12208.mo	A	A	0.0000
12208.p1	A	A	0.0000
12210.fa	A	A	0.0000
12210.mo	T	T	1.0000
12210.p1	A	T	0.4878
12210.s1	A	T	0.4748
12211.fa	A	A	0.0000
12211.mo	T	T	1.0000
12211.p1	A	T	0.4955
12211.s1	A	T	0.5379
12212.fa	A	A	0.0000
12212.mo	A	A	0.0000
12212.p1	A	A	0.0000
12212.s1	A	A	0.0000
12215.fa	A	A	0.0027
12215.mo	A	A	0.0056
12215.p1	A	A	0.0188
12217.fa	A	A	0.0002
12217.mo	T	T	1.0000
12217.p1	A	T	0.5193
12219.fa	T	T	1.0000
12219.mo	A	T	0.4691
12219.p1	T	T	0.9626
12219.s1	T	T	0.9940
12219.s2	A	T	0.4342
12220.fa	T	T	1.0000
12220.mo	A	A	0.0048
12220.p1	A	T	0.5625
12220.s1	A	T	0.5075
12223.fa	A	T	0.5264
12223.mo	A	T	0.5172
12223.p1	T	T	0.9831
12223.s1	A	T	0.5161
12224.fa	A	T	0.5458
12224.mo	A	A	0.0000
12224.p1	A	T	0.4939
12224.s1	A	A	0.0000
12225.fa	T	T	0.9925
12225.mo	A	T	0.4764
12225.p1	T	T	0.9967
12225.s1	A	T	0.5326
12225.s2	A	T	0.5079
12227.fa	A	T	0.5177
12227.mo	A	A	0.0151
12227.p1	A	T	0.4766
12227.s1	A	T	0.4408
12227.s2	A	A	0.0000
12228.fa	A	T	0.4731
12228.mo	A	T	0.4953
12228.p1	A	T	0.3567
12228.s1	A	A	0.0000
12229.fa	A	T	0.4916
12229.mo	A	A	0.0097
12229.p1	A	A	0.0000
12229.s1	A	T	0.4959
12229.s2	A	T	0.4721
12231.fa	A	A	0.0037
12231.mo	T	T	1.0000
12231.p1	A	T	0.5572
12231.s1	A	T	0.5401
12231.s2	A	T	0.5360
12232.fa	A	T	0.4976
12232.mo	A	A	0.0297
12232.p1	A	T	0.4752
12233.fa	T	T	1.0000
12233.mo	A	T	0.5007
12233.p1	T	T	1.0000
12233.s1	T	T	0.9982
12235.fa	A	T	0.4419
12235.mo	T	T	1.0000
12235.p1	A	T	0.4375
12235.s1	A	T	0.4657
12237.fa	A	A	0.0000
12237.mo	A	T	0.5089
12237.p1	A	A	0.0091
12237.s1	A	T	0.5572
12238.fa	A	A	0.0082
12238.mo	T	T	1.0000
12238.p1	A	T	0.5739
12238.s1	A	T	0.5460
12241.fa	A	T	0.5534
12241.mo	A	T	0.5143
12241.p1	A	A	0.0041
12241.s1	A	T	0.5914
12243.fa	A	T	0.4484
12243.mo	A	A	0.0020
12243.p1	A	A	0.0037
12243.s1	A	A	0.0000
12247.fa	A	T	0.5694
12247.mo	A	A	0.0000
12247.p1	A	A	0.0157
12247.s1	A	A	0.0000
12249.fa	A	A	0.0004
12249.mo	A	A	0.0152
12249.p1	A	A	0.0193
12250.fa	A	A	0.0000
12250.mo	A	T	0.5272
12250.p1	A	A	0.0088
12250.s1	A	T	0.4759
12252.fa	A	A	0.0017
12252.mo	A	A	0.0000
12252.p1	A	A	0.0000
12252.s1	A	A	0.0000
12255.fa	A	T	0.5832
12255.mo	A	T	0.5093
12255.p1	A	T	0.4644
12255.s1	A	T	0.4115
12257.fa	A	A	0.0024
12257.mo	T	T	1.0000
12257.p1	A	T	0.4868
12257.s1	A	T	0.4113
12257.s2	A	T	0.4294
12260.fa	A	T	0.5770
12260.mo	T	T	1.0000
12260.p1	A	T	0.5446
12261.fa	T	T	0.9973
12261.mo	T	T	0.9975
12261.p1	T	T	1.0000
12261.s1	T	T	1.0000
12264.fa	T	T	0.9962
12264.mo	A	A	0.0000
12264.p1	A	T	0.5460
12265.fa	T	T	1.0000
12265.mo	T	T	0.9973
12265.p1	T	T	1.0000
12266.fa	T	T	1.0000
12266.mo	T	T	0.9875
12266.p1	T	T	1.0000
12271.fa	A	A	0.0128
12271.mo	A	A	0.0000
12271.p1	A	A	0.0064
12271.s1	A	A	0.0074
12272.fa	A	A	0.0000
12272.mo	A	T	0.5531
12272.p1	A	A	0.0098
12272.s1	A	A	0.0066
12274.fa	A	A	0.0033
12274.mo	A	T	0.5918
12274.p1	A	A	0.0080
12274.s1	A	A	0.0000
12275.fa	T	T	1.0000
12275.mo	A	A	0.0098
12275.p1	A	T	0.5086
12275.s1	A	T	0.5265
12281.fa	A	A	0.0169
12281.mo	A	A	0.0000
12281.p1	A	A	0.0000
12281.s1	A	A	0.0000
12284.fa	A	A	0.0061
12284.mo	A	A	0.0000
12284.p1	A	A	0.0000
12284.s1	A	A	0.0168
12285.fa	T	T	1.0000
12285.mo	T	T	1.0000
12285.p1	T	T	0.9889
12285.s1	T	T	1.0000
12286.fa	A	A	0.0150
12286.mo	A	A	0.0000
12286.p1	A	A	0.0352
12287.fa	A	T	0.5312
12287.mo	A	T	0.5433
12287.p1	A	T	0.5570
12289.fa	A	T	0.5415
12289.mo	A	A	0.0067
12289.p1	-	-	0.6502
12289.s1	A	T	0.5371
12295.fa	T	T	1.0000
12295.mo	A	A	0.0008
12295.p1	A	T	0.4974
12295.s1	A	T	0.4469
12295.s2	A	T	0.4495
12296.fa	A	T	0.4472
12296.mo	A	T	0.4756
12296.p1	A	T	0.4550
12296.s1	A	A	0.0021
12296.s2	T	T	0.9903
12297.fa	A	A	0.0000
12297.mo	A	T	0.5720
12297.p1	A	A	0.0281
12297.s1	A	T	0.5711
12299.fa	A	A	0.0000
12299.mo	A	A	0.0059
12299.p1	A	A	0.0990
12299.s1	A	A	0.0094
12300.fa	A	T	0.5702
12300.mo	A	A	0.0000
12300.p1	A	T	0.5603
12300.s1	A	T	0.5378
12301.fa	A	T	0.4841
12301.mo	A	A	0.0079
12301.p1	A	T	0.4907
12301.s1	A	T	0.4490
12302.fa	A	A	0.0000
12302.mo	A	T	0.5451
12302.p1	A	A	0.0191
12302.s1	A	A	0.0114
12303.fa	A	A	0.0223
12303.mo	A	A	0.0000
12303.p1	A	A	0.0000
12303.s1	A	A	0.0000
12304.fa	T	T	1.0000
12304.mo	T	T	1.0000
12304.p1	T	T	1.0000
12304.s1	T	T	1.0000
12306.fa	A	A	0.0000
12306.mo	A	T	0.5317
12306.p1	A	T	0.5348
12308.fa	A	A	0.0134
12308.mo	A	A	0.0000
12308.p1	A	A	0.0208
12308.s1	A	A	0.0013
12310.fa	A	A	0.0065
12310.mo	A	T	0.4988
12310.p1	A	A	0.0000
12310.p2	A	A	0.0000
12311.fa	A	A	0.0084
12311.mo	A	A	0.0227
12311.p1	A	A	0.0276
12312.fa	A	T	0.5399
12312.mo	T	T	1.0000
12312.p1	A	T	0.5460
12313.fa	A	T	0.5448
12313.mo	A	T	0.4689
12313.p1	T	T	1.0000
12313.s1	A	A	0.0034
12314.fa	A	A	0.0000
12314.mo	A	A	0.0040
12314.p1	A	A	0.0000
12314.s1	A	A	0.0038
12315.fa	A	A	0.0000
12315.mo	A	A	0.0014
12315.p1	A	A	0.0092
12316.fa	A	A	0.0091
12316.mo	T	T	1.0000
12316.p1	A	T	0.5702
12316.s1	A	T	0.5557
12317.fa	A	A	0.0132
12317.mo	A	T	0.5759
12317.p1	A	T	0.5149
12317.s1	A	T	0.5158
12320.fa	A	T	0.5547
12320.mo	A	A	0.0054
12320.p1	A	A	0.0000
12320.s1	A	T	0.5490
12321.fa	A	T	0.4746
12321.mo	A	T	0.4221
12321.p1	A	T	0.4728
12321.s1	A	T	0.5026
12323.fa	A	T	0.4846
12323.mo	A	T	0.4522
12323.p1	A	T	0.4379
12323.s1	A	T	0.4097
12324.fa	A	A	0.0000
12324.mo	A	A	0.0004
12324.p1	A	A	0.0062
12324.s1	A	A	0.0026
12325.fa	A	T	0.4944
12325.mo	A	A	0.0038
12325.p1	A	A	0.0060
12325.s1	A	T	0.4087
12325.s2	A	T	0.5059
12325.s3	A	A	0.0000
12329.fa	A	A	0.0080
12329.mo	A	A	0.0126
12329.p1	A	A	0.0119
12329.s1	A	A	0.0000
12330.fa	A	A	0.0011
12330.mo	A	T	0.4459
12330.p1	A	A	0.0304
12331.fa	A	T	0.4535
12331.mo	A	A	0.0008
12331.p1	A	A	0.0000
12331.s1	A	T	0.5399
12334.fa	A	T	0.5261
12334.mo	T	T	0.9835
12334.p1	A	T	0.5196
12334.s1	T	T	0.9796
12335.fa	A	A	0.0000
12335.mo	A	A	0.0063
12335.p1	A	A	0.0000
12335.s1	A	A	0.0000
12336.fa	A	T	0.5462
12336.mo	A	T	0.5171
12336.p1	A	T	0.5350
12337.fa	A	T	0.5151
12337.mo	A	T	0.5297
12337.p1	A	A	0.0025
12337.s1	A	A	0.0000
12339.fa	A	T	0.4740
12339.mo	A	T	0.5133
12339.p1	T	T	0.9959
12339.s1	A	T	0.3736
12340.fa	A	T	0.4276
12340.mo	A	T	0.5022
12340.p1	T	T	1.0000
12340.s1	A	A	0.0000
12341.fa	A	T	0.4501
12341.mo	A	A	0.0000
12341.p1	A	A	0.0046
12341.s1	A	T	0.4301
12343.fa	A	T	0.5451
12343.mo	A	T	0.5403
12343.p1	T	T	0.9949
12343.s1	A	T	0.5489
12345.fa	A	T	0.4819
12345.mo	A	T	0.5189
12345.p1	A	A	0.0000
12345.s1	A	T	0.4952
12346.fa	A	A	0.0000
12346.mo	A	T	0.4489
12346.p1	A	A	0.0000
12346.s1	A	A	0.0052
12347.fa	A	T	0.4335
12347.mo	A	T	0.5058
12347.p1	A	A	0.0086
12347.s1	A	T	0.3872
12349.fa	A	A	0.0000
12349.mo	T	T	1.0000
12349.p1	A	T	0.5230
12350.fa	T	T	1.0000
12350.mo	A	A	0.0073
12350.p1	A	T	0.5358
12351.fa	A	A	0.0000
12351.mo	A	T	0.4606
12351.p1	A	T	0.3905
12351.s1	A	A	0.0096
12351.s2	A	A	0.0000
12354.fa	A	T	0.5309
12354.mo	A	A	0.0000
12354.p1	A	T	0.5177
12355.fa	A	T	0.5301
12355.mo	A	T	0.5115
12355.p1	A	T	0.5495
12356.fa	A	T	0.4607
12356.mo	A	T	0.4198
12356.p1	T	T	1.0000
12356.s1	T	T	0.9873
12358.fa	A	A	0.0081
12358.mo	A	A	0.0045
12358.p1	A	A	0.0191
12358.s1	A	A	0.0155
12359.fa	T	T	1.0000
12359.mo	A	A	0.0033
12359.p1	A	T	0.4391
12359.s1	A	T	0.5077
12360.fa	A	A	0.0024
12360.mo	A	A	0.0000
12360.p1	A	A	0.0000
12360.s1	A	A	0.0082
12361.fa	A	T	0.4806
12361.mo	A	A	0.0035
12361.p1	A	T	0.5443
12361.s1	A	A	0.0000
12362.fa	A	T	0.4853
12362.mo	A	T	0.5341
12362.p1	T	T	1.0000
12363.fa	A	T	0.5385
12363.mo	A	T	0.5543
12363.p1	T	T	1.0000
12363.s1	T	T	0.9901
12366.fa	A	T	0.4703
12366.mo	T	T	1.0000
12366.p1	T	T	1.0000
12366.s1	T	T	0.9812
12366.s2	T	T	0.9918
12367.fa	T	T	0.9953
12367.mo	A	A	0.0000
12367.p1	A	T	0.4590
12367.s1	A	T	0.4738
12368.fa	A	A	0.0000
12368.mo	A	A	0.0000
12368.p1	A	A	0.0000
12368.s1	A	A	0.0087
12369.fa	T	T	1.0000
12369.mo	A	A	0.0000
12369.p1	A	T	0.5547
12369.s1	A	T	0.4702
12370.fa	T	T	1.0000
12370.mo	A	T	0.4276
12370.p1	A	T	0.4178
12370.s1	T	T	0.9922
12372.fa	A	T	0.5092
12372.mo	A	A	0.0009
12372.p1	A	T	0.4093
12372.s1	A	A	0.0059
12373.fa	A	T	0.4047
12373.mo	A	T	0.4249
12373.p1	T	T	0.9931
12373.s1	A	T	0.4818
12375.fa	A	T	0.5199
12375.mo	T	T	1.0000
12375.p1	A	T	0.5130
12375.s1	T	T	1.0000
12376.fa	T	T	0.9922
12376.mo	A	T	0.3830
12376.p1	A	T	0.4179
12376.s1	T	T	1.0000
12377.fa	A	T	0.4647
12377.mo	A	T	0.4918
12377.p1	A	A	0.0000
12377.s1	A	A	0.0000
12378.fa	A	T	0.4428
12378.mo	A	T	0.5056
12378.p1	A	T	0.4440
12378.s1	A	T	0.4873
12379.fa	A	T	0.5311
12379.mo	A	T	0.5035
12379.p1	A	A	0.0000
12380.fa	A	T	0.4070
12380.mo	T	T	0.9741
12380.p1	A	T	0.4715
12380.s1	T	T	0.9798
12381.fa	A	A	0.0000
12381.mo	A	A	0.0133
12381.p1	A	A	0.0026
12381.s1	A	A	0.0000
12382.fa	A	A	0.0000
12382.mo	A	T	0.5119
12382.p1	A	A	0.0000
12382.s1	A	A	0.0000
12383.fa	A	T	0.4590
12383.mo	A	A	0.0076
12383.p1	A	A	0.0000
12383.s1	A	A	0.0000
12385.fa	A	T	0.5149
12385.mo	T	T	0.9921
12385.p1	T	T	1.0000
12385.s1	A	T	0.4408
12389.fa	T	T	0.9360
12389.mo	A	T	0.5991
12389.p1	A	T	0.5497
12390.fa	A	T	0.5485
12390.mo	A	A	0.0000
12390.p1	A	A	0.0004
12390.s1	A	A	0.0064
12390.s2	A	T	0.5784
12392.fa	A	T	0.5353
12392.mo	T	T	0.9877
12392.p1	T	T	1.0000
12394.fa	T	T	1.0000
12394.mo	A	A	0.0000
12394.p1	A	T	0.4974
12394.s1	A	T	0.5323
12395.fa	T	T	1.0000
12395.mo	A	T	0.5412
12395.p1	A	T	0.5610
12396.fa	A	T	0.5338
12396.mo	A	T	0.5141
12396.p1	A	T	0.5056
12396.s1	A	T	0.5115
12399.fa	A	T	0.5214
12399.mo	A	A	0.0067
12399.p1	A	A	0.0000
12399.s1	A	T	0.4724
12403.fa	A	T	0.5345
12403.mo	T	T	1.0000
12403.p1	T	T	1.0000
12403.s1	T	T	1.0000
12404.fa	A	A	0.0000
12404.mo	A	A	0.0072
12404.p1	A	A	0.0000
12405.fa	T	T	1.0000
12405.mo	A	A	0.0000
12405.p1	A	T	0.5480
12405.s1	A	T	0.5447
12407.fa	T	T	1.0000
12407.mo	A	A	0.0032
12407.p1	A	T	0.5403
12407.s1	A	T	0.5018
12409.fa	A	A	0.0000
12409.mo	A	T	0.5109
12409.p1	A	T	0.4954
12409.s1	A	A	0.0024
12412.fa	A	A	0.0076
12412.mo	A	A	0.0000
12412.p1	A	A	0.0026
12412.s1	A	A	0.0000
12414.fa	A	A	0.0002
12414.mo	A	A	0.0080
12414.p1	A	A	0.0000
12415.fa	A	T	0.5333
12415.mo	T	T	0.9921
12415.p1	T	T	1.0000
12415.s1	A	T	0.5126
12415.s2	T	T	1.0000
12417.fa	A	T	0.5097
12417.mo	A	T	0.5745
12417.p1	A	T	0.5261
12418.fa	A	T	0.5430
12418.mo	A	A	0.0000
12418.p1	A	T	0.5510
12418.s1	A	T	0.5254
12418.s2	A	A	0.0112
12420.fa	A	A	0.0000
12420.mo	A	T	0.5170
12420.p1	A	T	0.5460
12420.s1	A	A	0.0172
12424.fa	T	T	0.9933
12424.mo	A	A	0.0256
12424.p1	A	T	0.5547
12424.s1	A	T	0.5323
12426.fa	A	A	0.0030
12426.mo	A	A	0.0000
12426.p1	A	A	0.0000
12426.s1	A	A	0.0014
12429.fa	A	T	0.5513
12429.mo	A	T	0.5200
12429.p1	A	T	0.5278
12430.fa	A	A	0.0037
12430.mo	A	T	0.5186
12430.p1	A	T	0.5411
12430.s1	A	A	0.0045
12434.fa	A	T	0.4722
12434.mo	T	T	0.9942
12434.p1	T	T	1.0000
12434.s1	T	T	1.0000
12435.fa	A	A	0.0172
12435.mo	A	T	0.5508
12435.p1	A	T	0.5250
12435.s1	A	T	0.5503
12437.fa	A	T	0.5270
12437.mo	A	T	0.5437
12437.p1	A	T	0.5362
12437.s1	A	A	0.0033
12438.fa	T	T	1.0000
12438.mo	A	A	0.0000
12438.p1	A	T	0.5109
12438.s1	A	T	0.4742
12439.fa	A	A	0.0000
12439.mo	A	T	0.5411
12439.p1	A	A	0.0068
12440.fa	A	A	0.0152
12440.mo	A	T	0.5107
12440.p1	A	A	0.0142
12440.s1	A	T	0.5655
12441.fa	A	A	0.0000
12441.mo	A	A	0.0002
12441.p1	A	A	0.0000
12441.s1	A	A	0.0000
12444.fa	A	A	0.0115
12444.mo	A	A	0.0033
12444.p1	A	A	0.0126
12444.s1	A	A	0.0000
12444.s2	A	A	0.0015
12445.fa	A	A	0.0000
12445.mo	T	T	1.0000
12445.p1	A	T	0.4430
12445.s1	A	T	0.4119
12447.fa	A	A	0.0086
12447.mo	A	T	0.5720
12447.p1	A	A	0.0138
12447.s1	A	A	0.0000
12448.fa	A	A	0.0206
12448.mo	T	T	1.0000
12448.p1	A	T	0.4430
12449.fa	A	T	0.5644
12449.mo	A	T	0.5151
12449.p1	A	A	0.0283
12449.s1	T	T	0.9916
12451.fa	A	A	0.0038
12451.mo	A	A	0.0065
12451.p1	A	A	0.0000
12451.s1	A	A	0.0015
12454.fa	A	A	0.0000
12454.mo	A	T	0.5332
12454.p1	-	-	0.6989
12456.fa	A	A	0.0016
12456.mo	A	T	0.5013
12456.p1	A	A	0.0094
12456.s1	A	T	0.5103
12457.fa	A	A	0.0000
12457.mo	A	T	0.5399
12457.p1	A	A	0.0069
12457.s1	A	T	0.5262
12459.fa	T	T	1.0000
12459.mo	A	T	0.5555
12459.p1	A	T	0.5191
12460.fa	A	T	0.5023
12460.mo	A	A	0.0000
12460.p1	A	T	0.4963
12460.s1	A	T	0.4746
12461.fa	A	A	0.0475
12461.mo	A	T	0.5084
12461.p1	A	T	0.5332
12462.fa	A	T	0.4920
12462.mo	A	T	0.5126
12462.p1	A	T	0.5027
12462.s1	T	T	1.0000
12463.fa	A	T	0.5214
12463.mo	A	T	0.5417
12463.p1	A	T	0.5215
12463.s1	A	T	0.5008
12465.fa	T	T	1.0000
12465.mo	A	A	0.0000
12465.p1	A	T	0.5389
12467.fa	A	A	0.0219
12467.mo	A	T	0.5400
12467.p1	A	A	0.0000
12467.s1	A	A	0.0055
12469.fa	A	T	0.4751
12469.mo	A	A	0.0000
12469.p1	A	T	0.5128
12469.p2	A	T	0.5699
12469.s1	A	T	0.5391
12472.fa	T	T	0.9984
12472.mo	A	A	0.0046
12472.p1	A	T	0.5529
12473.fa	A	A	0.0066
12473.mo	T	T	1.0000
12473.p1	A	T	0.5405
12473.s1	A	T	0.5720
12476.fa	A	A	0.0152
12476.mo	-	-	0.8308
12476.p1	A	T	0.5527
12477.fa	A	T	0.5658
12477.mo	A	A	0.0186
12477.p1	A	A	0.0074
12478.fa	A	A	0.0000
12478.mo	T	T	1.0000
12478.p1	A	T	0.5324
12478.s1	A	T	0.5110
12479.fa	A	T	0.4688
12479.mo	A	T	0.5125
12479.p1	A	T	0.5116
12479.s1	T	T	0.9989
12480.fa	A	T	0.6054
12480.mo	A	A	0.0194
12480.p1	A	T	0.5286
12480.s1	A	T	0.4193
12481.fa	A	T	0.5632
12481.mo	A	A	0.0065
12481.p1	A	T	0.4798
12481.s1	A	T	0.5451
12482.fa	T	T	1.0000
12482.mo	A	T	0.5379
12482.p1	T	T	1.0000
12483.fa	A	A	0.0189
12483.mo	A	T	0.5766
12483.p1	A	T	0.5311
12483.s1	A	T	0.5308
12484.fa	T	T	1.0000
12484.mo	T	T	0.9943
12484.p1	T	T	1.0000
12484.s2	T	T	0.9970
12484.s3	T	T	1.0000
12485.fa	A	A	0.0000
12485.mo	A	T	0.5429
12485.p1	A	T	0.4875
12492.fa	A	T	0.5114
12492.mo	T	T	1.0000
12492.p1	A	T	0.5509
12492.s1	A	T	0.5240
12493.fa	A	A	0.0066
12493.mo	A	A	0.0117
12493.p1	A	A	0.0000
12493.s1	A	A	0.0000
12494.fa	A	A	0.0000
12494.mo	A	A	0.0000
12494.p1	A	A	0.0000
12494.s1	A	A	0.0000
12497.fa	A	A	0.0052
12497.mo	A	T	0.5116
12497.p1	A	T	0.5299
12497.s1	A	A	0.0000
12498.fa	A	T	0.5033
12498.mo	A	A	0.0000
12498.p1	A	A	0.0000
12498.s1	A	A	0.0013
12499.fa	A	A	0.0106
12499.mo	A	A	0.0000
12499.p1	A	A	0.0000
12499.s1	A	A	0.0008
12501.fa	A	T	0.5298
12501.mo	A	T	0.5212
12501.p1	A	T	0.3920
12501.s1	A	T	0.5204
12504.fa	A	T	0.5589
12504.mo	A	T	0.5488
12504.p1	A	T	0.5646
12505.fa	A	T	0.5402
12505.mo	A	A	0.0000
12505.p1	A	T	0.5139
12507.fa	A	T	0.5086
12507.mo	A	A	0.0000
12507.p1	A	A	0.0068
12507.s1	A	A	0.0000
12510.fa	A	T	0.5450
12510.mo	T	T	1.0000
12510.p1	A	T	0.5696
12510.s1	T	T	1.0000
12512.fa	A	T	0.5631
12512.mo	T	T	1.0000
12512.p1	A	T	0.5499
12512.s1	T	T	0.9827
12512.s2	T	T	1.0000
12515.fa	A	A	0.0000
12515.mo	A	A	0.0000
12515.p1	A	A	0.0115
12515.s1	A	A	0.0000
12517.fa	A	T	0.5540
12517.mo	A	A	0.0000
12517.p1	A	A	0.0000
12517.s1	A	A	0.0000
12518.fa	T	T	1.0000
12518.mo	T	T	1.0000
12518.p1	T	T	1.0000
12518.s1	T	T	1.0000
12521.fa	A	T	0.4946
12521.mo	A	T	0.5512
12521.p1	T	T	1.0000
12521.s1	A	A	0.0146
12523.fa	A	A	0.0000
12523.mo	T	T	1.0000
12523.p1	A	T	0.5756
12523.s1	A	T	0.5159
12524.fa	A	T	0.5783
12524.mo	A	T	0.5379
12524.p1	A	T	0.5205
12524.s1	T	T	1.0000
12526.fa	A	T	0.5824
12526.mo	A	T	0.5562
12526.p1	A	A	0.0178
12526.s1	A	A	0.0000
12529.fa	A	A	0.0000
12529.mo	A	T	0.5358
12529.p1	A	A	0.0030
12529.s1	A	A	0.0058
12532.fa	A	A	0.0092
12532.mo	A	A	0.0005
12532.p1	A	A	0.0027
12532.s1	A	A	0.0000
12534.fa	A	A	0.0000
12534.mo	A	T	0.5350
12534.p1	A	A	0.0000
12534.s1	A	A	0.0042
12536.fa	A	A	0.0000
12536.mo	A	T	0.5193
12536.p1	A	T	0.5443
12536.s1	A	A	0.0034
12539.fa	A	A	0.0050
12539.mo	A	T	0.5413
12539.p1	A	A	0.0098
12540.fa	A	T	0.5436
12540.mo	T	T	1.0000
12540.p1	A	T	0.5275
12540.s1	T	T	1.0000
12541.fa	A	A	0.0000
12541.mo	A	A	0.0000
12541.p1	A	A	0.0016
12541.s1	A	A	0.0147
12543.fa	A	T	0.5504
12543.mo	A	T	0.5340
12543.p1	T	T	1.0000
12547.fa	T	T	1.0000
12547.mo	A	T	0.5476
12547.p1	A	T	0.5737
12548.fa	A	A	0.0000
12548.mo	T	T	1.0000
12548.p1	A	T	0.5547
12548.s1	A	T	0.5997
12548.s2	A	T	0.5292
12550.fa	A	A	0.0000
12550.mo	A	A	0.0104
12550.p1	A	A	0.0000
12550.s1	A	A	0.0177
12550.s2	A	A	0.0016
12552.fa	A	T	0.5369
12552.mo	A	T	0.5600
12552.p1	T	T	1.0000
12552.s1	A	T	0.5836
12558.fa	T	T	1.0000
12558.mo	A	T	0.5322
12558.p1	T	T	1.0000
12561.fa	A	A	0.0072
12561.mo	A	T	0.5226
12561.p1	A	T	0.5208
12561.s1	A	T	0.5378
12565.fa	A	A	0.0327
12565.mo	A	A	0.0000
12565.p1	A	A	0.0000
12565.s1	A	A	0.0002
12566.fa	A	A	0.0009
12566.mo	A	T	0.5246
12566.p1	A	A	0.0005
12568.fa	A	A	0.0000
12568.mo	A	A	0.0150
12568.p1	A	A	0.0000
12568.s1	A	A	0.0000
12572.fa	A	T	0.5388
12572.mo	A	A	0.0000
12572.p1	A	A	0.0000
12572.s1	A	T	0.5285
12572.s2	A	T	0.5354
12573.fa	A	T	0.5003
12573.mo	A	A	0.0000
12573.p1	A	T	0.4564
12573.s1	A	A	0.0011
12574.fa	A	T	0.4930
12574.mo	A	T	0.4533
12574.p1	A	A	0.0062
12574.s1	A	T	0.4952
12575.fa	A	T	0.5008
12575.mo	A	A	0.0000
12575.p1	A	A	0.0000
12575.s1	A	A	0.0000
12575.s2	A	T	0.5345
12578.fa	A	T	0.5220
12578.mo	A	A	0.0105
12578.p1	A	A	0.0150
12578.s1	A	A	0.0063
12579.fa	A	T	0.4881
12579.mo	A	A	0.0000
12579.p1	A	A	0.0078
12579.s1	A	A	0.0000
12581.fa	A	A	0.0000
12581.mo	T	T	0.9897
12581.p1	A	T	0.5382
12581.s1	A	T	0.5109
12582.fa	A	A	0.0134
12582.mo	A	T	0.4422
12582.p1	A	T	0.4934
12582.s1	A	T	0.4614
12585.fa	T	T	1.0000
12585.mo	A	T	0.4895
12585.p1	A	T	0.4095
12585.s1	T	T	1.0000
12587.fa	T	T	0.9926
12587.mo	A	A	0.0000
12587.p1	A	T	0.5121
12588.fa	A	T	0.5079
12588.mo	A	A	0.0000
12588.p1	A	T	0.4964
12588.s1	A	A	0.0000
12590.fa	A	T	0.5390
12590.mo	A	A	0.0675
12590.p1	A	A	0.0133
12590.s1	A	T	0.4809
12590.s2	A	T	0.5694
12591.fa	A	A	0.0000
12591.mo	A	A	0.0000
12591.p1	A	A	0.0000
12592.fa	A	A	0.0000
12592.mo	A	T	0.5361
12592.p1	A	T	0.5661
12592.s1	A	T	0.5205
12592.s2	A	T	0.5353
12594.fa	A	A	0.0000
12594.mo	A	T	0.5342
12594.p1	A	T	0.5136
12595.fa	A	T	0.5175
12595.mo	A	A	0.0000
12595.p1	A	T	0.5195
12595.s1	A	A	0.0020
12596.fa	A	A	0.0044
12596.mo	A	A	0.0153
12596.p1	A	A	0.0094
12596.s1	A	A	0.0044
12597.fa	A	A	0.0168
12597.mo	A	A	0.0000
12597.p1	A	A	0.0000
12597.s1	A	A	0.0000
12598.fa	A	A	0.0000
12598.mo	A	A	0.0000
12598.p1	A	A	0.0000
12598.s1	A	A	0.0000
12600.fa	A	T	0.5524
12600.mo	A	T	0.5132
12600.p1	A	T	0.5375
12602.fa	T	T	1.0000
12602.mo	A	A	0.0000
12602.p1	A	T	0.5559
12602.s1	A	T	0.5180
12603.fa	A	T	0.5274
12603.mo	A	T	0.5351
12603.p1	A	T	0.5419
12603.s1	T	T	0.9965
12604.fa	A	T	0.4999
12604.mo	A	T	0.4943
12604.p1	A	T	0.5483
12605.fa	A	T	0.4165
12605.mo	T	T	1.0000
12605.p1	A	T	0.5103
12605.s1	T	T	1.0000
12606.fa	A	A	0.0195
12606.mo	A	T	0.5024
12606.p1	A	T	0.5450
12607.fa	A	A	0.0302
12607.mo	A	T	0.5090
12607.p1	A	A	0.0017
12608.fa	A	T	0.5005
12608.mo	A	A	0.0150
12608.p1	A	T	0.5391
12610.fa	A	A	0.0009
12610.mo	A	T	0.5081
12610.p1	A	T	0.5267
12610.s1	A	T	0.5368
12611.fa	A	A	0.0034
12611.mo	A	T	0.5648
12611.p1	A	A	0.0000
12613.fa	A	T	0.5488
12613.mo	A	A	0.0000
12613.p1	A	A	0.0041
12613.s1	A	A	0.0052
12613.s2	A	A	0.0000
12614.fa	A	T	0.4695
12614.mo	A	T	0.5033
12614.p1	T	T	1.0000
12617.fa	T	T	1.0000
12617.mo	A	A	0.0000
12617.p1	A	T	0.5008
12617.s1	-	-	0.8383
12618.fa	A	T	0.5002
12618.mo	A	T	0.5240
12618.p1	A	T	0.5395
12618.s1	A	A	0.0097
12619.fa	A	A	0.0191
12619.mo	A	A	0.0017
12619.p1	A	A	0.0002
12619.s1	A	A	0.0126
12620.fa	A	T	0.5414
12620.mo	A	A	0.0100
12620.p1	A	A	0.0000
12620.s1	A	A	0.0071
12621.fa	A	A	0.0000
12621.mo	A	T	0.5442
12621.p1	A	A	0.0116
12621.s1	A	A	0.0144
12622.fa	A	T	0.4651
12622.mo	A	A	0.0000
12622.p1	A	A	0.0024
12622.s1	A	A	0.0064
12622.s2	A	T	0.5343
12622.s3	A	T	0.5278
12623.fa	A	T	0.4999
12623.mo	A	A	0.0000
12623.p1	A	T	0.4160
12623.s1	A	A	0.0000
12624.fa	A	T	0.5350
12624.mo	A	T	0.5599
12624.p1	T	T	0.9945
12624.s1	A	A	0.0025
12626.fa	A	A	0.0000
12626.mo	A	A	0.0053
12626.p1	A	A	0.0000
12626.s1	A	A	0.0000
12628.fa	A	T	0.5280
12628.mo	A	T	0.5350
12628.p1	A	T	0.4894
12628.s1	A	A	0.0045
12629.fa	A	A	0.0037
12629.mo	A	T	0.5007
12629.p1	A	T	0.5105
12630.fa	A	T	0.5189
12630.mo	A	T	0.5083
12630.p1	A	A	0.0003
12630.s1	T	T	1.0000
12631.fa	A	A	0.0016
12631.mo	A	T	0.5263
12631.p1	A	T	0.4794
12631.s1	A	T	0.4949
12633.fa	A	T	0.5199
12633.mo	A	T	0.5622
12633.p1	A	T	0.5368
12633.s1	A	T	0.5387
12634.fa	A	T	0.4532
12634.mo	T	T	1.0000
12634.p1	T	T	1.0000
12636.fa	A	T	0.5147
12636.mo	T	T	0.9976
12636.p1	A	T	0.5484
12636.s1	T	T	0.9964
12637.fa	A	A	0.0000
12637.mo	A	T	0.4820
12637.p1	A	T	0.4865
12637.s1	A	A	0.0072
12638.fa	A	A	0.0000
12638.mo	T	T	0.9907
12638.p1	A	T	0.4428
12638.s1	A	T	0.3953
12640.fa	A	A	0.0160
12640.mo	A	T	0.5453
12640.p1	A	T	0.5168
12641.fa	A	A	0.0000
12641.mo	A	A	0.0000
12641.p1	A	A	0.0000
12641.s1	A	A	0.0081
12642.fa	A	T	0.5070
12642.mo	A	A	0.0000
12642.p1	A	T	0.5286
12642.s1	A	A	0.0138
12643.fa	A	T	0.5018
12643.mo	A	A	0.0000
12643.p1	A	T	0.5247
12645.fa	A	A	0.0000
12645.mo	A	T	0.5103
12645.p1	A	A	0.0130
12645.s1	A	T	0.4717
12646.fa	A	T	0.5557
12646.mo	T	T	1.0000
12646.p1	T	T	1.0000
12646.s1	A	T	0.5147
12646.s2	T	T	1.0000
12647.fa	T	T	0.9934
12647.mo	A	T	0.5114
12647.p1	T	T	1.0000
12647.s1	T	T	1.0000
12647.s2	A	T	0.5666
12647.s3	A	T	0.5518
12648.fa	T	T	1.0000
12648.mo	T	T	1.0000
12648.p1	T	T	1.0000
12648.s1	T	T	1.0000
12650.fa	T	T	1.0000
12650.mo	A	T	0.5812
12650.p1	A	T	0.5020
12650.s1	A	T	0.5572
12651.fa	T	T	1.0000
12651.mo	A	T	0.5409
12651.p1	A	T	0.5168
12651.s1	T	T	0.9909
12652.fa	A	T	0.4673
12652.mo	A	T	0.4838
12652.p1	A	A	0.0029
12652.s1	T	T	0.9867
12653.fa	A	T	0.4336
12653.mo	A	T	0.4415
12653.p1	A	A	0.0289
12653.s1	A	T	0.5460
12655.fa	A	T	0.5074
12655.mo	A	T	0.5229
12655.p1	A	A	0.0021
12655.s1	T	T	0.9922
12656.fa	A	T	0.5283
12656.mo	T	T	1.0000
12656.p1	T	T	0.9910
12656.s1	T	T	0.9968
12657.fa	A	T	0.5409
12657.mo	A	A	0.0000
12657.p1	A	A	0.0079
12657.s1	A	A	0.0036
12657.s2	A	T	0.5219
12657.s3	A	A	0.0259
12661.fa	T	T	0.9941
12661.mo	A	A	0.0148
12661.p1	A	T	0.5370
12661.s1	A	T	0.4277
12662.fa	T	T	0.9834
12662.mo	A	A	0.0243
12662.p1	A	T	0.5514
12662.s1	A	T	0.5653
12664.fa	A	A	0.0017
12664.mo	T	T	0.9959
12664.p1	A	T	0.4791
12664.s1	A	T	0.4708
12665.fa	A	A	0.0000
12665.mo	A	A	0.0454
12665.p1	A	A	0.0000
12667.fa	A	T	0.5360
12667.mo	A	T	0.5758
12667.p1	T	T	1.0000
12667.s1	A	T	0.5320
12669.fa	A	T	0.5193
12669.mo	A	A	0.0104
12669.p1	A	T	0.5416
12669.s1	A	T	0.4523
12670.fa	A	T	0.4592
12670.mo	A	T	0.4118
12670.p1	A	T	0.5076
12671.fa	A	T	0.5484
12671.mo	A	A	0.0000
12671.p1	A	A	0.0076
12671.s1	A	A	0.0000
12673.fa	T	T	1.0000
12673.mo	A	A	0.0000
12673.p1	A	T	0.4102
12673.s1	A	T	0.4704
12673.s2	A	T	0.5178
12674.fa	A	T	0.5219
12674.mo	A	T	0.5075
12674.p1	A	A	0.0000
12674.s1	A	A	0.0259
12676.fa	T	T	1.0000
12676.mo	A	T	0.4805
12676.p1	T	T	1.0000
12676.s1	T	T	1.0000
12679.fa	A	T	0.4834
12679.mo	A	T	0.5271
12679.p1	A	T	0.5531
12679.s1	A	T	0.4497
12680.fa	A	T	0.5511
12680.mo	A	A	0.0000
12680.p1	A	T	0.5138
12680.s1	A	A	0.0031
12680.s2	A	T	0.4914
12680.s3	A	A	0.0000
12681.fa	T	T	1.0000
12681.mo	A	T	0.5449
12681.p1	T	T	1.0000
12681.s1	T	T	0.9973
12681.s2	T	T	1.0000
12682.fa	A	A	0.0000
12682.mo	A	T	0.5328
12682.p1	A	A	0.0077
12682.s1	A	A	0.0000
12683.fa	A	A	0.0000
12683.mo	A	A	0.0000
12683.p1	A	A	0.0000
12683.s1	A	A	0.0000
12685.fa	A	T	0.5248
12685.mo	A	A	0.0000
12685.p1	A	T	0.4980
12685.s1	A	T	0.4886
12686.fa	T	T	1.0000
12686.mo	T	T	0.9905
12686.p1	T	T	0.9833
12686.s1	T	T	1.0000
12687.fa	A	T	0.4871
12687.mo	A	T	0.5456
12687.p1	T	T	0.9397
12687.s1	A	T	0.5407
12688.fa	A	T	0.5138
12688.mo	A	T	0.4891
12688.p1	T	T	1.0000
12688.s1	A	A	0.0069
12689.fa	T	T	0.9996
12689.mo	A	T	0.5185
12689.p1	T	T	1.0000
12689.s1	T	T	1.0000
12690.fa	A	A	0.0003
12690.mo	A	T	0.5400
12690.p1	A	A	0.0000
12690.s1	A	A	0.0000
12691.fa	A	T	0.3912
12691.mo	A	T	0.3625
12691.p1	A	T	0.5276
12691.s1	T	T	0.9968
12692.fa	A	T	0.5224
12692.mo	A	T	0.6133
12692.p1	A	T	0.5784
12692.s1	A	A	0.0105
12693.fa	A	T	0.4929
12693.mo	A	T	0.5457
12693.p1	A	T	0.5198
12693.s1	T	T	0.9974
12693.s2	T	T	1.0000
12694.fa	T	T	1.0000
12694.mo	A	T	0.5311
12694.p1	T	T	1.0000
12694.s1	T	T	0.9894
12694.s2	T	T	1.0000
12695.fa	T	T	1.0000
12695.mo	T	T	1.0000
12695.p1	T	T	1.0000
12695.s1	T	T	1.0000
12697.fa	A	A	0.0000
12697.mo	A	A	0.0000
12697.p1	A	A	0.0061
12697.s1	A	A	0.0158
12698.fa	T	T	0.9982
12698.mo	A	T	0.5072
12698.p1	A	T	0.3433
12700.fa	A	A	0.0163
12700.mo	A	A	0.0139
12700.p1	A	A	0.0027
12700.s1	A	A	0.0100
12701.fa	T	T	1.0000
12701.mo	A	T	0.5449
12701.p1	A	T	0.5195
12701.s1	A	T	0.4578
12703.fa	T	T	1.0000
12703.mo	A	A	0.0000
12703.p1	A	T	0.5451
12703.s1	A	T	0.4544
12704.fa	A	A	0.0000
12704.mo	A	T	0.6024
12704.p1	A	A	0.0000
12704.s1	A	T	0.5440
12704.s2	A	A	0.0437
12706.fa	A	T	0.5053
12706.mo	A	A	0.0159
12706.p1	A	T	0.5017
12706.s1	A	T	0.5235
12707.fa	A	A	0.0429
12707.mo	A	A	0.0000
12707.p1	A	A	0.0000
12707.s2	A	A	0.0610
12708.fa	A	A	0.0000
12708.mo	A	A	0.0000
12708.p1	A	A	0.0104
12708.s1	A	A	0.0000
12710.fa	A	T	0.5097
12710.mo	A	T	0.5097
12710.p1	A	A	0.0000
12714.fa	A	T	0.4930
12714.mo	A	A	0.0000
12714.p1	A	T	0.5396
12715.fa	A	T	0.5628
12715.mo	T	T	0.9965
12715.p1	A	T	0.5223
12715.s1	A	T	0.5775
12716.fa	A	A	0.0000
12716.mo	A	T	0.5137
12716.p1	A	A	0.0184
12716.s1	A	A	0.0034
12717.fa	A	A	0.0217
12717.mo	A	T	0.5137
12717.p1	A	A	0.0043
12719.fa	A	A	0.0000
12719.mo	A	A	0.0096
12719.p1	A	A	0.0076
12719.s1	A	A	0.0195
12720.fa	A	A	0.0015
12720.mo	A	T	0.5147
12720.p1	A	A	0.0209
12720.s1	A	T	0.5115
12722.fa	A	T	0.5409
12722.mo	T	T	1.0000
12722.p1	T	T	1.0000
12722.s1	T	T	0.9937
12723.fa	A	A	0.0000
12723.mo	A	A	0.0245
12723.p1	A	A	0.0074
12723.s1	A	A	0.0204
12724.fa	A	T	0.5576
12724.mo	A	T	0.5878
12724.p1	T	T	1.0000
12724.s1	A	A	0.0161
12727.fa	A	A	0.0000
12727.mo	A	A	0.0000
12727.p1	A	A	0.0036
12727.s1	A	A	0.0000
12729.fa	A	A	0.0171
12729.mo	A	T	0.5061
12729.p1	A	A	0.0017
12729.s1	A	A	0.0000
12731.fa	T	T	1.0000
12731.mo	A	T	0.4862
12731.p1	A	T	0.5308
12731.s1	A	T	0.5506
12732.fa	A	T	0.5428
12732.mo	A	A	0.0689
12732.p1	A	T	0.5457
12732.s1	A	T	0.5569
12733.fa	A	T	0.5613
12733.mo	T	T	1.0000
12733.p1	A	T	0.5111
12733.s1	T	T	0.9984
12735.fa	A	T	0.5117
12735.mo	A	A	0.0073
12735.p1	A	T	0.4527
12735.s1	A	T	0.5202
12737.fa	A	T	0.5419
12737.mo	A	T	0.5548
12737.p1	A	A	0.0033
12737.s1	T	T	1.0000
12738.fa	A	T	0.4797
12738.mo	A	A	0.0000
12738.p1	A	T	0.5008
12738.s1	A	T	0.5269
12739.fa	A	T	0.4818
12739.mo	A	A	0.0063
12739.p1	A	T	0.4866
12739.s1	A	A	0.0063
12740.fa	A	A	0.0091
12740.mo	T	T	1.0000
12740.p1	A	T	0.5032
12741.fa	A	T	0.5446
12741.mo	A	T	0.5189
12741.p1	A	A	0.0000
12741.s1	T	T	0.9987
12742.fa	A	A	0.0054
12742.mo	A	T	0.5138
12742.p1	A	A	0.0000
12743.fa	A	T	0.5203
12743.mo	A	T	0.5365
12743.p1	A	T	0.4942
12743.s1	A	T	0.5238
12744.fa	A	A	0.0000
12744.mo	A	A	0.0131
12744.p1	A	A	0.0123
12748.fa	A	T	0.4175
12748.mo	A	A	0.0000
12748.p1	A	A	0.0000
12748.s1	A	T	0.5172
12749.fa	A	T	0.5199
12749.mo	A	T	0.5520
12749.p1	T	T	1.0000
12749.s1	A	T	0.5284
12750.fa	A	T	0.5115
12750.mo	A	A	0.0000
12750.p1	A	T	0.5326
12752.fa	A	A	0.0000
12752.mo	A	T	0.4772
12752.p1	A	A	0.0000
12754.fa	A	T	0.5045
12754.mo	A	A	0.0000
12754.p1	A	T	0.4620
12757.fa	T	T	1.0000
12757.mo	A	A	0.0060
12757.p1	A	T	0.5433
12758.fa	A	A	0.0031
12758.mo	A	T	0.5446
12758.p1	A	T	0.3707
12758.s1	A	A	0.0000
12759.fa	A	T	0.5111
12759.mo	A	A	0.0039
12759.p1	A	A	0.0000
12759.s1	A	A	0.0000
12761.fa	T	T	0.9913
12761.mo	A	T	0.4414
12761.p1	A	T	0.4592
12763.fa	T	T	1.0000
12763.mo	A	T	0.5387
12763.p1	T	T	1.0000
12763.s1	T	T	1.0000
12764.fa	A	A	0.0000
12764.mo	A	A	0.0000
12764.p1	A	A	0.0127
12764.s1	A	A	0.0000
12766.fa	A	T	0.4712
12766.mo	A	A	0.0004
12766.p1	A	T	0.5511
12766.s1	A	T	0.4999
12770.fa	A	T	0.4648
12770.mo	A	T	0.4673
12770.p1	A	T	0.5375
12770.s1	A	T	0.5005
12772.fa	A	A	0.0000
12772.mo	A	A	0.0027
12772.p1	A	A	0.0000
12772.s1	A	A	0.0056
12773.fa	A	T	0.5097
12773.mo	A	A	0.0000
12773.p1	A	A	0.0017
12773.s1	A	T	0.5063
12775.fa	A	T	0.4974
12775.mo	A	T	0.5193
12775.p1	A	T	0.5797
12775.s1	A	A	0.0199
12777.fa	A	T	0.5179
12777.mo	A	A	0.0034
12777.p1	A	A	0.0000
12778.fa	A	A	0.0000
12778.mo	A	T	0.5047
12778.p1	A	T	0.5296
12778.s1	A	T	0.5263
12779.fa	A	T	0.5638
12779.mo	A	T	0.5519
12779.p1	T	T	0.9935
12779.s1	T	T	0.9898
12780.fa	A	T	0.5296
12780.mo	A	T	0.5472
12780.p1	T	T	0.9953
12780.s1	A	A	0.0094
12781.fa	A	T	0.5101
12781.mo	A	T	0.4969
12781.p1	T	T	0.9901
12782.fa	A	T	0.5633
12782.mo	T	T	1.0000
12782.p1	T	T	0.9691
12782.s1	T	T	0.9835
12783.fa	A	T	0.5601
12783.mo	A	T	0.5449
12783.p1	A	A	0.0085
12784.fa	T	T	1.0000
12784.mo	A	A	0.0090
12784.p1	A	T	0.5388
12784.s1	A	T	0.4549
12785.fa	A	A	0.0000
12785.mo	A	T	0.4610
12785.p1	A	A	0.0034
12785.s1	A	A	0.0000
12786.fa	A	A	0.0014
12786.mo	A	T	0.4977
12786.p1	A	T	0.4782
12786.s1	A	A	0.0000
12787.fa	A	T	0.5083
12787.mo	A	T	0.5300
12787.p1	A	T	0.5127
12787.s1	T	T	0.9931
12788.fa	A	A	0.0139
12788.mo	A	T	0.5117
12788.p1	A	T	0.4972
12788.s1	A	A	0.0009
12790.fa	A	T	0.4888
12790.mo	A	A	0.0093
12790.p1	A	T	0.5016
12790.s1	A	T	0.5407
12791.fa	A	T	0.4363
12791.mo	A	T	0.5096
12791.p1	A	T	0.4760
12791.s1	A	T	0.5672
12792.fa	A	T	0.5307
12792.mo	A	A	0.0000
12792.p1	A	A	0.0001
12792.s1	A	A	0.0039
12793.fa	A	T	0.4758
12793.mo	A	A	0.0000
12793.p1	A	A	0.0042
12793.s1	A	T	0.5196
12794.fa	A	T	0.4142
12794.mo	A	T	0.4622
12794.p1	A	T	0.4245
12794.s1	A	A	0.0030
12796.fa	A	A	0.0000
12796.mo	T	T	1.0000
12796.p1	A	T	0.4688
12796.s1	A	T	0.5238
12797.fa	A	A	0.0000
12797.mo	A	A	0.0000
12797.p1	A	A	0.0000
12798.fa	A	A	0.0041
12798.mo	A	A	0.0071
12798.p1	A	A	0.0000
12798.s1	A	A	0.0000
12798.s2	A	A	0.0000
12799.fa	A	T	0.5164
12799.mo	A	T	0.5384
12799.p1	T	T	0.9995
12799.s1	A	T	0.5033
12801.fa	A	T	0.5663
12801.mo	A	A	0.0594
12801.p1	A	A	0.0205
12801.s1	A	A	0.0012
12803.fa	A	T	0.5721
12803.mo	A	T	0.5298
12803.p1	T	T	0.9968
12803.s1	A	T	0.5073
12805.fa	A	A	0.0030
12805.mo	A	T	0.5148
12805.p1	A	A	0.0000
12809.fa	A	T	0.4300
12809.mo	A	T	0.5168
12809.p1	T	T	0.9999
12810.fa	A	A	0.0079
12810.mo	A	A	0.0000
12810.p1	A	A	0.0000
12810.s1	A	A	0.0000
12817.fa	A	A	0.0000
12817.mo	A	A	0.0000
12817.p1	A	A	0.0033
12817.s1	A	A	0.0000
12819.fa	A	T	0.5569
12819.mo	A	T	0.5214
12819.p1	A	T	0.5622
12819.s1	T	T	1.0000
12820.fa	A	A	0.0000
12820.mo	A	T	0.4766
12820.p1	A	T	0.5476
12821.fa	A	A	0.0000
12821.mo	A	T	0.5325
12821.p1	A	T	0.5537
12821.s1	A	T	0.5094
12821.s2	A	T	0.5279
12824.fa	A	A	0.0013
12824.mo	A	T	0.5232
12824.p1	A	A	0.0000
12824.s1	A	T	0.5465
12826.fa	A	A	0.0090
12826.mo	A	A	0.0267
12826.p1	A	A	0.0001
12826.s1	A	A	0.0000
12827.fa	A	A	0.0278
12827.mo	A	T	0.5208
12827.p1	A	A	0.0197
12828.fa	A	A	0.0076
12828.mo	A	T	0.5064
12828.p1	A	T	0.5372
12829.fa	A	T	0.5117
12829.mo	A	T	0.5441
12829.p1	A	T	0.5499
12829.s1	A	A	0.0000
12831.fa	A	A	0.0000
12831.mo	A	T	0.5298
12831.p1	A	T	0.5212
12832.fa	T	T	1.0000
12832.mo	T	T	1.0000
12832.p1	T	T	0.9710
12832.s1	T	T	0.9995
12832.s2	T	T	1.0000
12833.fa	A	A	0.0039
12833.mo	T	T	1.0000
12833.p1	A	T	0.5082
12833.s1	A	T	0.5695
12836.fa	A	A	0.0000
12836.mo	A	T	0.5679
12836.p1	A	T	0.5273
12836.s1	A	A	0.0000
12837.fa	A	A	0.0000
12837.mo	A	T	0.5571
12837.p1	A	A	0.0000
12837.s1	A	T	0.5667
12838.fa	A	A	0.0000
12838.mo	A	A	0.0000
12838.p1	A	A	0.0212
12838.s1	A	A	0.0000
12840.fa	A	A	0.0000
12840.mo	A	A	0.0111
12840.p1	A	A	0.0000
12840.s1	A	A	0.0000
12842.fa	A	A	0.0404
12842.mo	A	A	0.0719
12842.p1	A	A	0.0714
12843.fa	A	T	0.5010
12843.mo	T	T	1.0000
12843.p1	A	T	0.5803
12843.s1	T	T	1.0000
12845.fa	A	T	0.5104
12845.mo	A	A	0.0104
12845.p1	A	A	0.0607
12845.s1	A	A	0.0560
12845.s2	A	A	0.0077
12849.fa	A	T	0.5097
12849.mo	A	A	0.0000
12849.p1	A	A	0.0000
12849.s1	A	A	0.0602
12850.fa	A	T	0.5203
12850.mo	T	T	1.0000
12850.p1	T	T	0.9951
12850.s1	T	T	0.9700
12850.s2	A	T	0.5293
12850.s3	T	T	1.0000
12851.fa	A	T	0.5075
12851.mo	A	T	0.5309
12851.p1	A	T	0.5414
12851.s1	T	T	0.9824
12852.fa	A	T	0.5600
12852.mo	A	T	0.5016
12852.p1	A	A	0.0000
12852.s1	A	T	0.5816
12853.fa	A	T	0.5532
12853.mo	A	T	0.5951
12853.p1	A	T	0.5829
12853.s1	A	A	0.0000
12854.fa	A	A	0.0036
12854.mo	T	T	0.9618
12854.p1	A	T	0.5402
12854.s1	A	T	0.5469
12857.fa	T	T	1.0000
12857.mo	A	T	0.6094
12857.p1	A	T	0.5699
12857.s1	A	T	0.6193
12858.fa	A	A	0.0232
12858.mo	T	T	1.0000
12858.p1	A	T	0.6153
12858.s1	A	T	0.5964
12859.fa	T	T	0.9984
12859.mo	A	A	0.0000
12859.p1	A	T	0.5695
12859.s1	A	T	0.5478
12860.fa	A	A	0.0000
12860.mo	A	A	0.0009
12860.p1	A	A	0.0000
12860.s1	A	A	0.0085
12861.fa	A	T	0.5237
12861.mo	T	T	0.9998
12861.p1	T	T	1.0000
12861.s1	T	T	1.0000
12864.fa	A	A	0.0034
12864.mo	A	A	0.0000
12864.p1	A	A	0.0000
12864.s1	A	A	0.0018
12867.fa	A	A	0.0000
12867.mo	T	T	1.0000
12867.p1	A	T	0.5527
12867.s1	A	T	0.5534
12869.fa	A	T	0.5091
12869.mo	A	T	0.5286
12869.p1	T	T	1.0000
12869.s1	A	T	0.5452
12871.fa	T	T	1.0000
12871.mo	A	T	0.5626
12871.p1	A	T	0.5196
12871.s1	T	T	1.0000
12875.fa	A	A	0.0154
12875.mo	A	A	0.0153
12875.p1	A	A	0.0070
12875.s1	A	A	0.0000
12878.fa	A	T	0.5551
12878.mo	A	A	0.0124
12878.p1	A	A	0.0000
12879.fa	A	T	0.5704
12879.mo	A	A	0.0000
12879.p1	A	T	0.5591
12879.s1	A	A	0.0037
12885.fa	A	T	0.5665
12885.mo	A	A	0.0079
12885.p1	A	A	0.0121
12891.fa	A	T	0.4772
12891.mo	A	T	0.5287
12891.p1	A	T	0.5629
12891.s1	A	T	0.5645
12892.fa	A	T	0.5878
12892.mo	T	T	0.9970
12892.p1	T	T	1.0000
12892.s1	T	T	0.9953
12894.fa	A	A	0.0000
12894.mo	A	T	0.5649
12894.p1	A	A	0.0030
12894.s1	A	T	0.5478
12899.fa	A	T	0.4975
12899.mo	T	T	0.9894
12899.p1	A	T	0.5664
12899.s1	T	T	1.0000
12900.fa	A	A	0.0015
12900.mo	A	A	0.0120
12900.p1	A	A	0.0036
12901.fa	A	T	0.5175
12901.mo	T	T	1.0000
12901.p1	T	T	1.0000
12901.s1	A	T	0.5164
12902.fa	A	T	0.5099
12902.mo	T	T	1.0000
12902.p1	T	T	1.0000
12902.s1	T	T	1.0000
12905.fa	T	T	1.0000
12905.mo	A	A	0.0000
12905.p1	A	T	0.5589
12905.s1	A	T	0.5797
12906.fa	A	A	0.0000
12906.mo	A	T	0.5284
12906.p1	A	A	0.0050
12906.s1	A	A	0.0276
12907.fa	A	A	0.0000
12907.mo	A	T	0.5499
12907.p1	A	T	0.5655
12907.s1	A	T	0.5565
12908.fa	A	A	0.0000
12908.mo	A	A	0.0116
12908.p1	A	A	0.0104
12908.s1	A	A	0.0000
12910.fa	A	A	0.0000
12910.mo	A	T	0.5287
12910.p1	A	T	0.5000
12912.fa	A	T	0.5176
12912.mo	A	A	0.0000
12912.p1	A	T	0.5463
12913.fa	A	A	0.0174
12913.mo	T	T	0.9633
12913.p1	A	T	0.5278
12916.fa	A	A	0.0000
12916.mo	A	T	0.6042
12916.p1	A	T	0.5735
12916.s1	A	T	0.5729
12920.fa	A	T	0.5050
12920.mo	T	T	1.0000
12920.p1	A	T	0.5629
12920.s1	T	T	0.9611
12921.fa	A	A	0.0000
12921.mo	T	T	1.0000
12921.p1	A	T	0.5395
12921.s1	A	T	0.5387
12922.fa	T	T	0.9472
12922.mo	A	A	0.0000
12922.p1	A	T	0.5488
12922.s1	A	T	0.5225
12923.fa	A	A	0.0000
12923.mo	A	A	0.0000
12923.p1	A	A	0.0000
12923.s1	A	A	0.0000
12924.fa	T	T	0.9930
12924.mo	A	A	0.0000
12924.p1	A	T	0.5776
12924.s1	A	T	0.5437
12925.fa	A	A	0.0000
12925.mo	A	T	0.5630
12925.p1	A	T	0.5372
12925.s1	A	T	0.5804
12925.s2	A	A	0.0037
12930.fa	A	A	0.0056
12930.mo	T	T	1.0000
12930.p1	A	T	0.5696
12930.s1	A	T	0.5774
12931.fa	A	A	0.0037
12931.mo	A	A	0.0012
12931.p1	A	A	0.0000
12931.s1	A	A	0.0000
12932.fa	A	A	0.0091
12932.mo	T	T	1.0000
12932.p1	A	T	0.5638
12932.s1	A	T	0.5634
12934.fa	A	A	0.0000
12934.mo	A	T	0.5137
12934.p1	A	T	0.5264
12937.fa	A	A	0.0000
12937.mo	A	A	0.0016
12937.p1	A	A	0.0000
12937.s1	A	A	0.0000
12938.fa	A	T	0.5826
12938.mo	A	A	0.0359
12938.p1	A	A	0.0000
12938.s1	A	A	0.0000
12939.fa	A	T	0.4900
12939.mo	T	T	1.0000
12939.p1	T	T	1.0000
12939.s1	A	T	0.5270
12940.fa	A	T	0.5759
12940.mo	A	T	0.5988
12940.p1	T	T	1.0000
12940.s1	A	A	0.0000
12941.fa	A	A	0.0000
12941.mo	A	A	0.0000
12941.p1	A	A	0.0000
12942.fa	T	T	1.0000
12942.mo	A	A	0.0000
12942.p1	A	T	0.5711
12942.s1	A	T	0.5383
12944.fa	A	A	0.0027
12944.mo	A	A	0.0000
12944.p1	A	A	0.0058
12944.s1	A	A	0.0000
12946.fa	T	T	1.0000
12946.mo	A	T	0.5761
12946.p1	T	T	1.0000
12946.s1	T	T	0.9939
12948.fa	T	T	1.0000
12948.mo	A	A	0.0000
12948.p1	A	T	0.5302
12950.fa	A	A	0.0000
12950.mo	A	T	0.5775
12950.p1	A	A	0.0000
12950.s1	A	A	0.0000
12951.fa	A	T	0.5828
12951.mo	A	A	0.0009
12951.p1	A	T	0.5391
12951.s1	A	T	0.5746
12952.fa	A	T	0.5423
12952.mo	T	T	1.0000
12952.p1	T	T	1.0000
12952.s1	T	T	0.9953
12953.fa	A	T	0.5521
12953.mo	A	A	0.0000
12953.p1	A	A	0.0030
12953.s1	A	A	0.0056
12955.fa	A	T	0.5749
12955.mo	A	A	0.0250
12955.p1	A	T	0.6214
12955.s1	A	A	0.0140
12956.fa	A	A	0.0096
12956.mo	A	T	0.5949
12956.p1	A	A	0.0000
12956.s1	A	T	0.6183
12957.fa	A	A	0.0000
12957.mo	A	A	0.0000
12957.p1	A	A	0.0000
12957.s1	A	A	0.0000
12958.fa	A	T	0.5074
12958.mo	A	T	0.5505
12958.p1	A	T	0.5405
12958.s1	A	T	0.5579
12958.s2	T	T	1.0000
12959.fa	A	T	0.5442
12959.mo	A	A	0.0000
12959.p1	A	A	0.0000
12960.fa	A	A	0.0047
12960.mo	A	T	0.4845
12960.p1	A	A	0.0006
12961.fa	A	T	0.4112
12961.mo	A	T	0.4820
12961.p1	T	T	1.0000
12962.fa	A	A	0.0000
12962.mo	A	A	0.0044
12962.p1	A	A	0.0000
12962.s1	A	A	0.0000
12964.fa	A	T	0.5648
12964.mo	T	T	0.9922
12964.p1	T	T	0.9986
12964.s1	A	T	0.5457
12967.fa	A	A	0.0270
12967.mo	A	A	0.0275
12967.p1	A	A	0.0109
12967.s1	A	A	0.0009
12969.fa	T	T	1.0000
12969.mo	A	A	0.0077
12969.p1	A	T	0.5571
12969.s1	A	T	0.5307
12971.fa	A	A	0.0000
12971.mo	T	T	1.0000
12971.p1	A	T	0.5460
12972.fa	T	T	1.0000
12972.mo	A	T	0.5582
12972.p1	A	T	0.5544
12972.s1	T	T	1.0000
12974.fa	A	T	0.5441
12974.mo	A	T	0.5307
12974.p1	A	T	0.5357
12974.s1	A	T	0.5234
12974.s2	A	T	0.5436
12975.fa	A	T	0.5419
12975.mo	A	A	0.0000
12975.p1	A	T	0.5485
12975.s1	A	T	0.5990
12976.fa	T	T	1.0000
12976.mo	A	T	0.5346
12976.p1	T	T	1.0000
12976.s1	A	T	0.5170
12977.fa	A	A	0.0000
12977.mo	A	A	0.0000
12977.p1	A	A	0.0072
12977.s1	A	A	0.0053
12979.fa	A	T	0.5465
12979.mo	A	T	0.5395
12979.p1	T	T	1.0000
12984.fa	T	T	1.0000
12984.mo	A	A	0.0000
12984.p1	A	T	0.5704
12984.s1	A	T	0.5916
12985.fa	A	T	0.5023
12985.mo	T	T	1.0000
12985.p1	A	T	0.5217
12986.fa	T	T	1.0000
12986.mo	A	A	0.0081
12986.p1	A	T	0.4957
12989.fa	A	A	0.0000
12989.mo	T	T	0.9814
12989.p1	A	T	0.5420
12989.s1	A	T	0.5976
12991.fa	A	T	0.4923
12991.mo	A	A	0.0380
12991.p1	A	T	0.4647
12994.fa	A	A	0.0063
12994.mo	A	T	0.5464
12994.p1	A	A	0.0000
12994.s1	A	A	0.0000
12996.fa	A	A	0.0075
12996.mo	A	A	0.0000
12996.p1	A	A	0.0000
12996.s1	A	A	0.0065
12996.s2	A	A	0.0302
12997.fa	A	T	0.5619
12997.mo	A	A	0.0000
12997.p1	A	T	0.5956
12997.s1	A	T	0.6120
12998.fa	A	T	0.4779
12998.mo	A	T	0.5434
12998.p1	A	T	0.5458
13001.fa	A	A	0.0027
13001.mo	A	T	0.5720
13001.p1	A	A	0.0000
13001.s1	A	A	0.0000
13005.fa	A	T	0.6005
13005.mo	A	A	0.0020
13005.p1	A	A	0.0008
13005.s1	A	T	0.5612
13006.fa	A	A	0.0023
13006.mo	A	A	0.0065
13006.p1	A	A	0.0000
13006.s1	A	A	0.0000
13007.fa	T	T	0.9835
13007.mo	A	T	0.5727
13007.p1	T	T	1.0000
13007.s1	A	T	0.5483
13008.fa	A	A	0.0000
13008.mo	A	T	0.5456
13008.p1	A	A	0.0000
13008.s1	A	A	0.0000
13009.fa	A	T	0.5409
13009.mo	T	T	1.0000
13009.p1	T	T	0.9762
13010.fa	T	T	1.0000
13010.mo	A	T	0.5491
13010.p1	A	T	0.5616
13010.s1	A	T	0.5596
13012.fa	A	A	0.0215
13012.mo	A	T	0.5287
13012.p1	A	T	0.5642
13012.s1	A	T	0.5705
13013.fa	T	T	0.9821
13013.mo	T	T	1.0000
13013.p1	T	T	0.9950
13014.fa	A	T	0.4493
13014.mo	A	A	0.0049
13014.p1	A	A	0.0000
13015.fa	T	T	1.0000
13015.mo	A	T	0.5604
13015.p1	A	T	0.5725
13015.s1	T	T	0.9855
13016.fa	A	T	0.5801
13016.mo	A	T	0.5985
13016.p1	A	T	0.6047
13016.s1	A	A	0.0005
13017.fa	A	T	0.5617
13017.mo	A	T	0.5482
13017.p1	A	T	0.5479
13017.s1	A	T	0.5251
13017.s2	T	T	1.0000
13018.fa	A	T	0.5480
13018.mo	T	T	1.0000
13018.p1	T	T	0.9985
13018.s1	T	T	1.0000
13019.fa	A	A	0.0213
13019.mo	A	T	0.4826
13019.p1	A	T	0.5298
13021.fa	A	A	0.0111
13021.mo	A	A	0.0000
13021.p1	A	A	0.0069
13021.s1	A	A	0.0010
13023.fa	A	T	0.5614
13023.mo	A	T	0.5401
13023.p1	A	A	0.0000
13023.s1	A	A	0.0000
13026.fa	A	A	0.0000
13026.mo	A	A	0.0000
13026.p1	A	A	0.0008
13026.s1	A	A	0.0021
13027.fa	A	A	0.0542
13027.mo	A	T	0.5452
13027.p1	A	T	0.5476
13028.fa	A	T	0.5331
13028.mo	A	T	0.5465
13028.p1	A	A	0.0000
13028.s1	A	A	0.0038
13031.fa	A	T	0.4576
13031.mo	A	A	0.0000
13031.p1	A	A	0.0000
13033.fa	A	T	0.5120
13033.mo	A	A	0.0204
13033.p1	A	A	0.0000
13034.fa	A	A	0.0011
13034.mo	A	A	0.0000
13034.p1	A	A	0.0000
13034.s1	A	A	0.0000
13034.s2	A	A	0.0131
13035.fa	A	T	0.5565
13035.mo	A	T	0.5433
13035.p1	A	T	0.4997
13035.s1	A	T	0.4835
13036.fa	A	A	0.0199
13036.mo	T	T	1.0000
13036.p1	A	T	0.5714
13036.s1	A	T	0.5168
13037.fa	A	A	0.0029
13037.mo	A	A	0.0017
13037.p1	A	A	0.0000
13037.s1	A	A	0.0000
13037.s2	A	A	0.0000
13038.fa	A	A	0.0000
13038.mo	A	T	0.5477
13038.p1	A	T	0.5477
13038.s1	A	A	0.0019
13039.fa	A	T	0.5203
13039.mo	A	A	0.0186
13039.p1	A	T	0.5299
13039.s1	A	T	0.5283
13041.fa	A	T	0.5567
13041.mo	A	T	0.5663
13041.p1	A	T	0.5487
13041.s1	T	T	1.0000
13042.fa	A	T	0.5172
13042.mo	A	T	0.5669
13042.p1	A	T	0.5403
13042.s1	A	T	0.5515
13043.fa	A	T	0.5694
13043.mo	A	A	0.0000
13043.p1	A	T	0.5260
13043.s1	A	T	0.5622
13044.fa	A	A	0.0113
13044.mo	A	T	0.5076
13044.p1	A	A	0.0000
13044.s1	A	A	0.0000
13045.fa	T	T	1.0000
13045.mo	A	T	0.5491
13045.p1	A	T	0.4956
13048.fa	A	A	0.0070
13048.mo	A	A	0.0000
13048.p1	A	A	0.0000
13048.s1	A	A	0.0062
13050.fa	A	T	0.5544
13050.mo	A	T	0.5452
13050.p1	A	T	0.5905
13050.s1	-	-	0.6629
13051.fa	T	T	1.0000
13051.mo	A	A	0.0000
13051.p1	A	T	0.5494
13051.s1	A	T	0.5565
13053.fa	A	T	0.5075
13053.mo	A	T	0.5740
13053.p1	A	A	0.0013
13053.s1	T	T	1.0000
13054.fa	A	A	0.0000
13054.mo	A	T	0.5118
13054.p1	A	T	0.5485
13054.s1	A	T	0.5468
13056.fa	A	A	0.0000
13056.mo	A	T	0.4924
13056.p1	A	T	0.5170
13057.fa	T	T	0.9416
13057.mo	A	A	0.0000
13057.p1	A	T	0.5652
13057.s1	A	T	0.5757
13059.fa	A	T	0.5374
13059.mo	A	A	0.0549
13059.p1	A	A	0.0649
13060.fa	A	T	0.5160
13060.mo	A	A	0.0000
13060.p1	A	T	0.5221
13061.fa	A	T	0.5525
13061.mo	A	T	0.5224
13061.p1	A	T	0.5478
13061.s1	A	A	0.0000
13061.s2	A	T	0.5239
13063.fa	A	A	0.0000
13063.mo	A	T	0.5828
13063.p1	A	T	0.5369
13063.s1	A	T	0.5213
13064.fa	A	A	0.0000
13064.mo	A	A	0.0000
13064.p1	A	A	0.0000
13064.s1	A	A	0.0000
13065.fa	T	T	1.0000
13065.mo	A	A	0.0037
13065.p1	A	T	0.4793
13067.fa	T	T	1.0000
13067.mo	A	T	0.5118
13067.p1	T	T	0.9891
13069.fa	A	T	0.5366
13069.mo	A	A	0.0015
13069.p1	A	A	0.0000
13069.s1	A	A	0.0000
13070.fa	A	A	0.0000
13070.mo	A	T	0.5312
13070.p1	A	T	0.5226
13070.s1	A	T	0.5331
13071.fa	T	T	1.0000
13071.mo	A	A	0.0118
13071.p1	A	T	0.5456
13071.s1	A	T	0.5591
13072.fa	A	T	0.5510
13072.mo	A	T	0.5536
13072.p1	A	A	0.0057
13072.s1	A	T	0.5575
13073.fa	A	A	0.0021
13073.mo	A	T	0.5632
13073.p1	A	T	0.5777
13073.s1	A	A	0.0328
13076.fa	A	T	0.5605
13076.mo	T	T	1.0000
13076.p1	A	T	0.5145
13076.s1	T	T	1.0000
13077.fa	A	T	0.5375
13077.mo	T	T	1.0000
13077.p1	T	T	0.9894
13077.s1	A	T	0.5490
13079.fa	A	T	0.4611
13079.mo	A	A	0.0124
13079.p1	A	T	0.5032
13080.fa	A	A	0.0000
13080.mo	A	A	0.0000
13080.p1	A	A	0.0000
13080.s1	A	A	0.0032
13082.fa	A	A	0.0000
13082.mo	A	T	0.5410
13082.p1	A	A	0.0000
13082.s1	A	T	0.5493
13083.fa	A	T	0.5155
13083.mo	A	T	0.5743
13083.p1	T	T	1.0000
13083.s1	A	T	0.5867
13085.fa	T	T	0.9994
13085.mo	T	T	1.0000
13085.p1	T	T	1.0000
13088.fa	A	A	0.0147
13088.mo	A	A	0.0237
13088.p1	A	A	0.0000
13088.s1	A	A	0.0000
13089.fa	T	T	0.9976
13089.mo	A	A	0.0000
13089.p1	A	T	0.5645
13089.s1	A	T	0.5457
13093.fa	A	A	0.0000
13093.mo	A	T	0.5767
13093.p1	A	T	0.5282
13093.s1	A	A	0.0257
13094.fa	A	A	0.0000
13094.mo	T	T	1.0000
13094.p1	A	T	0.5082
13094.s1	A	T	0.5318
13095.fa	A	T	0.5223
13095.mo	A	T	0.4893
13095.p1	T	T	0.9868
13095.s1	A	T	0.5206
13095.s2	T	T	0.9972
13096.fa	A	A	0.0104
13096.mo	A	A	0.0094
13096.p1	A	A	0.0344
13096.s1	A	A	0.0260
13097.fa	T	T	1.0000
13097.mo	A	T	0.5634
13097.p1	A	T	0.5458
13097.s1	T	T	1.0000
13099.fa	T	T	1.0000
13099.mo	T	T	1.0000
13099.p1	T	T	1.0000
13099.s1	T	T	1.0000
13101.fa	A	T	0.5686
13101.mo	A	A	0.0135
13101.p1	A	T	0.5070
13101.s1	A	T	0.5435
13102.fa	A	A	0.0722
13102.mo	A	T	0.5425
13102.p1	A	A	0.0000
13102.s1	A	T	0.5668
13104.fa	A	T	0.5343
13104.mo	A	A	0.0000
13104.p1	A	A	0.0048
13104.s1	A	T	0.5623
13106.fa	A	A	0.0111
13106.mo	A	T	0.5620
13106.p1	A	A	0.0064
13106.s1	A	A	0.0000
13107.fa	A	A	0.0051
13107.mo	A	T	0.6043
13107.p1	A	T	0.5422
13107.s1	A	T	0.5557
13111.fa	A	T	0.5374
13111.mo	A	T	0.5316
13111.p1	A	A	0.0000
13111.s1	A	A	0.0000
13115.fa	A	T	0.5430
13115.mo	A	A	0.0389
13115.p1	A	T	0.5231
13115.s1	A	A	0.0248
13116.fa	A	T	0.5459
13116.mo	A	A	0.0128
13116.p1	A	A	0.0051
13116.s1	A	T	0.5547
13118.fa	T	T	1.0000
13118.mo	A	T	0.5195
13118.p1	A	T	0.5356
13118.s1	T	T	1.0000
13119.fa	A	T	0.5504
13119.mo	T	T	1.0000
13119.p1	T	T	1.0000
13120.fa	A	T	0.5580
13120.mo	A	T	0.5659
13120.p1	A	A	0.0000
13120.s1	A	T	0.5376
13123.fa	T	T	1.0000
13123.mo	A	T	0.5472
13123.p1	A	T	0.5569
13123.s1	A	T	0.5380
13128.fa	A	A	0.0000
13128.mo	A	A	0.0090
13128.p1	A	A	0.0142
13128.s1	A	A	0.0000
13129.fa	A	T	0.5310
13129.mo	A	A	0.0004
13129.p1	A	T	0.5695
13129.s1	A	A	0.0000
13130.fa	A	T	0.5326
13130.mo	A	T	0.5445
13130.p1	A	T	0.5462
13130.s1	A	T	0.5500
13131.fa	T	T	1.0000
13131.mo	A	T	0.5081
13131.p1	A	T	0.5462
13131.s1	A	T	0.5462
13133.fa	T	T	1.0000
13133.mo	A	A	0.0000
13133.p1	A	T	0.5368
13133.s1	A	T	0.5462
13134.fa	A	A	0.0098
13134.mo	A	A	0.0065
13134.p1	A	A	0.0123
13135.fa	A	A	0.0044
13135.mo	A	A	0.0101
13135.p1	A	A	0.0114
13135.s1	A	A	0.0085
13136.fa	A	T	0.5561
13136.mo	T	T	1.0000
13136.p1	A	T	0.5656
13136.s1	A	T	0.5328
13139.fa	A	T	0.5101
13139.mo	A	T	0.4717
13139.p1	A	T	0.5500
13139.s1	T	T	1.0000
13144.fa	A	A	0.0283
13144.mo	A	T	0.5174
13144.p1	A	T	0.6189
13144.s1	A	T	0.6057
13146.fa	A	A	0.0000
13146.mo	A	T	0.5832
13146.p1	A	T	0.5223
13146.s1	A	T	0.5171
13147.fa	A	T	0.5770
13147.mo	A	T	0.5546
13147.p1	T	T	1.0000
13147.s1	A	T	0.5316
13148.fa	A	T	0.5745
13148.mo	A	T	0.5795
13148.p1	T	T	1.0000
13148.s1	T	T	1.0000
13150.fa	A	A	0.0117
13150.mo	A	A	0.0000
13150.p1	A	A	0.0159
13151.fa	A	A	0.0000
13151.mo	A	T	0.4957
13151.p1	A	T	0.5292
13151.s1	A	T	0.5692
13152.fa	A	A	0.0052
13152.mo	A	T	0.6186
13152.p1	A	A	0.0161
13152.s1	A	T	0.5221
13153.fa	T	T	1.0000
13153.mo	T	T	1.0000
13153.p1	T	T	0.9937
13153.s1	T	T	1.0000
13154.fa	A	T	0.5324
13154.mo	T	T	1.0000
13154.p1	T	T	0.9970
13154.s1	T	T	0.9852
13154.s2	A	T	0.5429
13159.fa	A	T	0.5370
13159.mo	T	T	0.9899
13159.p1	A	T	0.6014
13159.s1	T	T	0.9863
13160.fa	A	T	0.5271
13160.mo	A	T	0.5465
13160.p1	A	T	0.5049
13160.s1	A	T	0.5613
13162.fa	A	A	0.0004
13162.mo	T	T	1.0000
13162.p1	A	T	0.5964
13162.s1	A	T	0.5897
13163.fa	A	T	0.5267
13163.mo	T	T	0.9865
13163.p1	T	T	1.0000
13163.s1	T	T	1.0000
13163.s2	A	T	0.5480
13166.fa	T	T	1.0000
13166.mo	A	T	0.5461
13166.p1	T	T	0.9988
13166.s1	A	T	0.5319
13167.fa	A	T	0.5225
13167.mo	A	T	0.5354
13167.p1	A	T	0.5047
13167.s1	A	T	0.5147
13168.fa	A	A	0.0135
13168.mo	A	A	0.0000
13168.p1	A	A	0.0000
13168.s1	A	A	0.0040
13169.fa	A	A	0.0000
13169.mo	A	T	0.5231
13169.p1	A	A	0.0000
13169.s1	A	T	0.5309
13171.fa	A	T	0.5421
13171.mo	A	A	0.0000
13171.p1	A	A	0.0000
13171.s1	A	A	0.0008
13174.fa	A	A	0.0118
13174.mo	A	A	0.0099
13174.p1	A	A	0.0027
13174.s1	A	A	0.0084
13175.fa	A	T	0.5778
13175.mo	A	A	0.0000
13175.p1	A	A	0.0096
13175.s1	A	T	0.5373
13176.fa	A	A	0.0000
13176.mo	A	T	0.5275
13176.p1	A	T	0.5663
13176.s1	A	A	0.0000
13177.fa	A	A	0.0000
13177.mo	A	A	0.0000
13177.p1	A	A	0.0159
13177.s1	A	A	0.0000
13180.fa	A	T	0.5271
13180.mo	A	A	0.0000
13180.p1	A	A	0.0000
13180.s1	A	T	0.5805
13183.fa	A	T	0.5444
13183.mo	T	T	1.0000
13183.p1	T	T	0.9980
13183.s1	A	T	0.5781
13185.fa	T	T	1.0000
13185.mo	A	T	0.5521
13185.p1	A	T	0.5285
13187.fa	A	T	0.5210
13187.mo	A	T	0.5502
13187.p1	T	T	1.0000
13187.s1	A	A	0.0022
13188.fa	A	A	0.0000
13188.mo	A	T	0.5379
13188.p1	A	T	0.5443
13188.s1	A	A	0.0000
13190.fa	A	A	0.0000
13190.mo	A	T	0.5165
13190.p1	A	A	0.0342
13191.fa	A	A	0.0000
13191.mo	A	T	0.5359
13191.p1	A	T	0.5204
13191.s1	A	T	0.5511
13192.fa	A	A	0.0042
13192.mo	A	A	0.0278
13192.p1	A	A	0.0215
13193.fa	A	A	0.0000
13193.mo	A	A	0.0170
13193.p1	A	A	0.0000
13193.s1	A	A	0.0000
13195.fa	T	T	1.0000
13195.mo	T	T	0.9912
13195.p1	T	T	1.0000
13195.s1	T	T	1.0000
13196.fa	T	T	1.0000
13196.mo	A	T	0.5371
13196.p1	T	T	0.9894
13196.s1	A	T	0.5752
13197.fa	A	A	0.0000
13197.mo	A	A	0.0000
13197.p1	A	A	0.0009
13197.s1	A	A	0.0000
13199.fa	A	T	0.4679
13199.mo	A	A	0.0000
13199.p1	A	A	0.0005
13200.fa	A	A	0.0061
13200.mo	A	T	0.5404
13200.p1	A	A	0.0031
13203.fa	A	A	0.0000
13203.mo	A	A	0.0000
13203.p1	A	A	0.0000
13203.s1	A	A	0.0000
13204.fa	A	T	0.5689
13204.mo	T	T	1.0000
13204.p1	A	T	0.5339
13204.s1	T	T	0.9901
13204.s2	T	T	1.0000
13206.fa	A	T	0.5433
13206.mo	A	A	0.0022
13206.p1	A	A	0.0000
13206.s1	A	A	0.0000
13207.fa	A	T	0.5363
13207.mo	A	A	0.0000
13207.p1	A	T	0.5373
13207.s1	A	T	0.5529
13210.fa	A	T	0.5592
13210.mo	A	T	0.5227
13210.p1	T	T	1.0000
13210.s1	T	T	1.0000
13211.fa	A	T	0.5084
13211.mo	A	T	0.5402
13211.p1	A	A	0.0140
13211.s1	A	T	0.6025
13215.fa	A	A	0.0057
13215.mo	A	T	0.5611
13215.p1	A	A	0.0000
13215.s1	A	A	0.0000
13216.fa	A	T	0.5506
13216.mo	A	T	0.5484
13216.p1	A	A	0.0139
13216.s1	A	T	0.4945
13218.fa	A	T	0.5026
13218.mo	A	T	0.4360
13218.p1	A	T	0.4826
13218.s1	A	A	0.0623
13221.fa	A	T	0.5284
13221.mo	A	T	0.5627
13221.p1	T	T	1.0000
13221.s1	T	T	1.0000
13221.s2	A	T	0.5442
13222.fa	A	A	0.0000
13222.mo	A	A	0.0094
13222.p1	A	A	0.0000
13222.s1	A	A	0.0000
13226.fa	A	T	0.5515
13226.mo	A	A	0.0308
13226.p1	A	T	0.5546
13226.s1	A	T	0.5423
13226.s2	A	T	0.5382
13227.fa	A	T	0.5670
13227.mo	A	T	0.5447
13227.p1	A	T	0.5493
13227.s1	T	T	1.0000
13230.fa	A	T	0.5341
13230.mo	A	A	0.0099
13230.p1	A	T	0.5453
13230.s1	A	A	0.0011
13230.s2	A	A	0.0000
13233.fa	A	T	0.5185
13233.mo	T	T	1.0000
13233.p1	A	T	0.5135
13233.s1	T	T	1.0000
13233.s2	T	T	1.0000
13234.fa	A	A	0.0173
13234.mo	A	T	0.5375
13234.p1	A	T	0.5592
13234.s1	A	T	0.5348
13234.s2	A	A	0.0064
13235.fa	A	A	0.0080
13235.mo	A	A	0.0000
13235.p1	A	A	0.0000
13235.s1	A	A	0.0000
13237.fa	A	T	0.5351
13237.mo	A	T	0.5796
13237.p1	A	T	0.5311
13237.s1	A	T	0.5478
13239.fa	A	A	0.0000
13239.mo	A	T	0.5601
13239.p1	A	T	0.5511
13239.s1	A	A	0.0000
13244.fa	A	A	0.0000
13244.mo	T	T	1.0000
13244.p1	A	T	0.5376
13250.fa	A	T	0.5199
13250.mo	A	T	0.5595
13250.p1	A	A	0.0000
13250.s1	A	A	0.0000
13251.fa	A	A	0.0000
13251.mo	A	T	0.5700
13251.p1	A	A	0.0085
13251.s1	A	T	0.5231
13252.fa	T	T	0.9940
13252.mo	T	T	1.0000
13252.p1	T	T	1.0000
13252.s1	T	T	1.0000
13253.fa	A	A	0.0030
13253.mo	A	T	0.5277
13253.p1	A	A	0.0094
13253.s1	A	T	0.5156
13254.fa	A	T	0.5467
13254.mo	A	A	0.0000
13254.p1	A	A	0.0047
13254.s1	A	A	0.0245
13256.fa	A	T	0.5120
13256.mo	T	T	0.9909
13256.p1	T	T	0.9949
13256.s1	A	T	0.5568
13258.fa	A	T	0.5264
13258.mo	A	A	0.0253
13258.p1	A	T	0.5345
13258.s1	A	T	0.5665
13263.fa	A	A	0.0126
13263.mo	A	T	0.5760
13263.p1	A	A	0.0009
13263.s1	A	T	0.5492
13264.fa	A	A	0.0193
13264.mo	T	T	1.0000
13264.p1	A	T	0.5769
13264.s1	A	T	0.5863
13266.fa	A	T	0.5527
13266.mo	A	T	0.5722
13266.p1	T	T	0.9730
13266.s1	A	A	0.0000
13267.fa	A	A	0.0171
13267.mo	A	A	0.0000
13267.p1	A	A	0.0193
13267.s1	A	A	0.0000
13269.fa	T	T	1.0000
13269.mo	A	A	0.0076
13269.p1	A	T	0.5238
13269.s1	A	T	0.5479
13271.fa	T	T	1.0000
13271.mo	A	A	0.0012
13271.p1	A	T	0.5809
13271.s1	A	T	0.5244
13272.fa	A	A	0.0000
13272.mo	A	A	0.0039
13272.p1	A	A	0.0000
13272.s1	A	A	0.0174
13272.s3	A	A	0.0097
13272.s4	A	A	0.0000
13272.s5	A	A	0.0000
13274.fa	A	A	0.0000
13274.mo	A	A	0.0000
13274.p1	A	A	0.0250
13277.fa	A	T	0.5593
13277.mo	A	A	0.0000
13277.p1	A	T	0.5268
13277.s1	A	A	0.0000
13283.fa	T	T	1.0000
13283.mo	A	T	0.5414
13283.p1	T	T	1.0000
13283.s1	T	T	0.9986
13284.fa	A	T	0.5201
13284.mo	T	T	1.0000
13284.p1	A	T	0.5261
13284.s1	T	T	1.0000
13286.fa	A	A	0.0067
13286.mo	A	T	0.4659
13286.p1	A	A	0.0000
13286.s1	A	T	0.5205
13287.fa	A	T	0.5166
13287.mo	A	T	0.5604
13287.p1	T	T	1.0000
13287.s1	A	A	0.0098
13290.fa	A	T	0.5475
13290.mo	A	T	0.5279
13290.p1	A	T	0.5278
13290.s1	T	T	1.0000
13292.fa	A	T	0.5369
13292.mo	A	T	0.5122
13292.p1	T	T	0.9955
13292.s1	A	T	0.5150
13293.fa	A	T	0.5352
13293.mo	A	T	0.5419
13293.p1	A	T	0.5277
13293.s1	A	A	0.0000
13294.fa	A	A	0.0129
13294.mo	A	T	0.5135
13294.p1	A	T	0.5179
13296.fa	T	T	1.0000
13296.mo	T	T	1.0000
13296.p1	T	T	1.0000
13296.s1	T	T	1.0000
13297.fa	A	T	0.5663
13297.mo	A	T	0.5887
13297.p1	A	T	0.5410
13298.fa	A	T	0.5464
13298.mo	A	A	0.0012
13298.p1	A	T	0.5346
13298.s1	A	T	0.5317
13300.fa	A	A	0.0342
13300.mo	A	T	0.5329
13300.p1	A	T	0.5856
13300.s1	A	A	0.0411
13301.fa	A	A	0.0090
13301.mo	A	T	0.5327
13301.p1	A	T	0.5014
13301.s1	A	A	0.0000
13302.fa	A	T	0.5763
13302.mo	T	T	0.9872
13302.p1	T	T	0.9998
13302.s1	A	T	0.5185
13303.fa	A	T	0.5588
13303.mo	A	T	0.5267
13303.p1	T	T	0.9999
13303.s1	A	T	0.4447
13304.fa	A	A	0.0098
13304.mo	A	T	0.4273
13304.p1	A	T	0.5251
13304.s1	A	T	0.4839
13305.fa	A	T	0.5523
13305.mo	-	-	0.1244
13305.p1	A	A	0.0000
13305.s1	A	T	0.5270
13305.s2	A	A	0.0392
13306.fa	A	A	0.0086
13306.mo	A	T	0.5354
13306.p1	A	T	0.5305
13306.s1	A	T	0.5823
13307.fa	A	A	0.0000
13307.mo	A	T	0.5547
13307.p1	A	A	0.0000
13307.s1	A	A	0.0000
13309.fa	T	T	1.0000
13309.mo	A	T	0.5642
13309.p1	T	T	1.0000
13309.s1	A	T	0.5535
13310.fa	A	T	0.5941
13310.mo	T	T	1.0000
13310.p1	T	T	1.0000
13310.s1	A	T	0.5592
13311.fa	T	T	0.9839
13311.mo	T	T	0.9846
13311.p1	T	T	0.9964
13311.s1	T	T	0.9587
13312.fa	T	T	0.9945
13312.mo	A	T	0.5279
13312.p1	A	T	0.5262
13312.s1	A	T	0.5645
13314.fa	A	T	0.5084
13314.mo	A	A	0.0040
13314.p1	A	T	0.4954
13314.s1	A	T	0.4961
13315.fa	T	T	1.0000
13315.mo	A	T	0.5553
13315.p1	T	T	1.0000
13315.s1	T	T	0.9995
13316.fa	A	A	0.0000
13316.mo	A	A	0.0000
13316.p1	A	A	0.0000
13316.s1	A	A	0.0000
13317.fa	A	T	0.5631
13317.mo	T	T	1.0000
13317.p1	A	T	0.5507
13317.s1	T	T	0.9723
13317.s2	T	T	0.9814
13319.fa	A	A	0.0029
13319.mo	T	T	1.0000
13319.p1	A	T	0.5373
13319.s1	A	T	0.5518
13319.s2	A	T	0.4873
13322.fa	A	T	0.4519
13322.mo	A	T	0.4575
13322.p1	T	T	1.0000
13322.s1	T	T	1.0000
13323.fa	A	T	0.4450
13323.mo	A	T	0.4576
13323.p1	A	T	0.5072
13324.fa	A	A	0.0110
13324.mo	A	T	0.5175
13324.p1	A	T	0.5007
13324.s1	A	T	0.4883
13327.fa	A	T	0.6105
13327.mo	A	T	0.4385
13327.p1	T	T	0.9993
13327.s1	A	T	0.5348
13328.fa	A	A	0.0077
13328.mo	A	A	0.0000
13328.p1	A	A	0.0151
13328.s1	A	A	0.0000
13329.fa	A	T	0.5887
13329.mo	A	T	0.5561
13329.p1	A	A	0.0174
13330.fa	A	T	0.5630
13330.mo	A	A	0.0064
13330.p1	A	T	0.5224
13330.s1	A	A	0.0000
13332.fa	A	T	0.5304
13332.mo	A	T	0.5249
13332.p1	A	A	0.0457
13332.s1	A	A	0.0425
13333.fa	T	T	0.9944
13333.mo	A	A	0.0000
13333.p1	A	T	0.5641
13333.s1	A	T	0.5157
13334.fa	A	A	0.0018
13334.mo	A	T	0.5407
13334.p1	A	A	0.0178
13335.fa	A	A	0.0000
13335.mo	A	A	0.0000
13335.p1	A	A	0.0000
13335.s1	A	A	0.0000
13336.fa	A	A	0.0000
13336.mo	A	A	0.0000
13336.p1	A	A	0.0000
13336.s1	A	A	0.0068
13337.fa	A	A	0.0062
13337.mo	T	T	0.9993
13337.p1	A	T	0.5269
13338.fa	A	T	0.5553
13338.mo	T	T	1.0000
13338.p1	T	T	1.0000
13338.s1	A	T	0.5463
13340.fa	A	T	0.5290
13340.mo	T	T	1.0000
13340.p1	T	T	1.0000
13340.s1	A	T	0.5420
13341.fa	A	A	0.0141
13341.mo	A	A	0.0082
13341.p1	A	A	0.0000
13341.s1	A	A	0.0000
13343.fa	A	A	0.0000
13343.mo	A	T	0.5178
13343.p1	A	T	0.5179
13343.s1	A	A	0.0000
13345.fa	A	T	0.5439
13345.mo	A	A	0.0000
13345.p1	A	T	0.5040
13345.s1	A	A	0.0000
13346.fa	A	A	0.0000
13346.mo	A	A	0.0005
13346.p1	A	A	0.0000
13346.s1	A	A	0.0032
13348.fa	T	T	0.9907
13348.mo	A	A	0.0000
13348.p1	A	T	0.5237
13348.s1	A	T	0.5318
13348.s2	A	T	0.5399
13349.fa	T	T	1.0000
13349.mo	A	T	0.5681
13349.p1	T	T	1.0000
13349.s1	T	T	1.0000
13350.fa	A	T	0.5693
13350.mo	A	T	0.5322
13350.p1	A	A	0.0000
13352.fa	A	A	0.0242
13352.mo	A	T	0.5222
13352.p1	A	T	0.5063
13355.fa	A	A	0.0000
13355.mo	A	A	0.0000
13355.p1	A	A	0.0000
13355.s1	A	A	0.0214
13358.fa	A	A	0.0000
13358.mo	A	T	0.5173
13358.p1	A	T	0.5227
13358.s1	A	T	0.5502
13359.fa	A	T	0.5101
13359.mo	A	A	0.0000
13359.p1	A	A	0.0000
13362.fa	A	T	0.5204
13362.mo	A	T	0.5180
13362.p1	A	A	0.0065
13364.fa	A	T	0.5628
13364.mo	A	A	0.0109
13364.p1	A	T	0.5170
13364.s1	A	T	0.4943
13366.fa	A	T	0.5721
13366.mo	T	T	1.0000
13366.p1	A	T	0.5463
13366.s1	T	T	1.0000
13368.fa	A	A	0.0000
13368.mo	A	A	0.0132
13368.p1	A	A	0.0277
13370.fa	A	T	0.5231
13370.mo	A	T	0.5485
13370.p1	A	A	0.0000
13371.fa	A	T	0.5236
13371.mo	T	T	0.9987
13371.p1	T	T	1.0000
13371.s1	A	T	0.5385
13373.fa	T	T	1.0000
13373.mo	A	T	0.5549
13373.p1	A	T	0.5523
13373.s1	A	T	0.5559
13374.fa	A	A	0.0000
13374.mo	A	A	0.0000
13374.p1	A	A	0.0000
13374.s1	A	A	0.0000
13375.fa	A	T	0.5290
13375.mo	A	A	0.0073
13375.p1	A	A	0.0003
13375.s1	A	T	0.5444
13376.fa	A	T	0.5538
13376.mo	A	A	0.0299
13376.p1	A	A	0.0000
13377.fa	A	T	0.5474
13377.mo	A	A	0.0000
13377.p1	A	A	0.0248
13381.fa	A	T	0.5461
13381.mo	A	T	0.5410
13381.p1	A	T	0.5613
13381.s1	T	T	0.9731
13381.s2	A	T	0.5499
13382.fa	A	T	0.4861
13382.mo	A	T	0.5150
13382.p1	A	T	0.4751
13383.fa	A	T	0.5401
13383.mo	A	A	0.0000
13383.p1	A	A	0.0000
13383.s1	A	T	0.5465
13385.fa	A	A	0.0000
13385.mo	A	T	0.5382
13385.p1	A	T	0.5156
13385.s1	A	A	0.0118
13388.fa	A	A	0.0000
13388.mo	A	A	0.0000
13388.p1	A	A	0.0306
13389.fa	T	T	1.0000
13389.mo	A	T	0.5715
13389.p1	T	T	1.0000
13389.s1	A	T	0.5331
13389.s2	T	T	1.0000
13390.fa	T	T	1.0000
13390.mo	A	T	0.5234
13390.p1	T	T	1.0000
13390.s1	A	T	0.5437
13391.fa	A	T	0.5271
13391.mo	A	T	0.5432
13391.p1	A	T	0.5391
13391.s1	A	A	0.0000
13393.fa	A	A	0.0000
13393.mo	A	T	0.5194
13393.p1	A	A	0.0000
13393.s1	A	A	0.0000
13394.fa	A	T	0.5668
13394.mo	A	A	0.0071
13394.p1	A	A	0.0099
13394.s1	A	A	0.0000
13396.fa	A	A	0.0000
13396.mo	A	A	0.0000
13396.p1	A	A	0.0000
13396.s1	A	A	0.0017
13398.fa	T	T	1.0000
13398.mo	A	A	0.0000
13398.p1	A	T	0.5266
13398.s1	A	T	0.5068
13399.fa	A	T	0.5468
13399.mo	T	T	0.9438
13399.p1	T	T	1.0000
13400.fa	A	T	0.5807
13400.mo	A	T	0.5371
13400.p1	A	A	0.0000
13405.fa	A	T	0.5716
13405.mo	A	A	0.0078
13405.p1	A	A	0.0000
13409.fa	A	T	0.5306
13409.mo	A	T	0.5598
13409.p1	A	T	0.5596
13409.s1	A	T	0.5393
13412.fa	T	T	1.0000
13412.mo	A	T	0.5328
13412.p1	T	T	1.0000
13412.s1	A	T	0.5472
13415.fa	A	T	0.5745
13415.mo	A	T	0.5279
13415.p1	A	A	0.0000
13415.s1	A	A	0.0055
13416.fa	A	A	0.0000
13416.mo	A	T	0.5597
13416.p1	A	A	0.0050
13416.s1	A	T	0.5531
13418.fa	A	A	0.0017
13418.mo	T	T	1.0000
13418.p1	A	T	0.5485
13418.s1	A	T	0.5672
13424.fa	A	A	0.0017
13424.mo	A	T	0.5750
13424.p1	A	A	0.0000
13424.s1	A	T	0.5409
13431.fa	A	A	0.0177
13431.mo	A	A	0.0089
13431.p1	A	A	0.0486
13437.fa	A	T	0.5412
13437.mo	A	T	0.5249
13437.p1	A	T	0.5358
13439.fa	A	A	0.0000
13439.mo	A	T	0.5244
13439.p1	A	T	0.5405
13439.s1	A	A	0.0036
13443.fa	A	T	0.5350
13443.mo	A	T	0.5348
13443.p1	T	T	1.0000
13443.s1	A	T	0.5062
13444.fa	A	T	0.5436
13444.mo	T	T	0.9995
13444.p1	A	T	0.5366
13444.s1	T	T	1.0000
13446.fa	T	T	1.0000
13446.mo	A	T	0.5145
13446.p1	A	T	0.5400
13447.fa	A	A	0.0000
13447.mo	A	A	0.0000
13447.p1	A	A	0.0218
13447.s1	A	A	0.0000
13455.fa	A	A	0.0304
13455.mo	A	A	0.0000
13455.p1	A	A	0.0000
13456.fa	A	A	0.0000
13456.mo	A	T	0.5503
13456.p1	A	A	0.0000
13456.s1	A	T	0.5398
13462.fa	A	T	0.5366
13462.mo	A	T	0.5304
13462.p1	T	T	1.0000
13462.s1	A	T	0.5253
13464.fa	A	A	0.0000
13464.mo	A	T	0.5144
13464.p1	A	T	0.5624
13465.fa	A	T	0.5419
13465.mo	A	T	0.5392
13465.p1	A	T	0.5229
13465.s1	T	T	1.0000
13471.fa	A	T	0.5473
13471.mo	A	A	0.0014
13471.p1	A	T	0.5205
13471.s1	A	A	0.0000
13481.fa	A	T	0.5384
13481.mo	A	A	0.0513
13481.p1	A	A	0.0000
13481.s1	A	T	0.5220
13486.fa	T	T	1.0000
13486.mo	T	T	1.0000
13486.p1	T	T	1.0000
13486.s1	T	T	0.9932
13487.fa	T	T	1.0000
13487.mo	A	A	0.0000
13487.p1	A	T	0.5523
13487.s1	A	T	0.5251
13489.fa	A	T	0.5351
13489.mo	A	T	0.5566
13489.p1	A	T	0.5739
13491.fa	T	T	0.9809
13491.mo	A	T	0.5311
13491.p1	T	T	0.9889
13493.fa	A	T	0.5492
13493.mo	A	T	0.5208
13493.p1	T	T	1.0000
13493.s1	A	T	0.5452
13494.fa	A	T	0.5529
13494.mo	A	A	0.0138
13494.p1	A	A	0.0159
13496.fa	A	A	0.0038
13496.mo	A	T	0.5439
13496.p1	A	A	0.0067
13496.s1	A	T	0.5241
13497.fa	A	A	0.0000
13497.mo	A	T	0.5758
13497.p1	A	A	0.0000
13497.s1	A	T	0.5344
13498.fa	A	T	0.5297
13498.mo	A	T	0.5148
13498.p1	T	T	1.0000
13498.s1	A	T	0.5312
13498.s2	T	T	0.9937
13499.fa	A	A	0.0081
13499.mo	A	A	0.0344
13499.p1	A	A	0.0387
13499.s1	A	A	0.0414
13499.s2	A	A	0.0248
13501.fa	A	T	0.5194
13501.mo	A	T	0.5402
13501.p1	A	T	0.5247
13502.fa	A	T	0.5304
13502.mo	A	A	0.0000
13502.p1	A	T	0.5530
13502.s1	A	A	0.0071
13503.fa	T	T	1.0000
13503.mo	A	T	0.5381
13503.p1	T	T	1.0000
13503.s1	A	T	0.4405
13504.fa	A	T	0.5568
13504.mo	A	T	0.5459
13504.p1	A	A	0.0080
13504.s1	A	A	0.0000
13505.fa	A	T	0.5395
13505.mo	A	T	0.5288
13505.p1	A	T	0.5219
13505.s1	T	T	1.0000
13506.fa	T	T	1.0000
13506.mo	T	T	1.0000
13506.p1	T	T	1.0000
13506.s1	T	T	1.0000
13506.s2	T	T	0.9966
13507.fa	A	A	0.0000
13507.mo	A	T	0.5494
13507.p1	A	A	0.0000
13507.s1	A	T	0.5595
13508.fa	A	T	0.5537
13508.mo	A	T	0.5473
13508.p1	A	A	0.0000
13508.s1	A	T	0.5553
13509.fa	A	T	0.5662
13509.mo	A	T	0.5460
13509.p1	T	T	1.0000
13509.s1	A	T	0.5375
13509.s2	A	T	0.5320
13509.s3	A	A	0.0298
13510.fa	A	A	0.0378
13510.mo	A	T	0.5195
13510.p1	A	T	0.5372
13511.fa	A	A	0.0000
13511.mo	A	T	0.5178
13511.p1	A	T	0.4901
13512.fa	A	A	0.0016
13512.mo	A	T	0.5531
13512.p1	A	T	0.5277
13512.s1	A	A	0.0050
13513.fa	A	T	0.5436
13513.mo	A	A	0.0000
13513.p1	A	T	0.5657
13513.s1	A	T	0.5748
13514.fa	A	T	0.4806
13514.mo	A	A	0.0142
13514.p1	A	T	0.5425
13514.s1	A	T	0.5322
13515.fa	A	T	0.5732
13515.mo	A	T	0.5306
13515.p1	A	T	0.5445
13515.s1	T	T	1.0000
13516.fa	T	T	1.0000
13516.mo	A	A	0.0000
13516.p1	A	T	0.4308
13517.fa	A	T	0.5462
13517.mo	A	T	0.5564
13517.p1	A	T	0.5502
13517.s1	T	T	1.0000
13518.fa	T	T	1.0000
13518.mo	A	T	0.5474
13518.p1	A	T	0.5264
13518.s1	T	T	1.0000
13518.s2	A	T	0.5557
13520.fa	T	T	1.0000
13520.mo	A	T	0.5446
13520.p1	A	T	0.5286
13520.s1	A	T	0.5339
13523.fa	A	T	0.5667
13523.mo	A	T	0.5654
13523.p1	A	A	0.0000
13523.s1	A	T	0.5309
13524.fa	A	A	0.0128
13524.mo	A	A	0.0000
13524.p1	A	A	0.0000
13524.s1	A	A	0.0741
13525.fa	T	T	0.9351
13525.mo	A	T	0.5214
13525.p1	A	T	0.5072
13526.fa	A	A	0.0000
13526.mo	A	A	0.0260
13526.p1	A	A	0.0000
13526.s1	A	A	0.0000
13527.fa	A	T	0.5601
13527.mo	A	T	0.4483
13527.p1	T	T	0.9938
13528.fa	A	T	0.5354
13528.mo	A	A	0.0000
13528.p1	A	A	0.0030
13528.s1	A	A	0.0031
13529.fa	A	A	0.0000
13529.mo	A	T	0.4877
13529.p1	A	A	0.0000
13529.s1	A	A	0.0114
13529.s2	A	A	0.0263
13530.fa	A	A	0.0000
13530.mo	A	A	0.0065
13530.p1	A	A	0.0071
13531.fa	A	A	0.0141
13531.mo	A	T	0.5818
13531.p1	A	T	0.4973
13531.s1	A	T	0.5397
13531.s2	A	T	0.5147
13532.fa	A	T	0.5150
13532.mo	A	A	0.0026
13532.p1	A	T	0.5658
13532.s1	A	A	0.0005
13533.fa	A	A	0.0000
13533.mo	A	A	0.0000
13533.p1	A	A	0.0000
13533.s1	A	A	0.0000
13534.fa	A	T	0.5645
13534.mo	A	A	0.0043
13534.p1	A	T	0.5350
13534.s1	A	A	0.0000
13535.fa	A	T	0.4939
13535.mo	A	T	0.5585
13535.p1	A	T	0.5399
13535.s1	A	T	0.4997
13535.s2	A	T	0.5116
13536.fa	A	A	0.0405
13536.mo	A	A	0.0480
13536.p1	A	A	0.0000
13537.fa	A	T	0.5571
13537.mo	A	A	0.0000
13537.p1	A	A	0.0052
13537.s1	A	T	0.5588
13538.fa	T	T	1.0000
13538.mo	A	A	0.0124
13538.p1	A	T	0.5035
13538.s1	A	T	0.5674
13538.s2	A	T	0.5577
13539.fa	A	A	0.0000
13539.mo	A	T	0.5599
13539.p1	A	T	0.5533
13539.s1	A	T	0.4339
13539.s2	A	T	0.5483
13540.fa	A	A	0.0000
13540.mo	A	A	0.0071
13540.p1	A	A	0.0215
13540.s1	A	A	0.0477
13542.fa	A	T	0.5235
13542.mo	A	T	0.5140
13542.p1	A	T	0.5354
13542.s1	T	T	1.0000
13543.fa	A	T	0.5696
13543.mo	T	T	1.0000
13543.p1	T	T	1.0000
13543.s1	T	T	1.0000
13543.s2	T	T	1.0000
13544.fa	A	T	0.5263
13544.mo	T	T	1.0000
13544.p1	T	T	1.0000
13544.s1	T	T	1.0000
13545.fa	A	T	0.5774
13545.mo	A	A	0.0021
13545.p1	A	T	0.5448
13546.fa	A	A	0.0000
13546.mo	A	A	0.0000
13546.p1	A	A	0.0000
13546.s1	A	A	0.0061
13547.fa	A	T	0.5123
13547.mo	A	A	0.0000
13547.p1	A	A	0.0000
13547.s1	A	T	0.5268
13548.fa	A	A	0.0000
13548.mo	A	A	0.0000
13548.p1	A	A	0.0005
13548.s1	A	A	0.0016
13550.fa	A	A	0.0062
13550.mo	T	T	0.9933
13550.p1	A	T	0.5228
13551.fa	A	A	0.0007
13551.mo	A	A	0.0000
13551.p1	A	A	0.0065
13551.s1	A	A	0.0000
13552.fa	A	T	0.5445
13552.mo	A	T	0.5228
13552.p1	T	T	0.9828
13552.s1	A	T	0.5562
13553.fa	A	T	0.5261
13553.mo	A	T	0.5010
13553.p1	A	T	0.5061
13553.s1	A	A	0.0000
13554.fa	A	A	0.0090
13554.mo	T	T	1.0000
13554.p1	A	T	0.5408
13555.fa	T	T	1.0000
13555.mo	T	T	1.0000
13555.p1	T	T	1.0000
13555.s1	T	T	1.0000
13556.fa	A	T	0.5236
13556.mo	A	A	0.0000
13556.p1	A	A	0.0000
13556.s1	A	A	0.0000
13556.s2	A	A	0.0224
13557.fa	A	A	0.0000
13557.mo	A	T	0.5460
13557.p1	A	T	0.5565
13557.s1	A	T	0.5615
13561.fa	A	T	0.5392
13561.mo	A	T	0.5457
13561.p1	A	A	0.0000
13561.s1	T	T	1.0000
13562.fa	A	A	0.0043
13562.mo	A	A	0.0000
13562.p1	A	A	0.0000
13562.s1	A	A	0.0187
13564.fa	A	A	0.0000
13564.mo	T	T	1.0000
13564.p1	A	T	0.5001
13564.s1	A	T	0.5576
13567.fa	A	A	0.0013
13567.mo	A	T	0.5141
13567.p1	A	A	0.0000
13567.s1	A	A	0.0000
13568.fa	A	A	0.0000
13568.mo	A	A	0.0000
13568.p1	A	A	0.0050
13568.s1	A	A	0.0000
13569.fa	T	T	0.9972
13569.mo	A	T	0.5653
13569.p1	T	T	1.0000
13570.fa	T	T	0.9975
13570.mo	A	T	0.5423
13570.p1	A	T	0.5771
13570.s1	T	T	1.0000
13573.fa	A	T	0.5122
13573.mo	A	T	0.5457
13573.p1	A	A	0.0000
13573.s1	A	A	0.0144
13573.s2	A	T	0.5374
13575.fa	A	A	0.0000
13575.mo	A	T	0.5376
13575.p1	A	A	0.0000
13575.s1	A	T	0.5171
13576.fa	A	T	0.5149
13576.mo	A	A	0.0000
13576.p1	A	T	0.5211
13576.s1	A	A	0.0000
13577.fa	A	A	0.0000
13577.mo	A	T	0.5623
13577.p1	A	A	0.0193
13577.s1	A	A	0.0040
13578.fa	A	T	0.5547
13578.mo	A	T	0.5105
13578.p1	A	T	0.5155
13578.s1	A	T	0.6447
13579.fa	A	T	0.5587
13579.mo	A	T	0.5679
13579.p1	A	A	0.0000
13579.s1	A	T	0.5484
13580.fa	T	T	1.0000
13580.mo	T	T	1.0000
13580.p1	T	T	1.0000
13580.s1	T	T	1.0000
13581.fa	A	A	0.0000
13581.mo	T	T	1.0000
13581.p1	A	T	0.5927
13581.s1	A	T	0.5249
13581.s2	A	T	0.5419
13582.fa	A	A	0.0000
13582.mo	A	T	0.5316
13582.p1	A	A	0.0000
13582.s1	A	A	0.0000
13583.fa	A	T	0.5310
13583.mo	A	T	0.5307
13583.p1	A	T	0.5636
13583.s1	A	A	0.0001
13584.fa	A	A	0.0000
13584.mo	A	T	0.5078
13584.p1	A	A	0.0000
13584.s1	A	A	0.0033
13585.fa	A	T	0.5360
13585.mo	A	T	0.5435
13585.p1	A	T	0.5279
13585.s1	A	A	0.0000
13586.fa	A	A	0.0032
13586.mo	T	T	1.0000
13586.p1	A	T	0.5319
13586.s1	A	T	0.5573
13587.fa	A	A	0.0111
13587.mo	A	A	0.0002
13587.p1	A	A	0.0000
13587.s1	A	A	0.0005
13588.fa	A	T	0.5515
13588.mo	A	A	0.0056
13588.p1	A	T	0.5223
13589.fa	A	T	0.4980
13589.mo	A	A	0.0000
13589.p1	A	A	0.0142
13589.s1	A	A	0.0000
13590.fa	T	T	1.0000
13590.mo	A	A	0.0136
13590.p1	A	T	0.5583
13590.s1	A	T	0.5161
13593.fa	A	T	0.5175
13593.mo	A	T	0.5427
13593.p1	A	A	0.0000
13593.p2	A	A	0.0042
13593.s1	A	T	0.5144
13595.fa	T	T	1.0000
13595.mo	A	A	0.0014
13595.p1	A	T	0.5160
13597.fa	A	T	0.5331
13597.mo	A	A	0.0000
13597.p1	A	A	0.0050
13599.fa	T	T	1.0000
13599.mo	A	T	0.5628
13599.p1	T	T	1.0000
13599.s1	T	T	0.9946
13601.fa	A	A	0.0000
13601.mo	A	T	0.5619
13601.p1	A	A	0.0207
13601.s1	A	A	0.0055
13604.fa	A	A	0.0187
13604.mo	A	A	0.0539
13604.p1	A	A	0.0419
13604.s1	A	A	0.0000
13605.fa	A	T	0.5454
13605.mo	A	A	0.0354
13605.p1	A	A	0.0000
13606.fa	T	T	0.9646
13606.mo	A	A	0.0000
13606.p1	A	T	0.5173
13606.s1	A	T	0.5460
13608.fa	A	T	0.5223
13608.mo	A	T	0.5205
13608.p1	A	A	0.0000
13608.s1	T	T	0.9883
13608.s2	A	T	0.5643
13612.fa	T	T	1.0000
13612.mo	T	T	1.0000
13612.p1	T	T	1.0000
13612.s1	T	T	1.0000
13616.fa	A	A	0.0000
13616.mo	A	A	0.0069
13616.p1	A	A	0.0011
13616.s1	A	A	0.0092
13616.s2	A	A	0.0123
13620.fa	A	T	0.5191
13620.mo	A	T	0.5388
13620.p1	A	A	0.0153
13620.s1	A	T	0.5165
13620.s2	A	T	0.5313
13621.fa	A	A	0.0280
13621.mo	A	T	0.5658
13621.p1	A	T	0.5364
13621.s1	A	T	0.4941
13621.s2	A	T	0.4996
13625.fa	A	T	0.4871
13625.mo	A	T	0.5194
13625.p1	A	T	0.5034
13625.s1	A	T	0.5160
13625.s2	T	T	0.9221
13628.fa	A	T	0.5315
13628.mo	A	T	0.5396
13628.p1	A	T	0.5114
13628.s1	A	T	0.4779
13629.fa	A	A	0.0000
13629.mo	A	A	0.0000
13629.p1	A	A	0.0225
13629.s1	A	A	0.0298
13631.fa	A	A	0.1055
13631.mo	A	A	0.0017
13631.p1	A	A	0.0185
13631.s1	A	A	0.0000
13631.s2	A	A	0.0034
13633.fa	A	T	0.5957
13633.mo	A	A	0.0262
13633.p1	A	T	0.5728
13634.fa	A	T	0.4951
13634.mo	A	T	0.4387
13634.p1	A	A	0.0235
13634.s1	A	T	0.5655
13637.fa	A	T	0.5408
13637.mo	A	T	0.5521
13637.p1	A	A	0.0119
13637.s1	A	A	0.0287
13638.fa	A	T	0.5277
13638.mo	A	T	0.5555
13638.p1	T	T	1.0000
13642.fa	T	T	1.0000
13642.mo	A	A	0.0000
13642.p1	A	T	0.5224
13642.s1	A	T	0.5437
13644.fa	A	A	0.0000
13644.mo	A	T	0.5493
13644.p1	A	A	0.0000
13644.s1	A	T	0.4386
13645.fa	A	A	0.0000
13645.mo	A	A	0.0000
13645.p1	A	A	0.0000
13645.s1	A	A	0.0000
13646.fa	A	A	0.0000
13646.mo	A	T	0.5348
13646.p1	A	A	0.0301
13646.s1	A	A	0.0101
13646.s2	A	A	0.0006
13652.fa	A	A	0.0000
13652.mo	A	A	0.0126
13652.p1	A	A	0.0056
13654.fa	A	T	0.5167
13654.mo	A	T	0.5640
13654.p1	A	T	0.5536
13654.s1	T	T	1.0000
13660.fa	A	A	0.0005
13660.mo	T	T	1.0000
13660.p1	A	T	0.5424
13660.s1	A	T	0.5292
13670.fa	A	A	0.0000
13670.mo	A	T	0.5463
13670.p1	A	T	0.5505
13670.s1	A	A	0.0039
13673.fa	A	A	0.0004
13673.mo	A	A	0.0109
13673.p1	A	A	0.0082
13673.s1	A	A	0.0228
13677.fa	A	A	0.0000
13677.mo	A	A	0.0000
13677.p1	A	A	0.0000
13682.fa	A	T	0.5389
13682.mo	A	A	0.0000
13682.p1	A	T	0.5769
13682.s1	A	T	0.5262
13684.fa	A	T	0.5321
13684.mo	A	A	0.0143
13684.p1	A	A	0.0380
13684.s1	A	A	0.0443
13689.fa	A	A	0.0098
13689.mo	A	A	0.0000
13689.p1	A	A	0.0163
13689.s1	A	A	0.0416
13695.fa	A	T	0.5157
13695.mo	A	A	0.0000
13695.p1	A	A	0.0073
13696.fa	A	T	0.5256
13696.mo	A	A	0.0012
13696.p1	A	T	0.4054
11042.fa	A	T	0.4873
11042.mo	A	A	0.0000
11042.p1	A	T	0.5314
11042.s1	A	A	0.0000
11116.fa	A	A	0.0077
11116.mo	A	A	0.0045
11116.p1	A	A	0.0116
11116.s1	A	A	0.0000
11130.fa	A	T	0.4580
11130.mo	A	T	0.5211
11130.p1	A	T	0.4995
11169.fa	A	T	0.5526
11169.mo	A	T	0.5483
11169.p1	T	T	0.9941
11177.fa	A	A	0.0000
11177.mo	A	A	0.0127
11177.p1	A	A	0.0061
11177.s1	A	A	0.0000
11238.fa	-	-	NaN
11238.mo	A	T	0.4774
11238.p1	A	A	0.0000
11238.s1	A	A	0.0000
11496.fa	A	T	0.4504
11496.mo	A	T	0.5269
11496.p1	A	A	0.0009
11496.s1	A	A	0.0295
11618.fa	A	A	0.0000
11618.mo	A	A	0.0056
11618.p1	A	A	0.0075
11633.fa	A	A	0.0000
11633.mo	T	T	0.9831
11633.p1	A	T	0.5281
11633.s1	A	T	0.4971
11646.fa	A	T	0.5283
11646.mo	A	A	0.0271
11646.p1	A	T	0.5572
11646.s1	A	T	0.4576
11671.fa	A	T	0.4929
11671.mo	T	T	1.0000
11671.p1	A	T	0.4780
11671.s1	T	T	0.9934
11678.fa	A	T	0.4769
11678.mo	A	A	0.0014
11678.p1	A	A	0.0000
11678.s1	A	A	0.0085
11726.fa	A	T	0.5341
11726.mo	A	A	0.0038
11726.p1	A	A	0.0071
11726.s1	A	T	0.5474
11726.s2	A	T	0.5368
11726.s3	A	T	0.4784
11749.fa	A	A	0.0063
11749.mo	A	A	0.0128
11749.p1	A	A	0.0306
11749.s1	A	A	0.0287
11750.fa	A	T	0.4897
11750.mo	A	A	0.0150
11750.p1	A	A	0.0133
11750.s1	A	T	0.4834
11772.fa	A	A	0.0057
11772.mo	A	T	0.5261
11772.p1	A	T	0.4927
11783.fa	T	T	1.0000
11783.mo	A	T	0.5001
11783.p1	A	T	0.4631
11815.fa	A	T	0.4952
11815.mo	A	A	0.0160
11815.p1	A	T	0.5037
11815.s1	A	T	0.4654
11829.fa	A	A	0.0069
11829.mo	A	A	0.0000
11829.p1	A	A	0.0000
11829.s1	A	A	0.0020
11830.fa	A	T	0.5695
11830.mo	A	T	0.4967
11830.p1	T	T	0.9914
11830.s1	A	T	0.5893
11842.fa	T	T	0.9071
11842.mo	A	T	0.4972
11842.p1	A	T	0.5202
11842.s1	T	T	0.9564
11871.fa	A	T	0.5029
11871.mo	T	T	0.9752
11871.p1	A	T	0.4765
11871.s1	T	T	0.9933
11873.fa	A	T	0.4514
11873.mo	A	A	0.0000
11873.p1	A	T	0.4932
11873.s1	A	T	0.4947
11886.fa	A	A	0.0152
11886.mo	A	T	0.5049
11886.p1	A	T	0.5160
11886.s1	A	T	0.4446
11950.fa	A	A	0.0000
11950.mo	A	A	0.0000
11950.p1	A	A	0.0017
11950.s1	A	A	0.0000
11953.fa	A	T	0.5207
11953.mo	A	T	0.5216
11953.p1	A	T	0.5382
12021.fa	A	A	0.0151
12021.mo	A	A	0.0102
12021.p1	A	A	0.0103
12021.s1	A	A	0.0096
12021.s2	A	A	0.0096
12084.fa	T	T	0.9962
12084.mo	A	A	0.0000
12084.p1	A	T	0.4821
12084.s1	A	T	0.4816
12088.fa	A	T	0.5186
12088.mo	A	T	0.4970
12088.p1	A	T	0.5087
12088.s1	A	T	0.4629
12090.fa	A	T	0.5012
12090.mo	A	A	0.0000
12090.p1	A	T	0.5205
12090.s1	A	A	0.0017
12090.s2	A	A	0.0000
12111.fa	A	A	0.0000
12111.mo	A	T	0.6313
12111.p1	A	A	0.0122
12111.s1	A	T	0.4992
12111.s2	A	T	0.5264
12116.fa	A	T	0.5322
12116.mo	A	A	0.0000
12116.p1	A	A	0.0000
12116.s1	A	T	0.5627
12134.fa	A	T	0.5299
12134.mo	A	T	0.4716
12134.p1	A	A	0.0193
12134.s1	T	T	0.9728
12163.fa	T	T	0.9922
12163.mo	A	T	0.5014
12163.p1	A	T	0.5427
12163.s1	T	T	0.9942
12166.fa	A	T	0.5367
12166.mo	A	T	0.4920
12166.p1	A	T	0.5323
12221.fa	A	T	0.5222
12221.mo	A	T	0.5175
12221.p1	A	T	0.5014
12221.s1	T	T	0.9981
12245.fa	A	T	0.5192
12245.mo	A	T	0.4634
12245.p1	A	T	0.4966
12245.s1	A	T	0.5413
12246.fa	A	T	0.4938
12246.mo	A	T	0.4772
12246.p1	A	A	0.0053
12246.s1	A	A	0.0026
12267.fa	A	A	0.0205
12267.mo	A	A	0.0059
12267.p1	A	A	0.0152
12267.s1	A	A	0.0000
12279.fa	A	T	0.6136
12279.mo	A	A	0.0042
12279.p1	A	T	0.5324
12279.s1	A	T	0.4649
12318.fa	A	T	0.5158
12318.mo	A	T	0.4015
12318.p1	A	T	0.4880
12318.s1	T	T	0.9371
12353.fa	A	T	0.4710
12353.mo	A	T	0.4820
12353.p1	A	T	0.4554
12353.s1	T	T	1.0000
12357.fa	A	A	0.0055
12357.mo	A	T	0.4554
12357.p1	A	A	0.0061
12421.fa	A	T	0.5429
12421.mo	A	A	0.0015
12421.p1	A	T	0.4941
12514.fa	A	T	0.5036
12514.mo	A	T	0.5265
12514.p1	A	T	0.5103
12514.s1	A	T	0.4283
12522.fa	A	T	0.5099
12522.mo	A	T	0.5161
12522.p1	T	T	1.0000
12522.s1	-	-	NaN
12675.fa	A	T	0.5399
12675.mo	A	T	0.5314
12675.p1	A	T	0.4707
12675.s2	T	T	1.0000
12675.s3	A	A	0.0192
12712.fa	A	A	0.0000
12712.mo	A	A	0.0000
12712.p1	A	A	0.0000
12728.fa	A	A	0.0000
12728.mo	A	A	0.0000
12728.p1	A	A	0.0000
12728.s1	A	A	0.0000
12762.fa	A	A	0.0115
12762.mo	A	A	0.0000
12762.p1	A	A	0.0188
12795.fa	A	A	0.0000
12795.mo	A	T	0.6063
12795.p1	A	A	0.0020
12795.s1	A	T	0.5082
12834.fa	A	T	0.4897
12834.mo	T	T	0.9947
12834.p1	A	T	0.5726
12834.s1	A	T	0.6058
12839.fa	A	T	0.5316
12839.mo	A	T	0.4919
12839.p1	A	A	0.0219
12839.s2	A	T	0.5400
12919.fa	A	T	0.5270
12919.mo	A	A	0.0000
12919.p1	A	A	0.0010
12919.s1	A	A	0.0006
13000.fa	A	T	0.4780
13000.mo	T	T	1.0000
13000.p1	T	T	1.0000
13000.s1	A	T	0.4919
13040.fa	A	T	0.5099
13040.mo	A	T	0.5069
13040.p1	A	A	0.0000
13040.s1	A	T	0.5722
13047.fa	A	A	0.0000
13047.mo	-	-	NaN
13047.p1	A	A	0.0000
13047.s1	A	T	0.4447
13058.fa	A	A	0.0000
13058.mo	A	A	0.0000
13058.p1	A	A	0.0000
13058.s1	A	A	0.0086
13066.fa	A	T	0.5209
13066.mo	A	A	0.0000
13066.p1	A	A	0.0093
13066.s1	A	T	0.5390
13075.fa	T	T	1.0000
13075.mo	A	T	0.5552
13075.p1	A	T	0.5106
13081.fa	A	A	0.0000
13081.mo	A	A	0.0000
13081.p1	A	A	0.0000
13081.s1	A	A	0.0101
13103.fa	A	T	0.5101
13103.mo	A	T	0.4509
13103.p1	A	T	0.4959
13103.s1	T	T	0.9743
13122.fa	A	A	0.0000
13122.mo	T	T	1.0000
13122.p1	A	T	0.5270
13122.s1	A	T	0.4730
13140.fa	A	A	0.0000
13140.mo	A	T	0.5144
13140.p1	A	T	0.4896
13140.s1	A	T	0.5420
13158.fa	T	T	1.0000
13158.mo	T	T	1.0000
13158.p1	T	T	1.0000
13158.s1	T	T	0.9947
13214.fa	A	A	0.0217
13214.mo	A	A	0.0055
13214.p1	A	A	0.0000
13214.s1	A	A	0.0032
13236.fa	A	T	0.5700
13236.mo	T	T	0.9899
