11001.fa	G	G	1.0000
11001.mo	A	A	0.0124
11001.p1	A	G	0.4768
11018.fa	A	G	0.5018
11018.mo	A	A	0.0334
11018.p1	A	A	0.0133
11018.s1	A	A	0.0235
11025.fa	A	A	0.0000
11025.mo	A	A	0.0000
11025.p1	A	A	0.0018
11040.fa	A	A	0.0048
11040.mo	A	G	0.5386
11040.p1	A	G	0.5511
11040.s1	A	A	0.0097
11055.fa	A	G	0.4720
11055.mo	A	G	0.5071
11055.p1	A	G	0.5162
11055.s1	A	G	0.5143
11078.fa	A	A	0.0075
11078.mo	A	A	0.0000
11078.p1	A	A	0.0000
11078.s1	A	A	0.0000
11080.fa	A	A	0.0000
11080.mo	A	A	0.0070
11080.p1	A	A	0.0000
11087.fa	A	A	0.0000
11087.mo	A	G	0.4936
11087.p1	A	A	0.0000
11090.fa	A	A	0.0000
11090.mo	A	A	0.0000
11090.p1	A	A	0.0106
11090.s1	A	A	0.0000
11110.fa	A	G	0.4931
11110.mo	A	A	0.0000
11110.p1	A	A	0.0000
11110.s1	A	G	0.5182
11117.fa	A	A	0.0189
11117.mo	A	A	0.0280
11117.p1	A	A	0.0315
11117.s1	A	A	0.0136
11117.s2	A	A	0.0087
11117.s3	A	A	0.0263
11129.fa	A	A	0.0037
11129.mo	A	A	0.0000
11129.p1	A	A	0.0505
11133.fa	A	G	0.5557
11133.mo	A	A	0.0000
11133.p1	A	G	0.4897
11134.fa	A	A	0.0000
11134.mo	A	G	0.5143
11134.p1	A	A	0.0000
11145.fa	A	A	0.0000
11145.mo	A	A	0.0029
11145.p1	A	A	0.0157
11158.fa	A	A	0.0143
11158.mo	A	G	0.4877
11158.p1	A	A	0.0552
11158.s1	A	G	0.5447
11158.s2	A	G	0.5043
11161.fa	A	G	0.4805
11161.mo	A	A	0.0000
11161.p1	A	A	0.0000
11161.s1	A	G	0.4752
11165.fa	A	A	0.0000
11165.mo	A	A	0.0190
11165.p1	A	A	0.0000
11167.fa	A	A	0.0165
11167.mo	A	G	0.5094
11167.p1	A	G	0.5199
11167.s1	A	G	0.4768
11188.fa	A	A	0.0169
11188.mo	A	A	0.0131
11188.p1	A	A	0.0228
11202.fa	A	A	0.0120
11202.mo	A	A	0.0119
11202.p1	A	A	0.0649
11241.fa	A	A	0.0100
11241.mo	A	A	0.0130
11241.p1	A	A	0.0187
11241.s1	A	A	0.0016
11241.s2	A	A	0.0127
11249.fa	A	A	0.0000
11249.mo	A	A	0.0000
11249.p1	A	A	0.0000
11266.fa	A	A	0.0000
11266.mo	A	G	0.4963
11266.p1	A	G	0.5071
11266.s1	A	G	0.4906
11266.s2	A	A	0.0011
11270.fa	A	A	0.0053
11270.mo	A	G	0.5129
11270.p1	A	G	0.4875
11270.s1	A	G	0.5359
11276.fa	A	A	0.0000
11276.mo	A	A	0.0005
11276.p1	A	A	0.0057
11276.s1	A	A	0.0085
11277.fa	A	G	0.4922
11277.mo	A	A	0.0108
11277.p1	A	G	0.4845
11277.s1	A	A	0.0000
11283.fa	A	A	0.0070
11283.mo	A	A	0.0075
11283.p1	A	A	0.0185
11290.fa	A	A	0.0052
11290.mo	A	A	0.0077
11290.p1	A	A	0.0007
11290.s1	A	A	0.0000
11290.s2	A	A	0.0180
11290.s3	A	A	0.0124
11294.fa	A	A	0.0000
11294.mo	A	A	0.0044
11294.p1	A	A	0.0061
11297.fa	A	A	0.0014
11297.mo	A	A	0.0000
11297.p1	A	A	0.0029
11308.fa	A	A	0.0013
11308.mo	A	A	0.0000
11308.p1	A	A	0.0021
11321.fa	A	A	0.0016
11321.mo	A	A	0.0098
11321.p1	A	A	0.0173
11321.s1	A	A	0.0244
11330.fa	A	A	0.0080
11330.mo	A	A	0.0000
11330.p1	A	A	0.0000
11330.s1	A	A	0.0047
11330.s2	A	A	0.0418
11333.fa	A	G	0.4647
11333.mo	A	A	0.0104
11333.p1	A	G	0.4957
11333.s1	A	A	0.0082
11343.fa	A	G	0.5305
11343.mo	A	A	0.0191
11343.p1	A	A	0.0000
11367.fa	A	A	0.0225
11367.mo	A	A	0.0280
11367.p1	A	A	0.0077
11367.s1	A	A	0.0104
11372.fa	A	A	0.0000
11372.mo	A	G	0.5154
11372.p1	A	A	0.0014
11372.s1	A	G	0.4795
11387.fa	A	G	0.5240
11387.mo	A	A	0.0000
11387.p1	A	G	0.5049
11393.fa	G	G	0.9981
11393.mo	A	A	0.0170
11393.p1	A	G	0.4959
11393.s1	A	G	0.5151
11393.s2	A	G	0.5234
11394.fa	A	G	0.4636
11394.mo	A	A	0.0000
11394.p1	A	G	0.4955
11400.fa	A	G	0.5276
11400.mo	A	G	0.5161
11400.p1	A	G	0.5035
11400.s1	G	G	1.0000
11407.fa	A	A	0.0000
11407.mo	A	G	0.4872
11407.p1	A	A	0.0000
11407.s1	A	G	0.4936
11433.fa	A	A	0.0000
11433.mo	A	G	0.4897
11433.p1	A	A	0.0000
11433.s1	A	G	0.5113
11439.fa	A	A	0.0000
11439.mo	A	A	0.0152
11439.p1	A	A	0.0058
11439.s1	A	A	0.0000
11446.fa	A	A	0.0000
11446.mo	A	G	0.5061
11446.p1	A	A	0.0170
11446.s1	A	A	0.0000
11453.fa	A	A	0.0000
11453.mo	A	A	0.0000
11453.p1	A	A	0.0000
11453.s1	A	A	0.0000
11456.fa	A	A	0.0000
11456.mo	A	A	0.0000
11456.p1	A	A	0.0000
11456.s1	A	A	0.0000
11464.fa	A	A	0.0330
11464.mo	A	A	0.0204
11464.p1	A	A	0.0144
11465.fa	A	G	0.4912
11465.mo	A	A	0.0212
11465.p1	A	A	0.0173
11470.fa	A	A	0.0000
11470.mo	A	A	0.0000
11470.p1	A	A	0.0000
11470.s1	A	A	0.0000
11470.s3	A	A	0.0033
11472.fa	A	A	0.0032
11472.mo	A	A	0.0000
11472.p1	A	A	0.0000
11472.s1	A	A	0.0000
11480.fa	A	A	0.0103
11480.mo	A	G	0.4799
11480.p1	A	A	0.0003
11480.s1	A	A	0.0000
11491.fa	A	A	0.0000
11491.mo	A	A	0.0000
11491.p1	A	A	0.0000
11491.s1	A	A	0.0000
11494.fa	A	A	0.0031
11494.mo	A	A	0.0055
11494.p1	A	A	0.0073
11494.s1	A	A	0.0000
11516.fa	A	A	0.0000
11516.mo	A	G	0.5211
11516.p1	A	A	0.0000
11516.s1	A	A	0.0121
11518.fa	A	G	0.5066
11518.mo	A	A	0.0056
11518.p1	A	A	0.0123
11518.s1	A	G	0.5468
11532.fa	A	A	0.0000
11532.mo	A	A	0.0000
11532.p1	A	A	0.0000
11532.s1	A	A	0.0000
11538.fa	A	A	0.0137
11538.mo	A	G	0.4993
11538.p1	A	A	0.0135
11538.s1	A	A	0.0115
11543.fa	A	A	0.0000
11543.mo	A	A	0.0160
11543.p1	A	A	0.0000
11543.s1	A	A	0.0000
11567.fa	A	G	0.4845
11567.mo	A	A	0.0000
11567.p1	A	G	0.4905
11567.s1	A	A	0.0000
11571.fa	A	G	0.4777
11571.mo	A	A	0.0090
11571.p1	A	G	0.5306
11571.s1	A	A	0.0052
11573.fa	A	A	0.0000
11573.mo	A	A	0.0000
11573.p1	A	A	0.0000
11573.s1	A	A	0.0000
11592.fa	A	G	0.4935
11592.mo	A	A	0.0165
11592.p1	A	A	0.0000
11592.s1	A	A	0.0000
11600.fa	A	A	0.0000
11600.mo	A	A	0.0000
11600.p1	A	A	0.0000
11600.s1	A	A	0.0000
11601.fa	A	G	0.4939
11601.mo	A	G	0.5052
11601.p1	A	G	0.5022
11601.s1	A	A	0.0445
11601.s3	A	A	0.0196
11604.fa	A	A	0.0000
11604.mo	A	A	0.0054
11604.p1	A	A	0.0279
11608.fa	A	A	0.0000
11608.mo	A	A	0.0150
11608.p1	A	A	0.0000
11608.s1	A	A	0.0063
11609.fa	A	A	0.0000
11609.mo	A	G	0.5087
11609.p1	A	A	0.0000
11610.fa	A	G	0.5069
11610.mo	A	A	0.0009
11610.p1	A	A	0.0000
11610.s1	A	G	0.5190
11612.fa	A	A	0.0363
11612.mo	A	A	0.0000
11612.p1	A	A	0.0000
11615.fa	A	A	0.0053
11615.mo	A	A	0.0318
11615.p1	A	A	0.0118
11615.s1	A	A	0.0267
11616.fa	A	A	0.0000
11616.mo	A	A	0.0047
11616.p1	A	A	0.0000
11616.s1	A	A	0.0220
11617.fa	A	G	0.5243
11617.mo	A	A	0.0093
11617.p1	A	G	0.5523
11619.fa	A	A	0.0046
11619.mo	A	A	0.0212
11619.p1	A	A	0.0055
11620.fa	A	A	0.0000
11620.mo	A	G	0.4982
11620.p1	A	G	0.5041
11620.s1	A	A	0.0000
11621.fa	A	G	0.4812
11621.mo	A	G	0.4896
11621.p1	A	G	0.5084
11622.fa	A	A	0.0000
11622.mo	A	A	0.0000
11622.p1	A	A	0.0000
11622.s1	A	A	0.0276
11625.fa	A	A	0.0070
11625.mo	A	A	0.0000
11625.p1	A	A	0.0000
11625.s1	A	A	0.0000
11627.fa	A	A	0.0024
11627.mo	A	A	0.0105
11627.p1	A	A	0.0000
11627.s1	A	A	0.0000
11629.fa	A	A	0.0000
11629.mo	A	A	0.0000
11629.p1	A	A	0.0000
11629.s1	A	A	0.0000
11630.fa	A	A	0.0150
11630.mo	A	A	0.0000
11630.p1	A	A	0.0000
11630.s1	A	A	0.0000
11630.s2	A	A	0.0000
11630.s3	A	A	0.0047
11634.fa	A	A	0.0040
11634.mo	A	A	0.0000
11634.p1	A	A	0.0128
11634.s1	A	A	0.0034
11638.fa	A	A	0.0146
11638.mo	A	A	0.0000
11638.p1	A	A	0.0000
11638.s1	A	A	0.0000
11642.fa	A	A	0.0151
11642.mo	A	G	0.5331
11642.p1	A	G	0.5357
11642.s1	A	A	0.0000
11644.fa	A	A	0.0003
11644.mo	A	A	0.0000
11644.p1	A	A	0.0024
11644.s1	A	A	0.0000
11645.fa	A	A	0.0020
11645.mo	A	A	0.0000
11645.p1	A	A	0.0118
11645.s1	A	A	0.0172
11651.fa	A	A	0.0000
11651.mo	A	A	0.0000
11651.p1	A	A	0.0000
11651.s1	A	A	0.0361
11653.fa	A	A	0.0096
11653.mo	A	A	0.0000
11653.p1	A	A	0.0000
11653.s1	A	A	0.0185
11654.fa	A	A	0.0000
11654.mo	A	A	0.0000
11654.p1	A	A	0.0022
11654.s1	A	A	0.0000
11657.fa	A	A	0.0057
11657.mo	A	G	0.5041
11657.p1	A	G	0.4933
11657.s1	A	A	0.0000
11659.fa	G	G	1.0000
11659.mo	A	A	0.0145
11659.p1	A	G	0.5144
11659.s1	A	G	0.5475
11660.fa	A	A	0.0000
11660.mo	A	A	0.0288
11660.p1	A	A	0.0035
11664.fa	A	A	0.0000
11664.mo	A	A	0.0000
11664.p1	A	A	0.0000
11664.p2	A	A	0.0000
11664.s2	A	A	0.0000
11665.fa	A	A	0.0101
11665.mo	A	G	0.5423
11665.p1	A	G	0.5256
11665.s1	A	A	0.0000
11666.fa	A	A	0.0148
11666.mo	A	A	0.0208
11666.p1	A	A	0.0001
11666.s1	A	A	0.0128
11667.fa	A	G	0.5023
11667.mo	A	A	0.0000
11667.p1	A	A	0.0000
11667.s1	A	G	0.5334
11673.fa	A	A	0.0044
11673.mo	A	A	0.0000
11673.p1	A	A	0.0034
11673.s1	A	A	0.0000
11677.fa	A	A	0.0023
11677.mo	A	G	0.4773
11677.p1	A	G	0.5388
11677.s1	A	A	0.0000
11679.fa	A	G	0.4896
11679.mo	A	G	0.5160
11679.p1	G	G	0.9982
11679.s1	A	G	0.5022
11680.fa	A	G	0.4667
11680.mo	G	G	0.9799
11680.p1	A	G	0.5335
11681.fa	A	A	0.0060
11681.mo	A	G	0.4859
11681.p1	A	A	0.0293
11685.fa	A	A	0.0000
11685.mo	A	A	0.0000
11685.p1	A	A	0.0049
11685.s1	A	A	0.0000
11689.fa	A	A	0.0064
11689.mo	A	A	0.0148
11689.p1	A	A	0.0085
11689.s2	A	A	0.0141
11691.fa	A	A	0.0237
11691.mo	A	G	0.4950
11691.p1	A	G	0.4983
11691.s1	A	G	0.5068
11693.fa	A	A	0.0000
11693.mo	A	G	0.5062
11693.p1	A	G	0.5098
11694.fa	A	A	0.0000
11694.mo	A	A	0.0112
11694.p1	A	A	0.0128
11694.s1	A	A	0.0234
11700.fa	A	A	0.0000
11700.mo	A	A	0.0000
11700.p1	A	A	0.0000
11700.s1	A	A	0.0000
11700.s2	A	A	0.0000
11704.fa	A	G	0.4558
11704.mo	A	G	0.5140
11704.p1	A	G	0.5142
11707.fa	A	A	0.0000
11707.mo	A	G	0.4967
11707.p1	A	G	0.4184
11707.s1	A	A	0.0000
11709.fa	A	A	0.0000
11709.mo	A	A	0.0086
11709.p1	A	A	0.0273
11710.fa	G	G	1.0000
11710.mo	A	G	0.5055
11710.p1	A	G	0.5477
11711.fa	A	A	0.0000
11711.mo	A	A	0.0000
11711.p1	A	A	0.0000
11711.s1	A	A	0.0067
11712.fa	A	A	0.0000
11712.mo	A	G	0.5105
11712.p1	A	A	0.0000
11712.s1	A	G	0.4952
11712.s2	A	A	0.0000
11714.fa	A	A	0.0000
11714.mo	A	A	0.0000
11714.p1	A	A	0.0071
11714.s1	A	A	0.0033
11715.fa	A	A	0.0000
11715.mo	A	A	0.0000
11715.p1	A	A	0.0141
11715.s1	A	A	0.0101
11716.fa	A	A	0.0000
11716.mo	A	A	0.0000
11716.p1	A	A	0.0044
11716.s1	A	A	0.0000
11718.fa	A	A	0.0000
11718.mo	A	A	0.0215
11718.p1	A	A	0.0000
11718.s1	A	A	0.0000
11720.fa	A	G	0.4651
11720.mo	A	A	0.0000
11720.p1	A	G	0.4895
11720.s1	A	G	0.4757
11720.s2	A	A	0.0022
11721.fa	A	A	0.0047
11721.mo	A	A	0.0006
11721.p1	A	A	0.0110
11721.s1	A	A	0.0000
11722.fa	A	A	0.0161
11722.mo	A	G	0.5121
11722.p1	A	G	0.5204
11722.s1	A	G	0.5448
11723.fa	A	A	0.0000
11723.mo	A	A	0.0000
11723.p1	A	A	0.0000
11723.s1	A	A	0.0000
11724.fa	A	A	0.0000
11724.mo	A	A	0.0000
11724.p1	A	A	0.0000
11724.s1	A	A	0.0039
11729.fa	A	A	0.0209
11729.mo	A	G	0.5170
11729.p1	A	A	0.0089
11729.s1	A	G	0.5060
11729.s2	A	G	0.5213
11730.fa	A	A	0.0000
11730.mo	A	A	0.0000
11730.p1	A	A	0.0181
11730.s1	A	A	0.0098
11731.fa	A	G	0.5391
11731.mo	A	A	0.0000
11731.p1	A	G	0.5407
11731.s1	A	G	0.5209
11733.fa	A	A	0.0000
11733.mo	A	G	0.5342
11733.p1	A	G	0.5162
11740.fa	A	A	0.0000
11740.mo	A	A	0.0000
11740.p1	A	A	0.0000
11740.s1	A	A	0.0000
11740.s2	A	A	0.0000
11753.fa	A	G	0.5155
11753.mo	A	A	0.0000
11753.p1	A	G	0.5280
11753.s1	A	A	0.0000
11765.fa	A	A	0.0000
11765.mo	A	G	0.5191
11765.p1	A	G	0.4994
11765.s1	A	A	0.0000
11766.fa	A	A	0.0187
11766.mo	A	A	0.0000
11766.p1	A	A	0.0118
11766.s1	A	A	0.0042
11768.fa	A	A	0.0000
11768.mo	A	A	0.0000
11768.p1	A	A	0.0072
11768.s1	A	A	0.0074
11773.fa	A	A	0.0081
11773.mo	A	A	0.0056
11773.p1	A	A	0.0081
11773.s1	A	A	0.0152
11775.fa	A	A	0.0000
11775.mo	A	A	0.0000
11775.p1	A	A	0.0000
11775.s1	A	A	0.0000
11776.fa	A	A	0.0009
11776.mo	A	A	0.0034
11776.p1	A	A	0.0001
11780.fa	A	G	0.4919
11780.mo	A	A	0.0000
11780.p1	A	A	0.0000
11781.fa	A	A	0.0114
11781.mo	A	A	0.0106
11781.p1	A	A	0.0000
11781.s2	A	A	0.0000
11782.fa	A	A	0.0002
11782.mo	A	A	0.0000
11782.p1	A	A	0.0000
11788.fa	A	A	0.0000
11788.mo	A	A	0.0000
11788.p1	A	A	0.0101
11788.s1	A	A	0.0059
11792.fa	A	A	0.0000
11792.mo	A	A	0.0000
11792.p1	A	A	0.0056
11792.s1	A	A	0.0012
11793.fa	A	A	0.0117
11793.mo	A	G	0.5094
11793.p1	A	A	0.0117
11793.s1	A	G	0.4859
11794.fa	A	G	0.5057
11794.mo	A	G	0.5350
11794.p1	A	G	0.5092
11794.s1	A	G	0.5231
11797.fa	A	A	0.0000
11797.mo	A	A	0.0003
11797.p1	A	A	0.0112
11797.s1	A	A	0.0000
11798.fa	A	A	0.0000
11798.mo	A	A	0.0000
11798.p1	A	A	0.0000
11798.s1	A	A	0.0000
11800.fa	A	A	0.0000
11800.mo	A	A	0.0023
11800.p1	A	A	0.0124
11804.fa	A	A	0.0024
11804.mo	A	G	0.4907
11804.p1	A	A	0.0044
11804.s1	A	A	0.0000
11806.fa	A	A	0.0000
11806.mo	A	A	0.0000
11806.p1	A	A	0.0038
11808.fa	A	A	0.0000
11808.mo	A	A	0.0000
11808.p1	A	A	0.0000
11808.s1	A	A	0.0000
11809.fa	A	A	0.0000
11809.mo	A	A	0.0000
11809.p1	A	A	0.0058
11809.s1	A	A	0.0178
11810.fa	A	A	0.0219
11810.mo	A	G	0.4951
11810.p1	A	G	0.4807
11810.s1	A	G	0.4757
11810.s2	A	G	0.4832
11811.fa	A	A	0.0000
11811.mo	A	A	0.0000
11811.p1	A	A	0.0000
11812.fa	A	A	0.0014
11812.mo	A	A	0.0074
11812.p1	A	A	0.0087
11812.s1	A	A	0.0179
11818.fa	A	G	0.4793
11818.mo	A	A	0.0046
11818.p1	A	A	0.0199
11818.s1	A	G	0.4833
11824.fa	A	G	0.4858
11824.mo	A	G	0.4941
11824.p1	A	G	0.4936
11824.s1	A	G	0.4792
11824.s2	A	G	0.5086
11824.s3	A	G	0.4849
11824.s4	A	G	0.4780
11825.fa	A	G	0.4793
11825.mo	A	G	0.4787
11825.p1	A	A	0.0000
11827.fa	A	A	0.0000
11827.mo	A	A	0.0000
11827.p1	A	A	0.0004
11827.s1	A	A	0.0000
11828.fa	A	A	0.0000
11828.mo	A	G	0.4790
11828.p1	A	A	0.0000
11828.s1	A	A	0.0000
11831.fa	A	A	0.0000
11831.mo	A	A	0.0117
11831.p1	A	A	0.0268
11831.s1	A	A	0.0079
11834.fa	A	G	0.5343
11834.mo	A	A	0.0000
11834.p1	A	G	0.5249
11834.s1	A	A	0.0042
11835.fa	A	A	0.0000
11835.mo	A	A	0.0018
11835.p1	A	A	0.0000
11835.s1	A	A	0.0064
11838.fa	A	A	0.0020
11838.mo	A	A	0.0012
11838.p1	A	A	0.0076
11838.s1	A	A	0.0081
11838.s2	A	A	0.0058
11839.fa	A	A	0.0042
11839.mo	A	G	0.4990
11839.p1	A	G	0.5063
11839.s1	A	G	0.5222
11841.fa	A	G	0.4952
11841.mo	A	A	0.0007
11841.p1	A	A	0.0016
11843.fa	A	G	0.5098
11843.mo	A	A	0.0000
11843.p1	A	G	0.5221
11843.s1	A	G	0.5272
11845.fa	A	A	0.0027
11845.mo	A	A	0.0077
11845.p1	A	A	0.0254
11845.s1	A	A	0.0068
11846.fa	A	A	0.0000
11846.mo	A	A	0.0000
11846.p1	A	A	0.0000
11851.fa	A	A	0.0063
11851.mo	A	A	0.0000
11851.p1	A	A	0.0000
11855.fa	A	A	0.0063
11855.mo	A	A	0.0000
11855.p1	A	A	0.0171
11855.s1	A	A	0.0067
11857.fa	A	A	0.0000
11857.mo	A	G	0.4890
11857.p1	A	A	0.0686
11857.s1	A	A	0.0367
11859.fa	A	G	0.4820
11859.mo	A	A	0.0030
11859.p1	A	G	0.4871
11860.fa	A	A	0.0000
11860.mo	A	A	0.0000
11860.p1	A	A	0.0000
11860.s1	A	A	0.0000
11863.fa	A	A	0.0000
11863.mo	A	A	0.0010
11863.p1	A	A	0.0055
11863.s1	A	A	0.0000
11868.fa	A	G	0.5043
11868.mo	A	A	0.0000
11868.p1	A	A	0.0000
11868.s1	A	A	0.0000
11869.fa	A	A	0.0000
11869.mo	A	A	0.0000
11869.p1	A	A	0.0000
11869.s1	A	A	0.0000
11872.fa	A	A	0.0022
11872.mo	A	A	0.0000
11872.p1	A	A	0.0000
11872.s1	A	A	0.0000
11878.fa	A	A	0.0040
11878.mo	A	A	0.0000
11878.p1	A	A	0.0000
11879.fa	A	A	0.0000
11879.mo	A	A	0.0000
11879.p1	A	A	0.0000
11879.s1	A	A	0.0000
11881.fa	A	A	0.0000
11881.mo	A	A	0.0000
11881.p1	A	A	0.0128
11881.s1	A	A	0.0000
11883.fa	A	G	0.5368
11883.mo	A	A	0.0165
11883.p1	A	A	0.0127
11883.s1	A	A	0.0000
11888.fa	A	A	0.0046
11888.mo	A	G	0.4990
11888.p1	A	A	0.0114
11888.s1	A	A	0.0401
11892.fa	A	A	0.0121
11892.mo	A	A	0.0080
11892.p1	A	A	0.0060
11892.s1	A	A	0.0017
11892.s2	A	A	0.0065
11893.fa	A	A	0.0131
11893.mo	A	A	0.0110
11893.p1	A	A	0.0000
11894.fa	A	A	0.0244
11894.mo	A	G	0.4849
11894.p1	A	A	0.0091
11894.s1	A	A	0.0050
11895.fa	A	A	0.0394
11895.mo	A	A	0.0093
11895.p1	A	A	0.0054
11895.s1	A	A	0.0000
11897.fa	A	A	0.0000
11897.mo	A	A	0.0081
11897.p1	A	A	0.0000
11897.s1	A	A	0.0000
11901.fa	A	A	0.0262
11901.mo	A	A	0.0089
11901.p1	A	A	0.0318
11901.s1	A	A	0.0433
11905.fa	A	A	0.0050
11905.mo	A	G	0.4606
11905.p1	A	G	0.5024
11905.s1	A	A	0.0000
11905.s3	A	A	0.0043
11905.s5	A	A	0.0100
11909.fa	A	A	0.0018
11909.mo	A	A	0.0000
11909.p1	A	A	0.0000
11909.s1	A	A	0.0000
11910.fa	A	A	0.0015
11910.mo	A	G	0.4775
11910.p1	A	G	0.4733
11913.fa	A	A	0.0141
11913.mo	A	A	0.0000
11913.p1	A	A	0.0056
11913.s1	A	A	0.0232
11914.fa	A	A	0.0004
11914.mo	A	A	0.0026
11914.p1	A	A	0.0028
11916.fa	A	G	0.5071
11916.mo	A	A	0.0000
11916.p1	A	G	0.5171
11916.s1	A	G	0.4716
11917.fa	A	A	0.0115
11917.mo	A	A	0.0070
11917.p1	A	A	0.0268
11917.s1	A	A	0.0159
11918.fa	A	A	0.0000
11918.mo	A	G	0.5433
11918.p1	A	A	0.0000
11918.s1	A	G	0.4923
11919.fa	A	A	0.0125
11919.mo	A	A	0.0000
11919.p1	A	A	0.0159
11919.s1	A	A	0.0048
11920.fa	A	A	0.0000
11920.mo	A	A	0.0023
11920.p1	A	A	0.0033
11920.s1	A	A	0.0000
11922.fa	A	A	0.0013
11922.mo	A	G	0.4704
11922.p1	A	A	0.0000
11922.s1	A	A	0.0000
11924.fa	A	G	0.5220
11924.mo	A	A	0.0051
11924.p1	A	G	0.4931
11924.s1	A	A	0.0000
11924.s2	A	G	0.5087
11928.fa	A	A	0.0076
11928.mo	A	A	0.0085
11928.p1	A	A	0.0003
11928.s1	A	A	0.0046
11928.s2	A	A	0.0085
11931.fa	A	G	0.4637
11931.mo	A	A	0.0000
11931.p1	A	G	0.4881
11931.s2	A	G	0.4447
11933.fa	A	A	0.0000
11933.mo	A	A	0.0080
11933.p1	A	A	0.0007
11933.s1	A	A	0.0000
11935.fa	A	G	0.5413
11935.mo	A	A	0.0000
11935.p1	A	A	0.0289
11935.s1	A	G	0.4970
11938.fa	A	A	0.0007
11938.mo	A	G	0.4870
11938.p1	A	G	0.4995
11939.fa	A	G	0.4961
11939.mo	A	A	0.0063
11939.p1	A	A	0.0000
11939.s1	A	G	0.5098
11940.fa	A	G	0.5158
11940.mo	A	A	0.0000
11940.p1	A	A	0.0076
11940.s1	A	G	0.5205
11941.fa	A	A	0.0202
11941.mo	A	A	0.0152
11941.p1	A	A	0.0273
11941.s1	A	A	0.0164
11942.fa	A	A	0.0307
11942.mo	A	A	0.0149
11942.p1	A	A	0.0091
11942.s1	A	A	0.0147
11942.s2	A	A	0.0033
11944.fa	A	A	0.0155
11944.mo	A	G	0.5085
11944.p1	A	A	0.0181
11944.s1	A	A	0.0229
11944.s2	A	A	0.0537
11946.fa	A	G	0.5180
11946.mo	A	A	0.0000
11946.p1	A	A	0.0104
11946.s1	A	G	0.5043
11947.fa	A	A	0.0000
11947.mo	A	G	0.5048
11947.p1	A	A	0.0232
11947.s1	A	A	0.0223
11948.fa	A	G	0.4973
11948.mo	A	A	0.0124
11948.p1	A	A	0.0021
11948.s1	A	G	0.5258
11954.fa	A	A	0.0000
11954.mo	A	G	0.5150
11954.p1	A	G	0.4918
11954.s1	A	A	0.0191
11957.fa	A	A	0.0109
11957.mo	A	A	0.0109
11957.p1	A	A	0.0059
11957.s1	A	A	0.0094
11959.fa	A	A	0.0021
11959.mo	A	G	0.4582
11959.p1	A	G	0.4673
11959.s1	A	G	0.5004
11962.fa	A	A	0.0000
11962.mo	A	A	0.0230
11962.p1	A	A	0.0114
11962.s1	A	A	0.0170
11963.fa	A	A	0.0207
11963.mo	A	A	0.0240
11963.p1	A	A	0.0000
11963.s1	A	A	0.0090
11964.fa	A	A	0.0042
11964.mo	G	G	0.9898
11964.p1	A	G	0.5236
11964.s1	A	G	0.5084
11966.fa	A	A	0.0212
11966.mo	A	A	0.0000
11966.p1	A	A	0.0124
11966.s1	A	A	0.0000
11969.fa	A	A	0.0370
11969.mo	A	G	0.4880
11969.p1	A	G	0.4886
11969.s1	A	A	0.0065
11970.fa	A	A	0.0000
11970.mo	G	G	0.9995
11970.p1	A	G	0.4768
11972.fa	A	A	0.0062
11972.mo	A	A	0.0208
11972.p1	A	A	0.0112
11972.s1	A	A	0.0123
11975.fa	A	A	0.0000
11975.mo	A	A	0.0000
11975.p1	A	A	0.0000
11978.fa	A	A	0.0023
11978.mo	A	G	0.5021
11978.p1	A	G	0.4846
11979.fa	A	A	0.0009
11979.mo	A	A	0.0000
11979.p1	A	A	0.0157
11979.s1	A	A	0.0000
11981.fa	A	A	0.0043
11981.mo	A	A	0.0114
11981.p1	A	A	0.0101
11981.s1	A	A	0.0104
11982.fa	A	A	0.0093
11982.mo	A	A	0.0000
11982.p1	A	A	0.0137
11982.s1	A	A	0.0000
11984.fa	A	A	0.0000
11984.mo	A	A	0.0000
11984.p1	A	A	0.0016
11984.s1	A	A	0.0009
11986.fa	A	G	0.4616
11986.mo	A	A	0.0267
11986.p1	A	G	0.5143
11986.s1	A	G	0.5238
11989.fa	A	A	0.0000
11989.mo	A	A	0.0211
11989.p1	A	A	0.0000
11989.s1	A	A	0.0000
11990.fa	A	A	0.0000
11990.mo	A	A	0.0000
11990.p1	A	A	0.0000
11990.s1	A	A	0.0000
11993.fa	A	G	0.5023
11993.mo	A	A	0.0000
11993.p1	A	G	0.4747
11993.s1	A	G	0.4792
11995.fa	A	A	0.0017
11995.mo	A	A	0.0000
11995.p1	A	A	0.0207
11996.fa	A	G	0.4875
11996.mo	A	G	0.4965
11996.p1	G	G	0.9985
11998.fa	A	A	0.0000
11998.mo	A	A	0.0001
11998.p1	A	A	0.0032
11998.s1	A	A	0.0063
12001.fa	A	A	0.0000
12001.mo	A	A	0.0043
12001.p1	A	A	0.0102
12001.s1	A	A	0.0170
12003.fa	A	G	0.4760
12003.mo	A	A	0.0000
12003.p1	A	A	0.0112
12006.fa	A	A	0.0182
12006.mo	A	A	0.0246
12006.p1	A	A	0.0036
12006.s1	A	A	0.0000
12007.fa	A	A	0.0000
12007.mo	A	A	0.0000
12007.p1	A	A	0.0030
12007.s1	A	A	0.0071
12008.fa	A	G	0.4709
12008.mo	A	G	0.5108
12008.p1	A	G	0.4991
12009.fa	A	A	0.0000
12009.mo	A	G	0.5073
12009.p1	A	A	0.0180
12010.fa	A	A	0.0096
12010.mo	A	A	0.0148
12010.p1	A	A	0.0033
12010.s1	A	A	0.0000
12011.fa	A	A	0.0033
12011.mo	A	A	0.0056
12011.p1	A	A	0.0063
12011.s1	A	A	0.0033
12014.fa	A	A	0.0079
12014.mo	A	G	0.5418
12014.p1	A	A	0.0180
12014.s1	A	A	0.0184
12015.fa	A	G	0.4699
12015.mo	A	A	0.0003
12015.p1	A	G	0.4918
12015.s1	A	G	0.4722
12019.fa	A	A	0.0103
12019.mo	A	A	0.0083
12019.p1	A	A	0.0000
12020.fa	A	G	0.4997
12020.mo	A	A	0.0295
12020.p1	A	G	0.4824
12020.s1	A	G	0.4819
12020.s2	A	G	0.4554
12025.fa	A	A	0.0120
12025.mo	A	A	0.0081
12025.p1	A	A	0.0155
12026.fa	A	A	0.0000
12026.mo	A	A	0.0000
12026.p1	A	A	0.0111
12028.fa	A	A	0.0101
12028.mo	A	A	0.0000
12028.p1	A	A	0.0123
12029.fa	A	A	0.0000
12029.mo	A	G	0.5168
12029.p1	A	G	0.4968
12029.s1	A	G	0.5192
12030.fa	A	A	0.0000
12030.mo	A	A	0.0000
12030.p1	A	A	0.0000
12030.s1	A	A	0.0193
12031.fa	A	A	0.0072
12031.mo	A	A	0.0052
12031.p1	A	A	0.0009
12032.fa	A	G	0.5226
12032.mo	A	G	0.4519
12032.p1	A	G	0.4990
12032.s1	G	G	0.9733
12033.fa	A	A	0.0000
12033.mo	A	G	0.5047
12033.p1	A	G	0.5418
12033.s1	A	G	0.5030
12036.fa	A	A	0.0227
12036.mo	A	A	0.0000
12036.p1	A	A	0.0206
12036.s1	A	A	0.0220
12037.fa	A	A	0.0100
12037.mo	A	A	0.0177
12037.p1	A	A	0.0000
12037.s1	A	A	0.0120
12038.fa	A	A	0.0000
12038.mo	A	A	0.0259
12038.p1	A	A	0.0251
12041.fa	A	G	0.5092
12041.mo	A	G	0.5054
12041.p1	G	G	0.9998
12041.s1	A	G	0.4825
12044.fa	A	G	0.4788
12044.mo	A	A	0.0000
12044.p1	A	G	0.4722
12044.s1	A	G	0.5149
12046.fa	A	A	0.0192
12046.mo	A	A	0.0095
12046.p1	A	A	0.0093
12048.fa	A	A	0.0000
12048.mo	A	A	0.0000
12048.p1	A	A	0.0321
12048.s1	A	A	0.0000
12050.fa	A	A	0.0383
12050.mo	A	A	0.0219
12050.p1	A	A	0.0118
12052.fa	A	A	0.0059
12052.mo	A	A	0.0000
12052.p1	A	A	0.0000
12052.s1	A	A	0.0000
12053.fa	A	A	0.0179
12053.mo	A	A	0.0077
12053.p1	A	A	0.0172
12053.s1	A	A	0.0191
12055.fa	A	A	0.0000
12055.mo	A	A	0.0000
12055.p1	A	A	0.0000
12055.s1	A	A	0.0054
12056.fa	A	A	0.0081
12056.mo	A	A	0.0108
12056.p1	A	A	0.0274
12056.s1	A	A	0.0002
12057.fa	A	A	0.0051
12057.mo	A	G	0.5182
12057.p1	A	A	0.0002
12057.s1	A	G	0.5102
12058.fa	A	A	0.0000
12058.mo	A	A	0.0176
12058.p1	A	A	0.0133
12060.fa	A	A	0.0041
12060.mo	A	A	0.0000
12060.p1	A	A	0.0000
12060.s1	A	A	0.0000
12061.fa	A	A	0.0038
12061.mo	A	A	0.0009
12061.p1	A	A	0.0169
12061.s1	A	A	0.0025
12063.fa	A	A	0.0134
12063.mo	A	A	0.0050
12063.p1	A	A	0.0075
12063.s1	A	A	0.0103
12065.fa	A	G	0.4957
12065.mo	A	A	0.0000
12065.p1	A	A	0.0000
12065.s1	A	A	0.0000
12065.s2	A	A	0.0000
12066.fa	A	G	0.4320
12066.mo	A	A	0.0000
12066.p1	A	G	0.4793
12070.fa	A	A	0.0000
12070.mo	A	G	0.4886
12070.p1	A	A	0.0000
12072.fa	A	A	0.0000
12072.mo	A	A	0.0183
12072.p1	A	A	0.0005
12072.s1	A	A	0.0102
12073.fa	A	A	0.0273
12073.mo	A	A	0.0321
12073.p1	A	A	0.0125
12073.s1	A	A	0.0620
12073.s2	A	A	0.0493
12074.fa	A	A	0.0000
12074.mo	A	A	0.0000
12074.p1	A	A	0.0000
12076.fa	A	A	0.0000
12076.mo	A	A	0.0000
12076.p1	A	A	0.0000
12076.s1	A	A	0.0000
12077.fa	A	A	0.0133
12077.mo	A	A	0.0188
12077.p1	A	A	0.0000
12078.fa	A	G	0.4752
12078.mo	A	A	0.0067
12078.p1	A	A	0.0077
12078.s1	A	G	0.4761
12081.fa	A	G	0.4887
12081.mo	A	A	0.0055
12081.p1	A	G	0.4915
12083.fa	A	A	0.0029
12083.mo	A	A	0.0000
12083.p1	A	A	0.0053
12083.s1	A	A	0.0000
12086.fa	A	G	0.5266
12086.mo	A	G	0.5160
12086.p1	A	G	0.5349
12086.s1	A	A	0.0166
12087.fa	A	A	0.0175
12087.mo	A	A	0.0000
12087.p1	A	A	0.0276
12091.fa	A	A	0.0225
12091.mo	A	A	0.0170
12091.p1	A	A	0.0000
12091.s1	A	A	0.0006
12093.fa	A	A	0.0416
12093.mo	A	G	0.5321
12093.p1	A	G	0.5440
12096.fa	A	A	0.0055
12096.mo	A	G	0.5073
12096.p1	A	G	0.4907
12096.s1	A	G	0.5002
12096.s2	A	A	0.0013
12097.fa	A	A	0.0000
12097.mo	A	G	0.4666
12097.p1	A	G	0.5037
12099.fa	A	A	0.0000
12099.mo	A	A	0.0000
12099.p1	A	A	0.0265
12099.s1	A	A	0.0421
12100.fa	A	G	0.5174
12100.mo	A	A	0.0157
12100.p1	A	G	0.4699
12100.s1	A	G	0.4836
12101.fa	A	A	0.0431
12101.mo	A	A	0.0207
12101.p1	A	A	0.0361
12101.s1	A	A	0.0216
12102.fa	G	G	0.9867
12102.mo	A	A	0.0075
12102.p1	A	G	0.4956
12103.fa	A	A	0.0255
12103.mo	A	G	0.5228
12103.p1	A	G	0.5282
12108.fa	A	A	0.0000
12108.mo	A	A	0.0000
12108.p1	A	A	0.0000
12108.s1	A	A	0.0072
12113.fa	A	A	0.0225
12113.mo	A	A	0.0000
12113.p1	A	A	0.0000
12113.s1	A	A	0.0000
12114.fa	A	A	0.0284
12114.mo	A	A	0.0373
12114.p1	A	A	0.0109
12115.fa	A	A	0.0080
12115.mo	A	A	0.0153
12115.p1	A	A	0.0310
12115.s1	A	A	0.0246
12117.fa	A	A	0.0100
12117.mo	A	G	0.5308
12117.p1	A	G	0.5179
12117.s1	A	G	0.5226
12118.fa	A	A	0.0008
12118.mo	A	A	0.0174
12118.p1	A	A	0.0103
12118.s1	A	A	0.0280
12119.fa	A	A	0.0279
12119.mo	A	G	0.4936
12119.p1	A	A	0.0198
12120.fa	A	A	0.0245
12120.mo	A	G	0.4875
12120.p1	A	G	0.5041
12120.s1	A	G	0.4616
12120.s2	A	G	0.4794
12121.fa	A	A	0.0074
12121.mo	A	A	0.0051
12121.p1	A	A	0.0111
12121.s1	A	A	0.0088
12130.fa	A	A	0.0199
12130.mo	A	A	0.0128
12130.p1	A	A	0.0123
12130.s1	A	A	0.0058
12132.fa	A	A	0.0031
12132.mo	A	A	0.0000
12132.p1	A	A	0.0110
12132.s1	A	A	0.0000
12132.s2	A	A	0.0000
12132.s3	A	A	0.0030
12137.fa	A	A	0.0000
12137.mo	G	G	1.0000
12137.p1	A	G	0.5622
12139.fa	A	A	0.0347
12139.mo	A	A	0.0440
12139.p1	A	A	0.0157
12149.fa	A	A	0.0000
12149.mo	A	A	0.0000
12149.p1	A	A	0.0199
12150.fa	A	G	0.4944
12150.mo	A	G	0.5088
12150.p1	A	G	0.5208
12150.s1	A	G	0.4941
12152.fa	A	A	0.0213
12152.mo	A	A	0.0017
12152.p1	A	A	0.0010
12152.s1	A	A	0.0000
12152.s2	A	A	0.0095
12153.fa	A	A	0.0076
12153.mo	A	A	0.0000
12153.p1	A	A	0.0038
12153.s1	A	A	0.0007
12154.fa	A	A	0.0126
12154.mo	A	A	0.0212
12154.p1	A	A	0.0000
12154.s1	A	A	0.0046
12157.fa	A	A	0.0007
12157.mo	A	G	0.4656
12157.p1	A	A	0.0000
12157.s1	A	A	0.0139
12157.s2	A	G	0.4745
12158.fa	A	A	0.0075
12158.mo	A	G	0.4811
12158.p1	A	G	0.5043
12159.fa	A	A	0.0000
12159.mo	A	A	0.0035
12159.p1	A	A	0.0065
12159.s1	A	A	0.0000
12160.fa	A	A	0.0000
12160.mo	A	G	0.5088
12160.p1	A	G	0.4839
12160.s1	A	G	0.4843
12161.fa	A	A	0.0150
12161.mo	A	A	0.0000
12161.p1	A	A	0.0000
12161.s1	A	A	0.0080
12162.fa	A	G	0.4740
12162.mo	A	A	0.0000
12162.p1	A	A	0.0000
12162.s1	A	A	0.0000
12164.fa	A	A	0.0000
12164.mo	A	G	0.5055
12164.p1	A	G	0.5076
12170.fa	A	A	0.0078
12170.mo	A	A	0.0079
12170.p1	A	A	0.0139
12170.s1	A	A	0.0329
12173.fa	G	G	1.0000
12173.mo	A	A	0.0123
12173.p1	A	G	0.4695
12173.s1	A	G	0.4952
12175.fa	A	A	0.0000
12175.mo	A	A	0.0000
12175.p1	A	A	0.0026
12175.s1	A	A	0.0111
12180.fa	A	A	0.0075
12180.mo	A	A	0.0012
12180.p1	A	A	0.0087
12180.s1	A	A	0.0033
12184.fa	G	G	1.0000
12184.mo	A	G	0.4825
12184.p1	A	G	0.5226
12184.s1	G	G	1.0000
12185.fa	A	A	0.0007
12185.mo	A	A	0.0074
12185.p1	A	A	0.0105
12185.s1	A	A	0.0135
12187.fa	A	A	0.0000
12187.mo	A	A	0.0000
12187.p1	A	A	0.0000
12187.s1	A	A	0.0031
12189.fa	A	A	0.0000
12189.mo	A	A	0.0000
12189.p1	A	A	0.0202
12189.s1	A	A	0.0135
12192.fa	A	A	0.0000
12192.mo	A	G	0.5481
12192.p1	A	G	0.5045
12194.fa	A	G	0.5093
12194.mo	A	A	0.0143
12194.p1	A	A	0.0188
12197.fa	A	A	0.0000
12197.mo	A	A	0.0092
12197.p1	A	A	0.0000
12197.s1	A	A	0.0075
12198.fa	A	A	0.0000
12198.mo	A	A	0.0016
12198.p1	A	A	0.0000
12198.s1	A	A	0.0076
12201.fa	A	G	0.4776
12201.mo	A	A	0.0041
12201.p1	A	A	0.0000
12201.s1	A	A	0.0000
12201.s2	A	G	0.5371
12202.fa	A	A	0.0000
12202.mo	A	G	0.5332
12202.p1	A	A	0.0104
12202.s1	A	G	0.4789
12204.fa	A	A	0.0126
12204.mo	A	A	0.0112
12204.p1	A	A	0.0121
12204.s2	A	A	0.0000
12206.fa	A	G	0.4983
12206.mo	A	G	0.4600
12206.p1	A	G	0.4674
12206.s1	A	G	0.5004
12208.fa	A	A	0.0182
12208.mo	A	A	0.0000
12208.p1	A	A	0.0121
12210.fa	A	A	0.0000
12210.mo	A	A	0.0007
12210.p1	A	A	0.0016
12210.s1	A	A	0.0000
12211.fa	A	G	0.5106
12211.mo	A	G	0.4940
12211.p1	A	G	0.4931
12211.s1	G	G	0.9733
12212.fa	A	A	0.0000
12212.mo	A	G	0.5405
12212.p1	A	A	0.0003
12212.s1	A	A	0.0105
12215.fa	A	A	0.0288
12215.mo	A	A	0.0383
12215.p1	A	A	0.0216
12217.fa	A	A	0.0112
12217.mo	A	G	0.5270
12217.p1	A	G	0.5063
12219.fa	A	A	0.0040
12219.mo	A	G	0.4891
12219.p1	A	G	0.4600
12219.s1	A	G	0.4959
12219.s2	A	A	0.0065
12220.fa	A	A	0.0010
12220.mo	A	A	0.0000
12220.p1	A	A	0.0044
12220.s1	A	A	0.0000
12223.fa	A	A	0.0000
12223.mo	A	A	0.0000
12223.p1	A	A	0.0161
12223.s1	A	A	0.0055
12224.fa	A	A	0.0106
12224.mo	A	G	0.5130
12224.p1	A	G	0.5247
12224.s1	A	G	0.5139
12225.fa	A	A	0.0222
12225.mo	A	A	0.0165
12225.p1	A	A	0.0147
12225.s1	A	A	0.0000
12225.s2	A	A	0.0017
12227.fa	A	A	0.0142
12227.mo	A	A	0.0034
12227.p1	A	A	0.0043
12227.s1	A	A	0.0139
12227.s2	A	A	0.0008
12228.fa	A	G	0.4825
12228.mo	A	A	0.0000
12228.p1	A	A	0.0109
12228.s1	A	A	0.0002
12229.fa	A	A	0.0000
12229.mo	A	G	0.4735
12229.p1	A	G	0.5054
12229.s1	A	G	0.4808
12229.s2	A	G	0.4873
12231.fa	A	G	0.5314
12231.mo	A	G	0.5236
12231.p1	A	G	0.4855
12231.s1	A	G	0.5070
12231.s2	A	A	0.0140
12232.fa	A	G	0.5143
12232.mo	G	G	0.9785
12232.p1	G	G	1.0000
12233.fa	A	A	0.0021
12233.mo	A	A	0.0005
12233.p1	A	A	0.0068
12233.s1	A	A	0.0074
12235.fa	G	G	0.9969
12235.mo	A	A	0.0086
12235.p1	A	G	0.5262
12235.s1	A	G	0.4976
12237.fa	A	G	0.4882
12237.mo	A	A	0.0015
12237.p1	A	A	0.0000
12237.s1	A	G	0.4935
12238.fa	A	A	0.0000
12238.mo	A	A	0.0000
12238.p1	A	A	0.0000
12238.s1	A	A	0.0000
12241.fa	A	A	0.0000
12241.mo	A	A	0.0000
12241.p1	A	A	0.0000
12241.s1	A	A	0.0000
12243.fa	A	G	0.4975
12243.mo	A	A	0.0029
12243.p1	A	G	0.5189
12243.s1	A	A	0.0052
12247.fa	A	A	0.0000
12247.mo	A	A	0.0000
12247.p1	A	A	0.0000
12247.s1	A	A	0.0000
12249.fa	A	A	0.0000
12249.mo	A	A	0.0128
12249.p1	A	A	0.0296
12250.fa	A	A	0.0076
12250.mo	A	A	0.0052
12250.p1	A	A	0.0257
12250.s1	A	A	0.0015
12252.fa	A	G	0.4988
12252.mo	A	A	0.0000
12252.p1	A	A	0.0033
12252.s1	A	A	0.0113
12255.fa	A	G	0.5299
12255.mo	A	A	0.0076
12255.p1	A	G	0.4858
12255.s1	A	A	0.0000
12257.fa	A	A	0.0000
12257.mo	A	G	0.5132
12257.p1	A	G	0.4992
12257.s1	A	A	0.0000
12257.s2	A	G	0.4898
12260.fa	A	A	0.0461
12260.mo	A	G	0.5068
12260.p1	A	G	0.5295
12261.fa	G	G	0.9795
12261.mo	A	A	0.0297
12261.p1	A	G	0.4626
12261.s1	A	G	0.5008
12264.fa	A	A	0.0000
12264.mo	A	A	0.0000
12264.p1	A	A	0.0000
12265.fa	A	A	0.0233
12265.mo	A	A	0.0209
12265.p1	A	A	0.0306
12266.fa	A	G	0.4853
12266.mo	A	G	0.5253
12266.p1	A	A	0.0180
12271.fa	A	A	0.0000
12271.mo	A	A	0.0000
12271.p1	A	A	0.0000
12271.s1	A	A	0.0000
12272.fa	A	A	0.0000
12272.mo	A	G	0.5248
12272.p1	A	G	0.5452
12272.s1	A	A	0.0000
12274.fa	A	G	0.5512
12274.mo	A	A	0.0000
12274.p1	A	G	0.4984
12274.s1	A	A	0.0000
12275.fa	A	A	0.0060
12275.mo	A	A	0.0063
12275.p1	A	A	0.0136
12275.s1	A	A	0.0087
12281.fa	A	A	0.0136
12281.mo	A	A	0.0046
12281.p1	A	A	0.0072
12281.s1	A	A	0.0105
12284.fa	A	G	0.5357
12284.mo	A	A	0.0000
12284.p1	A	G	0.5139
12284.s1	A	G	0.5118
12285.fa	A	A	0.0167
12285.mo	A	G	0.5186
12285.p1	A	G	0.4724
12285.s1	A	A	0.0115
12286.fa	A	A	0.0145
12286.mo	A	G	0.5351
12286.p1	A	A	0.0371
12287.fa	G	G	1.0000
12287.mo	A	A	0.0000
12287.p1	A	G	0.4899
12289.fa	A	A	0.0000
12289.mo	A	A	0.0000
12289.p1	A	A	0.0013
12289.s1	A	A	0.0000
12295.fa	A	A	0.0027
12295.mo	A	A	0.0032
12295.p1	A	A	0.0036
12295.s1	A	A	0.0134
12295.s2	A	A	0.0000
12296.fa	A	A	0.0057
12296.mo	A	G	0.5212
12296.p1	A	G	0.4759
12296.s1	A	A	0.0036
12296.s2	A	A	0.0150
12297.fa	A	G	0.5406
12297.mo	A	A	0.0000
12297.p1	A	A	0.0000
12297.s1	A	G	0.5508
12299.fa	A	A	0.0053
12299.mo	A	G	0.5138
12299.p1	A	G	0.5116
12299.s1	A	G	0.4891
12300.fa	A	G	0.5440
12300.mo	A	A	0.0108
12300.p1	A	G	0.5604
12300.s1	A	G	0.5231
12301.fa	A	A	0.0076
12301.mo	A	A	0.0000
12301.p1	A	A	0.0105
12301.s1	A	A	0.0236
12302.fa	A	A	0.0000
12302.mo	A	A	0.0000
12302.p1	A	A	0.0034
12302.s1	A	A	0.0000
12303.fa	A	A	0.0000
12303.mo	A	G	0.5076
12303.p1	A	A	0.0106
12303.s1	A	G	0.5375
12304.fa	A	A	0.0000
12304.mo	A	A	0.0000
12304.p1	A	A	0.0000
12304.s1	A	A	0.0000
12306.fa	A	A	0.0080
12306.mo	A	A	0.0000
12306.p1	A	A	0.0000
12308.fa	A	A	0.0000
12308.mo	A	A	0.0088
12308.p1	A	A	0.0000
12308.s1	A	A	0.0000
12310.fa	A	A	0.0000
12310.mo	A	G	0.4873
12310.p1	A	G	0.5016
12310.p2	A	G	0.5063
12311.fa	A	A	0.0076
12311.mo	A	A	0.0052
12311.p1	A	A	0.0314
12312.fa	G	G	0.9975
12312.mo	A	A	0.0128
12312.p1	A	G	0.5335
12313.fa	A	A	0.0000
12313.mo	A	A	0.0000
12313.p1	A	A	0.0008
12313.s1	A	A	0.0103
12314.fa	A	A	0.0000
12314.mo	A	A	0.0000
12314.p1	A	A	0.0000
12314.s1	A	A	0.0000
12315.fa	A	A	0.0206
12315.mo	A	A	0.0118
12315.p1	A	A	0.0003
12316.fa	A	A	0.0000
12316.mo	A	G	0.5261
12316.p1	A	G	0.5768
12316.s1	A	G	0.5225
12317.fa	A	A	0.0000
12317.mo	A	A	0.0057
12317.p1	A	A	0.0085
12317.s1	A	A	0.0186
12320.fa	A	A	0.0000
12320.mo	A	G	0.5073
12320.p1	A	G	0.5354
12320.s1	A	A	0.0011
12321.fa	A	A	0.0079
12321.mo	A	G	0.5559
12321.p1	A	A	0.0008
12321.s1	A	A	0.0121
12323.fa	A	A	0.0212
12323.mo	A	A	0.0000
12323.p1	A	A	0.0025
12323.s1	A	A	0.0074
12324.fa	A	A	0.0000
12324.mo	A	A	0.0044
12324.p1	A	A	0.0000
12324.s1	A	A	0.0000
12325.fa	A	G	0.4845
12325.mo	A	G	0.4797
12325.p1	G	G	0.9744
12325.s1	A	A	0.0000
12325.s2	A	A	0.0040
12325.s3	A	A	0.0000
12329.fa	A	A	0.0000
12329.mo	A	A	0.0000
12329.p1	A	A	0.0000
12329.s1	A	A	0.0000
12330.fa	A	A	0.0085
12330.mo	A	A	0.0000
12330.p1	A	A	0.0180
12331.fa	A	A	0.0045
12331.mo	A	G	0.4792
12331.p1	A	A	0.0078
12331.s1	A	G	0.5144
12334.fa	A	G	0.5087
12334.mo	A	G	0.5270
12334.p1	A	G	0.5127
12334.s1	A	A	0.0000
12335.fa	A	A	0.0187
12335.mo	A	G	0.5093
12335.p1	A	A	0.0038
12335.s1	A	G	0.5518
12336.fa	A	A	0.0194
12336.mo	A	A	0.0058
12336.p1	A	A	0.0274
12337.fa	A	A	0.0000
12337.mo	A	G	0.4822
12337.p1	A	A	0.0080
12337.s1	A	A	0.0202
12339.fa	A	A	0.0000
12339.mo	A	A	0.0000
12339.p1	A	A	0.0000
12339.s1	A	A	0.0320
12340.fa	A	A	0.0078
12340.mo	G	G	1.0000
12340.p1	A	G	0.5031
12340.s1	A	G	0.5099
12341.fa	A	A	0.0162
12341.mo	A	A	0.0000
12341.p1	A	A	0.0085
12341.s1	A	A	0.0000
12343.fa	A	A	0.0041
12343.mo	A	A	0.0098
12343.p1	A	A	0.0087
12343.s1	A	A	0.0131
12345.fa	G	G	0.9912
12345.mo	A	G	0.5143
12345.p1	A	G	0.5116
12345.s1	G	G	0.9825
12346.fa	A	G	0.5263
12346.mo	A	A	0.0000
12346.p1	A	A	0.0078
12346.s1	A	A	0.0000
12347.fa	A	A	0.0033
12347.mo	A	A	0.0039
12347.p1	A	A	0.0000
12347.s1	A	A	0.0000
12349.fa	A	A	0.0004
12349.mo	A	A	0.0157
12349.p1	A	A	0.0106
12350.fa	A	A	0.0154
12350.mo	A	A	0.0432
12350.p1	A	A	0.0204
12351.fa	A	G	0.4824
12351.mo	A	A	0.0041
12351.p1	A	A	0.0000
12351.s1	A	A	0.0000
12351.s2	A	G	0.5062
12354.fa	A	A	0.0029
12354.mo	A	A	0.0176
12354.p1	A	A	0.0001
12355.fa	A	A	0.0111
12355.mo	A	A	0.0195
12355.p1	A	A	0.0033
12356.fa	A	A	0.0000
12356.mo	A	A	0.0000
12356.p1	A	A	0.0000
12356.s1	A	A	0.0039
12358.fa	A	A	0.0146
12358.mo	A	G	0.4952
12358.p1	A	G	0.5039
12358.s1	A	G	0.4881
12359.fa	A	G	0.5131
12359.mo	A	A	0.0000
12359.p1	A	G	0.4716
12359.s1	A	A	0.0191
12360.fa	A	A	0.0000
12360.mo	A	A	0.0000
12360.p1	A	A	0.0000
12360.s1	A	A	0.0000
12361.fa	A	A	0.0145
12361.mo	A	G	0.4841
12361.p1	A	A	0.0017
12361.s1	A	A	0.0000
12362.fa	A	A	0.0000
12362.mo	A	A	0.0070
12362.p1	A	A	0.0000
12363.fa	A	A	0.0010
12363.mo	A	A	0.0000
12363.p1	A	A	0.0000
12363.s1	A	A	0.0000
12366.fa	G	G	1.0000
12366.mo	A	A	0.0198
12366.p1	A	G	0.4862
12366.s1	A	G	0.4903
12366.s2	A	G	0.5365
12367.fa	A	G	0.5077
12367.mo	A	A	0.0000
12367.p1	A	G	0.5008
12367.s1	A	G	0.4732
12368.fa	A	A	0.0000
12368.mo	A	A	0.0000
12368.p1	A	A	0.0080
12368.s1	A	A	0.0000
12369.fa	A	A	0.0044
12369.mo	A	A	0.0143
12369.p1	A	A	0.0370
12369.s1	A	A	0.0136
12370.fa	A	A	0.0183
12370.mo	A	A	0.0005
12370.p1	A	A	0.0047
12370.s1	A	A	0.0129
12372.fa	A	G	0.4541
12372.mo	A	A	0.0105
12372.p1	A	A	0.0169
12372.s1	A	A	0.0130
12373.fa	A	A	0.0000
12373.mo	G	G	0.9907
12373.p1	A	G	0.4787
12373.s1	A	G	0.4878
12375.fa	A	A	0.0049
12375.mo	A	G	0.5165
12375.p1	A	A	0.0163
12375.s1	A	A	0.0000
12376.fa	A	A	0.0000
12376.mo	A	A	0.0065
12376.p1	A	A	0.0033
12376.s1	A	A	0.0065
12377.fa	A	G	0.5322
12377.mo	A	A	0.0241
12377.p1	A	A	0.0000
12377.s1	A	A	0.0018
12378.fa	A	A	0.0000
12378.mo	A	A	0.0000
12378.p1	A	A	0.0000
12378.s1	A	A	0.0080
12379.fa	A	A	0.0050
12379.mo	A	A	0.0144
12379.p1	A	A	0.0038
12380.fa	A	A	0.0066
12380.mo	A	A	0.0055
12380.p1	A	A	0.0074
12380.s1	A	A	0.0000
12381.fa	A	G	0.5186
12381.mo	A	A	0.0102
12381.p1	A	A	0.0000
12381.s1	A	A	0.0000
12382.fa	A	G	0.4861
12382.mo	A	A	0.0461
12382.p1	A	A	0.0104
12382.s1	A	G	0.4990
12383.fa	A	A	0.0132
12383.mo	A	A	0.0360
12383.p1	A	A	0.0027
12383.s1	A	A	0.0000
12385.fa	A	A	0.0152
12385.mo	A	A	0.0170
12385.p1	A	A	0.0198
12385.s1	A	A	0.0124
12389.fa	A	G	0.5088
12389.mo	A	A	0.0038
12389.p1	A	G	0.4923
12390.fa	A	A	0.0108
12390.mo	A	G	0.4996
12390.p1	A	G	0.4783
12390.s1	A	A	0.0104
12390.s2	A	G	0.4699
12392.fa	A	A	0.0135
12392.mo	A	A	0.0065
12392.p1	A	A	0.0107
12394.fa	A	A	0.0097
12394.mo	A	A	0.0000
12394.p1	A	A	0.0000
12394.s1	A	A	0.0000
12395.fa	A	G	0.4880
12395.mo	A	A	0.0051
12395.p1	A	A	0.0009
12396.fa	A	A	0.0000
12396.mo	A	A	0.0000
12396.p1	A	A	0.0000
12396.s1	A	A	0.0000
12399.fa	A	A	0.0060
12399.mo	A	A	0.0094
12399.p1	A	A	0.0057
12399.s1	A	A	0.0085
12403.fa	G	G	1.0000
12403.mo	A	A	0.0104
12403.p1	A	G	0.4780
12403.s1	A	G	0.4700
12404.fa	G	G	0.9975
12404.mo	A	A	0.0076
12404.p1	A	G	0.4916
12405.fa	A	G	0.5392
12405.mo	A	A	0.0000
12405.p1	A	G	0.5178
12405.s1	A	A	0.0000
12407.fa	A	G	0.4646
12407.mo	A	A	0.0113
12407.p1	A	G	0.4897
12407.s1	A	G	0.4911
12409.fa	A	A	0.0283
12409.mo	A	A	0.0000
12409.p1	A	A	0.0000
12409.s1	A	A	0.0190
12412.fa	A	G	0.5272
12412.mo	A	A	0.0000
12412.p1	A	G	0.5295
12412.s1	A	G	0.5079
12414.fa	A	A	0.0195
12414.mo	A	G	0.5357
12414.p1	A	A	0.0277
12415.fa	A	A	0.0000
12415.mo	A	A	0.0000
12415.p1	A	A	0.0000
12415.s1	A	A	0.0000
12415.s2	A	A	0.0000
12417.fa	A	A	0.0000
12417.mo	A	G	0.5245
12417.p1	A	G	0.4820
12418.fa	A	A	0.0184
12418.mo	A	A	0.0110
12418.p1	A	A	0.0000
12418.s1	A	A	0.0380
12418.s2	A	A	0.0457
12420.fa	A	A	0.0000
12420.mo	A	A	0.0000
12420.p1	A	A	0.0000
12420.s1	A	A	0.0000
12424.fa	A	A	0.0000
12424.mo	A	A	0.0000
12424.p1	A	A	0.0000
12424.s1	A	A	0.0000
12426.fa	A	A	0.0000
12426.mo	A	A	0.0000
12426.p1	A	A	0.0000
12426.s1	A	A	0.0000
12429.fa	A	A	0.0206
12429.mo	A	A	0.0176
12429.p1	A	A	0.0325
12430.fa	A	A	0.0117
12430.mo	A	A	0.0237
12430.p1	A	A	0.0084
12430.s1	A	A	0.0156
12434.fa	A	G	0.4923
12434.mo	A	A	0.0120
12434.p1	A	A	0.0125
12434.s1	A	G	0.4962
12435.fa	A	A	0.0000
12435.mo	A	A	0.0015
12435.p1	A	A	0.0083
12435.s1	A	A	0.0037
12437.fa	A	G	0.4747
12437.mo	A	A	0.0042
12437.p1	A	A	0.0290
12437.s1	A	A	0.0061
12438.fa	A	A	0.0000
12438.mo	A	A	0.0000
12438.p1	A	A	0.0000
12438.s1	A	A	0.0001
12439.fa	A	A	0.0000
12439.mo	A	A	0.0000
12439.p1	A	A	0.0000
12440.fa	A	G	0.4601
12440.mo	A	A	0.0235
12440.p1	A	G	0.4876
12440.s1	A	A	0.0129
12441.fa	A	A	0.0000
12441.mo	A	G	0.4888
12441.p1	A	G	0.4733
12441.s1	A	A	0.0000
12444.fa	A	A	0.0131
12444.mo	A	G	0.5410
12444.p1	A	G	0.4943
12444.s1	A	G	0.5069
12444.s2	A	A	0.0137
12445.fa	A	A	0.0000
12445.mo	A	A	0.0000
12445.p1	A	A	0.0000
12445.s1	A	A	0.0066
12447.fa	A	A	0.0000
12447.mo	A	A	0.0000
12447.p1	A	A	0.0000
12447.s1	A	A	0.0000
12448.fa	A	A	0.0245
12448.mo	A	A	0.0367
12448.p1	A	A	0.0135
12449.fa	A	A	0.0000
12449.mo	A	A	0.0017
12449.p1	A	A	0.0000
12449.s1	A	A	0.0000
12451.fa	A	A	0.0220
12451.mo	A	G	0.4932
12451.p1	A	A	0.0064
12451.s1	A	A	0.0000
12454.fa	A	A	0.0000
12454.mo	A	A	0.0000
12454.p1	A	A	0.0000
12456.fa	A	G	0.5211
12456.mo	A	A	0.0100
12456.p1	A	G	0.4964
12456.s1	A	A	0.0134
12457.fa	A	A	0.0133
12457.mo	A	A	0.0067
12457.p1	A	A	0.0090
12457.s1	A	A	0.0066
12459.fa	A	A	0.0008
12459.mo	A	A	0.0000
12459.p1	A	A	0.0068
12460.fa	A	A	0.0237
12460.mo	A	A	0.0083
12460.p1	A	A	0.0185
12460.s1	A	A	0.0156
12461.fa	A	G	0.4838
12461.mo	A	A	0.0034
12461.p1	A	A	0.0114
12462.fa	A	A	0.0289
12462.mo	A	A	0.0112
12462.p1	A	A	0.0423
12462.s1	A	A	0.0000
12463.fa	A	A	0.0000
12463.mo	A	G	0.5074
12463.p1	A	G	0.5002
12463.s1	A	G	0.4916
12465.fa	A	G	0.5083
12465.mo	A	A	0.0033
12465.p1	A	A	0.0000
12467.fa	A	A	0.0000
12467.mo	A	A	0.0000
12467.p1	A	A	0.0000
12467.s1	A	A	0.0000
12469.fa	A	A	0.0081
12469.mo	A	A	0.0043
12469.p1	A	A	0.0169
12469.p2	A	A	0.0100
12469.s1	A	A	0.0036
12472.fa	A	G	0.5275
12472.mo	A	G	0.5216
12472.p1	A	G	0.5120
12473.fa	A	A	0.0074
12473.mo	A	A	0.0000
12473.p1	A	A	0.0000
12473.s1	A	A	0.0079
12476.fa	A	G	0.5254
12476.mo	A	A	0.0375
12476.p1	A	G	0.5223
12477.fa	A	A	0.0088
12477.mo	A	G	0.5144
12477.p1	A	A	0.0105
12478.fa	A	A	0.0000
12478.mo	A	G	0.4878
12478.p1	A	A	0.0000
12478.s1	A	A	0.0000
12479.fa	A	A	0.0046
12479.mo	A	A	0.0087
12479.p1	A	A	0.0089
12479.s1	A	A	0.0020
12480.fa	A	A	0.0000
12480.mo	A	G	0.5039
12480.p1	A	A	0.0000
12480.s1	A	A	0.0165
12481.fa	A	A	0.0000
12481.mo	A	A	0.0000
12481.p1	A	A	0.0000
12481.s1	A	A	0.0000
12482.fa	A	G	0.5014
12482.mo	A	A	0.0251
12482.p1	A	A	0.0039
12483.fa	A	A	0.0553
12483.mo	A	A	0.0308
12483.p1	A	A	0.0132
12483.s1	A	A	0.0081
12484.fa	A	A	0.0000
12484.mo	G	G	1.0000
12484.p1	A	G	0.5079
12484.s2	A	G	0.5115
12484.s3	A	G	0.4663
12485.fa	A	G	0.4844
12485.mo	A	A	0.0020
12485.p1	A	G	0.4835
12492.fa	A	A	0.0000
12492.mo	A	G	0.4937
12492.p1	A	G	0.4614
12492.s1	A	G	0.4947
12493.fa	A	A	0.0000
12493.mo	A	A	0.0000
12493.p1	A	A	0.0000
12493.s1	A	A	0.0000
12494.fa	A	A	0.0000
12494.mo	A	A	0.0000
12494.p1	A	A	0.0017
12494.s1	A	A	0.0075
12497.fa	A	A	0.0154
12497.mo	A	A	0.0204
12497.p1	A	A	0.0198
12497.s1	A	A	0.0018
12498.fa	A	A	0.0000
12498.mo	A	A	0.0000
12498.p1	A	A	0.0000
12498.s1	A	A	0.0000
12499.fa	A	A	0.0183
12499.mo	A	G	0.4805
12499.p1	A	G	0.5040
12499.s1	A	A	0.0074
12501.fa	A	A	0.0000
12501.mo	A	A	0.0000
12501.p1	A	A	0.0000
12501.s1	A	A	0.0000
12504.fa	A	G	0.5101
12504.mo	A	A	0.0206
12504.p1	A	G	0.4824
12505.fa	A	A	0.0022
12505.mo	A	A	0.0083
12505.p1	A	A	0.0093
12507.fa	A	A	0.0138
12507.mo	A	A	0.0042
12507.p1	A	A	0.0089
12507.s1	A	A	0.0055
12510.fa	A	A	0.0000
12510.mo	A	A	0.0000
12510.p1	A	A	0.0000
12510.s1	A	A	0.0000
12512.fa	A	A	0.0000
12512.mo	A	A	0.0000
12512.p1	A	A	0.0003
12512.s1	A	A	0.0000
12512.s2	A	A	0.0000
12515.fa	A	G	0.4911
12515.mo	A	A	0.0000
12515.p1	A	A	0.0000
12515.s1	A	A	0.0023
12517.fa	A	A	0.0000
12517.mo	A	A	0.0000
12517.p1	A	A	0.0000
12517.s1	A	A	0.0000
12518.fa	A	G	0.5095
12518.mo	A	G	0.4678
12518.p1	A	G	0.4753
12518.s1	A	A	0.0000
12521.fa	A	A	0.0044
12521.mo	A	A	0.0000
12521.p1	A	A	0.0212
12521.s1	A	A	0.0260
12523.fa	A	A	0.0000
12523.mo	A	A	0.0000
12523.p1	A	A	0.0000
12523.s1	A	A	0.0000
12524.fa	A	A	0.0153
12524.mo	A	A	0.0180
12524.p1	A	A	0.0081
12524.s1	A	A	0.0047
12526.fa	A	A	0.0079
12526.mo	A	G	0.4683
12526.p1	A	G	0.5115
12526.s1	A	G	0.4585
12529.fa	A	A	0.0000
12529.mo	A	A	0.0075
12529.p1	A	A	0.0259
12529.s1	A	A	0.0000
12532.fa	A	G	0.5249
12532.mo	A	A	0.0221
12532.p1	A	G	0.4797
12532.s1	A	G	0.5173
12534.fa	A	A	0.0231
12534.mo	A	A	0.0024
12534.p1	A	A	0.0000
12534.s1	A	A	0.0095
12536.fa	G	G	0.9918
12536.mo	A	A	0.0227
12536.p1	A	G	0.5107
12536.s1	A	G	0.4988
12539.fa	A	A	0.0027
12539.mo	A	A	0.0026
12539.p1	A	A	0.0012
12540.fa	A	A	0.0035
12540.mo	A	A	0.0017
12540.p1	A	A	0.0150
12540.s1	A	A	0.0025
12541.fa	A	A	0.0000
12541.mo	A	A	0.0052
12541.p1	A	A	0.0071
12541.s1	A	A	0.0043
12543.fa	A	G	0.5036
12543.mo	A	G	0.4734
12543.p1	A	A	0.0000
12547.fa	A	G	0.5073
12547.mo	A	A	0.0124
12547.p1	A	G	0.5280
12548.fa	A	A	0.0000
12548.mo	A	A	0.0000
12548.p1	A	A	0.0000
12548.s1	A	A	0.0000
12548.s2	A	A	0.0000
12550.fa	A	A	0.0000
12550.mo	A	A	0.0131
12550.p1	A	A	0.0139
12550.s1	A	A	0.0000
12550.s2	A	A	0.0000
12552.fa	A	A	0.0265
12552.mo	A	G	0.4956
12552.p1	A	G	0.4858
12552.s1	A	A	0.0216
12558.fa	A	A	0.0000
12558.mo	A	A	0.0181
12558.p1	A	A	0.0241
12561.fa	A	A	0.0088
12561.mo	A	G	0.5040
12561.p1	A	G	0.4791
12561.s1	A	A	0.0080
12565.fa	A	A	0.0000
12565.mo	A	A	0.0000
12565.p1	A	A	0.0000
12565.s1	A	A	0.0000
12566.fa	A	A	0.0000
12566.mo	A	A	0.0000
12566.p1	A	A	0.0000
12568.fa	A	G	0.5027
12568.mo	A	A	0.0000
12568.p1	A	G	0.4956
12568.s1	A	A	0.0017
12572.fa	A	A	0.0141
12572.mo	A	G	0.5236
12572.p1	A	G	0.5024
12572.s1	A	G	0.4770
12572.s2	A	G	0.5195
12573.fa	A	A	0.0154
12573.mo	A	G	0.5471
12573.p1	A	A	0.0182
12573.s1	A	G	0.5347
12574.fa	A	G	0.5048
12574.mo	G	G	0.9901
12574.p1	G	G	1.0000
12574.s1	A	G	0.5260
12575.fa	A	A	0.0000
12575.mo	A	G	0.4952
12575.p1	A	A	0.0000
12575.s1	A	G	0.4936
12575.s2	A	G	0.4834
12578.fa	A	A	0.0134
12578.mo	A	A	0.0149
12578.p1	A	A	0.0095
12578.s1	A	A	0.0149
12579.fa	A	A	0.0000
12579.mo	A	A	0.0000
12579.p1	A	A	0.0000
12579.s1	A	A	0.0000
12581.fa	A	G	0.4705
12581.mo	A	A	0.0251
12581.p1	A	G	0.4787
12581.s1	A	A	0.0000
12582.fa	A	A	0.0326
12582.mo	A	A	0.0000
12582.p1	A	A	0.0000
12582.s1	A	A	0.0219
12585.fa	A	A	0.0000
12585.mo	A	A	0.0022
12585.p1	A	A	0.0000
12585.s1	A	A	0.0000
12587.fa	G	G	0.9772
12587.mo	A	A	0.0000
12587.p1	A	G	0.4711
12588.fa	A	A	0.0000
12588.mo	A	A	0.0000
12588.p1	A	A	0.0000
12588.s1	A	A	0.0000
12590.fa	A	A	0.0011
12590.mo	A	A	0.0000
12590.p1	A	A	0.0000
12590.s1	A	A	0.0000
12590.s2	A	A	0.0095
12591.fa	A	G	0.5432
12591.mo	A	A	0.0101
12591.p1	A	A	0.0044
12592.fa	A	A	0.0000
12592.mo	A	A	0.0000
12592.p1	A	A	0.0000
12592.s1	A	A	0.0000
12592.s2	A	A	0.0000
12594.fa	A	G	0.4632
12594.mo	A	A	0.0000
12594.p1	A	A	0.0000
12595.fa	A	A	0.0002
12595.mo	A	G	0.4628
12595.p1	A	G	0.4709
12595.s1	A	G	0.4910
12596.fa	A	A	0.0255
12596.mo	G	G	0.9970
12596.p1	A	G	0.5053
12596.s1	A	G	0.5247
12597.fa	A	A	0.0000
12597.mo	A	G	0.5051
12597.p1	A	A	0.0034
12597.s1	A	G	0.4857
12598.fa	A	A	0.0000
12598.mo	A	A	0.0000
12598.p1	A	A	0.0000
12598.s1	A	A	0.0000
12600.fa	A	G	0.4846
12600.mo	A	G	0.5079
12600.p1	G	G	0.9805
12602.fa	A	A	0.0106
12602.mo	A	G	0.4631
12602.p1	A	G	0.4947
12602.s1	A	G	0.4741
12603.fa	A	G	0.4821
12603.mo	A	A	0.0000
12603.p1	A	G	0.4990
12603.s1	A	G	0.4395
12604.fa	A	A	0.0178
12604.mo	A	G	0.4793
12604.p1	A	G	0.5178
12605.fa	A	G	0.5747
12605.mo	A	A	0.0216
12605.p1	A	A	0.0056
12605.s1	A	G	0.5736
12606.fa	A	A	0.0192
12606.mo	A	A	0.0117
12606.p1	A	A	0.0103
12607.fa	A	G	0.4880
12607.mo	A	G	0.5046
12607.p1	A	G	0.4790
12608.fa	A	A	0.0030
12608.mo	A	A	0.0000
12608.p1	A	A	0.0000
12610.fa	A	A	0.0069
12610.mo	A	A	0.0080
12610.p1	A	A	0.0000
12610.s1	A	A	0.0013
12611.fa	A	A	0.0144
12611.mo	A	A	0.0029
12611.p1	A	A	0.0041
12613.fa	A	A	0.0000
12613.mo	A	G	0.5001
12613.p1	A	G	0.5080
12613.s1	A	G	0.5302
12613.s2	A	A	0.0000
12614.fa	A	A	0.0046
12614.mo	A	A	0.0012
12614.p1	A	A	0.0038
12617.fa	A	A	0.0041
12617.mo	A	A	0.0044
12617.p1	A	A	0.0040
12617.s1	A	A	0.0030
12618.fa	A	A	0.0009
12618.mo	A	G	0.4491
12618.p1	A	G	0.4610
12618.s1	A	A	0.0000
12619.fa	A	G	0.5352
12619.mo	A	A	0.0033
12619.p1	A	G	0.5627
12619.s1	A	A	0.0113
12620.fa	A	A	0.0000
12620.mo	A	A	0.0000
12620.p1	A	A	0.0000
12620.s1	A	A	0.0000
12621.fa	A	A	0.0000
12621.mo	A	G	0.5025
12621.p1	A	A	0.0000
12621.s1	A	G	0.4796
12622.fa	A	A	0.0042
12622.mo	A	A	0.0137
12622.p1	A	A	0.0261
12622.s1	A	A	0.0087
12622.s2	A	A	0.0381
12622.s3	A	A	0.0131
12623.fa	A	G	0.4708
12623.mo	A	G	0.4830
12623.p1	A	G	0.5358
12623.s1	A	G	0.4923
12624.fa	A	A	0.0000
12624.mo	A	A	0.0045
12624.p1	A	A	0.0000
12624.s1	A	A	0.0122
12626.fa	A	A	0.0054
12626.mo	A	A	0.0015
12626.p1	A	A	0.0047
12626.s1	A	A	0.0078
12628.fa	A	A	0.0000
12628.mo	A	G	0.4935
12628.p1	A	G	0.4521
12628.s1	A	A	0.0000
12629.fa	A	A	0.0004
12629.mo	A	G	0.4815
12629.p1	A	G	0.5001
12630.fa	A	A	0.0063
12630.mo	A	A	0.0070
12630.p1	A	A	0.0067
12630.s1	A	A	0.0188
12631.fa	A	G	0.4681
12631.mo	A	A	0.0000
12631.p1	A	G	0.4876
12631.s1	A	G	0.4581
12633.fa	A	A	0.0000
12633.mo	A	G	0.5827
12633.p1	A	G	0.5480
12633.s1	A	A	0.0000
12634.fa	A	G	0.5020
12634.mo	A	A	0.0211
12634.p1	A	G	0.5135
12636.fa	A	G	0.5021
12636.mo	A	A	0.0264
12636.p1	A	A	0.0197
12636.s1	A	G	0.5211
12637.fa	A	A	0.0000
12637.mo	A	G	0.5141
12637.p1	A	G	0.4959
12637.s1	A	A	0.0102
12638.fa	A	A	0.0137
12638.mo	G	G	0.9919
12638.p1	A	G	0.5075
12638.s1	A	G	0.4996
12640.fa	A	G	0.4919
12640.mo	A	G	0.4762
12640.p1	A	A	0.0000
12641.fa	A	A	0.0209
12641.mo	A	A	0.0000
12641.p1	A	A	0.0000
12641.s1	A	A	0.0000
12642.fa	A	A	0.0048
12642.mo	A	G	0.4658
12642.p1	A	G	0.4693
12642.s1	A	A	0.0000
12643.fa	A	A	0.0048
12643.mo	A	A	0.0099
12643.p1	A	A	0.0000
12645.fa	A	A	0.0168
12645.mo	A	G	0.5507
12645.p1	A	G	0.5527
12645.s1	A	A	0.0150
12646.fa	A	A	0.0098
12646.mo	A	A	0.0062
12646.p1	A	A	0.0241
12646.s1	A	A	0.0009
12646.s2	A	A	0.0087
12647.fa	A	A	0.0025
12647.mo	A	A	0.0137
12647.p1	A	A	0.0027
12647.s1	A	A	0.0102
12647.s2	A	A	0.0124
12647.s3	A	A	0.0157
12648.fa	A	G	0.5384
12648.mo	A	A	0.0070
12648.p1	A	G	0.5136
12648.s1	A	A	0.0000
12650.fa	A	G	0.4972
12650.mo	A	A	0.0614
12650.p1	A	A	0.0026
12650.s1	A	A	0.0012
12651.fa	A	G	0.4926
12651.mo	A	A	0.0092
12651.p1	A	A	0.0012
12651.s1	A	G	0.4778
12652.fa	A	A	0.0234
12652.mo	A	G	0.4720
12652.p1	A	A	0.0000
12652.s1	A	G	0.5163
12653.fa	A	A	0.0064
12653.mo	A	A	0.0103
12653.p1	A	A	0.0096
12653.s1	A	A	0.0059
12655.fa	A	A	0.0000
12655.mo	A	A	0.0000
12655.p1	A	A	0.0063
12655.s1	A	A	0.0204
12656.fa	A	A	0.0076
12656.mo	A	G	0.4910
12656.p1	A	A	0.0224
12656.s1	A	G	0.5093
12657.fa	A	A	0.0000
12657.mo	A	A	0.0000
12657.p1	A	A	0.0000
12657.s1	A	A	0.0064
12657.s2	A	A	0.0000
12657.s3	A	A	0.0000
12661.fa	A	G	0.4858
12661.mo	A	A	0.0000
12661.p1	A	G	0.4932
12661.s1	A	A	0.0000
12662.fa	G	G	0.9913
12662.mo	A	A	0.1529
12662.p1	A	G	0.5192
12662.s1	A	G	0.5131
12664.fa	A	G	0.4853
12664.mo	A	A	0.0108
12664.p1	A	G	0.5325
12664.s1	A	A	0.0000
12665.fa	A	G	0.4412
12665.mo	A	A	0.0170
12665.p1	A	A	0.0058
12667.fa	A	G	0.4727
12667.mo	A	G	0.5211
12667.p1	G	G	0.9955
12667.s1	A	A	0.0115
12669.fa	A	A	0.0000
12669.mo	A	A	0.0000
12669.p1	A	A	0.0000
12669.s1	A	A	0.0100
12670.fa	A	G	0.4934
12670.mo	A	G	0.4642
12670.p1	A	A	0.0000
12671.fa	A	A	0.0000
12671.mo	A	A	0.0009
12671.p1	A	A	0.0000
12671.s1	A	A	0.0000
12673.fa	A	A	0.0070
12673.mo	A	A	0.0236
12673.p1	A	A	0.0114
12673.s1	A	A	0.0095
12673.s2	A	A	0.0122
12674.fa	A	A	0.0129
12674.mo	A	A	0.0145
12674.p1	A	A	0.0102
12674.s1	A	A	0.0078
12676.fa	A	A	0.0102
12676.mo	A	A	0.0000
12676.p1	A	A	0.0143
12676.s1	A	A	0.0208
12679.fa	A	A	0.0000
12679.mo	A	A	0.0000
12679.p1	A	A	0.0000
12679.s1	A	A	0.0000
12680.fa	A	G	0.5423
12680.mo	A	A	0.0241
12680.p1	A	A	0.0131
12680.s1	A	A	0.0033
12680.s2	A	A	0.0130
12680.s3	A	G	0.5603
12681.fa	A	A	0.0057
12681.mo	A	A	0.0070
12681.p1	A	A	0.0090
12681.s1	A	A	0.0067
12681.s2	A	A	0.0141
12682.fa	A	G	0.5315
12682.mo	A	G	0.5179
12682.p1	G	G	0.9916
12682.s1	G	G	1.0000
12683.fa	A	A	0.0096
12683.mo	A	A	0.0133
12683.p1	A	A	0.0165
12683.s1	A	A	0.0124
12685.fa	A	A	0.0091
12685.mo	A	A	0.0219
12685.p1	A	A	0.0034
12685.s1	A	A	0.0053
12686.fa	A	A	0.0000
12686.mo	A	A	0.0037
12686.p1	A	A	0.0000
12686.s1	A	A	0.0000
12687.fa	A	G	0.4731
12687.mo	A	G	0.4701
12687.p1	A	G	0.4565
12687.s1	A	A	0.0000
12688.fa	A	A	0.0178
12688.mo	A	A	0.0031
12688.p1	A	A	0.0147
12688.s1	A	A	0.0031
12689.fa	A	A	0.0000
12689.mo	A	A	0.0241
12689.p1	A	A	0.0265
12689.s1	A	A	0.0039
12690.fa	A	G	0.5048
12690.mo	A	G	0.5213
12690.p1	G	G	0.9948
12690.s1	A	G	0.5151
12691.fa	A	G	0.4837
12691.mo	A	G	0.5089
12691.p1	G	G	1.0000
12691.s1	A	G	0.5214
12692.fa	A	A	0.0000
12692.mo	A	A	0.0000
12692.p1	A	A	0.0000
12692.s1	A	A	0.0000
12693.fa	A	A	0.0029
12693.mo	A	A	0.0126
12693.p1	A	A	0.0144
12693.s1	A	A	0.0214
12693.s2	A	A	0.0121
12694.fa	A	A	0.0157
12694.mo	A	A	0.0028
12694.p1	A	A	0.0000
12694.s1	A	A	0.0048
12694.s2	A	A	0.0160
12695.fa	A	G	0.5009
12695.mo	A	A	0.0099
12695.p1	A	G	0.5056
12695.s1	A	A	0.0077
12697.fa	A	A	0.0085
12697.mo	A	G	0.5304
12697.p1	A	G	0.5454
12697.s1	A	G	0.5799
12698.fa	A	A	0.0238
12698.mo	A	A	0.0440
12698.p1	A	A	0.0190
12700.fa	A	A	0.0000
12700.mo	A	A	0.0000
12700.p1	A	A	0.0000
12700.s1	A	A	0.0000
12701.fa	A	A	0.0039
12701.mo	A	G	0.5005
12701.p1	A	A	0.0057
12701.s1	A	A	0.0045
12703.fa	A	A	0.0212
12703.mo	A	A	0.0110
12703.p1	A	A	0.0000
12703.s1	A	A	0.0023
12704.fa	A	G	0.4934
12704.mo	A	A	0.0024
12704.p1	A	A	0.0000
12704.s1	A	G	0.4684
12704.s2	A	G	0.5035
12706.fa	A	A	0.0023
12706.mo	A	A	0.0004
12706.p1	A	A	0.0106
12706.s1	A	A	0.0200
12707.fa	A	A	0.0000
12707.mo	A	G	0.5269
12707.p1	A	A	0.0620
12707.s2	A	G	0.4771
12708.fa	A	G	0.4854
12708.mo	A	A	0.0167
12708.p1	A	A	0.0084
12708.s1	A	A	0.0040
12710.fa	A	A	0.0301
12710.mo	A	A	0.0203
12710.p1	A	A	0.0288
12714.fa	A	A	0.0000
12714.mo	A	A	0.0000
12714.p1	A	A	0.0000
12715.fa	A	A	0.0008
12715.mo	A	A	0.0093
12715.p1	A	A	0.0215
12715.s1	A	A	0.0069
12716.fa	A	A	0.0061
12716.mo	A	A	0.0229
12716.p1	A	A	0.0169
12716.s1	A	A	0.0131
12717.fa	A	A	0.0401
12717.mo	A	A	0.0126
12717.p1	A	A	0.0248
12719.fa	A	A	0.0007
12719.mo	A	A	0.0001
12719.p1	A	A	0.0001
12719.s1	A	A	0.0204
12720.fa	A	A	0.0100
12720.mo	A	A	0.0063
12720.p1	A	A	0.0246
12720.s1	A	A	0.0000
12722.fa	A	G	0.5509
12722.mo	A	A	0.0013
12722.p1	A	G	0.5261
12722.s1	A	G	0.5076
12723.fa	A	A	0.0038
12723.mo	A	G	0.5309
12723.p1	A	G	0.4957
12723.s1	A	G	0.5277
12724.fa	A	A	0.0000
12724.mo	A	G	0.5780
12724.p1	A	G	0.5423
12724.s1	A	G	0.5058
12727.fa	A	A	0.0112
12727.mo	A	A	0.0000
12727.p1	A	A	0.0167
12727.s1	A	A	0.0381
12729.fa	A	A	0.0130
12729.mo	A	A	0.0030
12729.p1	A	A	0.0056
12729.s1	A	A	0.0010
12731.fa	A	A	0.0124
12731.mo	A	A	0.0280
12731.p1	A	A	0.0095
12731.s1	A	A	0.0460
12732.fa	A	A	0.0000
12732.mo	A	A	0.0000
12732.p1	A	A	0.0000
12732.s1	A	A	0.0000
12733.fa	A	G	0.5539
12733.mo	A	A	0.0229
12733.p1	A	A	0.0156
12733.s1	A	G	0.5510
12735.fa	G	G	1.0000
12735.mo	A	A	0.0048
12735.p1	A	G	0.5594
12735.s1	A	G	0.5440
12737.fa	A	A	0.0000
12737.mo	A	A	0.0056
12737.p1	A	A	0.0000
12737.s1	A	A	0.0000
12738.fa	A	A	0.0052
12738.mo	A	A	0.0154
12738.p1	A	A	0.0094
12738.s1	A	A	0.0137
12739.fa	A	A	0.0144
12739.mo	A	A	0.0216
12739.p1	A	A	0.0178
12739.s1	A	A	0.0163
12740.fa	A	A	0.0126
12740.mo	A	A	0.0097
12740.p1	A	A	0.0094
12741.fa	A	A	0.0021
12741.mo	A	A	0.0059
12741.p1	A	A	0.0272
12741.s1	A	A	0.0023
12742.fa	A	A	0.0029
12742.mo	A	A	0.0024
12742.p1	A	A	0.0073
12743.fa	A	A	0.0206
12743.mo	G	G	1.0000
12743.p1	A	G	0.5362
12743.s1	A	G	0.5171
12744.fa	A	A	0.0098
12744.mo	A	A	0.0140
12744.p1	A	A	0.0103
12748.fa	A	A	0.0064
12748.mo	A	A	0.0077
12748.p1	A	A	0.0243
12748.s1	A	A	0.0177
12749.fa	A	G	0.5384
12749.mo	A	A	0.0093
12749.p1	A	G	0.5376
12749.s1	A	A	0.0285
12750.fa	A	G	0.4746
12750.mo	A	A	0.0213
12750.p1	A	G	0.5067
12752.fa	A	A	0.0119
12752.mo	A	G	0.5419
12752.p1	A	G	0.5234
12754.fa	A	G	0.5129
12754.mo	A	A	0.0000
12754.p1	A	A	0.0118
12757.fa	A	G	0.5294
12757.mo	A	A	0.0206
12757.p1	A	G	0.4915
12758.fa	A	G	0.5613
12758.mo	A	A	0.0094
12758.p1	A	A	0.0120
12758.s1	A	A	0.0102
12759.fa	A	A	0.0000
12759.mo	A	A	0.0000
12759.p1	A	A	0.0000
12759.s1	A	A	0.0000
12761.fa	A	A	0.0070
12761.mo	A	A	0.0070
12761.p1	A	A	0.0008
12763.fa	A	A	0.0000
12763.mo	A	A	0.0000
12763.p1	A	A	0.0142
12763.s1	A	A	0.0000
12764.fa	A	A	0.0000
12764.mo	A	A	0.0000
12764.p1	A	A	0.0000
12764.s1	A	A	0.0000
12766.fa	A	A	0.0000
12766.mo	A	A	0.0000
12766.p1	A	A	0.0000
12766.s1	A	A	0.0000
12770.fa	A	A	0.0103
12770.mo	A	G	0.5257
12770.p1	A	G	0.5207
12770.s1	A	A	0.0000
12772.fa	A	G	0.5204
12772.mo	A	G	0.5554
12772.p1	A	A	0.0045
12772.s1	A	A	0.0178
12773.fa	A	A	0.0167
12773.mo	A	A	0.0100
12773.p1	A	A	0.0228
12773.s1	A	A	0.0000
12775.fa	A	A	0.0000
12775.mo	A	A	0.0000
12775.p1	A	A	0.0000
12775.s1	A	A	0.0000
12777.fa	A	A	0.0070
12777.mo	A	A	0.0031
12777.p1	A	A	0.0178
12778.fa	A	A	0.0000
12778.mo	A	A	0.0257
12778.p1	A	A	0.0084
12778.s1	A	A	0.0078
12779.fa	A	A	0.0000
12779.mo	A	A	0.0027
12779.p1	A	A	0.0012
12779.s1	A	A	0.0000
12780.fa	A	G	0.5061
12780.mo	A	G	0.5287
12780.p1	A	G	0.5272
12780.s1	A	A	0.0381
12781.fa	A	A	0.0247
12781.mo	A	A	0.0090
12781.p1	A	A	0.0233
12782.fa	A	A	0.0000
12782.mo	A	A	0.0000
12782.p1	A	A	0.0005
12782.s1	A	A	0.0121
12783.fa	A	A	0.0000
12783.mo	A	A	0.0000
12783.p1	A	A	0.0000
12784.fa	A	A	0.0000
12784.mo	A	G	0.5199
12784.p1	A	G	0.5635
12784.s1	A	G	0.4996
12785.fa	A	A	0.0003
12785.mo	A	G	0.5415
12785.p1	A	G	0.5727
12785.s1	A	A	0.0083
12786.fa	A	A	0.0146
12786.mo	A	A	0.0068
12786.p1	A	A	0.0000
12786.s1	A	A	0.0000
12787.fa	A	A	0.0242
12787.mo	A	G	0.4732
12787.p1	A	G	0.5069
12787.s1	A	G	0.5182
12788.fa	A	A	0.0127
12788.mo	A	A	0.0065
12788.p1	A	A	0.0199
12788.s1	A	A	0.0000
12790.fa	A	G	0.4852
12790.mo	A	A	0.0032
12790.p1	A	G	0.4433
12790.s1	A	G	0.5062
12791.fa	A	A	0.0311
12791.mo	A	A	0.0238
12791.p1	A	A	0.0215
12791.s1	A	A	0.0167
12792.fa	A	A	0.0073
12792.mo	A	G	0.5376
12792.p1	A	G	0.5116
12792.s1	A	A	0.0085
12793.fa	A	A	0.0123
12793.mo	A	A	0.0099
12793.p1	A	A	0.0050
12793.s1	A	A	0.0175
12794.fa	A	A	0.0000
12794.mo	A	A	0.0027
12794.p1	A	A	0.0049
12794.s1	A	A	0.0095
12796.fa	A	A	0.0003
12796.mo	A	A	0.0028
12796.p1	A	A	0.0082
12796.s1	A	A	0.0000
12797.fa	A	A	0.0043
12797.mo	A	A	0.0000
12797.p1	A	A	0.0024
12798.fa	A	A	0.0000
12798.mo	A	A	0.0000
12798.p1	A	A	0.0039
12798.s1	A	A	0.0243
12798.s2	A	A	0.0135
12799.fa	A	A	0.0039
12799.mo	A	A	0.0030
12799.p1	A	A	0.0014
12799.s1	A	A	0.0000
12801.fa	A	A	0.0000
12801.mo	A	A	0.0000
12801.p1	A	A	0.0000
12801.s1	A	A	0.0010
12803.fa	A	A	0.0000
12803.mo	A	A	0.0000
12803.p1	A	A	0.0000
12803.s1	A	A	0.0000
12805.fa	G	G	0.9855
12805.mo	A	A	0.0114
12805.p1	A	G	0.4856
12809.fa	A	A	0.0206
12809.mo	A	G	0.5347
12809.p1	A	A	0.0079
12810.fa	A	A	0.0000
12810.mo	A	A	0.0000
12810.p1	A	A	0.0000
12810.s1	A	A	0.0000
12817.fa	A	G	0.4796
12817.mo	A	G	0.4835
12817.p1	G	G	1.0000
12817.s1	A	G	0.4889
12819.fa	A	A	0.0000
12819.mo	A	A	0.0000
12819.p1	A	A	0.0000
12819.s1	A	A	0.0000
12820.fa	A	G	0.5327
12820.mo	A	A	0.0011
12820.p1	A	A	0.0076
12821.fa	A	A	0.0000
12821.mo	A	G	0.4787
12821.p1	A	G	0.5072
12821.s1	A	G	0.5117
12821.s2	A	G	0.5133
12824.fa	A	A	0.0000
12824.mo	A	A	0.0000
12824.p1	A	A	0.0000
12824.s1	A	A	0.0016
12826.fa	A	A	0.0000
12826.mo	A	A	0.0000
12826.p1	A	A	0.0049
12826.s1	A	A	0.0000
12827.fa	A	A	0.0108
12827.mo	A	A	0.0081
12827.p1	A	A	0.0288
12828.fa	A	A	0.0127
12828.mo	G	G	1.0000
12828.p1	A	G	0.5409
12829.fa	A	A	0.0000
12829.mo	A	A	0.0000
12829.p1	A	A	0.0000
12829.s1	A	A	0.0000
12831.fa	G	G	0.9977
12831.mo	A	A	0.0021
12831.p1	A	G	0.5728
12832.fa	A	A	0.0000
12832.mo	A	A	0.0000
12832.p1	A	A	0.0000
12832.s1	A	A	0.0000
12832.s2	A	A	0.0000
12833.fa	A	A	0.0000
12833.mo	A	A	0.0000
12833.p1	A	A	0.0000
12833.s1	A	A	0.0000
12836.fa	A	A	0.0000
12836.mo	A	A	0.0000
12836.p1	A	A	0.0000
12836.s1	A	A	0.0000
12837.fa	A	G	0.4787
12837.mo	A	A	0.0000
12837.p1	A	A	0.0000
12837.s1	A	G	0.4849
12838.fa	A	A	0.0000
12838.mo	A	A	0.0000
12838.p1	A	A	0.0000
12838.s1	A	A	0.0000
12840.fa	A	A	0.0000
12840.mo	A	G	0.5379
12840.p1	A	G	0.4846
12840.s1	A	A	0.0000
12842.fa	A	A	0.0000
12842.mo	A	A	0.0025
12842.p1	A	A	0.0000
12843.fa	A	A	0.0000
12843.mo	A	A	0.0000
12843.p1	A	A	0.0000
12843.s1	A	A	0.0000
12845.fa	A	G	0.5340
12845.mo	A	G	0.5867
12845.p1	A	G	0.5376
12845.s1	A	G	0.5433
12845.s2	A	G	0.5016
12849.fa	A	A	0.0063
12849.mo	A	A	0.0000
12849.p1	A	A	0.0000
12849.s1	A	A	0.0000
12850.fa	A	A	0.0000
12850.mo	A	G	0.5251
12850.p1	A	G	0.4838
12850.s1	A	G	0.4874
12850.s2	A	A	0.0000
12850.s3	A	G	0.5552
12851.fa	A	G	0.4740
12851.mo	A	A	0.0000
12851.p1	A	A	0.0000
12851.s1	A	A	0.0000
12852.fa	A	A	0.0000
12852.mo	A	A	0.0037
12852.p1	A	A	0.0000
12852.s1	A	A	0.0000
12853.fa	A	A	0.0000
12853.mo	A	G	0.4953
12853.p1	A	A	0.0000
12853.s1	A	A	0.0009
12854.fa	A	A	0.0000
12854.mo	A	A	0.0000
12854.p1	A	A	0.0072
12854.s1	A	A	0.0000
12857.fa	A	A	0.0000
12857.mo	G	G	1.0000
12857.p1	A	G	0.5079
12857.s1	A	G	0.5251
12858.fa	A	A	0.0000
12858.mo	A	A	0.0000
12858.p1	A	A	0.0000
12858.s1	A	A	0.0000
12859.fa	A	A	0.0000
12859.mo	A	A	0.0000
12859.p1	A	A	0.0000
12859.s1	A	A	0.0000
12860.fa	A	A	0.0064
12860.mo	A	A	0.0000
12860.p1	A	A	0.0000
12860.s1	A	A	0.0000
12861.fa	A	A	0.0000
12861.mo	A	G	0.5527
12861.p1	A	G	0.5545
12861.s1	A	A	0.0103
12864.fa	A	G	0.4976
12864.mo	A	A	0.0000
12864.p1	A	A	0.0000
12864.s1	A	G	0.5036
12867.fa	A	A	0.0000
12867.mo	A	A	0.0000
12867.p1	A	A	0.0000
12867.s1	A	A	0.0099
12869.fa	A	A	0.0107
12869.mo	A	A	0.0130
12869.p1	A	A	0.0037
12869.s1	A	A	0.0208
12871.fa	A	A	0.0000
12871.mo	A	A	0.0000
12871.p1	A	A	0.0000
12871.s1	A	A	0.0000
12875.fa	A	A	0.0000
12875.mo	A	A	0.0000
12875.p1	A	A	0.0000
12875.s1	A	A	0.0000
12878.fa	A	A	0.0143
12878.mo	A	A	0.0315
12878.p1	A	A	0.0204
12879.fa	A	A	0.0000
12879.mo	A	A	0.0000
12879.p1	A	A	0.0004
12879.s1	A	A	0.0000
12885.fa	A	A	0.0000
12885.mo	A	A	0.0000
12885.p1	A	A	0.0072
12891.fa	A	A	0.0129
12891.mo	A	A	0.0000
12891.p1	A	A	0.0000
12891.s1	A	A	0.0019
12892.fa	A	A	0.0000
12892.mo	A	G	0.4801
12892.p1	A	A	0.0000
12892.s1	A	G	0.5078
12894.fa	A	A	0.0000
12894.mo	A	A	0.0000
12894.p1	A	A	0.0000
12894.s1	A	A	0.0000
12899.fa	A	G	0.5811
12899.mo	A	G	0.5388
12899.p1	A	A	0.0000
12899.s1	A	G	0.5412
12900.fa	A	G	0.4847
12900.mo	A	A	0.0220
12900.p1	A	A	0.0272
12901.fa	A	A	0.0000
12901.mo	A	G	0.5722
12901.p1	A	A	0.0000
12901.s1	A	A	0.0000
12902.fa	A	A	0.0007
12902.mo	A	G	0.5597
12902.p1	A	G	0.5548
12902.s1	A	G	0.5213
12905.fa	A	A	0.0000
12905.mo	A	G	0.5456
12905.p1	A	G	0.4978
12905.s1	A	A	0.0000
12906.fa	A	A	0.0196
12906.mo	A	A	0.0123
12906.p1	A	A	0.0000
12906.s1	A	A	0.0240
12907.fa	A	A	0.0000
12907.mo	A	A	0.0090
12907.p1	A	A	0.0001
12907.s1	A	A	0.0000
12908.fa	A	G	0.5464
12908.mo	A	A	0.0000
12908.p1	A	G	0.5693
12908.s1	A	G	0.5650
12910.fa	A	A	0.0102
12910.mo	A	G	0.5443
12910.p1	A	A	0.0143
12912.fa	A	A	0.0054
12912.mo	A	A	0.0004
12912.p1	A	A	0.0078
12913.fa	A	A	0.0343
12913.mo	A	G	0.5448
12913.p1	A	G	0.5349
12916.fa	A	G	0.5459
12916.mo	A	A	0.0000
12916.p1	A	G	0.5357
12916.s1	A	G	0.5355
12920.fa	A	G	0.5338
12920.mo	A	A	0.0000
12920.p1	A	A	0.0000
12920.s1	A	G	0.4463
12921.fa	A	A	0.0126
12921.mo	A	A	0.0000
12921.p1	A	A	0.0000
12921.s1	A	A	0.0000
12922.fa	A	A	0.0000
12922.mo	A	A	0.0000
12922.p1	A	A	0.0000
12922.s1	A	A	0.0000
12923.fa	A	A	0.0000
12923.mo	A	G	0.5601
12923.p1	A	A	0.0086
12923.s1	A	A	0.0000
12924.fa	A	G	0.5741
12924.mo	A	A	0.0416
12924.p1	A	G	0.5702
12924.s1	A	A	0.0020
12925.fa	A	A	0.0000
12925.mo	A	A	0.0000
12925.p1	A	A	0.0000
12925.s1	A	A	0.0000
12925.s2	A	A	0.0000
12930.fa	A	G	0.5573
12930.mo	A	G	0.5449
12930.p1	G	G	1.0000
12930.s1	A	A	0.0000
12931.fa	A	G	0.5226
12931.mo	A	G	0.5472
12931.p1	A	A	0.0000
12931.s1	A	G	0.5259
12932.fa	A	A	0.0000
12932.mo	A	A	0.0000
12932.p1	A	A	0.0000
12932.s1	A	A	0.0000
12934.fa	A	A	0.0000
12934.mo	A	A	0.0000
12934.p1	A	A	0.0000
12937.fa	A	A	0.0003
12937.mo	A	G	0.5613
12937.p1	A	G	0.5793
12937.s1	A	A	0.0000
12938.fa	A	A	0.0000
12938.mo	A	A	0.0000
12938.p1	A	A	0.0021
12938.s1	A	A	0.0011
12939.fa	A	G	0.5133
12939.mo	A	A	0.0182
12939.p1	A	G	0.4947
12939.s1	A	A	0.0121
12940.fa	A	A	0.0000
12940.mo	A	A	0.0000
12940.p1	A	A	0.0000
12940.s1	A	A	0.0014
12941.fa	A	A	0.0033
12941.mo	A	A	0.0099
12941.p1	A	A	0.0125
12942.fa	A	A	0.0000
12942.mo	A	A	0.0000
12942.p1	A	A	0.0000
12942.s1	A	A	0.0000
12944.fa	A	G	0.4989
12944.mo	A	A	0.0066
12944.p1	A	A	0.0047
12944.s1	A	A	0.0127
12946.fa	A	A	0.0000
12946.mo	A	G	0.5638
12946.p1	A	G	0.5296
12946.s1	A	A	0.0000
12948.fa	A	A	0.0056
12948.mo	A	A	0.0078
12948.p1	A	A	0.0227
12950.fa	A	G	0.4795
12950.mo	A	A	0.0000
12950.p1	A	G	0.4765
12950.s1	A	G	0.5672
12951.fa	A	A	0.0000
12951.mo	A	A	0.0000
12951.p1	A	A	0.0000
12951.s1	A	A	0.0000
12952.fa	A	A	0.0000
12952.mo	A	A	0.0101
12952.p1	A	A	0.0000
12952.s1	A	A	0.0000
12953.fa	A	A	0.0000
12953.mo	G	G	1.0000
12953.p1	A	G	0.4590
12953.s1	A	G	0.4433
12955.fa	A	A	0.0000
12955.mo	A	A	0.0000
12955.p1	A	A	0.0000
12955.s1	A	A	0.0021
12956.fa	A	G	0.5193
12956.mo	A	A	0.0000
12956.p1	A	A	0.0000
12956.s1	A	G	0.5504
12957.fa	A	A	0.0000
12957.mo	A	G	0.5463
12957.p1	A	G	0.5339
12957.s1	A	G	0.5372
12958.fa	A	G	0.4820
12958.mo	A	G	0.4632
12958.p1	A	G	0.5004
12958.s1	A	A	0.0000
12958.s2	A	G	0.4608
12959.fa	A	A	0.0127
12959.mo	A	A	0.0036
12959.p1	A	A	0.0040
12960.fa	A	A	0.0182
12960.mo	A	G	0.5162
12960.p1	A	G	0.5561
12961.fa	A	G	0.5714
12961.mo	A	A	0.0171
12961.p1	A	A	0.0198
12962.fa	A	A	0.0134
12962.mo	A	G	0.5364
12962.p1	A	A	0.0000
12962.s1	A	A	0.0000
12964.fa	A	G	0.5491
12964.mo	A	A	0.0000
12964.p1	A	A	0.0000
12964.s1	A	G	0.5778
12967.fa	A	A	0.0000
12967.mo	A	G	0.5670
12967.p1	A	A	0.0014
12967.s1	A	G	0.6030
12969.fa	A	A	0.0177
12969.mo	A	A	0.0000
12969.p1	A	A	0.0114
12969.s1	A	A	0.0000
12971.fa	A	A	0.0000
12971.mo	A	A	0.0000
12971.p1	A	A	0.0000
12972.fa	G	G	1.0000
12972.mo	A	G	0.5466
12972.p1	G	G	1.0000
12972.s1	G	G	1.0000
12974.fa	A	A	0.0000
12974.mo	A	A	0.0000
12974.p1	A	A	0.0000
12974.s1	A	A	0.0000
12974.s2	A	A	0.0000
12975.fa	A	A	0.0000
12975.mo	A	G	0.5943
12975.p1	A	A	0.0000
12975.s1	A	A	0.0152
12976.fa	A	A	0.0110
12976.mo	A	A	0.0000
12976.p1	A	A	0.0127
12976.s1	A	A	0.0150
12977.fa	A	A	0.0063
12977.mo	A	G	0.5380
12977.p1	A	G	0.5401
12977.s1	A	A	0.0000
12979.fa	A	G	0.5453
12979.mo	A	A	0.0219
12979.p1	A	G	0.5790
12984.fa	A	A	0.0004
12984.mo	A	A	0.0000
12984.p1	A	A	0.0000
12984.s1	A	A	0.0000
12985.fa	A	A	0.0181
12985.mo	A	A	0.0174
12985.p1	A	A	0.0000
12986.fa	A	G	0.4638
12986.mo	A	G	0.5491
12986.p1	A	G	0.5636
12989.fa	A	A	0.0217
12989.mo	A	A	0.0000
12989.p1	A	A	0.0079
12989.s1	A	A	0.0000
12991.fa	A	A	0.0000
12991.mo	A	A	0.0482
12991.p1	A	A	0.0217
12994.fa	A	A	0.0000
12994.mo	A	A	0.0052
12994.p1	A	A	0.0014
12994.s1	A	A	0.0021
12996.fa	A	A	0.0056
12996.mo	A	G	0.5903
12996.p1	A	G	0.5444
12996.s1	A	G	0.5847
12996.s2	A	A	0.0205
12997.fa	A	A	0.0000
12997.mo	A	G	0.5103
12997.p1	A	G	0.5097
12997.s1	A	A	0.0035
12998.fa	A	A	0.0237
12998.mo	A	A	0.0030
12998.p1	A	A	0.0185
13001.fa	A	A	0.0000
13001.mo	A	A	0.0000
13001.p1	A	A	0.0047
13001.s1	A	A	0.0000
13005.fa	A	A	0.0000
13005.mo	A	A	0.0000
13005.p1	A	A	0.0160
13005.s1	A	A	0.0020
13006.fa	A	A	0.0025
13006.mo	A	A	0.0000
13006.p1	A	A	0.0030
13006.s1	A	A	0.0011
13007.fa	A	A	0.0138
13007.mo	A	A	0.0000
13007.p1	A	A	0.0000
13007.s1	A	A	0.0000
13008.fa	A	A	0.0000
13008.mo	A	A	0.0000
13008.p1	A	A	0.0000
13008.s1	A	A	0.0000
13009.fa	A	A	0.0055
13009.mo	A	A	0.0096
13009.p1	A	A	0.0142
13010.fa	A	G	0.5579
13010.mo	A	A	0.0018
13010.p1	A	G	0.5726
13010.s1	A	A	0.0000
13012.fa	A	A	0.0215
13012.mo	A	A	0.0005
13012.p1	A	A	0.0274
13012.s1	A	A	0.0242
13013.fa	A	A	0.0052
13013.mo	A	G	0.5735
13013.p1	A	G	0.5264
13014.fa	G	G	0.9823
13014.mo	A	A	0.0194
13014.p1	A	G	0.5235
13015.fa	A	G	0.5483
13015.mo	A	A	0.0058
13015.p1	A	A	0.0126
13015.s1	A	G	0.5121
13016.fa	A	G	0.5552
13016.mo	A	A	0.0000
13016.p1	A	A	0.0000
13016.s1	A	G	0.5456
13017.fa	A	A	0.0011
13017.mo	A	A	0.0000
13017.p1	A	A	0.0000
13017.s1	A	A	0.0000
13017.s2	A	A	0.0000
13018.fa	G	G	1.0000
13018.mo	A	A	0.0000
13018.p1	A	G	0.5154
13018.s1	A	G	0.5068
13019.fa	A	A	0.0165
13019.mo	A	G	0.5339
13019.p1	A	G	0.5596
13021.fa	A	A	0.0000
13021.mo	A	A	0.0000
13021.p1	A	A	0.0026
13021.s1	A	A	0.0143
13023.fa	A	G	0.5841
13023.mo	A	A	0.0098
13023.p1	A	A	0.0000
13023.s1	A	A	0.0050
13026.fa	A	A	0.0000
13026.mo	A	A	0.0000
13026.p1	A	A	0.0000
13026.s1	A	A	0.0000
13027.fa	A	A	0.0193
13027.mo	A	A	0.0000
13027.p1	A	A	0.0001
13028.fa	A	A	0.0000
13028.mo	A	A	0.0037
13028.p1	A	A	0.0000
13028.s1	A	A	0.0000
13031.fa	A	A	0.0039
13031.mo	A	G	0.5274
13031.p1	A	A	0.0089
13033.fa	A	A	0.0194
13033.mo	A	A	0.0000
13033.p1	A	A	0.0099
13034.fa	A	A	0.0000
13034.mo	A	A	0.0000
13034.p1	A	A	0.0000
13034.s1	A	A	0.0000
13034.s2	A	A	0.0043
13035.fa	A	A	0.0000
13035.mo	A	A	0.0000
13035.p1	A	A	0.0000
13035.s1	A	A	0.0027
13036.fa	G	G	0.9741
13036.mo	A	G	0.5201
13036.p1	G	G	1.0000
13036.s1	G	G	0.9991
13037.fa	A	A	0.0000
13037.mo	A	A	0.0022
13037.p1	A	A	0.0000
13037.s1	A	A	0.0000
13037.s2	A	A	0.0000
13038.fa	A	A	0.0000
13038.mo	A	A	0.0000
13038.p1	A	A	0.0000
13038.s1	A	A	0.0000
13039.fa	A	A	0.0000
13039.mo	A	A	0.0000
13039.p1	A	A	0.0000
13039.s1	A	A	0.0038
13041.fa	A	A	0.0000
13041.mo	A	A	0.0030
13041.p1	A	A	0.0000
13041.s1	A	A	0.0000
13042.fa	A	A	0.0000
13042.mo	A	A	0.0000
13042.p1	A	A	0.0000
13042.s1	A	A	0.0000
13043.fa	A	A	0.0000
13043.mo	A	A	0.0057
13043.p1	A	A	0.0000
13043.s1	A	A	0.0000
13044.fa	A	A	0.0000
13044.mo	A	A	0.0000
13044.p1	A	A	0.0004
13044.s1	A	A	0.0000
13045.fa	A	G	0.5095
13045.mo	A	A	0.0000
13045.p1	A	G	0.5336
13048.fa	A	A	0.0000
13048.mo	A	A	0.0000
13048.p1	A	A	0.0000
13048.s1	A	A	0.0000
13050.fa	A	G	0.4831
13050.mo	A	A	0.0015
13050.p1	A	A	0.0000
13050.s1	A	A	0.0000
13051.fa	A	A	0.0000
13051.mo	A	A	0.0189
13051.p1	A	A	0.0000
13051.s1	A	A	0.0000
13053.fa	A	A	0.0000
13053.mo	A	A	0.0000
13053.p1	A	A	0.0000
13053.s1	A	A	0.0000
13054.fa	A	A	0.0000
13054.mo	A	A	0.0000
13054.p1	A	A	0.0000
13054.s1	A	A	0.0000
13056.fa	A	A	0.0032
13056.mo	A	A	0.0211
13056.p1	A	A	0.0157
13057.fa	A	A	0.0000
13057.mo	A	A	0.0000
13057.p1	A	A	0.0000
13057.s1	A	A	0.0171
13059.fa	A	A	0.0078
13059.mo	A	A	0.0242
13059.p1	A	A	0.0247
13060.fa	A	A	0.0104
13060.mo	A	A	0.0142
13060.p1	A	A	0.0086
13061.fa	A	A	0.0000
13061.mo	A	A	0.0000
13061.p1	A	A	0.0000
13061.s1	A	A	0.0000
13061.s2	A	A	0.0000
13063.fa	A	A	0.0000
13063.mo	A	A	0.0000
13063.p1	A	A	0.0000
13063.s1	A	A	0.0000
13064.fa	A	A	0.0000
13064.mo	A	A	0.0000
13064.p1	A	A	0.0000
13064.s1	A	A	0.0000
13065.fa	A	G	0.5217
13065.mo	A	A	0.0138
13065.p1	A	G	0.4896
13067.fa	A	A	0.0087
13067.mo	A	A	0.0107
13067.p1	A	A	0.0241
13069.fa	A	A	0.0000
13069.mo	A	A	0.0000
13069.p1	A	A	0.0000
13069.s1	A	A	0.0000
13070.fa	A	A	0.0005
13070.mo	A	A	0.0000
13070.p1	A	A	0.0073
13070.s1	A	A	0.0000
13071.fa	A	A	0.0000
13071.mo	A	A	0.0086
13071.p1	A	A	0.0000
13071.s1	A	A	0.0000
13072.fa	A	A	0.0000
13072.mo	A	A	0.0000
13072.p1	A	A	0.0000
13072.s1	A	A	0.0079
13073.fa	A	A	0.0000
13073.mo	A	A	0.0000
13073.p1	A	A	0.0000
13073.s1	A	A	0.0000
13076.fa	A	G	0.5180
13076.mo	G	G	1.0000
13076.p1	A	G	0.4835
13076.s1	G	G	1.0000
13077.fa	A	G	0.4846
13077.mo	A	A	0.0000
13077.p1	A	A	0.0000
13077.s1	A	G	0.5204
13079.fa	A	G	0.5177
13079.mo	A	G	0.5290
13079.p1	G	G	0.9909
13080.fa	A	G	0.5206
13080.mo	A	A	0.0000
13080.p1	A	G	0.5355
13080.s1	A	G	0.5388
13082.fa	A	G	0.5285
13082.mo	A	A	0.0000
13082.p1	A	G	0.5082
13082.s1	A	G	0.5263
13083.fa	A	A	0.0000
13083.mo	A	A	0.0144
13083.p1	A	A	0.0000
13083.s1	A	A	0.0000
13085.fa	G	G	0.9962
13085.mo	A	A	0.0135
13085.p1	A	G	0.4604
13088.fa	A	G	0.5024
13088.mo	A	A	0.0000
13088.p1	A	G	0.5056
13088.s1	A	A	0.0000
13089.fa	A	A	0.0000
13089.mo	A	A	0.0000
13089.p1	A	A	0.0000
13089.s1	A	A	0.0000
13093.fa	A	A	0.0060
13093.mo	A	A	0.0091
13093.p1	A	A	0.0130
13093.s1	A	A	0.0012
13094.fa	A	A	0.0000
13094.mo	A	A	0.0000
13094.p1	A	A	0.0000
13094.s1	A	A	0.0000
13095.fa	A	A	0.0298
13095.mo	A	A	0.0108
13095.p1	A	A	0.0301
13095.s1	A	A	0.0145
13095.s2	A	A	0.0060
13096.fa	A	A	0.0000
13096.mo	A	A	0.0000
13096.p1	A	A	0.0000
13096.s1	A	A	0.0000
13097.fa	A	G	0.4774
13097.mo	A	A	0.0000
13097.p1	A	A	0.0000
13097.s1	A	A	0.0000
13099.fa	A	G	0.4909
13099.mo	A	A	0.0000
13099.p1	A	A	0.0000
13099.s1	A	A	0.0000
13101.fa	A	G	0.4964
13101.mo	A	A	0.0000
13101.p1	A	G	0.4674
13101.s1	A	G	0.4573
13102.fa	A	A	0.0107
13102.mo	A	A	0.0000
13102.p1	A	A	0.0000
13102.s1	A	A	0.0000
13104.fa	A	A	0.0051
13104.mo	A	A	0.0000
13104.p1	A	A	0.0000
13104.s1	A	A	0.0017
13106.fa	A	G	0.5573
13106.mo	A	A	0.0015
13106.p1	A	G	0.5430
13106.s1	A	G	0.5230
13107.fa	A	A	0.0037
13107.mo	A	A	0.0052
13107.p1	A	A	0.0000
13107.s1	A	A	0.0024
13111.fa	G	G	1.0000
13111.mo	A	G	0.5860
13111.p1	A	G	0.5733
13111.s1	A	G	0.5680
13115.fa	A	A	0.0186
13115.mo	A	G	0.5552
13115.p1	A	G	0.5715
13115.s1	A	G	0.5867
13116.fa	A	A	0.0029
13116.mo	A	A	0.0000
13116.p1	A	A	0.0000
13116.s1	A	A	0.0000
13118.fa	A	A	0.0000
13118.mo	A	A	0.0000
13118.p1	A	A	0.0027
13118.s1	A	A	0.0000
13119.fa	A	A	0.0138
13119.mo	A	G	0.5216
13119.p1	A	G	0.5194
13120.fa	A	A	0.0000
13120.mo	A	A	0.0032
13120.p1	A	A	0.0000
13120.s1	A	A	0.0000
13123.fa	A	G	0.4846
13123.mo	A	A	0.0000
13123.p1	A	G	0.4739
13123.s1	A	A	0.0000
13128.fa	A	A	0.0051
13128.mo	A	A	0.0092
13128.p1	A	A	0.0097
13128.s1	A	A	0.0051
13129.fa	A	A	0.0000
13129.mo	A	A	0.0000
13129.p1	A	A	0.0000
13129.s1	A	A	0.0000
13130.fa	A	A	0.0000
13130.mo	A	G	0.5034
13130.p1	A	A	0.0010
13130.s1	A	G	0.5154
13131.fa	A	A	0.0000
13131.mo	A	G	0.4545
13131.p1	A	G	0.5196
13131.s1	A	G	0.5228
13133.fa	A	A	0.0000
13133.mo	A	A	0.0000
13133.p1	A	A	0.0000
13133.s1	A	A	0.0000
13134.fa	A	A	0.0000
13134.mo	A	A	0.0074
13134.p1	A	A	0.0000
13135.fa	A	A	0.0000
13135.mo	A	A	0.0000
13135.p1	A	A	0.0000
13135.s1	A	A	0.0000
13136.fa	A	A	0.0000
13136.mo	A	G	0.5237
13136.p1	A	A	0.0000
13136.s1	A	G	0.5052
13139.fa	A	A	0.0000
13139.mo	A	A	0.0097
13139.p1	A	A	0.0000
13139.s1	A	A	0.0000
13144.fa	A	A	0.0000
13144.mo	A	A	0.0092
13144.p1	A	A	0.0000
13144.s1	A	A	0.0000
13146.fa	A	A	0.0000
13146.mo	A	G	0.4964
13146.p1	A	G	0.4532
13146.s1	A	A	0.0000
13147.fa	A	A	0.0011
13147.mo	A	A	0.0000
13147.p1	A	A	0.0075
13147.s1	A	A	0.0147
13148.fa	A	A	0.0000
13148.mo	A	A	0.0000
13148.p1	A	A	0.0213
13148.s1	A	A	0.0000
13150.fa	A	A	0.0316
13150.mo	A	A	0.0032
13150.p1	A	A	0.0134
13151.fa	A	G	0.5315
13151.mo	A	A	0.0043
13151.p1	A	A	0.0000
13151.s1	A	G	0.5001
13152.fa	A	A	0.0000
13152.mo	A	A	0.0000
13152.p1	A	A	0.0000
13152.s1	A	A	0.0006
13153.fa	A	A	0.0000
13153.mo	A	G	0.4618
13153.p1	A	A	0.0000
13153.s1	A	G	0.5050
13154.fa	A	A	0.0000
13154.mo	A	A	0.0000
13154.p1	A	A	0.0000
13154.s1	A	A	0.0106
13154.s2	A	A	0.0177
13159.fa	A	A	0.0000
13159.mo	A	A	0.0000
13159.p1	A	A	0.0000
13159.s1	A	A	0.0274
13160.fa	A	A	0.0009
13160.mo	A	A	0.0021
13160.p1	A	A	0.0000
13160.s1	A	A	0.0065
13162.fa	A	A	0.0000
13162.mo	A	A	0.0000
13162.p1	A	A	0.0000
13162.s1	A	A	0.0000
13163.fa	A	A	0.0000
13163.mo	A	A	0.0000
13163.p1	A	A	0.0000
13163.s1	A	A	0.0000
13163.s2	A	A	0.0000
13166.fa	A	G	0.5156
13166.mo	A	G	0.5357
13166.p1	A	A	0.0000
13166.s1	A	A	0.0000
13167.fa	A	A	0.0000
13167.mo	A	A	0.0000
13167.p1	A	A	0.0000
13167.s1	A	A	0.0000
13168.fa	A	G	0.4855
13168.mo	A	G	0.5012
13168.p1	A	G	0.5173
13168.s1	G	G	0.9996
13169.fa	A	A	0.0041
13169.mo	A	A	0.0000
13169.p1	A	A	0.0000
13169.s1	A	A	0.0000
13171.fa	A	A	0.0000
13171.mo	A	A	0.0017
13171.p1	A	A	0.0000
13171.s1	A	A	0.0000
13174.fa	A	G	0.4958
13174.mo	A	A	0.0000
13174.p1	A	A	0.0000
13174.s1	A	A	0.0038
13175.fa	A	A	0.0000
13175.mo	A	A	0.0000
13175.p1	A	A	0.0000
13175.s1	A	A	0.0000
13176.fa	A	G	0.4977
13176.mo	A	A	0.0111
13176.p1	A	A	0.0000
13176.s1	A	A	0.0000
13177.fa	A	A	0.0000
13177.mo	A	G	0.4717
13177.p1	A	A	0.0000
13177.s1	A	G	0.4808
13180.fa	A	G	0.5015
13180.mo	A	G	0.4934
13180.p1	A	G	0.4876
13180.s1	A	G	0.4831
13183.fa	A	A	0.0000
13183.mo	A	G	0.5034
13183.p1	A	G	0.4567
13183.s1	A	G	0.5029
13185.fa	A	G	0.4924
13185.mo	A	A	0.0196
13185.p1	A	G	0.5226
13187.fa	A	A	0.0205
13187.mo	A	G	0.5324
13187.p1	A	G	0.5254
13187.s1	A	A	0.0044
13188.fa	A	A	0.0009
13188.mo	A	A	0.0000
13188.p1	A	A	0.0000
13188.s1	A	A	0.0042
13190.fa	A	A	0.0079
13190.mo	A	A	0.0017
13190.p1	A	A	0.0247
13191.fa	A	A	0.0085
13191.mo	A	A	0.0000
13191.p1	A	A	0.0000
13191.s1	A	A	0.0000
13192.fa	A	A	0.0043
13192.mo	A	G	0.5428
13192.p1	A	G	0.5312
13193.fa	A	A	0.0085
13193.mo	A	A	0.0000
13193.p1	A	A	0.0000
13193.s1	A	A	0.0000
13195.fa	A	G	0.5226
13195.mo	A	A	0.0000
13195.p1	A	A	0.0000
13195.s1	A	A	0.0034
13196.fa	A	A	0.0031
13196.mo	A	G	0.4839
13196.p1	A	G	0.4699
13196.s1	A	A	0.0053
13197.fa	A	A	0.0000
13197.mo	A	A	0.0000
13197.p1	A	A	0.0000
13197.s1	A	A	0.0000
13199.fa	A	A	0.0000
13199.mo	A	A	0.0000
13199.p1	A	A	0.0031
13200.fa	A	A	0.0000
13200.mo	A	A	0.0000
13200.p1	A	A	0.0000
13203.fa	G	G	0.9912
13203.mo	A	A	0.0000
13203.p1	A	G	0.4829
13203.s1	A	G	0.5125
13204.fa	A	A	0.0000
13204.mo	A	A	0.0000
13204.p1	A	A	0.0000
13204.s1	A	A	0.0000
13204.s2	A	A	0.0000
13206.fa	A	A	0.0000
13206.mo	A	A	0.0000
13206.p1	A	A	0.0000
13206.s1	A	A	0.0000
13207.fa	A	A	0.0000
13207.mo	A	A	0.0000
13207.p1	A	A	0.0004
13207.s1	A	A	0.0030
13210.fa	A	A	0.0000
13210.mo	A	G	0.5037
13210.p1	A	G	0.4795
13210.s1	A	A	0.0007
13211.fa	A	G	0.5001
13211.mo	A	A	0.0000
13211.p1	A	G	0.4956
13211.s1	A	A	0.0036
13215.fa	A	A	0.0000
13215.mo	A	A	0.0000
13215.p1	A	A	0.0043
13215.s1	A	A	0.0043
13216.fa	A	A	0.0054
13216.mo	A	G	0.4929
13216.p1	A	G	0.5058
13216.s1	A	G	0.5344
13218.fa	A	A	0.0000
13218.mo	A	A	0.0144
13218.p1	A	A	0.0243
13218.s1	A	A	0.0612
13221.fa	A	A	0.0000
13221.mo	A	A	0.0000
13221.p1	A	A	0.0024
13221.s1	A	A	0.0000
13221.s2	A	A	0.0000
13222.fa	A	G	0.4945
13222.mo	A	G	0.5247
13222.p1	A	G	0.5378
13222.s1	A	A	0.0000
13226.fa	A	A	0.0026
13226.mo	A	A	0.0000
13226.p1	A	A	0.0000
13226.s1	A	A	0.0000
13226.s2	A	A	0.0000
13227.fa	A	A	0.0004
13227.mo	A	A	0.0000
13227.p1	A	A	0.0000
13227.s1	A	A	0.0000
13230.fa	A	A	0.0000
13230.mo	A	A	0.0000
13230.p1	A	A	0.0000
13230.s1	A	A	0.0000
13230.s2	A	A	0.0000
13233.fa	A	G	0.4927
13233.mo	A	A	0.0000
13233.p1	A	G	0.4913
13233.s1	A	A	0.0000
13233.s2	A	A	0.0000
13234.fa	A	A	0.0000
13234.mo	A	A	0.0068
13234.p1	A	A	0.0052
13234.s1	A	A	0.0032
13234.s2	A	A	0.0086
13235.fa	A	G	0.4964
13235.mo	A	A	0.0000
13235.p1	A	G	0.4627
13235.s1	A	A	0.0000
13237.fa	A	A	0.0032
13237.mo	A	G	0.4969
13237.p1	A	A	0.0000
13237.s1	A	A	0.0138
13239.fa	A	A	0.0000
13239.mo	A	A	0.0000
13239.p1	A	A	0.0000
13239.s1	A	A	0.0000
13244.fa	A	A	0.0000
13244.mo	A	A	0.0000
13244.p1	A	A	0.0155
13250.fa	A	A	0.0000
13250.mo	A	A	0.0000
13250.p1	A	A	0.0000
13250.s1	A	A	0.0000
13251.fa	A	A	0.0000
13251.mo	A	A	0.0000
13251.p1	A	A	0.0000
13251.s1	A	A	0.0003
13252.fa	A	A	0.0000
13252.mo	A	G	0.5248
13252.p1	A	A	0.0000
13252.s1	A	A	0.0006
13253.fa	A	G	0.5366
13253.mo	A	A	0.0000
13253.p1	A	A	0.0000
13253.s1	A	A	0.0000
13254.fa	A	G	0.5257
13254.mo	A	A	0.0000
13254.p1	A	G	0.5777
13254.s1	A	A	0.0033
13256.fa	A	A	0.0000
13256.mo	A	G	0.5385
13256.p1	A	G	0.5434
13256.s1	A	A	0.0000
13258.fa	A	A	0.0088
13258.mo	A	G	0.5348
13258.p1	A	G	0.5318
13258.s1	A	G	0.5232
13263.fa	A	A	0.0000
13263.mo	A	A	0.0000
13263.p1	A	A	0.0191
13263.s1	A	A	0.0000
13264.fa	A	G	0.5142
13264.mo	A	A	0.0172
13264.p1	A	A	0.0000
13264.s1	A	G	0.5209
13266.fa	A	A	0.0052
13266.mo	A	A	0.0000
13266.p1	A	A	0.0000
13266.s1	A	A	0.0000
13267.fa	A	A	0.0120
13267.mo	A	A	0.0000
13267.p1	A	A	0.0000
13267.s1	A	A	0.0119
13269.fa	A	A	0.0000
13269.mo	A	A	0.0000
13269.p1	A	A	0.0000
13269.s1	A	A	0.0000
13271.fa	A	A	0.0034
13271.mo	A	A	0.0000
13271.p1	A	A	0.0043
13271.s1	A	A	0.0045
13272.fa	A	G	0.4931
13272.mo	A	A	0.0000
13272.p1	A	G	0.5063
13272.s1	A	G	0.4975
13272.s3	A	A	0.0000
13272.s4	A	G	0.5016
13272.s5	A	G	0.4626
13274.fa	A	A	0.0097
13274.mo	A	A	0.0119
13274.p1	A	A	0.0040
13277.fa	A	G	0.5533
13277.mo	A	A	0.0000
13277.p1	A	G	0.5524
13277.s1	A	A	0.0000
13283.fa	G	G	1.0000
13283.mo	A	G	0.5344
13283.p1	G	G	1.0000
13283.s1	A	G	0.5057
13284.fa	A	G	0.4740
13284.mo	A	A	0.0000
13284.p1	A	A	0.0023
13284.s1	A	G	0.5122
13286.fa	A	G	0.5070
13286.mo	A	A	0.0049
13286.p1	A	G	0.4707
13286.s1	A	G	0.4857
13287.fa	A	G	0.4860
13287.mo	A	G	0.5114
13287.p1	A	G	0.5024
13287.s1	A	G	0.5360
13290.fa	A	A	0.0000
13290.mo	A	A	0.0000
13290.p1	A	A	0.0000
13290.s1	A	A	0.0000
13292.fa	G	G	1.0000
13292.mo	A	A	0.0000
13292.p1	A	G	0.4765
13292.s1	A	G	0.4808
13293.fa	A	A	0.0000
13293.mo	A	A	0.0000
13293.p1	A	A	0.0000
13293.s1	A	A	0.0000
13294.fa	A	A	0.0000
13294.mo	A	A	0.0000
13294.p1	A	A	0.0000
13296.fa	A	A	0.0000
13296.mo	A	G	0.5440
13296.p1	A	A	0.0000
13296.s1	A	G	0.5589
13297.fa	A	G	0.5487
13297.mo	A	A	0.0145
13297.p1	A	G	0.5803
13298.fa	A	A	0.0000
13298.mo	A	A	0.0000
13298.p1	A	A	0.0000
13298.s1	A	A	0.0000
13300.fa	A	A	0.0157
13300.mo	A	A	0.0000
13300.p1	A	A	0.0000
13300.s1	A	A	0.0144
13301.fa	A	A	0.0000
13301.mo	A	A	0.0024
13301.p1	A	A	0.0131
13301.s1	A	A	0.0000
13302.fa	A	G	0.5922
13302.mo	G	G	1.0000
13302.p1	A	G	0.5549
13302.s1	G	G	1.0000
13303.fa	A	G	0.5648
13303.mo	A	A	0.0211
13303.p1	A	G	0.5212
13303.s1	A	G	0.5269
13304.fa	A	A	0.0101
13304.mo	A	A	0.0136
13304.p1	A	A	0.0176
13304.s1	A	A	0.0167
13305.fa	A	A	0.0389
13305.mo	A	G	0.6054
13305.p1	A	A	0.0092
13305.s1	A	A	0.0088
13305.s2	A	A	0.0000
13306.fa	A	A	0.0000
13306.mo	A	A	0.0000
13306.p1	A	A	0.0000
13306.s1	A	A	0.0000
13307.fa	A	A	0.0000
13307.mo	A	A	0.0000
13307.p1	A	A	0.0005
13307.s1	A	A	0.0000
13309.fa	A	A	0.0000
13309.mo	A	A	0.0000
13309.p1	A	A	0.0000
13309.s1	A	A	0.0000
13310.fa	A	A	0.0000
13310.mo	A	A	0.0000
13310.p1	A	A	0.0000
13310.s1	A	A	0.0000
13311.fa	A	A	0.0000
13311.mo	A	G	0.5363
13311.p1	A	A	0.0000
13311.s1	A	G	0.4750
13312.fa	A	A	0.0000
13312.mo	A	G	0.5255
13312.p1	A	G	0.5407
13312.s1	A	G	0.5488
13314.fa	A	G	0.4806
13314.mo	A	G	0.5136
13314.p1	A	A	0.0000
13314.s1	A	G	0.5349
13315.fa	A	A	0.0000
13315.mo	A	G	0.5213
13315.p1	A	G	0.4847
13315.s1	A	G	0.4973
13316.fa	A	G	0.5136
13316.mo	A	A	0.0000
13316.p1	A	A	0.0000
13316.s1	A	G	0.5360
13317.fa	A	A	0.0000
13317.mo	A	A	0.0000
13317.p1	A	A	0.0091
13317.s1	A	A	0.0000
13317.s2	A	A	0.0192
13319.fa	A	A	0.0000
13319.mo	A	G	0.5933
13319.p1	A	G	0.5793
13319.s1	A	G	0.5811
13319.s2	A	G	0.5461
13322.fa	A	A	0.0009
13322.mo	A	A	0.0086
13322.p1	A	A	0.0084
13322.s1	A	A	0.0088
13323.fa	A	A	0.0238
13323.mo	A	A	0.0213
13323.p1	A	A	0.0096
13324.fa	A	A	0.0000
13324.mo	A	A	0.0067
13324.p1	A	A	0.0000
13324.s1	A	A	0.0000
13327.fa	A	A	0.0293
13327.mo	A	A	0.0234
13327.p1	A	A	0.0186
13327.s1	A	A	0.0156
13328.fa	A	G	0.4986
13328.mo	A	A	0.0000
13328.p1	A	A	0.0000
13328.s1	A	G	0.4708
13329.fa	A	A	0.0334
13329.mo	A	A	0.0296
13329.p1	A	A	0.0180
13330.fa	A	A	0.0000
13330.mo	A	A	0.0000
13330.p1	A	A	0.0000
13330.s1	A	A	0.0000
13332.fa	A	G	0.4714
13332.mo	A	A	0.0000
13332.p1	A	A	0.0406
13332.s1	A	G	0.5155
13333.fa	A	A	0.0000
13333.mo	A	A	0.0000
13333.p1	A	A	0.0000
13333.s1	A	A	0.0000
13334.fa	A	A	0.0060
13334.mo	A	A	0.0017
13334.p1	A	A	0.0096
13335.fa	A	A	0.0000
13335.mo	A	G	0.4612
13335.p1	A	G	0.4800
13335.s1	A	G	0.5137
13336.fa	G	G	0.9948
13336.mo	A	A	0.0000
13336.p1	A	G	0.4838
13336.s1	A	G	0.4688
13337.fa	A	A	0.0089
13337.mo	A	G	0.5255
13337.p1	A	G	0.5326
13338.fa	A	A	0.0000
13338.mo	A	G	0.4815
13338.p1	A	A	0.0000
13338.s1	A	A	0.0000
13340.fa	A	G	0.4992
13340.mo	A	G	0.5045
13340.p1	A	G	0.4849
13340.s1	A	G	0.5096
13341.fa	A	G	0.4795
13341.mo	A	A	0.0000
13341.p1	A	G	0.5044
13341.s1	A	G	0.4936
13343.fa	A	G	0.5046
13343.mo	A	A	0.0000
13343.p1	A	A	0.0000
13343.s1	A	G	0.4759
13345.fa	A	A	0.0000
13345.mo	A	A	0.0000
13345.p1	A	A	0.0000
13345.s1	A	A	0.0000
13346.fa	A	A	0.0000
13346.mo	A	A	0.0058
13346.p1	A	A	0.0000
13346.s1	A	A	0.0000
13348.fa	A	A	0.0000
13348.mo	A	G	0.4881
13348.p1	A	G	0.5019
13348.s1	A	A	0.0000
13348.s2	A	G	0.5040
13349.fa	A	A	0.0000
13349.mo	A	A	0.0026
13349.p1	A	A	0.0000
13349.s1	A	A	0.0000
13350.fa	A	A	0.0000
13350.mo	A	A	0.0000
13350.p1	A	A	0.0262
13352.fa	A	A	0.0041
13352.mo	A	A	0.0015
13352.p1	A	A	0.0000
13355.fa	A	A	0.0000
13355.mo	A	A	0.0000
13355.p1	A	A	0.0000
13355.s1	A	A	0.0000
13358.fa	A	A	0.0000
13358.mo	A	G	0.5144
13358.p1	A	A	0.0000
13358.s1	A	G	0.5020
13359.fa	A	A	0.0006
13359.mo	A	A	0.0000
13359.p1	A	A	0.0000
13362.fa	A	A	0.0000
13362.mo	A	A	0.0014
13362.p1	A	A	0.0205
13364.fa	A	A	0.0000
13364.mo	A	A	0.0000
13364.p1	A	A	0.0014
13364.s1	A	A	0.0170
13366.fa	G	G	1.0000
13366.mo	G	G	0.9990
13366.p1	G	G	1.0000
13366.s1	G	G	0.9919
13368.fa	A	A	0.0000
13368.mo	A	A	0.0000
13368.p1	A	A	0.0000
13370.fa	A	A	0.0000
13370.mo	A	A	0.0000
13370.p1	A	A	0.0058
13371.fa	A	G	0.5006
13371.mo	A	G	0.5018
13371.p1	A	A	0.0000
13371.s1	A	A	0.0000
13373.fa	A	G	0.4867
13373.mo	G	G	0.9963
13373.p1	A	G	0.5090
13373.s1	A	G	0.4883
13374.fa	G	G	1.0000
13374.mo	A	A	0.0011
13374.p1	A	G	0.4766
13374.s1	A	G	0.5003
13375.fa	A	A	0.0000
13375.mo	A	A	0.0000
13375.p1	A	A	0.0000
13375.s1	A	A	0.0000
13376.fa	A	A	0.0311
13376.mo	A	A	0.0000
13376.p1	A	A	0.0000
13377.fa	A	A	0.0072
13377.mo	A	A	0.0000
13377.p1	A	A	0.0000
13381.fa	A	A	0.0004
13381.mo	A	A	0.0071
13381.p1	A	A	0.0200
13381.s1	A	A	0.0033
13381.s2	A	A	0.0290
13382.fa	A	G	0.5367
13382.mo	G	G	0.9867
13382.p1	A	G	0.5598
13383.fa	A	A	0.0000
13383.mo	A	A	0.0000
13383.p1	A	A	0.0000
13383.s1	A	A	0.0000
13385.fa	A	A	0.0000
13385.mo	A	A	0.0000
13385.p1	A	A	0.0000
13385.s1	A	A	0.0000
13388.fa	A	G	0.5631
13388.mo	A	A	0.0217
13388.p1	A	G	0.5758
13389.fa	A	G	0.5434
13389.mo	A	G	0.5719
13389.p1	A	G	0.5792
13389.s1	A	G	0.5772
13389.s2	A	G	0.5654
13390.fa	A	A	0.0000
13390.mo	A	A	0.0000
13390.p1	A	A	0.0000
13390.s1	A	A	0.0000
13391.fa	A	A	0.0000
13391.mo	A	A	0.0000
13391.p1	A	A	0.0000
13391.s1	A	A	0.0004
13393.fa	A	G	0.5075
13393.mo	A	A	0.0000
13393.p1	A	A	0.0000
13393.s1	A	G	0.4889
13394.fa	A	A	0.0000
13394.mo	A	A	0.0000
13394.p1	A	A	0.0000
13394.s1	A	A	0.0000
13396.fa	A	A	0.0000
13396.mo	A	A	0.0000
13396.p1	A	A	0.0000
13396.s1	A	A	0.0000
13398.fa	A	A	0.0000
13398.mo	A	A	0.0000
13398.p1	A	A	0.0000
13398.s1	A	A	0.0000
13399.fa	A	A	0.0148
13399.mo	A	A	0.0170
13399.p1	A	A	0.0048
13400.fa	A	A	0.0001
13400.mo	A	G	0.6075
13400.p1	A	A	0.0214
13405.fa	A	A	0.0113
13405.mo	A	A	0.0153
13405.p1	A	A	0.0045
13409.fa	A	A	0.0000
13409.mo	A	A	0.0000
13409.p1	A	A	0.0000
13409.s1	A	A	0.0000
13412.fa	A	G	0.4880
13412.mo	A	G	0.5077
13412.p1	G	G	0.9969
13412.s1	A	G	0.4843
13415.fa	A	A	0.0056
13415.mo	A	A	0.0086
13415.p1	A	A	0.0000
13415.s1	A	A	0.0000
13416.fa	G	G	1.0000
13416.mo	A	G	0.4913
13416.p1	A	G	0.5044
13416.s1	G	G	1.0000
13418.fa	A	A	0.0000
13418.mo	A	A	0.0000
13418.p1	A	A	0.0000
13418.s1	A	A	0.0000
13424.fa	A	A	0.0000
13424.mo	A	A	0.0000
13424.p1	A	A	0.0056
13424.s1	A	A	0.0000
13431.fa	A	A	0.0147
13431.mo	A	A	0.0032
13431.p1	A	A	0.0400
13437.fa	A	G	0.5924
13437.mo	A	G	0.5667
13437.p1	A	G	0.5497
13439.fa	A	A	0.0000
13439.mo	A	A	0.0091
13439.p1	A	A	0.0000
13439.s1	A	A	0.0000
13443.fa	A	A	0.0000
13443.mo	A	A	0.0055
13443.p1	A	A	0.0000
13443.s1	A	A	0.0000
13444.fa	A	A	0.0000
13444.mo	A	G	0.5175
13444.p1	A	G	0.4564
13444.s1	A	A	0.0000
13446.fa	A	A	0.0012
13446.mo	A	A	0.0033
13446.p1	A	A	0.0226
13447.fa	A	A	0.0000
13447.mo	A	G	0.4829
13447.p1	A	G	0.5053
13447.s1	A	A	0.0000
13455.fa	A	A	0.0244
13455.mo	A	A	0.0000
13455.p1	A	A	0.0029
13456.fa	A	A	0.0000
13456.mo	A	A	0.0000
13456.p1	A	A	0.0000
13456.s1	A	A	0.0000
13462.fa	A	G	0.5155
13462.mo	A	G	0.4758
13462.p1	A	A	0.0000
13462.s1	A	A	0.0000
13464.fa	A	A	0.0000
13464.mo	A	A	0.0009
13464.p1	A	A	0.0063
13465.fa	A	G	0.5192
13465.mo	A	G	0.4972
13465.p1	A	G	0.4497
13465.s1	A	A	0.0000
13471.fa	A	A	0.0000
13471.mo	A	A	0.0000
13471.p1	A	A	0.0000
13471.s1	A	A	0.0000
13481.fa	A	G	0.4943
13481.mo	A	A	0.0022
13481.p1	A	A	0.0000
13481.s1	A	A	0.0014
13486.fa	A	A	0.0000
13486.mo	A	G	0.4679
13486.p1	A	A	0.0000
13486.s1	A	G	0.4845
13487.fa	A	A	0.0000
13487.mo	A	A	0.0063
13487.p1	A	A	0.0000
13487.s1	A	A	0.0000
13489.fa	A	A	0.0245
13489.mo	A	A	0.0000
13489.p1	A	A	0.0101
13491.fa	A	A	0.0000
13491.mo	A	A	0.0302
13491.p1	A	A	0.0043
13493.fa	A	A	0.0000
13493.mo	A	A	0.0000
13493.p1	A	A	0.0000
13493.s1	A	A	0.0000
13494.fa	A	A	0.0038
13494.mo	A	A	0.0136
13494.p1	A	A	0.0293
13496.fa	A	A	0.0000
13496.mo	A	G	0.5252
13496.p1	A	G	0.5345
13496.s1	A	G	0.5012
13497.fa	A	G	0.4939
13497.mo	A	A	0.0000
13497.p1	A	G	0.5037
13497.s1	A	G	0.5295
13498.fa	A	A	0.0000
13498.mo	A	A	0.0000
13498.p1	A	A	0.0000
13498.s1	A	A	0.0000
13498.s2	A	A	0.0000
13499.fa	A	A	0.0321
13499.mo	A	A	0.0093
13499.p1	A	A	0.0105
13499.s1	A	A	0.0009
13499.s2	A	A	0.0104
13501.fa	A	G	0.5724
13501.mo	A	G	0.5686
13501.p1	A	G	0.6014
13502.fa	A	A	0.0000
13502.mo	A	A	0.0046
13502.p1	A	A	0.0000
13502.s1	A	A	0.0000
13503.fa	A	G	0.5090
13503.mo	A	A	0.0000
13503.p1	A	G	0.4864
13503.s1	A	G	0.4950
13504.fa	A	A	0.0000
13504.mo	A	A	0.0000
13504.p1	A	A	0.0000
13504.s1	A	A	0.0000
13505.fa	A	A	0.0000
13505.mo	A	A	0.0000
13505.p1	A	A	0.0000
13505.s1	A	A	0.0000
13506.fa	A	A	0.0000
13506.mo	A	A	0.0000
13506.p1	A	A	0.0000
13506.s1	A	A	0.0000
13506.s2	A	A	0.0103
13507.fa	A	A	0.0000
13507.mo	A	A	0.0000
13507.p1	A	A	0.0028
13507.s1	A	A	0.0000
13508.fa	A	G	0.5406
13508.mo	A	G	0.5050
13508.p1	A	A	0.0000
13508.s1	A	G	0.5252
13509.fa	A	A	0.0186
13509.mo	A	A	0.0104
13509.p1	A	A	0.0119
13509.s1	A	A	0.0331
13509.s2	A	A	0.0130
13509.s3	A	A	0.0078
13510.fa	A	A	0.0042
13510.mo	G	G	0.9918
13510.p1	A	G	0.5285
13511.fa	A	A	0.0000
13511.mo	A	G	0.5462
13511.p1	A	G	0.5625
13512.fa	A	A	0.0000
13512.mo	A	A	0.0000
13512.p1	A	A	0.0000
13512.s1	A	A	0.0000
13513.fa	A	A	0.0000
13513.mo	A	A	0.0000
13513.p1	A	A	0.0000
13513.s1	A	A	0.0035
13514.fa	A	A	0.0000
13514.mo	A	G	0.5074
13514.p1	A	A	0.0000
13514.s1	A	G	0.4700
13515.fa	A	G	0.4937
13515.mo	A	A	0.0000
13515.p1	A	A	0.0000
13515.s1	A	G	0.5026
13516.fa	A	A	0.0000
13516.mo	A	A	0.0000
13516.p1	A	A	0.0000
13517.fa	A	G	0.4810
13517.mo	A	A	0.0048
13517.p1	A	A	0.0000
13517.s1	A	G	0.4870
13518.fa	A	A	0.0000
13518.mo	A	A	0.0000
13518.p1	A	A	0.0000
13518.s1	A	A	0.0000
13518.s2	A	A	0.0000
13520.fa	A	G	0.5302
13520.mo	A	G	0.4751
13520.p1	A	G	0.4817
13520.s1	A	A	0.0000
13523.fa	A	G	0.4823
13523.mo	A	A	0.0000
13523.p1	A	G	0.5010
13523.s1	A	G	0.5022
13524.fa	A	A	0.0000
13524.mo	A	A	0.0000
13524.p1	A	A	0.0000
13524.s1	A	A	0.0000
13525.fa	A	A	0.0000
13525.mo	A	G	0.4790
13525.p1	A	G	0.4896
13526.fa	A	A	0.0000
13526.mo	A	A	0.0000
13526.p1	A	A	0.0000
13526.s1	A	A	0.0000
13527.fa	A	A	0.0000
13527.mo	A	A	0.0000
13527.p1	A	A	0.0000
13528.fa	A	A	0.0000
13528.mo	A	G	0.4844
13528.p1	A	G	0.4890
13528.s1	A	G	0.4981
13529.fa	A	A	0.0000
13529.mo	A	G	0.4573
13529.p1	A	G	0.5527
13529.s1	A	G	0.5445
13529.s2	A	G	0.5093
13530.fa	A	A	0.0000
13530.mo	A	G	0.5697
13530.p1	A	A	0.0014
13531.fa	A	A	0.0000
13531.mo	A	A	0.0137
13531.p1	A	A	0.0000
13531.s1	A	A	0.0000
13531.s2	A	A	0.0003
13532.fa	A	A	0.0000
13532.mo	A	A	0.0000
13532.p1	A	A	0.0000
13532.s1	A	A	0.0000
13533.fa	A	A	0.0000
13533.mo	A	A	0.0000
13533.p1	A	A	0.0000
13533.s1	A	A	0.0000
13534.fa	A	A	0.0000
13534.mo	A	G	0.4709
13534.p1	A	G	0.4668
13534.s1	A	G	0.4880
13535.fa	G	G	1.0000
13535.mo	A	A	0.0000
13535.p1	A	G	0.5395
13535.s1	A	G	0.5599
13535.s2	A	G	0.5190
13536.fa	A	G	0.4819
13536.mo	A	G	0.5036
13536.p1	A	A	0.0000
13537.fa	A	A	0.0000
13537.mo	A	A	0.0000
13537.p1	A	A	0.0012
13537.s1	A	A	0.0000
13538.fa	A	A	0.0035
13538.mo	A	A	0.0000
13538.p1	A	A	0.0000
13538.s1	A	A	0.0000
13538.s2	A	A	0.0000
13539.fa	A	A	0.0000
13539.mo	A	A	0.0000
13539.p1	A	A	0.0000
13539.s1	A	A	0.0000
13539.s2	A	A	0.0000
13540.fa	A	A	0.0000
13540.mo	A	A	0.0000
13540.p1	A	A	0.0002
13540.s1	A	A	0.0110
13542.fa	A	A	0.0098
13542.mo	A	A	0.0000
13542.p1	A	A	0.0000
13542.s1	A	A	0.0000
13543.fa	A	A	0.0000
13543.mo	A	G	0.5091
13543.p1	A	A	0.0000
13543.s1	A	A	0.0000
13543.s2	A	A	0.0000
13544.fa	A	A	0.0000
13544.mo	A	G	0.4794
13544.p1	A	G	0.4898
13544.s1	A	G	0.4924
13545.fa	A	G	0.4590
13545.mo	A	A	0.0000
13545.p1	A	G	0.4716
13546.fa	A	G	0.4824
13546.mo	G	G	0.9988
13546.p1	A	G	0.4847
13546.s1	A	G	0.4748
13547.fa	A	A	0.0000
13547.mo	A	A	0.0000
13547.p1	A	A	0.0000
13547.s1	A	A	0.0000
13548.fa	A	A	0.0000
13548.mo	A	A	0.0000
13548.p1	A	A	0.0000
13548.s1	A	A	0.0000
13550.fa	A	A	0.0000
13550.mo	A	A	0.0000
13550.p1	A	A	0.0000
13551.fa	A	A	0.0000
13551.mo	A	G	0.4883
13551.p1	A	A	0.0000
13551.s1	A	G	0.4672
13552.fa	A	A	0.0031
13552.mo	A	A	0.0011
13552.p1	A	A	0.0033
13552.s1	A	A	0.0288
13553.fa	A	A	0.0000
13553.mo	A	A	0.0000
13553.p1	A	A	0.0000
13553.s1	A	A	0.0000
13554.fa	A	A	0.0000
13554.mo	A	A	0.0000
13554.p1	A	A	0.0000
13555.fa	A	A	0.0000
13555.mo	A	A	0.0000
13555.p1	A	A	0.0000
13555.s1	A	A	0.0000
13556.fa	A	A	0.0056
13556.mo	A	A	0.0000
13556.p1	A	A	0.0000
13556.s1	A	A	0.0000
13556.s2	A	A	0.0000
13557.fa	A	A	0.0000
13557.mo	A	A	0.0000
13557.p1	A	A	0.0000
13557.s1	A	A	0.0000
13561.fa	A	G	0.4969
13561.mo	G	G	1.0000
13561.p1	G	G	1.0000
13561.s1	A	G	0.5064
13562.fa	A	A	0.0000
13562.mo	A	G	0.4671
13562.p1	A	G	0.4964
13562.s1	A	G	0.4749
13564.fa	A	A	0.0000
13564.mo	A	A	0.0000
13564.p1	A	A	0.0000
13564.s1	A	A	0.0000
13567.fa	A	A	0.0000
13567.mo	A	G	0.5132
13567.p1	A	G	0.5040
13567.s1	A	G	0.4968
13568.fa	A	A	0.0000
13568.mo	A	A	0.0000
13568.p1	A	A	0.0000
13568.s1	A	A	0.0000
13569.fa	A	A	0.0000
13569.mo	G	G	1.0000
13569.p1	A	G	0.5203
13570.fa	A	G	0.5191
13570.mo	A	A	0.0053
13570.p1	A	G	0.5270
13570.s1	A	G	0.5202
13573.fa	A	G	0.5018
13573.mo	A	G	0.4729
13573.p1	A	G	0.5073
13573.s1	A	G	0.4720
13573.s2	A	A	0.0000
13575.fa	A	G	0.4720
13575.mo	A	A	0.0000
13575.p1	A	A	0.0000
13575.s1	A	G	0.4972
13576.fa	A	A	0.0000
13576.mo	A	G	0.5064
13576.p1	A	A	0.0000
13576.s1	A	G	0.4816
13577.fa	A	A	0.0000
13577.mo	A	A	0.0000
13577.p1	A	A	0.0000
13577.s1	A	A	0.0000
13578.fa	A	A	0.0000
13578.mo	A	A	0.0000
13578.p1	A	A	0.0000
13578.s1	A	A	0.0000
13579.fa	A	A	0.0000
13579.mo	A	A	0.0000
13579.p1	A	A	0.0000
13579.s1	A	A	0.0000
13580.fa	G	G	1.0000
13580.mo	A	A	0.0000
13580.p1	A	G	0.4967
13580.s1	A	G	0.4872
13581.fa	A	A	0.0000
13581.mo	A	A	0.0000
13581.p1	A	A	0.0000
13581.s1	A	A	0.0034
13581.s2	A	A	0.0078
13582.fa	A	A	0.0000
13582.mo	A	A	0.0000
13582.p1	A	A	0.0000
13582.s1	A	A	0.0000
13583.fa	A	A	0.0000
13583.mo	A	A	0.0000
13583.p1	A	A	0.0000
13583.s1	A	A	0.0003
13584.fa	A	A	0.0000
13584.mo	A	A	0.0000
13584.p1	A	A	0.0000
13584.s1	A	A	0.0000
13585.fa	A	G	0.4625
13585.mo	A	A	0.0000
13585.p1	A	G	0.4662
13585.s1	A	G	0.4624
13586.fa	A	A	0.0000
13586.mo	A	G	0.4828
13586.p1	A	G	0.4821
13586.s1	A	A	0.0000
13587.fa	A	A	0.0000
13587.mo	A	A	0.0000
13587.p1	A	A	0.0000
13587.s1	A	A	0.0000
13588.fa	A	G	0.4465
13588.mo	A	G	0.4866
13588.p1	A	G	0.4540
13589.fa	A	G	0.4976
13589.mo	A	G	0.4963
13589.p1	A	G	0.4644
13589.s1	A	G	0.5032
13590.fa	A	A	0.0000
13590.mo	A	A	0.0000
13590.p1	A	A	0.0000
13590.s1	A	A	0.0062
13593.fa	A	A	0.0015
13593.mo	A	A	0.0000
13593.p1	A	A	0.0000
13593.p2	A	A	0.0000
13593.s1	A	A	0.0016
13595.fa	A	G	0.4825
13595.mo	A	A	0.0000
13595.p1	A	A	0.0000
13597.fa	A	A	0.0000
13597.mo	A	A	0.0000
13597.p1	A	A	0.0000
13599.fa	A	G	0.5047
13599.mo	A	A	0.0000
13599.p1	A	G	0.5100
13599.s1	A	A	0.0000
13601.fa	A	G	0.5137
13601.mo	A	A	0.0000
13601.p1	A	G	0.5149
13601.s1	A	G	0.5006
13604.fa	A	A	0.0000
13604.mo	A	G	0.4383
13604.p1	A	A	0.0000
13604.s1	A	A	0.0000
13605.fa	A	G	0.4838
13605.mo	A	A	0.0000
13605.p1	A	G	0.5013
13606.fa	A	G	0.4731
13606.mo	A	G	0.5159
13606.p1	A	G	0.4840
13606.s1	G	G	1.0000
13608.fa	A	G	0.4862
13608.mo	A	A	0.0000
13608.p1	A	G	0.5142
13608.s1	A	A	0.0000
13608.s2	A	A	0.0000
13612.fa	A	G	0.4874
13612.mo	A	G	0.5168
13612.p1	A	G	0.4910
13612.s1	G	G	1.0000
13616.fa	A	A	0.0051
13616.mo	A	A	0.0000
13616.p1	A	A	0.0022
13616.s1	A	A	0.0000
13616.s2	A	A	0.0000
13620.fa	A	A	0.0000
13620.mo	A	G	0.4752
13620.p1	A	G	0.5194
13620.s1	A	A	0.0000
13620.s2	A	A	0.0000
13621.fa	A	G	0.5496
13621.mo	A	A	0.0282
13621.p1	A	G	0.5329
13621.s1	A	G	0.5655
13621.s2	A	A	0.0000
13625.fa	A	A	0.0019
13625.mo	A	G	0.5072
13625.p1	A	A	0.0000
13625.s1	A	G	0.5032
13625.s2	A	A	0.0197
13628.fa	A	A	0.0000
13628.mo	A	A	0.0000
13628.p1	A	A	0.0000
13628.s1	A	A	0.0000
13629.fa	A	G	0.4757
13629.mo	A	A	0.0000
13629.p1	A	A	0.0029
13629.s1	A	G	0.4898
13631.fa	A	G	0.5183
13631.mo	A	A	0.0000
13631.p1	A	A	0.0000
13631.s1	A	A	0.0000
13631.s2	A	G	0.4923
13633.fa	A	A	0.0000
13633.mo	A	A	0.0008
13633.p1	A	A	0.0000
13634.fa	A	A	0.0000
13634.mo	A	G	0.4621
13634.p1	A	G	0.4991
13634.s1	A	G	0.5678
13637.fa	A	A	0.0000
13637.mo	A	A	0.0000
13637.p1	A	A	0.0000
13637.s1	A	A	0.0000
13638.fa	A	A	0.0245
13638.mo	A	A	0.0460
13638.p1	A	A	0.0016
13642.fa	A	A	0.0000
13642.mo	A	A	0.0000
13642.p1	A	A	0.0016
13642.s1	A	A	0.0000
13644.fa	A	G	0.5132
13644.mo	A	G	0.5239
13644.p1	A	G	0.4985
13644.s1	A	A	0.0000
13645.fa	A	A	0.0000
13645.mo	A	A	0.0028
13645.p1	A	A	0.0000
13645.s1	A	A	0.0000
13646.fa	A	A	0.0000
13646.mo	A	A	0.0000
13646.p1	A	A	0.0066
13646.s1	A	A	0.0000
13646.s2	A	A	0.0000
13652.fa	A	A	0.0000
13652.mo	A	A	0.0000
13652.p1	A	A	0.0000
13654.fa	A	A	0.0000
13654.mo	A	A	0.0000
13654.p1	A	A	0.0000
13654.s1	A	A	0.0000
13660.fa	A	A	0.0000
13660.mo	A	A	0.0000
13660.p1	A	A	0.0000
13660.s1	A	A	0.0000
13670.fa	A	A	0.0000
13670.mo	A	A	0.0066
13670.p1	A	A	0.0015
13670.s1	A	A	0.0000
13673.fa	A	A	0.0001
13673.mo	A	G	0.5082
13673.p1	A	G	0.4923
13673.s1	A	A	0.0000
13677.fa	A	A	0.0000
13677.mo	A	A	0.0000
13677.p1	A	A	0.0000
13682.fa	A	A	0.0000
13682.mo	A	A	0.0142
13682.p1	A	A	0.0000
13682.s1	A	A	0.0049
13684.fa	A	A	0.0165
13684.mo	A	A	0.0000
13684.p1	A	A	0.0000
13684.s1	A	A	0.0000
13689.fa	A	G	0.5801
13689.mo	A	A	0.0073
13689.p1	A	G	0.4996
13689.s1	A	G	0.5376
13695.fa	G	G	1.0000
13695.mo	A	A	0.0012
13695.p1	A	G	0.4889
13696.fa	A	A	0.0000
13696.mo	A	A	0.0056
13696.p1	A	A	0.0035
11042.fa	A	A	0.0000
11042.mo	A	A	0.0000
11042.p1	A	A	0.0000
11042.s1	A	A	0.0064
11116.fa	A	A	0.0053
11116.mo	A	A	0.0130
11116.p1	A	A	0.0000
11116.s1	A	A	0.0042
11130.fa	G	G	0.9861
11130.mo	A	A	0.0000
11130.p1	A	G	0.4774
11169.fa	G	G	0.9710
11169.mo	A	A	0.0112
11169.p1	A	G	0.5131
11177.fa	A	A	0.0604
11177.mo	A	G	0.6037
11177.p1	A	A	0.0468
11177.s1	A	A	0.0000
11238.fa	A	A	0.0240
11238.mo	A	G	0.4578
11238.p1	A	A	0.0063
11238.s1	A	G	0.5197
11496.fa	A	A	0.0064
11496.mo	A	A	0.0000
11496.p1	A	A	0.0061
11496.s1	A	A	0.0025
11618.fa	A	A	0.0000
11618.mo	A	A	0.0009
11618.p1	A	A	0.0261
11633.fa	A	A	0.0000
11633.mo	A	A	0.0000
11633.p1	A	A	0.0000
11633.s1	A	A	0.0000
11646.fa	A	G	0.5207
11646.mo	A	G	0.5447
11646.p1	A	G	0.5812
11646.s1	G	G	0.9992
11671.fa	G	G	1.0000
11671.mo	A	A	0.0404
11671.p1	A	G	0.4596
11671.s1	A	G	0.4897
11678.fa	A	A	0.0175
11678.mo	A	A	0.0214
11678.p1	A	A	0.0104
11678.s1	A	A	0.0000
11726.fa	A	A	0.0215
11726.mo	A	G	0.4922
11726.p1	A	G	0.5365
11726.s1	A	G	0.5370
11726.s2	A	G	0.5050
11726.s3	A	G	0.5241
11749.fa	A	A	0.0000
11749.mo	A	A	0.0037
11749.p1	A	A	0.0367
11749.s1	A	A	0.0000
11750.fa	A	A	0.0000
11750.mo	A	A	0.0064
11750.p1	A	A	0.0615
11750.s1	A	A	0.0000
11772.fa	A	A	0.0000
11772.mo	A	G	0.4842
11772.p1	A	A	0.0000
11783.fa	A	A	0.0149
11783.mo	A	A	0.0000
11783.p1	A	A	0.0069
11815.fa	A	A	0.0048
11815.mo	A	G	0.5230
11815.p1	A	G	0.4488
11815.s1	A	A	0.0035
11829.fa	A	A	0.0014
11829.mo	A	A	0.0002
11829.p1	A	A	0.0019
11829.s1	A	A	0.0140
11830.fa	A	A	0.0000
11830.mo	A	A	0.0000
11830.p1	A	A	0.0144
11830.s1	A	A	0.0461
11842.fa	A	A	0.0000
11842.mo	A	G	0.5163
11842.p1	A	A	0.0036
11842.s1	A	A	0.0000
11871.fa	A	G	0.5370
11871.mo	A	G	0.4823
11871.p1	A	G	0.5914
11871.s1	A	A	0.0265
11873.fa	A	A	0.0071
11873.mo	A	A	0.0071
11873.p1	A	A	0.0000
11873.s1	A	A	0.0144
11886.fa	A	A	0.0064
11886.mo	A	A	0.0000
11886.p1	A	A	0.0071
11886.s1	A	A	0.0252
11950.fa	A	A	0.0294
11950.mo	A	A	0.0000
11950.p1	A	A	0.0000
11950.s1	A	A	0.0228
11953.fa	A	A	0.0230
11953.mo	A	A	0.0004
11953.p1	A	A	0.0148
12021.fa	A	G	0.5646
12021.mo	A	A	0.0000
12021.p1	A	G	0.4748
12021.s1	A	G	0.4984
12021.s2	A	A	0.0035
12084.fa	A	A	0.0526
12084.mo	A	A	0.0000
12084.p1	A	A	0.0000
12084.s1	A	A	0.0000
12088.fa	A	G	0.5253
12088.mo	A	A	0.0046
12088.p1	A	A	0.0100
12088.s1	A	G	0.5196
12090.fa	A	G	0.4893
12090.mo	A	A	0.0000
12090.p1	A	A	0.0000
12090.s1	A	G	0.5504
12090.s2	A	A	0.0000
12111.fa	A	A	0.0000
12111.mo	A	G	0.5130
12111.p1	A	A	0.0081
12111.s1	A	A	0.0000
12111.s2	A	A	0.0278
12116.fa	A	G	0.4957
12116.mo	A	A	0.0081
12116.p1	A	A	0.0167
12116.s1	A	G	0.4795
12134.fa	A	A	0.0000
12134.mo	A	A	0.0136
12134.p1	A	A	0.0175
12134.s1	A	A	0.0171
12163.fa	A	A	0.0021
12163.mo	A	A	0.0089
12163.p1	A	A	0.0230
12163.s1	A	A	0.0000
12166.fa	A	A	0.0000
12166.mo	A	A	0.0000
12166.p1	A	A	0.0000
12221.fa	A	A	0.0297
12221.mo	A	G	0.5389
12221.p1	A	A	0.0482
12221.s1	A	A	0.0000
12245.fa	G	G	0.9993
12245.mo	A	G	0.5728
12245.p1	G	G	1.0000
12245.s1	A	G	0.5186
12246.fa	A	A	0.0029
12246.mo	A	A	0.0065
12246.p1	A	A	0.0026
12246.s1	A	A	0.0010
12267.fa	A	A	0.0201
12267.mo	A	A	0.0000
12267.p1	A	A	0.0056
12267.s1	A	A	0.0045
12279.fa	A	A	0.0052
12279.mo	A	A	0.0201
12279.p1	A	A	0.0000
12279.s1	A	A	0.0114
12318.fa	A	G	0.5288
12318.mo	A	A	0.0070
12318.p1	A	G	0.4987
12318.s1	A	A	0.0133
12353.fa	A	G	0.5059
12353.mo	A	G	0.6022
12353.p1	A	G	0.5833
12353.s1	A	G	0.5555
12357.fa	A	A	0.0073
12357.mo	A	G	0.5569
12357.p1	A	G	0.5254
12421.fa	A	A	0.0342
12421.mo	A	A	0.0017
12421.p1	A	A	0.0000
12514.fa	A	A	0.0294
12514.mo	A	A	0.0159
12514.p1	A	A	0.0000
12514.s1	A	A	0.0000
12522.fa	A	A	0.0000
12522.mo	A	A	0.0000
12522.p1	A	A	0.0000
12522.s1	A	A	0.0000
12675.fa	A	A	0.0000
12675.mo	A	A	0.0000
12675.p1	A	A	0.0068
12675.s2	A	A	0.0000
12675.s3	A	A	0.0000
12712.fa	A	G	0.4816
12712.mo	A	A	0.0000
12712.p1	A	A	0.0123
12728.fa	A	A	0.0000
12728.mo	A	A	0.0070
12728.p1	A	A	0.0000
12728.s1	A	A	0.0000
12762.fa	A	G	0.5243
12762.mo	A	A	0.0179
12762.p1	A	A	0.0134
12795.fa	A	A	0.0000
12795.mo	A	A	0.0145
12795.p1	A	A	0.0000
12795.s1	A	A	0.0212
12834.fa	A	A	0.0000
12834.mo	A	G	0.5290
12834.p1	A	A	0.0000
12834.s1	A	A	0.0237
12839.fa	A	A	0.0022
12839.mo	A	G	0.5592
12839.p1	A	A	0.0063
12839.s2	A	G	0.5298
12919.fa	A	A	0.0000
12919.mo	A	A	0.0036
12919.p1	A	A	0.0000
12919.s1	A	A	0.0000
13000.fa	A	G	0.4586
13000.mo	A	A	0.0000
13000.p1	A	G	0.5266
13000.s1	A	G	0.5614
13040.fa	A	A	0.0000
13040.mo	A	G	0.5385
13040.p1	A	G	0.4770
